make: Warning: File `Makefile' has modification time 5.7 s in the future
make[1]: Warning: File `Makefile' has modification time 5.7 s in the future
make[1]: warning:  Clock skew detected.  Your build may be incomplete.
make: warning:  Clock skew detected.  Your build may be incomplete.
gad_biharm_r.f:3131:0:

 3131 |         tmpFac = recip_drF(kl)*recip_deepFac2C(kl)*recip_rhoFacC(kl)
      | 
Warning: iteration 1 invokes undefined behavior [-Waggressive-loop-optimizations]
gad_biharm_r.f:3128:12:

 3128 |        DO n=1,2
      |            ^
note: within this loop
cumulsum_z_tile.f:1022:27:

 1016 |             CALL MPI_RECV (ready_to_receive, 1, MPI_INTEGER,
      |                           2
......
 1022 |             CALL MPI_RECV (shareBufCS1_R8, lbuf1, MPI_DOUBLE_PRECISION,
      |                           1
Warning: Type mismatch between actual argument at (1) and actual argument at (2) (REAL(8)/INTEGER(4)).
cumulsum_z_tile.f:1040:27:

 1018 |             CALL MPI_SEND (shareBufCS2_R8, lbuf2, MPI_DOUBLE_PRECISION,
      |                           2
......
 1040 |             CALL MPI_SEND (ready_to_receive, 1, MPI_INTEGER,
      |                           1
Warning: Type mismatch between actual argument at (1) and actual argument at (2) (INTEGER(4)/REAL(8)).
gather_2d_r4.f:1027:24:

  997 |          CALL MPI_RECV (temp, lbuff, MPI_REAL,
      |                        2
......
 1027 |          CALL MPI_RECV (ready_to_receive, 1, MPI_INTEGER,
      |                        1
Warning: Type mismatch between actual argument at (1) and actual argument at (2) (INTEGER(4)/REAL(4)).
gather_2d_r4.f:1029:24:

  995 |          CALL MPI_SEND (ready_to_receive, 1, MPI_INTEGER,
      |                        2
......
 1029 |          CALL MPI_SEND (myField, lbuff, MPI_REAL,
      |                        1
Warning: Type mismatch between actual argument at (1) and actual argument at (2) (REAL(4)/INTEGER(4)).
gather_2d_wh_r4.f:1004:23:

  989 |          CALL MPI_RECV (temp, lbuff, MPI_REAL,
      |                        2
......
 1004 |         CALL MPI_RECV (ready_to_receive, 1, MPI_INTEGER,
      |                       1
Warning: Type mismatch between actual argument at (1) and actual argument at (2) (INTEGER(4)/REAL(4)).
gather_2d_wh_r4.f:1006:23:

  987 |          CALL MPI_SEND (ready_to_receive, 1, MPI_INTEGER,
      |                        2
......
 1006 |         CALL MPI_SEND (procBuff, lbuff, MPI_REAL,
      |                       1
Warning: Type mismatch between actual argument at (1) and actual argument at (2) (REAL(4)/INTEGER(4)).
gather_2d_r8.f:1027:24:

  997 |          CALL MPI_RECV (temp, lbuff, MPI_REAL8,
      |                        2
......
 1027 |          CALL MPI_RECV (ready_to_receive, 1, MPI_INTEGER,
      |                        1
Warning: Type mismatch between actual argument at (1) and actual argument at (2) (INTEGER(4)/REAL(8)).
gather_2d_r8.f:1029:24:

  995 |          CALL MPI_SEND (ready_to_receive, 1, MPI_INTEGER,
      |                        2
......
 1029 |          CALL MPI_SEND (myField, lbuff, MPI_REAL8,
      |                        1
Warning: Type mismatch between actual argument at (1) and actual argument at (2) (REAL(8)/INTEGER(4)).
gather_vec_r4.f:977:25:

  968 |           CALL MPI_RECV ( gloBuff(jG), lbuff, MPI_REAL,
      |                          2
......
  977 |          CALL MPI_RECV ( ready_to_receive, 1, MPI_INTEGER,
      |                         1
Warning: Type mismatch between actual argument at (1) and actual argument at (2) (INTEGER(4)/REAL(4)).
gather_xz.f:1090:24:

 1073 |             CALL MPI_RECV (temp, lbuff, MPI_DOUBLE_PRECISION,
      |                           2
......
 1090 |          CALL MPI_RECV (ready_to_receive, 1, MPI_INTEGER,
      |                        1
Warning: Type mismatch between actual argument at (1) and actual argument at (2) (INTEGER(4)/REAL(8)).
gather_2d_wh_r8.f:1004:23:

  989 |          CALL MPI_RECV (temp, lbuff, MPI_REAL8,
      |                        2
......
 1004 |         CALL MPI_RECV (ready_to_receive, 1, MPI_INTEGER,
      |                       1
Warning: Type mismatch between actual argument at (1) and actual argument at (2) (INTEGER(4)/REAL(8)).
gather_vec_r4.f:979:25:

  966 |           CALL MPI_SEND ( ready_to_receive, 1, MPI_INTEGER,
      |                          2
......
  979 |          CALL MPI_SEND ( myField, lbuff, MPI_REAL,
      |                         1
Warning: Type mismatch between actual argument at (1) and actual argument at (2) (REAL(4)/INTEGER(4)).
gather_xz.f:1092:24:

 1071 |             CALL MPI_SEND (ready_to_receive, 1, MPI_INTEGER,
      |                           2
......
 1092 |          CALL MPI_SEND (local, lbuff, MPI_DOUBLE_PRECISION,
      |                        1
Warning: Type mismatch between actual argument at (1) and actual argument at (2) (REAL(8)/INTEGER(4)).
gather_2d_wh_r8.f:1006:23:

  987 |          CALL MPI_SEND (ready_to_receive, 1, MPI_INTEGER,
      |                        2
......
 1006 |         CALL MPI_SEND (procBuff, lbuff, MPI_REAL8,
      |                       1
Warning: Type mismatch between actual argument at (1) and actual argument at (2) (REAL(8)/INTEGER(4)).
gather_vec_r8.f:977:25:

  968 |           CALL MPI_RECV ( gloBuff(jG), lbuff, MPI_REAL8,
      |                          2
......
  977 |          CALL MPI_RECV ( ready_to_receive, 1, MPI_INTEGER,
      |                         1
Warning: Type mismatch between actual argument at (1) and actual argument at (2) (INTEGER(4)/REAL(8)).
gather_vec_r8.f:979:25:

  966 |           CALL MPI_SEND ( ready_to_receive, 1, MPI_INTEGER,
      |                          2
......
  979 |          CALL MPI_SEND ( myField, lbuff, MPI_REAL8,
      |                         1
Warning: Type mismatch between actual argument at (1) and actual argument at (2) (REAL(8)/INTEGER(4)).
gather_yz.f:1090:24:

 1073 |             CALL MPI_RECV (temp, lbuff, MPI_DOUBLE_PRECISION,
      |                           2
......
 1090 |          CALL MPI_RECV (ready_to_receive, 1, MPI_INTEGER,
      |                        1
Warning: Type mismatch between actual argument at (1) and actual argument at (2) (INTEGER(4)/REAL(8)).
gather_yz.f:1092:24:

 1071 |             CALL MPI_SEND (ready_to_receive, 1, MPI_INTEGER,
      |                           2
......
 1092 |          CALL MPI_SEND (local, lbuff, MPI_DOUBLE_PRECISION,
      |                        1
Warning: Type mismatch between actual argument at (1) and actual argument at (2) (REAL(8)/INTEGER(4)).
global_sum_tile.f:1065:28:

 1040 |         CALL MPI_Allreduce( localBuf, globalBuf, lbuff,
      |                            2
......
 1065 |          CALL MPI_Allreduce(sumMyPr,sumAllP,1,MPI_DOUBLE_PRECISION,
      |                            1
Warning: Rank mismatch between actual argument at (1) and actual argument at (2) (rank-1 and scalar)
global_max.f:1760:27:

 1007 |         CALL MPI_Allreduce(tmp,maxPhi,1,MPI_REAL,MPI_MAX,
      |                           2
......
 1760 |         CALL MPI_Allreduce(tmp,maxPhi,1,MPI_DOUBLE_PRECISION,MPI_MAX,
      |                           1
Warning: Type mismatch between actual argument at (1) and actual argument at (2) (REAL(8)/REAL(4)).
global_sum_vector.f:3524:29:

 1000 |        CALL MPI_Allreduce( localSum, globalSum, fullLength,
      |                           2  
......
 3524 |          CALL MPI_Allreduce( sumMyPr, shareGSVectInt, nLoc,
      |                             1
Warning: Type mismatch between actual argument at (1) and actual argument at (2) (INTEGER(4)/REAL(8)).
global_sum.f:1785:27:

 1017 |         CALL MPI_Allreduce(tmp,sumPhi,1,MPI_REAL,MPI_SUM,
      |                           2
......
 1785 |         CALL MPI_Allreduce(tmp,sumPhi,1,MPI_DOUBLE_PRECISION,MPI_SUM,
      |                           1
Warning: Type mismatch between actual argument at (1) and actual argument at (2) (REAL(8)/REAL(4)).
Note: The following floating-point exceptions are signalling: IEEE_DENORMAL
STOP NORMAL END
Note: The following floating-point exceptions are signalling: IEEE_DENORMAL
STOP NORMAL END
Note: The following floating-point exceptions are signalling: IEEE_DENORMAL
STOP NORMAL END
STOP NORMAL END
Note: The following floating-point exceptions are signalling: IEEE_DENORMAL
STOP NORMAL END
Note: The following floating-point exceptions are signalling: IEEE_UNDERFLOW_FLAG IEEE_DENORMAL
STOP NORMAL END
Note: The following floating-point exceptions are signalling: IEEE_DENORMAL
STOP NORMAL END
STOP NORMAL END
Note: The following floating-point exceptions are signalling: IEEE_DENORMAL
STOP NORMAL END
Note: The following floating-point exceptions are signalling: IEEE_UNDERFLOW_FLAG IEEE_DENORMAL
STOP NORMAL END
STOP NORMAL END
Note: The following floating-point exceptions are signalling: IEEE_DENORMAL
STOP NORMAL END
Note: The following floating-point exceptions are signalling: IEEE_UNDERFLOW_FLAG IEEE_DENORMAL
STOP NORMAL END
Note: The following floating-point exceptions are signalling: IEEE_DENORMAL
STOP NORMAL END
STOP NORMAL END
Note: The following floating-point exceptions are signalling: IEEE_UNDERFLOW_FLAG IEEE_DENORMAL
STOP NORMAL END
Matplotlib is building the font cache; this may take a moment.
