MITgcm run inventory
generated_utc: 2026-06-13T21:06:21+00:00
run_dir: Sandbox/vortexSphere_Williamson_TC1/run_alpha_0
case_code: TC1
alpha_label: 0
log_file: run_inventory.log

Summary
  run_dir_files: 417
  run_dir_bytes: 1990235753 (1.9 GiB)
  run_output_groups: 38
  requested_diagnostic_streams: 3
  generated_product_dirs: 3
  generated_product_files: 145
  plotted_files: 138
  computed_files: 4
  docs_indexed_assets: 18

Diagnostics request
  data_diagnostics: Sandbox/vortexSphere_Williamson_TC1/run_alpha_0/data.diagnostics
  available_diagnostics: Sandbox/vortexSphere_Williamson_TC1/run_alpha_0/available_diagnostics.log
  [diagnostics stream 2] fileName=dyn_Aux frequency=-86400. phase=0.
    WVELMASS: units=m/s; levels=1; title=Vertical Mass-Weighted Comp of Velocity
    PhiVEL: units=m^2/s; levels=1; title=Horizontal Velocity Potential (m^2/s)
    PsiVEL: units=m.m^2/s; levels=1; title=Horizontal Velocity Stream-Function
  [diagnostics stream 3] fileName=dynDiag frequency=-86400. phase=0.
    UVEL: units=m/s; levels=1; title=Zonal Component of Velocity (m/s)
    VVEL: units=m/s; levels=1; title=Meridional Component of Velocity (m/s)
    ETAN: units=m; levels=1; title=Surface Height Anomaly
    ETANSQ: units=m^2; levels=1; title=Square of Surface Height Anomaly
    SALT: units=g/kg; levels=1; title=Salinity
    SALTSQ: units=(g/kg)^2; levels=1; title=Square of Salinity
  [statistics stream 1] fileName=dynStDiag frequency=-86400. phase=0.
    ETAN: units=m; levels=1; title=Surface Height Anomaly
    ETANSQ: units=m^2; levels=1; title=Square of Surface Height Anomaly
    UVELSQ: units=m^2/s^2; levels=1; title=Square of Zonal Comp of Velocity (m^2/s^2)
    VVELSQ: units=m^2/s^2; levels=1; title=Square of Meridional Comp of Velocity (m^2/s^2)
    SALT: units=g/kg; levels=1; title=Salinity
    SALTSQ: units=(g/kg)^2; levels=1; title=Square of Salinity

Run directory outputs
  DRC: data=1 meta=1 iterations=none bytes=165 (165 B)
  DRF: data=1 meta=1 iterations=none bytes=137 (137 B)
  DXC: data=1 meta=1 iterations=none bytes=8294529 (7.9 MiB)
  DXF: data=1 meta=1 iterations=none bytes=8294529 (7.9 MiB)
  DXG: data=1 meta=1 iterations=none bytes=8294529 (7.9 MiB)
  DXV: data=1 meta=1 iterations=none bytes=8294529 (7.9 MiB)
  DYC: data=1 meta=1 iterations=none bytes=8294529 (7.9 MiB)
  DYF: data=1 meta=1 iterations=none bytes=8294529 (7.9 MiB)
  DYG: data=1 meta=1 iterations=none bytes=8294529 (7.9 MiB)
  DYU: data=1 meta=1 iterations=none bytes=8294529 (7.9 MiB)
  Depth: data=1 meta=1 iterations=none bytes=8294529 (7.9 MiB)
  Eta: data=13 meta=13 iterations=0..17280 (13) bytes=107829319 (102.8 MiB)
  PH: data=12 meta=12 iterations=1440..17280 (12) bytes=99534756 (94.9 MiB)
  PHL: data=12 meta=12 iterations=1440..17280 (12) bytes=99534756 (94.9 MiB)
  PHrefC: data=1 meta=1 iterations=none bytes=137 (137 B)
  PHrefF: data=1 meta=1 iterations=none bytes=165 (165 B)
  RAC: data=1 meta=1 iterations=none bytes=8294529 (7.9 MiB)
  RAS: data=1 meta=1 iterations=none bytes=8294529 (7.9 MiB)
  RAW: data=1 meta=1 iterations=none bytes=8294529 (7.9 MiB)
  RAZ: data=1 meta=1 iterations=none bytes=8294529 (7.9 MiB)
  RC: data=1 meta=1 iterations=none bytes=137 (137 B)
  RF: data=1 meta=1 iterations=none bytes=165 (165 B)
  RhoRef: data=1 meta=1 iterations=none bytes=137 (137 B)
  S: data=13 meta=13 iterations=0..17280 (13) bytes=107829319 (102.8 MiB)
  T: data=13 meta=13 iterations=0..17280 (13) bytes=107829319 (102.8 MiB)
  U: data=13 meta=13 iterations=0..17280 (13) bytes=107829319 (102.8 MiB)
  V: data=13 meta=13 iterations=0..17280 (13) bytes=107829319 (102.8 MiB)
  W: data=13 meta=13 iterations=0..17280 (13) bytes=107829319 (102.8 MiB)
  XC: data=1 meta=1 iterations=none bytes=8294529 (7.9 MiB)
  XG: data=1 meta=1 iterations=none bytes=8294529 (7.9 MiB)
  YC: data=1 meta=1 iterations=none bytes=8294529 (7.9 MiB)
  YG: data=1 meta=1 iterations=none bytes=8294529 (7.9 MiB)
  dynDiag: data=12 meta=12 iterations=0..15840 (12) bytes=597201000 (569.5 MiB)
  dyn_Aux: data=12 meta=12 iterations=0..15840 (12) bytes=298602204 (284.8 MiB)
  hFacC: data=1 meta=1 iterations=none bytes=8294529 (7.9 MiB)
  hFacS: data=1 meta=1 iterations=none bytes=8294529 (7.9 MiB)
  hFacW: data=1 meta=1 iterations=none bytes=8294529 (7.9 MiB)
  pickup.ckptA: data=1 meta=1 iterations=none bytes=58061118 (55.4 MiB)

Generated products
  output_dir: Sandbox/output/TestCase1/Diagnosis/error/alpha_0
    case=TC1 product=error_analysis alpha=0
    saved: tc1_error_metrics, tc1_error_table.csv, tc1_error_table.txt, tc1_error_table.tex, tc1_cosine_bell_overlay, tc1_signed_error_contours
    plotted_files: 6
      Sandbox/output/TestCase1/Diagnosis/error/alpha_0/tc1_cosine_bell_overlay.pdf
      Sandbox/output/TestCase1/Diagnosis/error/alpha_0/tc1_cosine_bell_overlay.png
      Sandbox/output/TestCase1/Diagnosis/error/alpha_0/tc1_error_metrics.pdf
      Sandbox/output/TestCase1/Diagnosis/error/alpha_0/tc1_error_metrics.png
      Sandbox/output/TestCase1/Diagnosis/error/alpha_0/tc1_signed_error_contours.pdf
      Sandbox/output/TestCase1/Diagnosis/error/alpha_0/tc1_signed_error_contours.png
    computed_files: 3
      Sandbox/output/TestCase1/Diagnosis/error/alpha_0/tc1_error_table.csv
      Sandbox/output/TestCase1/Diagnosis/error/alpha_0/tc1_error_table.tex
      Sandbox/output/TestCase1/Diagnosis/error/alpha_0/tc1_error_table.txt
    other_files: 1
      Sandbox/output/TestCase1/Diagnosis/error/alpha_0/manifest.json
  output_dir: Sandbox/output/TestCase1/Diagnosis/postprocessing/alpha_0
    case=TC1 product=postprocessing alpha=0
    saved: postprocessing_values.csv, postprocessing_mass.pdf, postprocessing_mass.png, postprocessing_tracer_integral.pdf, postprocessing_tracer_integral.png, postprocessing_vorticity_pv.pdf, postprocessing_vorticity_pv.png, postprocessing_energies.pdf, postprocessing_energies.png
    fields: {"conserved_scalar": "S", "eta": "Eta", "kinetic_energy": "computed_from_velocity", "u": "U", "v": "V", "vorticity": "computed_from_velocity"}
    plotted_files: 8
      Sandbox/output/TestCase1/Diagnosis/postprocessing/alpha_0/postprocessing_energies.pdf
      Sandbox/output/TestCase1/Diagnosis/postprocessing/alpha_0/postprocessing_energies.png
      Sandbox/output/TestCase1/Diagnosis/postprocessing/alpha_0/postprocessing_mass.pdf
      Sandbox/output/TestCase1/Diagnosis/postprocessing/alpha_0/postprocessing_mass.png
      Sandbox/output/TestCase1/Diagnosis/postprocessing/alpha_0/postprocessing_tracer_integral.pdf
      Sandbox/output/TestCase1/Diagnosis/postprocessing/alpha_0/postprocessing_tracer_integral.png
      Sandbox/output/TestCase1/Diagnosis/postprocessing/alpha_0/postprocessing_vorticity_pv.pdf
      Sandbox/output/TestCase1/Diagnosis/postprocessing/alpha_0/postprocessing_vorticity_pv.png
    computed_files: 1
      Sandbox/output/TestCase1/Diagnosis/postprocessing/alpha_0/postprocessing_values.csv
    other_files: 1
      Sandbox/output/TestCase1/Diagnosis/postprocessing/alpha_0/manifest.json
  output_dir: Sandbox/output/TestCase1/Snapshots/alpha_0
    case=TC1 product=snapshots alpha=0
    saved: tracer, etan, psi, phi, velocity_magnitude
    plotted_files: 124
      Sandbox/output/TestCase1/Snapshots/alpha_0/etan/tc1_etan_day_00.00_iter_0000000000.pdf
      Sandbox/output/TestCase1/Snapshots/alpha_0/etan/tc1_etan_day_00.00_iter_0000000000.png
      Sandbox/output/TestCase1/Snapshots/alpha_0/etan/tc1_etan_day_01.00_iter_0000001440.pdf
      Sandbox/output/TestCase1/Snapshots/alpha_0/etan/tc1_etan_day_01.00_iter_0000001440.png
      Sandbox/output/TestCase1/Snapshots/alpha_0/etan/tc1_etan_day_02.00_iter_0000002880.pdf
      Sandbox/output/TestCase1/Snapshots/alpha_0/etan/tc1_etan_day_02.00_iter_0000002880.png
      Sandbox/output/TestCase1/Snapshots/alpha_0/etan/tc1_etan_day_03.00_iter_0000004320.pdf
      Sandbox/output/TestCase1/Snapshots/alpha_0/etan/tc1_etan_day_03.00_iter_0000004320.png
      Sandbox/output/TestCase1/Snapshots/alpha_0/etan/tc1_etan_day_04.00_iter_0000005760.pdf
      Sandbox/output/TestCase1/Snapshots/alpha_0/etan/tc1_etan_day_04.00_iter_0000005760.png
      Sandbox/output/TestCase1/Snapshots/alpha_0/etan/tc1_etan_day_05.00_iter_0000007200.pdf
      Sandbox/output/TestCase1/Snapshots/alpha_0/etan/tc1_etan_day_05.00_iter_0000007200.png
      Sandbox/output/TestCase1/Snapshots/alpha_0/etan/tc1_etan_day_06.00_iter_0000008640.pdf
      Sandbox/output/TestCase1/Snapshots/alpha_0/etan/tc1_etan_day_06.00_iter_0000008640.png
      Sandbox/output/TestCase1/Snapshots/alpha_0/etan/tc1_etan_day_07.00_iter_0000010080.pdf
      Sandbox/output/TestCase1/Snapshots/alpha_0/etan/tc1_etan_day_07.00_iter_0000010080.png
      Sandbox/output/TestCase1/Snapshots/alpha_0/etan/tc1_etan_day_08.00_iter_0000011520.pdf
      Sandbox/output/TestCase1/Snapshots/alpha_0/etan/tc1_etan_day_08.00_iter_0000011520.png
      Sandbox/output/TestCase1/Snapshots/alpha_0/etan/tc1_etan_day_09.00_iter_0000012960.pdf
      Sandbox/output/TestCase1/Snapshots/alpha_0/etan/tc1_etan_day_09.00_iter_0000012960.png
      Sandbox/output/TestCase1/Snapshots/alpha_0/etan/tc1_etan_day_10.00_iter_0000014400.pdf
      Sandbox/output/TestCase1/Snapshots/alpha_0/etan/tc1_etan_day_10.00_iter_0000014400.png
      Sandbox/output/TestCase1/Snapshots/alpha_0/etan/tc1_etan_day_11.00_iter_0000015840.pdf
      Sandbox/output/TestCase1/Snapshots/alpha_0/etan/tc1_etan_day_11.00_iter_0000015840.png
      Sandbox/output/TestCase1/Snapshots/alpha_0/phi/tc1_phi_day_00.00_iter_0000000000.pdf
      Sandbox/output/TestCase1/Snapshots/alpha_0/phi/tc1_phi_day_00.00_iter_0000000000.png
      Sandbox/output/TestCase1/Snapshots/alpha_0/phi/tc1_phi_day_01.00_iter_0000001440.pdf
      Sandbox/output/TestCase1/Snapshots/alpha_0/phi/tc1_phi_day_01.00_iter_0000001440.png
      Sandbox/output/TestCase1/Snapshots/alpha_0/phi/tc1_phi_day_02.00_iter_0000002880.pdf
      Sandbox/output/TestCase1/Snapshots/alpha_0/phi/tc1_phi_day_02.00_iter_0000002880.png
      Sandbox/output/TestCase1/Snapshots/alpha_0/phi/tc1_phi_day_03.00_iter_0000004320.pdf
      Sandbox/output/TestCase1/Snapshots/alpha_0/phi/tc1_phi_day_03.00_iter_0000004320.png
      Sandbox/output/TestCase1/Snapshots/alpha_0/phi/tc1_phi_day_04.00_iter_0000005760.pdf
      Sandbox/output/TestCase1/Snapshots/alpha_0/phi/tc1_phi_day_04.00_iter_0000005760.png
      Sandbox/output/TestCase1/Snapshots/alpha_0/phi/tc1_phi_day_05.00_iter_0000007200.pdf
      Sandbox/output/TestCase1/Snapshots/alpha_0/phi/tc1_phi_day_05.00_iter_0000007200.png
      Sandbox/output/TestCase1/Snapshots/alpha_0/phi/tc1_phi_day_06.00_iter_0000008640.pdf
      Sandbox/output/TestCase1/Snapshots/alpha_0/phi/tc1_phi_day_06.00_iter_0000008640.png
      Sandbox/output/TestCase1/Snapshots/alpha_0/phi/tc1_phi_day_07.00_iter_0000010080.pdf
      Sandbox/output/TestCase1/Snapshots/alpha_0/phi/tc1_phi_day_07.00_iter_0000010080.png
      Sandbox/output/TestCase1/Snapshots/alpha_0/phi/tc1_phi_day_08.00_iter_0000011520.pdf
      Sandbox/output/TestCase1/Snapshots/alpha_0/phi/tc1_phi_day_08.00_iter_0000011520.png
      Sandbox/output/TestCase1/Snapshots/alpha_0/phi/tc1_phi_day_09.00_iter_0000012960.pdf
      Sandbox/output/TestCase1/Snapshots/alpha_0/phi/tc1_phi_day_09.00_iter_0000012960.png
      Sandbox/output/TestCase1/Snapshots/alpha_0/phi/tc1_phi_day_10.00_iter_0000014400.pdf
      Sandbox/output/TestCase1/Snapshots/alpha_0/phi/tc1_phi_day_10.00_iter_0000014400.png
      Sandbox/output/TestCase1/Snapshots/alpha_0/phi/tc1_phi_day_11.00_iter_0000015840.pdf
      Sandbox/output/TestCase1/Snapshots/alpha_0/phi/tc1_phi_day_11.00_iter_0000015840.png
      Sandbox/output/TestCase1/Snapshots/alpha_0/psi/tc1_psi_day_00.00_iter_0000000000.pdf
      Sandbox/output/TestCase1/Snapshots/alpha_0/psi/tc1_psi_day_00.00_iter_0000000000.png
      Sandbox/output/TestCase1/Snapshots/alpha_0/psi/tc1_psi_day_01.00_iter_0000001440.pdf
      Sandbox/output/TestCase1/Snapshots/alpha_0/psi/tc1_psi_day_01.00_iter_0000001440.png
      Sandbox/output/TestCase1/Snapshots/alpha_0/psi/tc1_psi_day_02.00_iter_0000002880.pdf
      Sandbox/output/TestCase1/Snapshots/alpha_0/psi/tc1_psi_day_02.00_iter_0000002880.png
      Sandbox/output/TestCase1/Snapshots/alpha_0/psi/tc1_psi_day_03.00_iter_0000004320.pdf
      Sandbox/output/TestCase1/Snapshots/alpha_0/psi/tc1_psi_day_03.00_iter_0000004320.png
      Sandbox/output/TestCase1/Snapshots/alpha_0/psi/tc1_psi_day_04.00_iter_0000005760.pdf
      Sandbox/output/TestCase1/Snapshots/alpha_0/psi/tc1_psi_day_04.00_iter_0000005760.png
      Sandbox/output/TestCase1/Snapshots/alpha_0/psi/tc1_psi_day_05.00_iter_0000007200.pdf
      Sandbox/output/TestCase1/Snapshots/alpha_0/psi/tc1_psi_day_05.00_iter_0000007200.png
      Sandbox/output/TestCase1/Snapshots/alpha_0/psi/tc1_psi_day_06.00_iter_0000008640.pdf
      Sandbox/output/TestCase1/Snapshots/alpha_0/psi/tc1_psi_day_06.00_iter_0000008640.png
      Sandbox/output/TestCase1/Snapshots/alpha_0/psi/tc1_psi_day_07.00_iter_0000010080.pdf
      Sandbox/output/TestCase1/Snapshots/alpha_0/psi/tc1_psi_day_07.00_iter_0000010080.png
      Sandbox/output/TestCase1/Snapshots/alpha_0/psi/tc1_psi_day_08.00_iter_0000011520.pdf
      Sandbox/output/TestCase1/Snapshots/alpha_0/psi/tc1_psi_day_08.00_iter_0000011520.png
      Sandbox/output/TestCase1/Snapshots/alpha_0/psi/tc1_psi_day_09.00_iter_0000012960.pdf
      Sandbox/output/TestCase1/Snapshots/alpha_0/psi/tc1_psi_day_09.00_iter_0000012960.png
      Sandbox/output/TestCase1/Snapshots/alpha_0/psi/tc1_psi_day_10.00_iter_0000014400.pdf
      Sandbox/output/TestCase1/Snapshots/alpha_0/psi/tc1_psi_day_10.00_iter_0000014400.png
      Sandbox/output/TestCase1/Snapshots/alpha_0/psi/tc1_psi_day_11.00_iter_0000015840.pdf
      Sandbox/output/TestCase1/Snapshots/alpha_0/psi/tc1_psi_day_11.00_iter_0000015840.png
      Sandbox/output/TestCase1/Snapshots/alpha_0/tracer/tc1_tracer_day_00.00_iter_0000000000.pdf
      Sandbox/output/TestCase1/Snapshots/alpha_0/tracer/tc1_tracer_day_00.00_iter_0000000000.png
      Sandbox/output/TestCase1/Snapshots/alpha_0/tracer/tc1_tracer_day_01.00_iter_0000001440.pdf
      Sandbox/output/TestCase1/Snapshots/alpha_0/tracer/tc1_tracer_day_01.00_iter_0000001440.png
      Sandbox/output/TestCase1/Snapshots/alpha_0/tracer/tc1_tracer_day_02.00_iter_0000002880.pdf
      Sandbox/output/TestCase1/Snapshots/alpha_0/tracer/tc1_tracer_day_02.00_iter_0000002880.png
      Sandbox/output/TestCase1/Snapshots/alpha_0/tracer/tc1_tracer_day_03.00_iter_0000004320.pdf
      Sandbox/output/TestCase1/Snapshots/alpha_0/tracer/tc1_tracer_day_03.00_iter_0000004320.png
      Sandbox/output/TestCase1/Snapshots/alpha_0/tracer/tc1_tracer_day_04.00_iter_0000005760.pdf
      Sandbox/output/TestCase1/Snapshots/alpha_0/tracer/tc1_tracer_day_04.00_iter_0000005760.png
      Sandbox/output/TestCase1/Snapshots/alpha_0/tracer/tc1_tracer_day_05.00_iter_0000007200.pdf
      Sandbox/output/TestCase1/Snapshots/alpha_0/tracer/tc1_tracer_day_05.00_iter_0000007200.png
      Sandbox/output/TestCase1/Snapshots/alpha_0/tracer/tc1_tracer_day_06.00_iter_0000008640.pdf
      Sandbox/output/TestCase1/Snapshots/alpha_0/tracer/tc1_tracer_day_06.00_iter_0000008640.png
      Sandbox/output/TestCase1/Snapshots/alpha_0/tracer/tc1_tracer_day_07.00_iter_0000010080.pdf
      Sandbox/output/TestCase1/Snapshots/alpha_0/tracer/tc1_tracer_day_07.00_iter_0000010080.png
      Sandbox/output/TestCase1/Snapshots/alpha_0/tracer/tc1_tracer_day_08.00_iter_0000011520.pdf
      Sandbox/output/TestCase1/Snapshots/alpha_0/tracer/tc1_tracer_day_08.00_iter_0000011520.png
      Sandbox/output/TestCase1/Snapshots/alpha_0/tracer/tc1_tracer_day_09.00_iter_0000012960.pdf
      Sandbox/output/TestCase1/Snapshots/alpha_0/tracer/tc1_tracer_day_09.00_iter_0000012960.png
      Sandbox/output/TestCase1/Snapshots/alpha_0/tracer/tc1_tracer_day_10.00_iter_0000014400.pdf
      Sandbox/output/TestCase1/Snapshots/alpha_0/tracer/tc1_tracer_day_10.00_iter_0000014400.png
      Sandbox/output/TestCase1/Snapshots/alpha_0/tracer/tc1_tracer_day_11.00_iter_0000015840.pdf
      Sandbox/output/TestCase1/Snapshots/alpha_0/tracer/tc1_tracer_day_11.00_iter_0000015840.png
      Sandbox/output/TestCase1/Snapshots/alpha_0/tracer/tc1_tracer_day_12.00_iter_0000017280.pdf
      Sandbox/output/TestCase1/Snapshots/alpha_0/tracer/tc1_tracer_day_12.00_iter_0000017280.png
      Sandbox/output/TestCase1/Snapshots/alpha_0/velocity_magnitude/tc1_velocity_magnitude_day_00.00_iter_0000000000.pdf
      Sandbox/output/TestCase1/Snapshots/alpha_0/velocity_magnitude/tc1_velocity_magnitude_day_00.00_iter_0000000000.png
      Sandbox/output/TestCase1/Snapshots/alpha_0/velocity_magnitude/tc1_velocity_magnitude_day_01.00_iter_0000001440.pdf
      Sandbox/output/TestCase1/Snapshots/alpha_0/velocity_magnitude/tc1_velocity_magnitude_day_01.00_iter_0000001440.png
      Sandbox/output/TestCase1/Snapshots/alpha_0/velocity_magnitude/tc1_velocity_magnitude_day_02.00_iter_0000002880.pdf
      Sandbox/output/TestCase1/Snapshots/alpha_0/velocity_magnitude/tc1_velocity_magnitude_day_02.00_iter_0000002880.png
      Sandbox/output/TestCase1/Snapshots/alpha_0/velocity_magnitude/tc1_velocity_magnitude_day_03.00_iter_0000004320.pdf
      Sandbox/output/TestCase1/Snapshots/alpha_0/velocity_magnitude/tc1_velocity_magnitude_day_03.00_iter_0000004320.png
      Sandbox/output/TestCase1/Snapshots/alpha_0/velocity_magnitude/tc1_velocity_magnitude_day_04.00_iter_0000005760.pdf
      Sandbox/output/TestCase1/Snapshots/alpha_0/velocity_magnitude/tc1_velocity_magnitude_day_04.00_iter_0000005760.png
      Sandbox/output/TestCase1/Snapshots/alpha_0/velocity_magnitude/tc1_velocity_magnitude_day_05.00_iter_0000007200.pdf
      Sandbox/output/TestCase1/Snapshots/alpha_0/velocity_magnitude/tc1_velocity_magnitude_day_05.00_iter_0000007200.png
      Sandbox/output/TestCase1/Snapshots/alpha_0/velocity_magnitude/tc1_velocity_magnitude_day_06.00_iter_0000008640.pdf
      Sandbox/output/TestCase1/Snapshots/alpha_0/velocity_magnitude/tc1_velocity_magnitude_day_06.00_iter_0000008640.png
      Sandbox/output/TestCase1/Snapshots/alpha_0/velocity_magnitude/tc1_velocity_magnitude_day_07.00_iter_0000010080.pdf
      Sandbox/output/TestCase1/Snapshots/alpha_0/velocity_magnitude/tc1_velocity_magnitude_day_07.00_iter_0000010080.png
      Sandbox/output/TestCase1/Snapshots/alpha_0/velocity_magnitude/tc1_velocity_magnitude_day_08.00_iter_0000011520.pdf
      Sandbox/output/TestCase1/Snapshots/alpha_0/velocity_magnitude/tc1_velocity_magnitude_day_08.00_iter_0000011520.png
      Sandbox/output/TestCase1/Snapshots/alpha_0/velocity_magnitude/tc1_velocity_magnitude_day_09.00_iter_0000012960.pdf
      Sandbox/output/TestCase1/Snapshots/alpha_0/velocity_magnitude/tc1_velocity_magnitude_day_09.00_iter_0000012960.png
      Sandbox/output/TestCase1/Snapshots/alpha_0/velocity_magnitude/tc1_velocity_magnitude_day_10.00_iter_0000014400.pdf
      Sandbox/output/TestCase1/Snapshots/alpha_0/velocity_magnitude/tc1_velocity_magnitude_day_10.00_iter_0000014400.png
      Sandbox/output/TestCase1/Snapshots/alpha_0/velocity_magnitude/tc1_velocity_magnitude_day_11.00_iter_0000015840.pdf
      Sandbox/output/TestCase1/Snapshots/alpha_0/velocity_magnitude/tc1_velocity_magnitude_day_11.00_iter_0000015840.png
      Sandbox/output/TestCase1/Snapshots/alpha_0/velocity_magnitude/tc1_velocity_magnitude_day_12.00_iter_0000017280.pdf
      Sandbox/output/TestCase1/Snapshots/alpha_0/velocity_magnitude/tc1_velocity_magnitude_day_12.00_iter_0000017280.png
    computed_files: 0
    other_files: 1
      Sandbox/output/TestCase1/Snapshots/alpha_0/manifest.json

Sent to docs index
  output: Sandbox/output/TestCase1/Diagnosis/error/alpha_0/tc1_signed_error_contours.png
    docs_asset: docs/assets/williamson/TestCase1/Diagnosis/error/alpha_0/tc1_signed_error_contours.png
    referenced_by: docs/fragments/testcase1.html
  output: Sandbox/output/TestCase1/Snapshots/alpha_0/etan/tc1_etan_day_00.00_iter_0000000000.png
    docs_asset: docs/assets/williamson/TestCase1/Snapshots/alpha_0/etan/tc1_etan_day_00.00_iter_0000000000.png
    referenced_by: docs/fragments/testcase1.html
  output: Sandbox/output/TestCase1/Snapshots/alpha_0/etan/tc1_etan_day_03.00_iter_0000004320.png
    docs_asset: docs/assets/williamson/TestCase1/Snapshots/alpha_0/etan/tc1_etan_day_03.00_iter_0000004320.png
    referenced_by: docs/fragments/testcase1.html
  output: Sandbox/output/TestCase1/Snapshots/alpha_0/etan/tc1_etan_day_06.00_iter_0000008640.png
    docs_asset: docs/assets/williamson/TestCase1/Snapshots/alpha_0/etan/tc1_etan_day_06.00_iter_0000008640.png
    referenced_by: docs/fragments/testcase1.html
  output: Sandbox/output/TestCase1/Snapshots/alpha_0/etan/tc1_etan_day_09.00_iter_0000012960.png
    docs_asset: docs/assets/williamson/TestCase1/Snapshots/alpha_0/etan/tc1_etan_day_09.00_iter_0000012960.png
    referenced_by: docs/fragments/testcase1.html
  output: Sandbox/output/TestCase1/Snapshots/alpha_0/phi/tc1_phi_day_00.00_iter_0000000000.png
    docs_asset: docs/assets/williamson/TestCase1/Snapshots/alpha_0/phi/tc1_phi_day_00.00_iter_0000000000.png
    referenced_by: docs/fragments/testcase1.html
  output: Sandbox/output/TestCase1/Snapshots/alpha_0/phi/tc1_phi_day_03.00_iter_0000004320.png
    docs_asset: docs/assets/williamson/TestCase1/Snapshots/alpha_0/phi/tc1_phi_day_03.00_iter_0000004320.png
    referenced_by: docs/fragments/testcase1.html
  output: Sandbox/output/TestCase1/Snapshots/alpha_0/phi/tc1_phi_day_06.00_iter_0000008640.png
    docs_asset: docs/assets/williamson/TestCase1/Snapshots/alpha_0/phi/tc1_phi_day_06.00_iter_0000008640.png
    referenced_by: docs/fragments/testcase1.html
  output: Sandbox/output/TestCase1/Snapshots/alpha_0/phi/tc1_phi_day_09.00_iter_0000012960.png
    docs_asset: docs/assets/williamson/TestCase1/Snapshots/alpha_0/phi/tc1_phi_day_09.00_iter_0000012960.png
    referenced_by: docs/fragments/testcase1.html
  output: Sandbox/output/TestCase1/Snapshots/alpha_0/psi/tc1_psi_day_00.00_iter_0000000000.png
    docs_asset: docs/assets/williamson/TestCase1/Snapshots/alpha_0/psi/tc1_psi_day_00.00_iter_0000000000.png
    referenced_by: docs/fragments/testcase1.html
  output: Sandbox/output/TestCase1/Snapshots/alpha_0/psi/tc1_psi_day_03.00_iter_0000004320.png
    docs_asset: docs/assets/williamson/TestCase1/Snapshots/alpha_0/psi/tc1_psi_day_03.00_iter_0000004320.png
    referenced_by: docs/fragments/testcase1.html
  output: Sandbox/output/TestCase1/Snapshots/alpha_0/psi/tc1_psi_day_06.00_iter_0000008640.png
    docs_asset: docs/assets/williamson/TestCase1/Snapshots/alpha_0/psi/tc1_psi_day_06.00_iter_0000008640.png
    referenced_by: docs/fragments/testcase1.html
  output: Sandbox/output/TestCase1/Snapshots/alpha_0/psi/tc1_psi_day_09.00_iter_0000012960.png
    docs_asset: docs/assets/williamson/TestCase1/Snapshots/alpha_0/psi/tc1_psi_day_09.00_iter_0000012960.png
    referenced_by: docs/fragments/testcase1.html
  output: Sandbox/output/TestCase1/Snapshots/alpha_0/tracer/tc1_tracer_day_00.00_iter_0000000000.png
    docs_asset: docs/assets/williamson/TestCase1/Snapshots/alpha_0/tracer/tc1_tracer_day_00.00_iter_0000000000.png
    referenced_by: docs/fragments/testcase1.html
  output: Sandbox/output/TestCase1/Snapshots/alpha_0/tracer/tc1_tracer_day_03.00_iter_0000004320.png
    docs_asset: docs/assets/williamson/TestCase1/Snapshots/alpha_0/tracer/tc1_tracer_day_03.00_iter_0000004320.png
    referenced_by: docs/fragments/testcase1.html
  output: Sandbox/output/TestCase1/Snapshots/alpha_0/tracer/tc1_tracer_day_06.00_iter_0000008640.png
    docs_asset: docs/assets/williamson/TestCase1/Snapshots/alpha_0/tracer/tc1_tracer_day_06.00_iter_0000008640.png
    referenced_by: docs/fragments/testcase1.html
  output: Sandbox/output/TestCase1/Snapshots/alpha_0/tracer/tc1_tracer_day_09.00_iter_0000012960.png
    docs_asset: docs/assets/williamson/TestCase1/Snapshots/alpha_0/tracer/tc1_tracer_day_09.00_iter_0000012960.png
    referenced_by: docs/fragments/testcase1.html
  output: Sandbox/output/TestCase1/Snapshots/alpha_0/tracer/tc1_tracer_day_12.00_iter_0000017280.png
    docs_asset: docs/assets/williamson/TestCase1/Snapshots/alpha_0/tracer/tc1_tracer_day_12.00_iter_0000017280.png
    referenced_by: docs/fragments/testcase1.html

Run directory file manifest
  DRC.data bytes=16 (16 B) mtime_utc=2026-06-13T19:58:51+00:00
  DRC.meta bytes=149 (149 B) mtime_utc=2026-06-13T19:58:51+00:00
  DRF.data bytes=8 (8 B) mtime_utc=2026-06-13T19:58:51+00:00
  DRF.meta bytes=129 (129 B) mtime_utc=2026-06-13T19:58:51+00:00
  DXC.data bytes=8294400 (7.9 MiB) mtime_utc=2026-06-13T19:58:49+00:00
  DXC.meta bytes=129 (129 B) mtime_utc=2026-06-13T19:58:49+00:00
  DXF.data bytes=8294400 (7.9 MiB) mtime_utc=2026-06-13T19:58:50+00:00
  DXF.meta bytes=129 (129 B) mtime_utc=2026-06-13T19:58:50+00:00
  DXG.data bytes=8294400 (7.9 MiB) mtime_utc=2026-06-13T19:58:49+00:00
  DXG.meta bytes=129 (129 B) mtime_utc=2026-06-13T19:58:49+00:00
  DXV.data bytes=8294400 (7.9 MiB) mtime_utc=2026-06-13T19:58:50+00:00
  DXV.meta bytes=129 (129 B) mtime_utc=2026-06-13T19:58:50+00:00
  DYC.data bytes=8294400 (7.9 MiB) mtime_utc=2026-06-13T19:58:50+00:00
  DYC.meta bytes=129 (129 B) mtime_utc=2026-06-13T19:58:50+00:00
  DYF.data bytes=8294400 (7.9 MiB) mtime_utc=2026-06-13T19:58:50+00:00
  DYF.meta bytes=129 (129 B) mtime_utc=2026-06-13T19:58:50+00:00
  DYG.data bytes=8294400 (7.9 MiB) mtime_utc=2026-06-13T19:58:49+00:00
  DYG.meta bytes=129 (129 B) mtime_utc=2026-06-13T19:58:49+00:00
  DYU.data bytes=8294400 (7.9 MiB) mtime_utc=2026-06-13T19:58:50+00:00
  DYU.meta bytes=129 (129 B) mtime_utc=2026-06-13T19:58:50+00:00
  Depth.data bytes=8294400 (7.9 MiB) mtime_utc=2026-06-13T19:58:50+00:00
  Depth.meta bytes=129 (129 B) mtime_utc=2026-06-13T19:58:50+00:00
  Eta.0000000000.data bytes=8294400 (7.9 MiB) mtime_utc=2026-06-13T19:58:52+00:00
  Eta.0000000000.meta bytes=163 (163 B) mtime_utc=2026-06-13T19:58:52+00:00
  Eta.0000001440.data bytes=8294400 (7.9 MiB) mtime_utc=2026-06-13T19:59:08+00:00
  Eta.0000001440.meta bytes=163 (163 B) mtime_utc=2026-06-13T19:59:08+00:00
  Eta.0000002880.data bytes=8294400 (7.9 MiB) mtime_utc=2026-06-13T19:59:27+00:00
  Eta.0000002880.meta bytes=163 (163 B) mtime_utc=2026-06-13T19:59:27+00:00
  Eta.0000004320.data bytes=8294400 (7.9 MiB) mtime_utc=2026-06-13T19:59:45+00:00
  Eta.0000004320.meta bytes=163 (163 B) mtime_utc=2026-06-13T19:59:55+00:00
  Eta.0000005760.data bytes=8294400 (7.9 MiB) mtime_utc=2026-06-13T20:00:03+00:00
  Eta.0000005760.meta bytes=163 (163 B) mtime_utc=2026-06-13T20:00:13+00:00
  Eta.0000007200.data bytes=8294400 (7.9 MiB) mtime_utc=2026-06-13T20:00:22+00:00
  Eta.0000007200.meta bytes=163 (163 B) mtime_utc=2026-06-13T20:00:32+00:00
  Eta.0000008640.data bytes=8294400 (7.9 MiB) mtime_utc=2026-06-13T20:00:40+00:00
  Eta.0000008640.meta bytes=163 (163 B) mtime_utc=2026-06-13T20:00:50+00:00
  Eta.0000010080.data bytes=8294400 (7.9 MiB) mtime_utc=2026-06-13T20:00:58+00:00
  Eta.0000010080.meta bytes=163 (163 B) mtime_utc=2026-06-13T20:01:08+00:00
  Eta.0000011520.data bytes=8294400 (7.9 MiB) mtime_utc=2026-06-13T20:01:16+00:00
  Eta.0000011520.meta bytes=163 (163 B) mtime_utc=2026-06-13T20:01:26+00:00
  Eta.0000012960.data bytes=8294400 (7.9 MiB) mtime_utc=2026-06-13T20:01:35+00:00
  Eta.0000012960.meta bytes=163 (163 B) mtime_utc=2026-06-13T20:01:44+00:00
  Eta.0000014400.data bytes=8294400 (7.9 MiB) mtime_utc=2026-06-13T20:01:53+00:00
  Eta.0000014400.meta bytes=163 (163 B) mtime_utc=2026-06-13T20:02:02+00:00
  Eta.0000015840.data bytes=8294400 (7.9 MiB) mtime_utc=2026-06-13T20:02:11+00:00
  Eta.0000015840.meta bytes=163 (163 B) mtime_utc=2026-06-13T20:02:21+00:00
  Eta.0000017280.data bytes=8294400 (7.9 MiB) mtime_utc=2026-06-13T20:02:29+00:00
  Eta.0000017280.meta bytes=163 (163 B) mtime_utc=2026-06-13T20:02:39+00:00
  PH.0000001440.data bytes=8294400 (7.9 MiB) mtime_utc=2026-06-13T19:59:09+00:00
  PH.0000001440.meta bytes=163 (163 B) mtime_utc=2026-06-13T19:59:09+00:00
  PH.0000002880.data bytes=8294400 (7.9 MiB) mtime_utc=2026-06-13T19:59:27+00:00
  PH.0000002880.meta bytes=163 (163 B) mtime_utc=2026-06-13T19:59:27+00:00
  PH.0000004320.data bytes=8294400 (7.9 MiB) mtime_utc=2026-06-13T19:59:45+00:00
  PH.0000004320.meta bytes=163 (163 B) mtime_utc=2026-06-13T19:59:55+00:00
  PH.0000005760.data bytes=8294400 (7.9 MiB) mtime_utc=2026-06-13T20:00:04+00:00
  PH.0000005760.meta bytes=163 (163 B) mtime_utc=2026-06-13T20:00:13+00:00
  PH.0000007200.data bytes=8294400 (7.9 MiB) mtime_utc=2026-06-13T20:00:22+00:00
  PH.0000007200.meta bytes=163 (163 B) mtime_utc=2026-06-13T20:00:32+00:00
  PH.0000008640.data bytes=8294400 (7.9 MiB) mtime_utc=2026-06-13T20:00:40+00:00
  PH.0000008640.meta bytes=163 (163 B) mtime_utc=2026-06-13T20:00:50+00:00
  PH.0000010080.data bytes=8294400 (7.9 MiB) mtime_utc=2026-06-13T20:00:58+00:00
  PH.0000010080.meta bytes=163 (163 B) mtime_utc=2026-06-13T20:01:08+00:00
  PH.0000011520.data bytes=8294400 (7.9 MiB) mtime_utc=2026-06-13T20:01:17+00:00
  PH.0000011520.meta bytes=163 (163 B) mtime_utc=2026-06-13T20:01:26+00:00
  PH.0000012960.data bytes=8294400 (7.9 MiB) mtime_utc=2026-06-13T20:01:35+00:00
  PH.0000012960.meta bytes=163 (163 B) mtime_utc=2026-06-13T20:01:44+00:00
  PH.0000014400.data bytes=8294400 (7.9 MiB) mtime_utc=2026-06-13T20:01:53+00:00
  PH.0000014400.meta bytes=163 (163 B) mtime_utc=2026-06-13T20:02:03+00:00
  PH.0000015840.data bytes=8294400 (7.9 MiB) mtime_utc=2026-06-13T20:02:12+00:00
  PH.0000015840.meta bytes=163 (163 B) mtime_utc=2026-06-13T20:02:21+00:00
  PH.0000017280.data bytes=8294400 (7.9 MiB) mtime_utc=2026-06-13T20:02:29+00:00
  PH.0000017280.meta bytes=163 (163 B) mtime_utc=2026-06-13T20:02:39+00:00
  PHL.0000001440.data bytes=8294400 (7.9 MiB) mtime_utc=2026-06-13T19:59:09+00:00
  PHL.0000001440.meta bytes=163 (163 B) mtime_utc=2026-06-13T19:59:09+00:00
  PHL.0000002880.data bytes=8294400 (7.9 MiB) mtime_utc=2026-06-13T19:59:27+00:00
  PHL.0000002880.meta bytes=163 (163 B) mtime_utc=2026-06-13T19:59:27+00:00
  PHL.0000004320.data bytes=8294400 (7.9 MiB) mtime_utc=2026-06-13T19:59:45+00:00
  PHL.0000004320.meta bytes=163 (163 B) mtime_utc=2026-06-13T19:59:55+00:00
  PHL.0000005760.data bytes=8294400 (7.9 MiB) mtime_utc=2026-06-13T20:00:04+00:00
  PHL.0000005760.meta bytes=163 (163 B) mtime_utc=2026-06-13T20:00:14+00:00
  PHL.0000007200.data bytes=8294400 (7.9 MiB) mtime_utc=2026-06-13T20:00:22+00:00
  PHL.0000007200.meta bytes=163 (163 B) mtime_utc=2026-06-13T20:00:32+00:00
  PHL.0000008640.data bytes=8294400 (7.9 MiB) mtime_utc=2026-06-13T20:00:41+00:00
  PHL.0000008640.meta bytes=163 (163 B) mtime_utc=2026-06-13T20:00:50+00:00
  PHL.0000010080.data bytes=8294400 (7.9 MiB) mtime_utc=2026-06-13T20:00:59+00:00
  PHL.0000010080.meta bytes=163 (163 B) mtime_utc=2026-06-13T20:01:08+00:00
  PHL.0000011520.data bytes=8294400 (7.9 MiB) mtime_utc=2026-06-13T20:01:17+00:00
  PHL.0000011520.meta bytes=163 (163 B) mtime_utc=2026-06-13T20:01:26+00:00
  PHL.0000012960.data bytes=8294400 (7.9 MiB) mtime_utc=2026-06-13T20:01:35+00:00
  PHL.0000012960.meta bytes=163 (163 B) mtime_utc=2026-06-13T20:01:45+00:00
  PHL.0000014400.data bytes=8294400 (7.9 MiB) mtime_utc=2026-06-13T20:01:53+00:00
  PHL.0000014400.meta bytes=163 (163 B) mtime_utc=2026-06-13T20:02:03+00:00
  PHL.0000015840.data bytes=8294400 (7.9 MiB) mtime_utc=2026-06-13T20:02:12+00:00
  PHL.0000015840.meta bytes=163 (163 B) mtime_utc=2026-06-13T20:02:21+00:00
  PHL.0000017280.data bytes=8294400 (7.9 MiB) mtime_utc=2026-06-13T20:02:30+00:00
  PHL.0000017280.meta bytes=163 (163 B) mtime_utc=2026-06-13T20:02:39+00:00
  PHrefC.data bytes=8 (8 B) mtime_utc=2026-06-13T19:58:51+00:00
  PHrefC.meta bytes=129 (129 B) mtime_utc=2026-06-13T19:58:51+00:00
  PHrefF.data bytes=16 (16 B) mtime_utc=2026-06-13T19:58:51+00:00
  PHrefF.meta bytes=149 (149 B) mtime_utc=2026-06-13T19:58:51+00:00
  RAC.data bytes=8294400 (7.9 MiB) mtime_utc=2026-06-13T19:58:48+00:00
  RAC.meta bytes=129 (129 B) mtime_utc=2026-06-13T19:58:49+00:00
  RAS.data bytes=8294400 (7.9 MiB) mtime_utc=2026-06-13T19:58:49+00:00
  RAS.meta bytes=129 (129 B) mtime_utc=2026-06-13T19:58:49+00:00
  RAW.data bytes=8294400 (7.9 MiB) mtime_utc=2026-06-13T19:58:49+00:00
  RAW.meta bytes=129 (129 B) mtime_utc=2026-06-13T19:58:49+00:00
  RAZ.data bytes=8294400 (7.9 MiB) mtime_utc=2026-06-13T19:58:49+00:00
  RAZ.meta bytes=129 (129 B) mtime_utc=2026-06-13T19:58:49+00:00
  RC.data bytes=8 (8 B) mtime_utc=2026-06-13T19:58:51+00:00
  RC.meta bytes=129 (129 B) mtime_utc=2026-06-13T19:58:51+00:00
  RF.data bytes=16 (16 B) mtime_utc=2026-06-13T19:58:51+00:00
  RF.meta bytes=149 (149 B) mtime_utc=2026-06-13T19:58:51+00:00
  RhoRef.data bytes=8 (8 B) mtime_utc=2026-06-13T19:58:48+00:00
  RhoRef.meta bytes=129 (129 B) mtime_utc=2026-06-13T19:58:48+00:00
  S.0000000000.data bytes=8294400 (7.9 MiB) mtime_utc=2026-06-13T19:58:52+00:00
  S.0000000000.meta bytes=163 (163 B) mtime_utc=2026-06-13T19:58:52+00:00
  S.0000001440.data bytes=8294400 (7.9 MiB) mtime_utc=2026-06-13T19:59:08+00:00
  S.0000001440.meta bytes=163 (163 B) mtime_utc=2026-06-13T19:59:08+00:00
  S.0000002880.data bytes=8294400 (7.9 MiB) mtime_utc=2026-06-13T19:59:27+00:00
  S.0000002880.meta bytes=163 (163 B) mtime_utc=2026-06-13T19:59:27+00:00
  S.0000004320.data bytes=8294400 (7.9 MiB) mtime_utc=2026-06-13T19:59:45+00:00
  S.0000004320.meta bytes=163 (163 B) mtime_utc=2026-06-13T19:59:55+00:00
  S.0000005760.data bytes=8294400 (7.9 MiB) mtime_utc=2026-06-13T20:00:03+00:00
  S.0000005760.meta bytes=163 (163 B) mtime_utc=2026-06-13T20:00:13+00:00
  S.0000007200.data bytes=8294400 (7.9 MiB) mtime_utc=2026-06-13T20:00:22+00:00
  S.0000007200.meta bytes=163 (163 B) mtime_utc=2026-06-13T20:00:31+00:00
  S.0000008640.data bytes=8294400 (7.9 MiB) mtime_utc=2026-06-13T20:00:40+00:00
  S.0000008640.meta bytes=163 (163 B) mtime_utc=2026-06-13T20:00:49+00:00
  S.0000010080.data bytes=8294400 (7.9 MiB) mtime_utc=2026-06-13T20:00:58+00:00
  S.0000010080.meta bytes=163 (163 B) mtime_utc=2026-06-13T20:01:08+00:00
  S.0000011520.data bytes=8294400 (7.9 MiB) mtime_utc=2026-06-13T20:01:16+00:00
  S.0000011520.meta bytes=163 (163 B) mtime_utc=2026-06-13T20:01:26+00:00
  S.0000012960.data bytes=8294400 (7.9 MiB) mtime_utc=2026-06-13T20:01:34+00:00
  S.0000012960.meta bytes=163 (163 B) mtime_utc=2026-06-13T20:01:44+00:00
  S.0000014400.data bytes=8294400 (7.9 MiB) mtime_utc=2026-06-13T20:01:53+00:00
  S.0000014400.meta bytes=163 (163 B) mtime_utc=2026-06-13T20:02:02+00:00
  S.0000015840.data bytes=8294400 (7.9 MiB) mtime_utc=2026-06-13T20:02:11+00:00
  S.0000015840.meta bytes=163 (163 B) mtime_utc=2026-06-13T20:02:21+00:00
  S.0000017280.data bytes=8294400 (7.9 MiB) mtime_utc=2026-06-13T20:02:29+00:00
  S.0000017280.meta bytes=163 (163 B) mtime_utc=2026-06-13T20:02:39+00:00
  STDERR.0000 bytes=99 (99 B) mtime_utc=2026-06-13T19:58:51+00:00
  STDERR.0001 bytes=99 (99 B) mtime_utc=2026-06-13T19:58:51+00:00
  STDERR.0002 bytes=99 (99 B) mtime_utc=2026-06-13T19:58:51+00:00
  STDERR.0003 bytes=99 (99 B) mtime_utc=2026-06-13T19:58:51+00:00
  STDERR.0004 bytes=99 (99 B) mtime_utc=2026-06-13T19:58:51+00:00
  STDERR.0005 bytes=99 (99 B) mtime_utc=2026-06-13T19:58:51+00:00
  STDERR.0006 bytes=99 (99 B) mtime_utc=2026-06-13T19:58:51+00:00
  STDERR.0007 bytes=99 (99 B) mtime_utc=2026-06-13T19:58:51+00:00
  STDERR.0008 bytes=99 (99 B) mtime_utc=2026-06-13T19:58:51+00:00
  STDERR.0009 bytes=99 (99 B) mtime_utc=2026-06-13T19:58:51+00:00
  STDERR.0010 bytes=99 (99 B) mtime_utc=2026-06-13T19:58:51+00:00
  STDERR.0011 bytes=99 (99 B) mtime_utc=2026-06-13T19:58:51+00:00
  STDERR.0012 bytes=99 (99 B) mtime_utc=2026-06-13T19:58:51+00:00
  STDERR.0013 bytes=99 (99 B) mtime_utc=2026-06-13T19:58:51+00:00
  STDERR.0014 bytes=99 (99 B) mtime_utc=2026-06-13T19:58:51+00:00
  STDERR.0015 bytes=99 (99 B) mtime_utc=2026-06-13T19:58:51+00:00
  STDERR.0016 bytes=99 (99 B) mtime_utc=2026-06-13T19:58:51+00:00
  STDERR.0017 bytes=99 (99 B) mtime_utc=2026-06-13T19:58:51+00:00
  STDERR.0018 bytes=99 (99 B) mtime_utc=2026-06-13T19:58:51+00:00
  STDERR.0019 bytes=99 (99 B) mtime_utc=2026-06-13T19:58:51+00:00
  STDERR.0020 bytes=99 (99 B) mtime_utc=2026-06-13T19:58:51+00:00
  STDERR.0021 bytes=99 (99 B) mtime_utc=2026-06-13T19:58:51+00:00
  STDERR.0022 bytes=99 (99 B) mtime_utc=2026-06-13T19:58:51+00:00
  STDERR.0023 bytes=99 (99 B) mtime_utc=2026-06-13T19:58:51+00:00
  STDERR.0024 bytes=99 (99 B) mtime_utc=2026-06-13T19:58:51+00:00
  STDERR.0025 bytes=99 (99 B) mtime_utc=2026-06-13T19:58:51+00:00
  STDERR.0026 bytes=99 (99 B) mtime_utc=2026-06-13T19:58:51+00:00
  STDERR.0027 bytes=99 (99 B) mtime_utc=2026-06-13T19:58:51+00:00
  STDERR.0028 bytes=99 (99 B) mtime_utc=2026-06-13T19:58:51+00:00
  STDERR.0029 bytes=99 (99 B) mtime_utc=2026-06-13T19:58:51+00:00
  STDERR.0030 bytes=99 (99 B) mtime_utc=2026-06-13T19:58:51+00:00
  STDERR.0031 bytes=99 (99 B) mtime_utc=2026-06-13T19:58:51+00:00
  STDERR.0032 bytes=99 (99 B) mtime_utc=2026-06-13T19:58:51+00:00
  STDERR.0033 bytes=99 (99 B) mtime_utc=2026-06-13T19:58:51+00:00
  STDERR.0034 bytes=99 (99 B) mtime_utc=2026-06-13T19:58:51+00:00
  STDERR.0035 bytes=99 (99 B) mtime_utc=2026-06-13T19:58:51+00:00
  STDERR.0036 bytes=99 (99 B) mtime_utc=2026-06-13T19:58:51+00:00
  STDERR.0037 bytes=99 (99 B) mtime_utc=2026-06-13T19:58:51+00:00
  STDERR.0038 bytes=99 (99 B) mtime_utc=2026-06-13T19:58:51+00:00
  STDERR.0039 bytes=99 (99 B) mtime_utc=2026-06-13T19:58:51+00:00
  STDERR.0040 bytes=99 (99 B) mtime_utc=2026-06-13T19:58:51+00:00
  STDERR.0041 bytes=99 (99 B) mtime_utc=2026-06-13T19:58:51+00:00
  STDERR.0042 bytes=99 (99 B) mtime_utc=2026-06-13T19:58:51+00:00
  STDERR.0043 bytes=99 (99 B) mtime_utc=2026-06-13T19:58:51+00:00
  STDERR.0044 bytes=99 (99 B) mtime_utc=2026-06-13T19:58:51+00:00
  STDERR.0045 bytes=99 (99 B) mtime_utc=2026-06-13T19:58:51+00:00
  STDERR.0046 bytes=99 (99 B) mtime_utc=2026-06-13T19:58:51+00:00
  STDERR.0047 bytes=99 (99 B) mtime_utc=2026-06-13T19:58:51+00:00
  STDOUT.0000 bytes=173694 (169.6 KiB) mtime_utc=2026-06-13T20:02:31+00:00
  STDOUT.0001 bytes=120318 (117.5 KiB) mtime_utc=2026-06-13T20:02:31+00:00
  STDOUT.0002 bytes=120328 (117.5 KiB) mtime_utc=2026-06-13T20:02:31+00:00
  STDOUT.0003 bytes=120323 (117.5 KiB) mtime_utc=2026-06-13T20:02:31+00:00
  STDOUT.0004 bytes=120323 (117.5 KiB) mtime_utc=2026-06-13T20:02:31+00:00
  STDOUT.0005 bytes=120333 (117.5 KiB) mtime_utc=2026-06-13T20:02:31+00:00
  STDOUT.0006 bytes=120323 (117.5 KiB) mtime_utc=2026-06-13T20:02:31+00:00
  STDOUT.0007 bytes=120328 (117.5 KiB) mtime_utc=2026-06-13T20:02:31+00:00
  STDOUT.0008 bytes=120328 (117.5 KiB) mtime_utc=2026-06-13T20:02:31+00:00
  STDOUT.0009 bytes=120313 (117.5 KiB) mtime_utc=2026-06-13T20:02:31+00:00
  STDOUT.0010 bytes=120323 (117.5 KiB) mtime_utc=2026-06-13T20:02:31+00:00
  STDOUT.0011 bytes=120313 (117.5 KiB) mtime_utc=2026-06-13T20:02:31+00:00
  STDOUT.0012 bytes=120323 (117.5 KiB) mtime_utc=2026-06-13T20:02:31+00:00
  STDOUT.0013 bytes=120333 (117.5 KiB) mtime_utc=2026-06-13T20:02:31+00:00
  STDOUT.0014 bytes=120323 (117.5 KiB) mtime_utc=2026-06-13T20:02:31+00:00
  STDOUT.0015 bytes=120328 (117.5 KiB) mtime_utc=2026-06-13T20:02:31+00:00
  STDOUT.0016 bytes=120318 (117.5 KiB) mtime_utc=2026-06-13T20:02:31+00:00
  STDOUT.0017 bytes=120402 (117.6 KiB) mtime_utc=2026-06-13T20:02:31+00:00
  STDOUT.0018 bytes=120402 (117.6 KiB) mtime_utc=2026-06-13T20:02:31+00:00
  STDOUT.0019 bytes=120313 (117.5 KiB) mtime_utc=2026-06-13T20:02:31+00:00
  STDOUT.0020 bytes=120323 (117.5 KiB) mtime_utc=2026-06-13T20:02:31+00:00
  STDOUT.0021 bytes=120323 (117.5 KiB) mtime_utc=2026-06-13T20:02:31+00:00
  STDOUT.0022 bytes=120333 (117.5 KiB) mtime_utc=2026-06-13T20:02:31+00:00
  STDOUT.0023 bytes=120323 (117.5 KiB) mtime_utc=2026-06-13T20:02:31+00:00
  STDOUT.0024 bytes=120323 (117.5 KiB) mtime_utc=2026-06-13T20:02:31+00:00
  STDOUT.0025 bytes=120313 (117.5 KiB) mtime_utc=2026-06-13T20:02:31+00:00
  STDOUT.0026 bytes=120323 (117.5 KiB) mtime_utc=2026-06-13T20:02:31+00:00
  STDOUT.0027 bytes=120328 (117.5 KiB) mtime_utc=2026-06-13T20:02:31+00:00
  STDOUT.0028 bytes=120333 (117.5 KiB) mtime_utc=2026-06-13T20:02:31+00:00
  STDOUT.0029 bytes=120323 (117.5 KiB) mtime_utc=2026-06-13T20:02:31+00:00
  STDOUT.0030 bytes=120318 (117.5 KiB) mtime_utc=2026-06-13T20:02:31+00:00
  STDOUT.0031 bytes=120323 (117.5 KiB) mtime_utc=2026-06-13T20:02:31+00:00
  STDOUT.0032 bytes=120318 (117.5 KiB) mtime_utc=2026-06-13T20:02:31+00:00
  STDOUT.0033 bytes=120323 (117.5 KiB) mtime_utc=2026-06-13T20:02:31+00:00
  STDOUT.0034 bytes=120323 (117.5 KiB) mtime_utc=2026-06-13T20:02:31+00:00
  STDOUT.0035 bytes=120323 (117.5 KiB) mtime_utc=2026-06-13T20:02:31+00:00
  STDOUT.0036 bytes=120333 (117.5 KiB) mtime_utc=2026-06-13T20:02:31+00:00
  STDOUT.0037 bytes=120323 (117.5 KiB) mtime_utc=2026-06-13T20:02:31+00:00
  STDOUT.0038 bytes=120323 (117.5 KiB) mtime_utc=2026-06-13T20:02:31+00:00
  STDOUT.0039 bytes=120323 (117.5 KiB) mtime_utc=2026-06-13T20:02:31+00:00
  STDOUT.0040 bytes=120323 (117.5 KiB) mtime_utc=2026-06-13T20:02:31+00:00
  STDOUT.0041 bytes=120323 (117.5 KiB) mtime_utc=2026-06-13T20:02:31+00:00
  STDOUT.0042 bytes=120323 (117.5 KiB) mtime_utc=2026-06-13T20:02:31+00:00
  STDOUT.0043 bytes=120323 (117.5 KiB) mtime_utc=2026-06-13T20:02:31+00:00
  STDOUT.0044 bytes=120313 (117.5 KiB) mtime_utc=2026-06-13T20:02:31+00:00
  STDOUT.0045 bytes=120313 (117.5 KiB) mtime_utc=2026-06-13T20:02:31+00:00
  STDOUT.0046 bytes=120333 (117.5 KiB) mtime_utc=2026-06-13T20:02:31+00:00
  STDOUT.0047 bytes=120323 (117.5 KiB) mtime_utc=2026-06-13T20:02:31+00:00
  S_init.bin bytes=4147200 (4.0 MiB) mtime_utc=2026-06-13T19:58:41+00:00
  T.0000000000.data bytes=8294400 (7.9 MiB) mtime_utc=2026-06-13T19:58:51+00:00
  T.0000000000.meta bytes=163 (163 B) mtime_utc=2026-06-13T19:58:51+00:00
  T.0000001440.data bytes=8294400 (7.9 MiB) mtime_utc=2026-06-13T19:59:08+00:00
  T.0000001440.meta bytes=163 (163 B) mtime_utc=2026-06-13T19:59:08+00:00
  T.0000002880.data bytes=8294400 (7.9 MiB) mtime_utc=2026-06-13T19:59:27+00:00
  T.0000002880.meta bytes=163 (163 B) mtime_utc=2026-06-13T19:59:27+00:00
  T.0000004320.data bytes=8294400 (7.9 MiB) mtime_utc=2026-06-13T19:59:45+00:00
  T.0000004320.meta bytes=163 (163 B) mtime_utc=2026-06-13T19:59:54+00:00
  T.0000005760.data bytes=8294400 (7.9 MiB) mtime_utc=2026-06-13T20:00:03+00:00
  T.0000005760.meta bytes=163 (163 B) mtime_utc=2026-06-13T20:00:13+00:00
  T.0000007200.data bytes=8294400 (7.9 MiB) mtime_utc=2026-06-13T20:00:21+00:00
  T.0000007200.meta bytes=163 (163 B) mtime_utc=2026-06-13T20:00:31+00:00
  T.0000008640.data bytes=8294400 (7.9 MiB) mtime_utc=2026-06-13T20:00:40+00:00
  T.0000008640.meta bytes=163 (163 B) mtime_utc=2026-06-13T20:00:49+00:00
  T.0000010080.data bytes=8294400 (7.9 MiB) mtime_utc=2026-06-13T20:00:58+00:00
  T.0000010080.meta bytes=163 (163 B) mtime_utc=2026-06-13T20:01:08+00:00
  T.0000011520.data bytes=8294400 (7.9 MiB) mtime_utc=2026-06-13T20:01:16+00:00
  T.0000011520.meta bytes=163 (163 B) mtime_utc=2026-06-13T20:01:26+00:00
  T.0000012960.data bytes=8294400 (7.9 MiB) mtime_utc=2026-06-13T20:01:34+00:00
  T.0000012960.meta bytes=163 (163 B) mtime_utc=2026-06-13T20:01:44+00:00
  T.0000014400.data bytes=8294400 (7.9 MiB) mtime_utc=2026-06-13T20:01:52+00:00
  T.0000014400.meta bytes=163 (163 B) mtime_utc=2026-06-13T20:02:02+00:00
  T.0000015840.data bytes=8294400 (7.9 MiB) mtime_utc=2026-06-13T20:02:11+00:00
  T.0000015840.meta bytes=163 (163 B) mtime_utc=2026-06-13T20:02:20+00:00
  T.0000017280.data bytes=8294400 (7.9 MiB) mtime_utc=2026-06-13T20:02:29+00:00
  T.0000017280.meta bytes=163 (163 B) mtime_utc=2026-06-13T20:02:39+00:00
  U.0000000000.data bytes=8294400 (7.9 MiB) mtime_utc=2026-06-13T19:58:51+00:00
  U.0000000000.meta bytes=163 (163 B) mtime_utc=2026-06-13T19:58:51+00:00
  U.0000001440.data bytes=8294400 (7.9 MiB) mtime_utc=2026-06-13T19:59:08+00:00
  U.0000001440.meta bytes=163 (163 B) mtime_utc=2026-06-13T19:59:08+00:00
  U.0000002880.data bytes=8294400 (7.9 MiB) mtime_utc=2026-06-13T19:59:26+00:00
  U.0000002880.meta bytes=163 (163 B) mtime_utc=2026-06-13T19:59:26+00:00
  U.0000004320.data bytes=8294400 (7.9 MiB) mtime_utc=2026-06-13T19:59:45+00:00
  U.0000004320.meta bytes=163 (163 B) mtime_utc=2026-06-13T19:59:54+00:00
  U.0000005760.data bytes=8294400 (7.9 MiB) mtime_utc=2026-06-13T20:00:03+00:00
  U.0000005760.meta bytes=163 (163 B) mtime_utc=2026-06-13T20:00:12+00:00
  U.0000007200.data bytes=8294400 (7.9 MiB) mtime_utc=2026-06-13T20:00:21+00:00
  U.0000007200.meta bytes=163 (163 B) mtime_utc=2026-06-13T20:00:31+00:00
  U.0000008640.data bytes=8294400 (7.9 MiB) mtime_utc=2026-06-13T20:00:39+00:00
  U.0000008640.meta bytes=163 (163 B) mtime_utc=2026-06-13T20:00:49+00:00
  U.0000010080.data bytes=8294400 (7.9 MiB) mtime_utc=2026-06-13T20:00:58+00:00
  U.0000010080.meta bytes=163 (163 B) mtime_utc=2026-06-13T20:01:07+00:00
  U.0000011520.data bytes=8294400 (7.9 MiB) mtime_utc=2026-06-13T20:01:16+00:00
  U.0000011520.meta bytes=163 (163 B) mtime_utc=2026-06-13T20:01:25+00:00
  U.0000012960.data bytes=8294400 (7.9 MiB) mtime_utc=2026-06-13T20:01:34+00:00
  U.0000012960.meta bytes=163 (163 B) mtime_utc=2026-06-13T20:01:43+00:00
  U.0000014400.data bytes=8294400 (7.9 MiB) mtime_utc=2026-06-13T20:01:52+00:00
  U.0000014400.meta bytes=163 (163 B) mtime_utc=2026-06-13T20:02:02+00:00
  U.0000015840.data bytes=8294400 (7.9 MiB) mtime_utc=2026-06-13T20:02:10+00:00
  U.0000015840.meta bytes=163 (163 B) mtime_utc=2026-06-13T20:02:20+00:00
  U.0000017280.data bytes=8294400 (7.9 MiB) mtime_utc=2026-06-13T20:02:29+00:00
  U.0000017280.meta bytes=163 (163 B) mtime_utc=2026-06-13T20:02:38+00:00
  V.0000000000.data bytes=8294400 (7.9 MiB) mtime_utc=2026-06-13T19:58:51+00:00
  V.0000000000.meta bytes=163 (163 B) mtime_utc=2026-06-13T19:58:51+00:00
  V.0000001440.data bytes=8294400 (7.9 MiB) mtime_utc=2026-06-13T19:59:08+00:00
  V.0000001440.meta bytes=163 (163 B) mtime_utc=2026-06-13T19:59:08+00:00
  V.0000002880.data bytes=8294400 (7.9 MiB) mtime_utc=2026-06-13T19:59:26+00:00
  V.0000002880.meta bytes=163 (163 B) mtime_utc=2026-06-13T19:59:26+00:00
  V.0000004320.data bytes=8294400 (7.9 MiB) mtime_utc=2026-06-13T19:59:45+00:00
  V.0000004320.meta bytes=163 (163 B) mtime_utc=2026-06-13T19:59:54+00:00
  V.0000005760.data bytes=8294400 (7.9 MiB) mtime_utc=2026-06-13T20:00:03+00:00
  V.0000005760.meta bytes=163 (163 B) mtime_utc=2026-06-13T20:00:13+00:00
  V.0000007200.data bytes=8294400 (7.9 MiB) mtime_utc=2026-06-13T20:00:21+00:00
  V.0000007200.meta bytes=163 (163 B) mtime_utc=2026-06-13T20:00:31+00:00
  V.0000008640.data bytes=8294400 (7.9 MiB) mtime_utc=2026-06-13T20:00:40+00:00
  V.0000008640.meta bytes=163 (163 B) mtime_utc=2026-06-13T20:00:49+00:00
  V.0000010080.data bytes=8294400 (7.9 MiB) mtime_utc=2026-06-13T20:00:58+00:00
  V.0000010080.meta bytes=163 (163 B) mtime_utc=2026-06-13T20:01:07+00:00
  V.0000011520.data bytes=8294400 (7.9 MiB) mtime_utc=2026-06-13T20:01:16+00:00
  V.0000011520.meta bytes=163 (163 B) mtime_utc=2026-06-13T20:01:26+00:00
  V.0000012960.data bytes=8294400 (7.9 MiB) mtime_utc=2026-06-13T20:01:34+00:00
  V.0000012960.meta bytes=163 (163 B) mtime_utc=2026-06-13T20:01:43+00:00
  V.0000014400.data bytes=8294400 (7.9 MiB) mtime_utc=2026-06-13T20:01:52+00:00
  V.0000014400.meta bytes=163 (163 B) mtime_utc=2026-06-13T20:02:02+00:00
  V.0000015840.data bytes=8294400 (7.9 MiB) mtime_utc=2026-06-13T20:02:11+00:00
  V.0000015840.meta bytes=163 (163 B) mtime_utc=2026-06-13T20:02:20+00:00
  V.0000017280.data bytes=8294400 (7.9 MiB) mtime_utc=2026-06-13T20:02:29+00:00
  V.0000017280.meta bytes=163 (163 B) mtime_utc=2026-06-13T20:02:39+00:00
  W.0000000000.data bytes=8294400 (7.9 MiB) mtime_utc=2026-06-13T19:58:52+00:00
  W.0000000000.meta bytes=163 (163 B) mtime_utc=2026-06-13T19:58:52+00:00
  W.0000001440.data bytes=8294400 (7.9 MiB) mtime_utc=2026-06-13T19:59:09+00:00
  W.0000001440.meta bytes=163 (163 B) mtime_utc=2026-06-13T19:59:09+00:00
  W.0000002880.data bytes=8294400 (7.9 MiB) mtime_utc=2026-06-13T19:59:27+00:00
  W.0000002880.meta bytes=163 (163 B) mtime_utc=2026-06-13T19:59:27+00:00
  W.0000004320.data bytes=8294400 (7.9 MiB) mtime_utc=2026-06-13T19:59:45+00:00
  W.0000004320.meta bytes=163 (163 B) mtime_utc=2026-06-13T19:59:55+00:00
  W.0000005760.data bytes=8294400 (7.9 MiB) mtime_utc=2026-06-13T20:00:04+00:00
  W.0000005760.meta bytes=163 (163 B) mtime_utc=2026-06-13T20:00:13+00:00
  W.0000007200.data bytes=8294400 (7.9 MiB) mtime_utc=2026-06-13T20:00:22+00:00
  W.0000007200.meta bytes=163 (163 B) mtime_utc=2026-06-13T20:00:32+00:00
  W.0000008640.data bytes=8294400 (7.9 MiB) mtime_utc=2026-06-13T20:00:40+00:00
  W.0000008640.meta bytes=163 (163 B) mtime_utc=2026-06-13T20:00:50+00:00
  W.0000010080.data bytes=8294400 (7.9 MiB) mtime_utc=2026-06-13T20:00:58+00:00
  W.0000010080.meta bytes=163 (163 B) mtime_utc=2026-06-13T20:01:08+00:00
  W.0000011520.data bytes=8294400 (7.9 MiB) mtime_utc=2026-06-13T20:01:16+00:00
  W.0000011520.meta bytes=163 (163 B) mtime_utc=2026-06-13T20:01:26+00:00
  W.0000012960.data bytes=8294400 (7.9 MiB) mtime_utc=2026-06-13T20:01:35+00:00
  W.0000012960.meta bytes=163 (163 B) mtime_utc=2026-06-13T20:01:44+00:00
  W.0000014400.data bytes=8294400 (7.9 MiB) mtime_utc=2026-06-13T20:01:53+00:00
  W.0000014400.meta bytes=163 (163 B) mtime_utc=2026-06-13T20:02:02+00:00
  W.0000015840.data bytes=8294400 (7.9 MiB) mtime_utc=2026-06-13T20:02:11+00:00
  W.0000015840.meta bytes=163 (163 B) mtime_utc=2026-06-13T20:02:21+00:00
  W.0000017280.data bytes=8294400 (7.9 MiB) mtime_utc=2026-06-13T20:02:29+00:00
  W.0000017280.meta bytes=163 (163 B) mtime_utc=2026-06-13T20:02:39+00:00
  XC.data bytes=8294400 (7.9 MiB) mtime_utc=2026-06-13T19:58:48+00:00
  XC.meta bytes=129 (129 B) mtime_utc=2026-06-13T19:58:48+00:00
  XG.data bytes=8294400 (7.9 MiB) mtime_utc=2026-06-13T19:58:48+00:00
  XG.meta bytes=129 (129 B) mtime_utc=2026-06-13T19:58:48+00:00
  YC.data bytes=8294400 (7.9 MiB) mtime_utc=2026-06-13T19:58:48+00:00
  YC.meta bytes=129 (129 B) mtime_utc=2026-06-13T19:58:48+00:00
  YG.data bytes=8294400 (7.9 MiB) mtime_utc=2026-06-13T19:58:48+00:00
  YG.meta bytes=129 (129 B) mtime_utc=2026-06-13T19:58:48+00:00
  available_diagnostics.log bytes=13284 (13.0 KiB) mtime_utc=2026-06-13T19:58:48+00:00
  bathymetry_flat4000.bin bytes=4147200 (4.0 MiB) mtime_utc=2026-06-13T19:58:41+00:00
  data bytes=1656 (1.6 KiB) mtime_utc=2026-06-13T19:58:49+00:00
  data.diagnostics bytes=2946 (2.9 KiB) mtime_utc=2026-06-13T19:58:39+00:00
  data.pkg bytes=49 (49 B) mtime_utc=2026-06-13T19:58:39+00:00
  dynDiag.0000000000.data bytes=49766400 (47.5 MiB) mtime_utc=2026-06-13T19:58:53+00:00
  dynDiag.0000000000.meta bytes=350 (350 B) mtime_utc=2026-06-13T19:58:53+00:00
  dynDiag.0000001440.data bytes=49766400 (47.5 MiB) mtime_utc=2026-06-13T19:59:11+00:00
  dynDiag.0000001440.meta bytes=350 (350 B) mtime_utc=2026-06-13T19:59:11+00:00
  dynDiag.0000002880.data bytes=49766400 (47.5 MiB) mtime_utc=2026-06-13T19:59:29+00:00
  dynDiag.0000002880.meta bytes=350 (350 B) mtime_utc=2026-06-13T19:59:29+00:00
  dynDiag.0000004320.data bytes=49766400 (47.5 MiB) mtime_utc=2026-06-13T19:59:47+00:00
  dynDiag.0000004320.meta bytes=350 (350 B) mtime_utc=2026-06-13T19:59:57+00:00
  dynDiag.0000005760.data bytes=49766400 (47.5 MiB) mtime_utc=2026-06-13T20:00:05+00:00
  dynDiag.0000005760.meta bytes=350 (350 B) mtime_utc=2026-06-13T20:00:15+00:00
  dynDiag.0000007200.data bytes=49766400 (47.5 MiB) mtime_utc=2026-06-13T20:00:24+00:00
  dynDiag.0000007200.meta bytes=350 (350 B) mtime_utc=2026-06-13T20:00:33+00:00
  dynDiag.0000008640.data bytes=49766400 (47.5 MiB) mtime_utc=2026-06-13T20:00:42+00:00
  dynDiag.0000008640.meta bytes=350 (350 B) mtime_utc=2026-06-13T20:00:51+00:00
  dynDiag.0000010080.data bytes=49766400 (47.5 MiB) mtime_utc=2026-06-13T20:01:00+00:00
  dynDiag.0000010080.meta bytes=350 (350 B) mtime_utc=2026-06-13T20:01:10+00:00
  dynDiag.0000011520.data bytes=49766400 (47.5 MiB) mtime_utc=2026-06-13T20:01:18+00:00
  dynDiag.0000011520.meta bytes=350 (350 B) mtime_utc=2026-06-13T20:01:28+00:00
  dynDiag.0000012960.data bytes=49766400 (47.5 MiB) mtime_utc=2026-06-13T20:01:36+00:00
  dynDiag.0000012960.meta bytes=350 (350 B) mtime_utc=2026-06-13T20:01:46+00:00
  dynDiag.0000014400.data bytes=49766400 (47.5 MiB) mtime_utc=2026-06-13T20:01:55+00:00
  dynDiag.0000014400.meta bytes=350 (350 B) mtime_utc=2026-06-13T20:02:04+00:00
  dynDiag.0000015840.data bytes=49766400 (47.5 MiB) mtime_utc=2026-06-13T20:02:13+00:00
  dynDiag.0000015840.meta bytes=350 (350 B) mtime_utc=2026-06-13T20:02:22+00:00
  dynStDiag.0000000000.txt bytes=20275 (19.8 KiB) mtime_utc=2026-06-13T20:02:30+00:00
  dyn_Aux.0000000000.data bytes=24883200 (23.7 MiB) mtime_utc=2026-06-13T19:58:52+00:00
  dyn_Aux.0000000000.meta bytes=317 (317 B) mtime_utc=2026-06-13T19:58:52+00:00
  dyn_Aux.0000001440.data bytes=24883200 (23.7 MiB) mtime_utc=2026-06-13T19:59:09+00:00
  dyn_Aux.0000001440.meta bytes=317 (317 B) mtime_utc=2026-06-13T19:59:09+00:00
  dyn_Aux.0000002880.data bytes=24883200 (23.7 MiB) mtime_utc=2026-06-13T19:59:28+00:00
  dyn_Aux.0000002880.meta bytes=317 (317 B) mtime_utc=2026-06-13T19:59:28+00:00
  dyn_Aux.0000004320.data bytes=24883200 (23.7 MiB) mtime_utc=2026-06-13T19:59:46+00:00
  dyn_Aux.0000004320.meta bytes=317 (317 B) mtime_utc=2026-06-13T19:59:56+00:00
  dyn_Aux.0000005760.data bytes=24883200 (23.7 MiB) mtime_utc=2026-06-13T20:00:04+00:00
  dyn_Aux.0000005760.meta bytes=317 (317 B) mtime_utc=2026-06-13T20:00:14+00:00
  dyn_Aux.0000007200.data bytes=24883200 (23.7 MiB) mtime_utc=2026-06-13T20:00:23+00:00
  dyn_Aux.0000007200.meta bytes=317 (317 B) mtime_utc=2026-06-13T20:00:33+00:00
  dyn_Aux.0000008640.data bytes=24883200 (23.7 MiB) mtime_utc=2026-06-13T20:00:41+00:00
  dyn_Aux.0000008640.meta bytes=317 (317 B) mtime_utc=2026-06-13T20:00:51+00:00
  dyn_Aux.0000010080.data bytes=24883200 (23.7 MiB) mtime_utc=2026-06-13T20:00:59+00:00
  dyn_Aux.0000010080.meta bytes=317 (317 B) mtime_utc=2026-06-13T20:01:09+00:00
  dyn_Aux.0000011520.data bytes=24883200 (23.7 MiB) mtime_utc=2026-06-13T20:01:17+00:00
  dyn_Aux.0000011520.meta bytes=317 (317 B) mtime_utc=2026-06-13T20:01:27+00:00
  dyn_Aux.0000012960.data bytes=24883200 (23.7 MiB) mtime_utc=2026-06-13T20:01:35+00:00
  dyn_Aux.0000012960.meta bytes=317 (317 B) mtime_utc=2026-06-13T20:01:45+00:00
  dyn_Aux.0000014400.data bytes=24883200 (23.7 MiB) mtime_utc=2026-06-13T20:01:53+00:00
  dyn_Aux.0000014400.meta bytes=317 (317 B) mtime_utc=2026-06-13T20:02:03+00:00
  dyn_Aux.0000015840.data bytes=24883200 (23.7 MiB) mtime_utc=2026-06-13T20:02:12+00:00
  dyn_Aux.0000015840.meta bytes=317 (317 B) mtime_utc=2026-06-13T20:02:22+00:00
  eedata bytes=254 (254 B) mtime_utc=2026-06-13T19:58:39+00:00
  eedata.mth bytes=275 (275 B) mtime_utc=2026-06-13T19:58:38+00:00
  gendata_ref.py bytes=3605 (3.5 KiB) mtime_utc=2026-06-13T19:58:49+00:00
  hFacC.data bytes=8294400 (7.9 MiB) mtime_utc=2026-06-13T19:58:50+00:00
  hFacC.meta bytes=129 (129 B) mtime_utc=2026-06-13T19:58:50+00:00
  hFacS.data bytes=8294400 (7.9 MiB) mtime_utc=2026-06-13T19:58:51+00:00
  hFacS.meta bytes=129 (129 B) mtime_utc=2026-06-13T19:58:51+00:00
  hFacW.data bytes=8294400 (7.9 MiB) mtime_utc=2026-06-13T19:58:50+00:00
  hFacW.meta bytes=129 (129 B) mtime_utc=2026-06-13T19:58:51+00:00
  mitgcmuv bytes=1969448 (1.9 MiB) mtime_utc=2026-06-13T19:58:38+00:00
  pickup.ckptA.data bytes=58060800 (55.4 MiB) mtime_utc=2026-06-13T20:02:31+00:00
  pickup.ckptA.meta bytes=318 (318 B) mtime_utc=2026-06-13T20:02:41+00:00
  u_init.bin bytes=4147200 (4.0 MiB) mtime_utc=2026-06-13T19:58:41+00:00
  v_init.bin bytes=4147200 (4.0 MiB) mtime_utc=2026-06-13T19:58:42+00:00
