MITgcm run inventory
generated_utc: 2026-07-10T07:27:11+00:00
run_dir: Sandbox/vortexSphere_Williamson_TC3/run_alpha_0_latlon_5day_45rank
case_code: TC3
alpha_label: 0
log_file: run_inventory.log

Summary
  run_dir_files: 317
  run_dir_bytes: 1000328188 (954.0 MiB)
  run_output_groups: 38
  requested_diagnostic_streams: 3
  generated_product_dirs: 3
  generated_product_files: 42
  plotted_files: 35
  computed_files: 4
  docs_indexed_assets: 36

Diagnostics request
  data_diagnostics: Sandbox/vortexSphere_Williamson_TC3/run_alpha_0_latlon_5day_45rank/data.diagnostics
  available_diagnostics: Sandbox/vortexSphere_Williamson_TC3/run_alpha_0_latlon_5day_45rank/available_diagnostics.log
  [diagnostics stream 2] fileName=dyn_Aux frequency=-86400. phase=0.
    WVELMASS: units=m/s; levels=1; title=Vertical Mass-Weighted Comp of Velocity
    PhiVEL: units=m^2/s; levels=1; title=Horizontal Velocity Potential (m^2/s)
    PsiVEL: units=m.m^2/s; levels=1; title=Horizontal Velocity Stream-Function
  [diagnostics stream 3] fileName=dynDiag frequency=-86400. phase=0.
    UVEL: units=m/s; levels=1; title=Zonal Component of Velocity (m/s)
    VVEL: units=m/s; levels=1; title=Meridional Component of Velocity (m/s)
    ETAN: units=m; levels=1; title=Surface Height Anomaly
    ETANSQ: units=m^2; levels=1; title=Square of Surface Height Anomaly
    momKE: units=m^2/s^2; levels=1; title=Kinetic Energy (in momentum Eq.)
  [statistics stream 1] fileName=dynStDiag frequency=-86400. phase=0.
    ETAN: units=m; levels=1; title=Surface Height Anomaly
    ETANSQ: units=m^2; levels=1; title=Square of Surface Height Anomaly
    momKE: units=m^2/s^2; levels=1; title=Kinetic Energy (in momentum Eq.)

Run directory outputs
  DRC: data=1 meta=1 iterations=none bytes=165 (165 B)
  DRF: data=1 meta=1 iterations=none bytes=137 (137 B)
  DXC: data=1 meta=1 iterations=none bytes=8294529 (7.9 MiB)
  DXF: data=1 meta=1 iterations=none bytes=8294529 (7.9 MiB)
  DXG: data=1 meta=1 iterations=none bytes=8294529 (7.9 MiB)
  DXV: data=1 meta=1 iterations=none bytes=8294529 (7.9 MiB)
  DYC: data=1 meta=1 iterations=none bytes=8294529 (7.9 MiB)
  DYF: data=1 meta=1 iterations=none bytes=8294529 (7.9 MiB)
  DYG: data=1 meta=1 iterations=none bytes=8294529 (7.9 MiB)
  DYU: data=1 meta=1 iterations=none bytes=8294529 (7.9 MiB)
  Depth: data=1 meta=1 iterations=none bytes=8294529 (7.9 MiB)
  Eta: data=6 meta=6 iterations=0..7200 (6) bytes=49767378 (47.5 MiB)
  PH: data=5 meta=5 iterations=1440..7200 (5) bytes=41472815 (39.6 MiB)
  PHL: data=5 meta=5 iterations=1440..7200 (5) bytes=41472815 (39.6 MiB)
  PHrefC: data=1 meta=1 iterations=none bytes=137 (137 B)
  PHrefF: data=1 meta=1 iterations=none bytes=165 (165 B)
  RAC: data=1 meta=1 iterations=none bytes=8294529 (7.9 MiB)
  RAS: data=1 meta=1 iterations=none bytes=8294529 (7.9 MiB)
  RAW: data=1 meta=1 iterations=none bytes=8294529 (7.9 MiB)
  RAZ: data=1 meta=1 iterations=none bytes=8294529 (7.9 MiB)
  RC: data=1 meta=1 iterations=none bytes=137 (137 B)
  RF: data=1 meta=1 iterations=none bytes=165 (165 B)
  RhoRef: data=1 meta=1 iterations=none bytes=137 (137 B)
  S: data=6 meta=6 iterations=0..7200 (6) bytes=49767378 (47.5 MiB)
  T: data=6 meta=6 iterations=0..7200 (6) bytes=49767378 (47.5 MiB)
  U: data=6 meta=6 iterations=0..7200 (6) bytes=49767378 (47.5 MiB)
  V: data=6 meta=6 iterations=0..7200 (6) bytes=49767378 (47.5 MiB)
  W: data=6 meta=6 iterations=0..7200 (6) bytes=49767378 (47.5 MiB)
  XC: data=1 meta=1 iterations=none bytes=8294529 (7.9 MiB)
  XG: data=1 meta=1 iterations=none bytes=8294529 (7.9 MiB)
  YC: data=1 meta=1 iterations=none bytes=8294529 (7.9 MiB)
  YG: data=1 meta=1 iterations=none bytes=8294529 (7.9 MiB)
  dynDiag: data=5 meta=5 iterations=0..5760 (5) bytes=207361695 (197.8 MiB)
  dyn_Aux: data=5 meta=5 iterations=0..5760 (5) bytes=124417585 (118.7 MiB)
  hFacC: data=1 meta=1 iterations=none bytes=8294529 (7.9 MiB)
  hFacS: data=1 meta=1 iterations=none bytes=8294529 (7.9 MiB)
  hFacW: data=1 meta=1 iterations=none bytes=8294529 (7.9 MiB)
  pickup.ckptA: data=1 meta=1 iterations=none bytes=74649940 (71.2 MiB)

Generated products
  output_dir: Sandbox/output/TestCase3/Diagnosis/error/alpha_0
    case=TC3 product=error_analysis alpha=0
    saved: TC3_error_norms, TC3_error_norms.csv, TC3_error_norms.txt, TC3_error_norms.tex
    plotted_files: 2
      Sandbox/output/TestCase3/Diagnosis/error/alpha_0/TC3_error_norms.pdf
      Sandbox/output/TestCase3/Diagnosis/error/alpha_0/TC3_error_norms.png
    computed_files: 3
      Sandbox/output/TestCase3/Diagnosis/error/alpha_0/TC3_error_norms.csv
      Sandbox/output/TestCase3/Diagnosis/error/alpha_0/TC3_error_norms.tex
      Sandbox/output/TestCase3/Diagnosis/error/alpha_0/TC3_error_norms.txt
    other_files: 1
      Sandbox/output/TestCase3/Diagnosis/error/alpha_0/manifest.json
  output_dir: Sandbox/output/TestCase3/Diagnosis/postprocessing/alpha_0
    case=TC3 product=postprocessing alpha=0
    saved: postprocessing_values.csv, postprocessing_mass.pdf, postprocessing_mass.png, postprocessing_vorticity_pv.pdf, postprocessing_vorticity_pv.png, postprocessing_energies.pdf, postprocessing_energies.png
    fields: {"conserved_scalar": null, "eta": "Eta", "kinetic_energy": "computed_from_velocity", "u": "U", "v": "V", "vorticity": "computed_from_velocity"}
    plotted_files: 6
      Sandbox/output/TestCase3/Diagnosis/postprocessing/alpha_0/postprocessing_energies.pdf
      Sandbox/output/TestCase3/Diagnosis/postprocessing/alpha_0/postprocessing_energies.png
      Sandbox/output/TestCase3/Diagnosis/postprocessing/alpha_0/postprocessing_mass.pdf
      Sandbox/output/TestCase3/Diagnosis/postprocessing/alpha_0/postprocessing_mass.png
      Sandbox/output/TestCase3/Diagnosis/postprocessing/alpha_0/postprocessing_vorticity_pv.pdf
      Sandbox/output/TestCase3/Diagnosis/postprocessing/alpha_0/postprocessing_vorticity_pv.png
    computed_files: 1
      Sandbox/output/TestCase3/Diagnosis/postprocessing/alpha_0/postprocessing_values.csv
    other_files: 1
      Sandbox/output/TestCase3/Diagnosis/postprocessing/alpha_0/manifest.json
  output_dir: Sandbox/output/TestCase3/Snapshots/alpha_0
    case=TC3 product=snapshots alpha=0
    saved: eta, etan, psi, phi, velocity_magnitude
    plotted_files: 27
      Sandbox/output/TestCase3/Snapshots/alpha_0/eta/tc3_eta_day_00.00_iter_0000000000.png
      Sandbox/output/TestCase3/Snapshots/alpha_0/eta/tc3_eta_day_01.00_iter_0000001440.png
      Sandbox/output/TestCase3/Snapshots/alpha_0/eta/tc3_eta_day_02.00_iter_0000002880.png
      Sandbox/output/TestCase3/Snapshots/alpha_0/eta/tc3_eta_day_03.00_iter_0000004320.png
      Sandbox/output/TestCase3/Snapshots/alpha_0/eta/tc3_eta_day_04.00_iter_0000005760.png
      Sandbox/output/TestCase3/Snapshots/alpha_0/eta/tc3_eta_day_05.00_iter_0000007200.png
      Sandbox/output/TestCase3/Snapshots/alpha_0/etan/tc3_etan_day_00.00_iter_0000000000.png
      Sandbox/output/TestCase3/Snapshots/alpha_0/etan/tc3_etan_day_01.00_iter_0000001440.png
      Sandbox/output/TestCase3/Snapshots/alpha_0/etan/tc3_etan_day_02.00_iter_0000002880.png
      Sandbox/output/TestCase3/Snapshots/alpha_0/etan/tc3_etan_day_03.00_iter_0000004320.png
      Sandbox/output/TestCase3/Snapshots/alpha_0/etan/tc3_etan_day_04.00_iter_0000005760.png
      Sandbox/output/TestCase3/Snapshots/alpha_0/phi/tc3_phi_day_00.00_iter_0000000000.png
      Sandbox/output/TestCase3/Snapshots/alpha_0/phi/tc3_phi_day_01.00_iter_0000001440.png
      Sandbox/output/TestCase3/Snapshots/alpha_0/phi/tc3_phi_day_02.00_iter_0000002880.png
      Sandbox/output/TestCase3/Snapshots/alpha_0/phi/tc3_phi_day_03.00_iter_0000004320.png
      Sandbox/output/TestCase3/Snapshots/alpha_0/phi/tc3_phi_day_04.00_iter_0000005760.png
      Sandbox/output/TestCase3/Snapshots/alpha_0/psi/tc3_psi_day_00.00_iter_0000000000.png
      Sandbox/output/TestCase3/Snapshots/alpha_0/psi/tc3_psi_day_01.00_iter_0000001440.png
      Sandbox/output/TestCase3/Snapshots/alpha_0/psi/tc3_psi_day_02.00_iter_0000002880.png
      Sandbox/output/TestCase3/Snapshots/alpha_0/psi/tc3_psi_day_03.00_iter_0000004320.png
      Sandbox/output/TestCase3/Snapshots/alpha_0/psi/tc3_psi_day_04.00_iter_0000005760.png
      Sandbox/output/TestCase3/Snapshots/alpha_0/velocity_magnitude/tc3_velocity_magnitude_day_00.00_iter_0000000000.png
      Sandbox/output/TestCase3/Snapshots/alpha_0/velocity_magnitude/tc3_velocity_magnitude_day_01.00_iter_0000001440.png
      Sandbox/output/TestCase3/Snapshots/alpha_0/velocity_magnitude/tc3_velocity_magnitude_day_02.00_iter_0000002880.png
      Sandbox/output/TestCase3/Snapshots/alpha_0/velocity_magnitude/tc3_velocity_magnitude_day_03.00_iter_0000004320.png
      Sandbox/output/TestCase3/Snapshots/alpha_0/velocity_magnitude/tc3_velocity_magnitude_day_04.00_iter_0000005760.png
      Sandbox/output/TestCase3/Snapshots/alpha_0/velocity_magnitude/tc3_velocity_magnitude_day_05.00_iter_0000007200.png
    computed_files: 0
    other_files: 1
      Sandbox/output/TestCase3/Snapshots/alpha_0/manifest.json

Sent to docs index
  output: Sandbox/output/TestCase3/Diagnosis/error/alpha_0/TC3_error_norms.csv
    docs_asset: docs/assets/williamson/TestCase3/Diagnosis/error/alpha_0/TC3_error_norms.csv
    referenced_by: docs/fragments/testcase3.html, docs/index.html
  output: Sandbox/output/TestCase3/Diagnosis/error/alpha_0/TC3_error_norms.png
    docs_asset: docs/assets/williamson/TestCase3/Diagnosis/error/alpha_0/TC3_error_norms.png
    referenced_by: docs/fragments/testcase3.html, docs/index.html
  output: Sandbox/output/TestCase3/Diagnosis/error/alpha_0/TC3_error_norms.txt
    docs_asset: docs/assets/williamson/TestCase3/Diagnosis/error/alpha_0/TC3_error_norms.txt
    referenced_by: docs/fragments/testcase3.html, docs/index.html
  output: Sandbox/output/TestCase3/Diagnosis/error/alpha_0/manifest.json
    docs_asset: docs/assets/williamson/TestCase3/Diagnosis/error/alpha_0/manifest.json
    referenced_by: docs/fragments/testcase3.html, docs/index.html
  output: Sandbox/output/TestCase3/Diagnosis/postprocessing/alpha_0/manifest.json
    docs_asset: docs/assets/williamson/TestCase3/Diagnosis/postprocessing/alpha_0/manifest.json
    referenced_by: docs/fragments/testcase3.html, docs/index.html
  output: Sandbox/output/TestCase3/Diagnosis/postprocessing/alpha_0/postprocessing_energies.png
    docs_asset: docs/assets/williamson/TestCase3/Diagnosis/postprocessing/alpha_0/postprocessing_energies.png
    referenced_by: docs/fragments/testcase3.html, docs/index.html
  output: Sandbox/output/TestCase3/Diagnosis/postprocessing/alpha_0/postprocessing_mass.png
    docs_asset: docs/assets/williamson/TestCase3/Diagnosis/postprocessing/alpha_0/postprocessing_mass.png
    referenced_by: docs/fragments/testcase3.html, docs/index.html
  output: Sandbox/output/TestCase3/Diagnosis/postprocessing/alpha_0/postprocessing_values.csv
    docs_asset: docs/assets/williamson/TestCase3/Diagnosis/postprocessing/alpha_0/postprocessing_values.csv
    referenced_by: docs/fragments/testcase3.html, docs/index.html
  output: Sandbox/output/TestCase3/Diagnosis/postprocessing/alpha_0/postprocessing_vorticity_pv.png
    docs_asset: docs/assets/williamson/TestCase3/Diagnosis/postprocessing/alpha_0/postprocessing_vorticity_pv.png
    referenced_by: docs/fragments/testcase3.html, docs/index.html
  output: Sandbox/output/TestCase3/Snapshots/alpha_0/eta/tc3_eta_day_00.00_iter_0000000000.png
    docs_asset: docs/assets/williamson/TestCase3/Snapshots/alpha_0/eta/tc3_eta_day_00.00_iter_0000000000.png
    referenced_by: docs/fragments/testcase3.html, docs/index.html
  output: Sandbox/output/TestCase3/Snapshots/alpha_0/eta/tc3_eta_day_01.00_iter_0000001440.png
    docs_asset: docs/assets/williamson/TestCase3/Snapshots/alpha_0/eta/tc3_eta_day_01.00_iter_0000001440.png
    referenced_by: docs/fragments/testcase3.html, docs/index.html
  output: Sandbox/output/TestCase3/Snapshots/alpha_0/eta/tc3_eta_day_02.00_iter_0000002880.png
    docs_asset: docs/assets/williamson/TestCase3/Snapshots/alpha_0/eta/tc3_eta_day_02.00_iter_0000002880.png
    referenced_by: docs/fragments/testcase3.html, docs/index.html
  output: Sandbox/output/TestCase3/Snapshots/alpha_0/eta/tc3_eta_day_03.00_iter_0000004320.png
    docs_asset: docs/assets/williamson/TestCase3/Snapshots/alpha_0/eta/tc3_eta_day_03.00_iter_0000004320.png
    referenced_by: docs/fragments/testcase3.html, docs/index.html
  output: Sandbox/output/TestCase3/Snapshots/alpha_0/eta/tc3_eta_day_04.00_iter_0000005760.png
    docs_asset: docs/assets/williamson/TestCase3/Snapshots/alpha_0/eta/tc3_eta_day_04.00_iter_0000005760.png
    referenced_by: docs/fragments/testcase3.html, docs/index.html
  output: Sandbox/output/TestCase3/Snapshots/alpha_0/eta/tc3_eta_day_05.00_iter_0000007200.png
    docs_asset: docs/assets/williamson/TestCase3/Snapshots/alpha_0/eta/tc3_eta_day_05.00_iter_0000007200.png
    referenced_by: docs/fragments/testcase3.html, docs/index.html
  output: Sandbox/output/TestCase3/Snapshots/alpha_0/etan/tc3_etan_day_00.00_iter_0000000000.png
    docs_asset: docs/assets/williamson/TestCase3/Snapshots/alpha_0/etan/tc3_etan_day_00.00_iter_0000000000.png
    referenced_by: docs/fragments/testcase3.html, docs/index.html
  output: Sandbox/output/TestCase3/Snapshots/alpha_0/etan/tc3_etan_day_01.00_iter_0000001440.png
    docs_asset: docs/assets/williamson/TestCase3/Snapshots/alpha_0/etan/tc3_etan_day_01.00_iter_0000001440.png
    referenced_by: docs/fragments/testcase3.html, docs/index.html
  output: Sandbox/output/TestCase3/Snapshots/alpha_0/etan/tc3_etan_day_02.00_iter_0000002880.png
    docs_asset: docs/assets/williamson/TestCase3/Snapshots/alpha_0/etan/tc3_etan_day_02.00_iter_0000002880.png
    referenced_by: docs/fragments/testcase3.html, docs/index.html
  output: Sandbox/output/TestCase3/Snapshots/alpha_0/etan/tc3_etan_day_03.00_iter_0000004320.png
    docs_asset: docs/assets/williamson/TestCase3/Snapshots/alpha_0/etan/tc3_etan_day_03.00_iter_0000004320.png
    referenced_by: docs/fragments/testcase3.html, docs/index.html
  output: Sandbox/output/TestCase3/Snapshots/alpha_0/etan/tc3_etan_day_04.00_iter_0000005760.png
    docs_asset: docs/assets/williamson/TestCase3/Snapshots/alpha_0/etan/tc3_etan_day_04.00_iter_0000005760.png
    referenced_by: docs/fragments/testcase3.html, docs/index.html
  output: Sandbox/output/TestCase3/Snapshots/alpha_0/phi/tc3_phi_day_00.00_iter_0000000000.png
    docs_asset: docs/assets/williamson/TestCase3/Snapshots/alpha_0/phi/tc3_phi_day_00.00_iter_0000000000.png
    referenced_by: docs/fragments/testcase3.html, docs/index.html
  output: Sandbox/output/TestCase3/Snapshots/alpha_0/phi/tc3_phi_day_01.00_iter_0000001440.png
    docs_asset: docs/assets/williamson/TestCase3/Snapshots/alpha_0/phi/tc3_phi_day_01.00_iter_0000001440.png
    referenced_by: docs/fragments/testcase3.html, docs/index.html
  output: Sandbox/output/TestCase3/Snapshots/alpha_0/phi/tc3_phi_day_02.00_iter_0000002880.png
    docs_asset: docs/assets/williamson/TestCase3/Snapshots/alpha_0/phi/tc3_phi_day_02.00_iter_0000002880.png
    referenced_by: docs/fragments/testcase3.html, docs/index.html
  output: Sandbox/output/TestCase3/Snapshots/alpha_0/phi/tc3_phi_day_03.00_iter_0000004320.png
    docs_asset: docs/assets/williamson/TestCase3/Snapshots/alpha_0/phi/tc3_phi_day_03.00_iter_0000004320.png
    referenced_by: docs/fragments/testcase3.html, docs/index.html
  output: Sandbox/output/TestCase3/Snapshots/alpha_0/phi/tc3_phi_day_04.00_iter_0000005760.png
    docs_asset: docs/assets/williamson/TestCase3/Snapshots/alpha_0/phi/tc3_phi_day_04.00_iter_0000005760.png
    referenced_by: docs/fragments/testcase3.html, docs/index.html
  output: Sandbox/output/TestCase3/Snapshots/alpha_0/psi/tc3_psi_day_00.00_iter_0000000000.png
    docs_asset: docs/assets/williamson/TestCase3/Snapshots/alpha_0/psi/tc3_psi_day_00.00_iter_0000000000.png
    referenced_by: docs/fragments/testcase3.html, docs/index.html
  output: Sandbox/output/TestCase3/Snapshots/alpha_0/psi/tc3_psi_day_01.00_iter_0000001440.png
    docs_asset: docs/assets/williamson/TestCase3/Snapshots/alpha_0/psi/tc3_psi_day_01.00_iter_0000001440.png
    referenced_by: docs/fragments/testcase3.html, docs/index.html
  output: Sandbox/output/TestCase3/Snapshots/alpha_0/psi/tc3_psi_day_02.00_iter_0000002880.png
    docs_asset: docs/assets/williamson/TestCase3/Snapshots/alpha_0/psi/tc3_psi_day_02.00_iter_0000002880.png
    referenced_by: docs/fragments/testcase3.html, docs/index.html
  output: Sandbox/output/TestCase3/Snapshots/alpha_0/psi/tc3_psi_day_03.00_iter_0000004320.png
    docs_asset: docs/assets/williamson/TestCase3/Snapshots/alpha_0/psi/tc3_psi_day_03.00_iter_0000004320.png
    referenced_by: docs/fragments/testcase3.html, docs/index.html
  output: Sandbox/output/TestCase3/Snapshots/alpha_0/psi/tc3_psi_day_04.00_iter_0000005760.png
    docs_asset: docs/assets/williamson/TestCase3/Snapshots/alpha_0/psi/tc3_psi_day_04.00_iter_0000005760.png
    referenced_by: docs/fragments/testcase3.html, docs/index.html
  output: Sandbox/output/TestCase3/Snapshots/alpha_0/velocity_magnitude/tc3_velocity_magnitude_day_00.00_iter_0000000000.png
    docs_asset: docs/assets/williamson/TestCase3/Snapshots/alpha_0/velocity_magnitude/tc3_velocity_magnitude_day_00.00_iter_0000000000.png
    referenced_by: docs/fragments/testcase3.html, docs/index.html
  output: Sandbox/output/TestCase3/Snapshots/alpha_0/velocity_magnitude/tc3_velocity_magnitude_day_01.00_iter_0000001440.png
    docs_asset: docs/assets/williamson/TestCase3/Snapshots/alpha_0/velocity_magnitude/tc3_velocity_magnitude_day_01.00_iter_0000001440.png
    referenced_by: docs/fragments/testcase3.html, docs/index.html
  output: Sandbox/output/TestCase3/Snapshots/alpha_0/velocity_magnitude/tc3_velocity_magnitude_day_02.00_iter_0000002880.png
    docs_asset: docs/assets/williamson/TestCase3/Snapshots/alpha_0/velocity_magnitude/tc3_velocity_magnitude_day_02.00_iter_0000002880.png
    referenced_by: docs/fragments/testcase3.html, docs/index.html
  output: Sandbox/output/TestCase3/Snapshots/alpha_0/velocity_magnitude/tc3_velocity_magnitude_day_03.00_iter_0000004320.png
    docs_asset: docs/assets/williamson/TestCase3/Snapshots/alpha_0/velocity_magnitude/tc3_velocity_magnitude_day_03.00_iter_0000004320.png
    referenced_by: docs/fragments/testcase3.html, docs/index.html
  output: Sandbox/output/TestCase3/Snapshots/alpha_0/velocity_magnitude/tc3_velocity_magnitude_day_04.00_iter_0000005760.png
    docs_asset: docs/assets/williamson/TestCase3/Snapshots/alpha_0/velocity_magnitude/tc3_velocity_magnitude_day_04.00_iter_0000005760.png
    referenced_by: docs/fragments/testcase3.html, docs/index.html
  output: Sandbox/output/TestCase3/Snapshots/alpha_0/velocity_magnitude/tc3_velocity_magnitude_day_05.00_iter_0000007200.png
    docs_asset: docs/assets/williamson/TestCase3/Snapshots/alpha_0/velocity_magnitude/tc3_velocity_magnitude_day_05.00_iter_0000007200.png
    referenced_by: docs/fragments/testcase3.html, docs/index.html

Run directory file manifest
  .use_latlon_grid bytes=0 (0 B) mtime_utc=2026-07-07T15:32:38+00:00
  DRC.data bytes=16 (16 B) mtime_utc=2026-07-07T15:32:57+00:00
  DRC.meta bytes=149 (149 B) mtime_utc=2026-07-07T15:32:57+00:00
  DRF.data bytes=8 (8 B) mtime_utc=2026-07-07T15:32:57+00:00
  DRF.meta bytes=129 (129 B) mtime_utc=2026-07-07T15:32:57+00:00
  DXC.data bytes=8294400 (7.9 MiB) mtime_utc=2026-07-07T15:32:56+00:00
  DXC.meta bytes=129 (129 B) mtime_utc=2026-07-07T15:32:56+00:00
  DXF.data bytes=8294400 (7.9 MiB) mtime_utc=2026-07-07T15:32:56+00:00
  DXF.meta bytes=129 (129 B) mtime_utc=2026-07-07T15:32:56+00:00
  DXG.data bytes=8294400 (7.9 MiB) mtime_utc=2026-07-07T15:32:56+00:00
  DXG.meta bytes=129 (129 B) mtime_utc=2026-07-07T15:32:56+00:00
  DXV.data bytes=8294400 (7.9 MiB) mtime_utc=2026-07-07T15:32:57+00:00
  DXV.meta bytes=129 (129 B) mtime_utc=2026-07-07T15:32:57+00:00
  DYC.data bytes=8294400 (7.9 MiB) mtime_utc=2026-07-07T15:32:56+00:00
  DYC.meta bytes=129 (129 B) mtime_utc=2026-07-07T15:32:56+00:00
  DYF.data bytes=8294400 (7.9 MiB) mtime_utc=2026-07-07T15:32:56+00:00
  DYF.meta bytes=129 (129 B) mtime_utc=2026-07-07T15:32:57+00:00
  DYG.data bytes=8294400 (7.9 MiB) mtime_utc=2026-07-07T15:32:56+00:00
  DYG.meta bytes=129 (129 B) mtime_utc=2026-07-07T15:32:56+00:00
  DYU.data bytes=8294400 (7.9 MiB) mtime_utc=2026-07-07T15:32:57+00:00
  DYU.meta bytes=129 (129 B) mtime_utc=2026-07-07T15:32:57+00:00
  Depth.data bytes=8294400 (7.9 MiB) mtime_utc=2026-07-07T15:32:57+00:00
  Depth.meta bytes=129 (129 B) mtime_utc=2026-07-07T15:32:57+00:00
  Eta.0000000000.data bytes=8294400 (7.9 MiB) mtime_utc=2026-07-07T15:32:58+00:00
  Eta.0000000000.meta bytes=163 (163 B) mtime_utc=2026-07-07T15:32:58+00:00
  Eta.0000001440.data bytes=8294400 (7.9 MiB) mtime_utc=2026-07-07T15:35:29+00:00
  Eta.0000001440.meta bytes=163 (163 B) mtime_utc=2026-07-07T15:35:29+00:00
  Eta.0000002880.data bytes=8294400 (7.9 MiB) mtime_utc=2026-07-07T15:38:01+00:00
  Eta.0000002880.meta bytes=163 (163 B) mtime_utc=2026-07-07T15:38:01+00:00
  Eta.0000004320.data bytes=8294400 (7.9 MiB) mtime_utc=2026-07-07T15:40:34+00:00
  Eta.0000004320.meta bytes=163 (163 B) mtime_utc=2026-07-07T15:40:34+00:00
  Eta.0000005760.data bytes=8294400 (7.9 MiB) mtime_utc=2026-07-07T15:43:11+00:00
  Eta.0000005760.meta bytes=163 (163 B) mtime_utc=2026-07-07T15:43:11+00:00
  Eta.0000007200.data bytes=8294400 (7.9 MiB) mtime_utc=2026-07-07T15:45:38+00:00
  Eta.0000007200.meta bytes=163 (163 B) mtime_utc=2026-07-07T15:45:39+00:00
  PH.0000001440.data bytes=8294400 (7.9 MiB) mtime_utc=2026-07-07T15:35:29+00:00
  PH.0000001440.meta bytes=163 (163 B) mtime_utc=2026-07-07T15:35:29+00:00
  PH.0000002880.data bytes=8294400 (7.9 MiB) mtime_utc=2026-07-07T15:38:02+00:00
  PH.0000002880.meta bytes=163 (163 B) mtime_utc=2026-07-07T15:38:02+00:00
  PH.0000004320.data bytes=8294400 (7.9 MiB) mtime_utc=2026-07-07T15:40:34+00:00
  PH.0000004320.meta bytes=163 (163 B) mtime_utc=2026-07-07T15:40:34+00:00
  PH.0000005760.data bytes=8294400 (7.9 MiB) mtime_utc=2026-07-07T15:43:11+00:00
  PH.0000005760.meta bytes=163 (163 B) mtime_utc=2026-07-07T15:43:11+00:00
  PH.0000007200.data bytes=8294400 (7.9 MiB) mtime_utc=2026-07-07T15:45:39+00:00
  PH.0000007200.meta bytes=163 (163 B) mtime_utc=2026-07-07T15:45:39+00:00
  PHL.0000001440.data bytes=8294400 (7.9 MiB) mtime_utc=2026-07-07T15:35:29+00:00
  PHL.0000001440.meta bytes=163 (163 B) mtime_utc=2026-07-07T15:35:30+00:00
  PHL.0000002880.data bytes=8294400 (7.9 MiB) mtime_utc=2026-07-07T15:38:02+00:00
  PHL.0000002880.meta bytes=163 (163 B) mtime_utc=2026-07-07T15:38:02+00:00
  PHL.0000004320.data bytes=8294400 (7.9 MiB) mtime_utc=2026-07-07T15:40:34+00:00
  PHL.0000004320.meta bytes=163 (163 B) mtime_utc=2026-07-07T15:40:35+00:00
  PHL.0000005760.data bytes=8294400 (7.9 MiB) mtime_utc=2026-07-07T15:43:11+00:00
  PHL.0000005760.meta bytes=163 (163 B) mtime_utc=2026-07-07T15:43:12+00:00
  PHL.0000007200.data bytes=8294400 (7.9 MiB) mtime_utc=2026-07-07T15:45:39+00:00
  PHL.0000007200.meta bytes=163 (163 B) mtime_utc=2026-07-07T15:45:39+00:00
  PHrefC.data bytes=8 (8 B) mtime_utc=2026-07-07T15:32:57+00:00
  PHrefC.meta bytes=129 (129 B) mtime_utc=2026-07-07T15:32:57+00:00
  PHrefF.data bytes=16 (16 B) mtime_utc=2026-07-07T15:32:57+00:00
  PHrefF.meta bytes=149 (149 B) mtime_utc=2026-07-07T15:32:57+00:00
  RAC.data bytes=8294400 (7.9 MiB) mtime_utc=2026-07-07T15:32:55+00:00
  RAC.meta bytes=129 (129 B) mtime_utc=2026-07-07T15:32:55+00:00
  RAS.data bytes=8294400 (7.9 MiB) mtime_utc=2026-07-07T15:32:56+00:00
  RAS.meta bytes=129 (129 B) mtime_utc=2026-07-07T15:32:56+00:00
  RAW.data bytes=8294400 (7.9 MiB) mtime_utc=2026-07-07T15:32:55+00:00
  RAW.meta bytes=129 (129 B) mtime_utc=2026-07-07T15:32:56+00:00
  RAZ.data bytes=8294400 (7.9 MiB) mtime_utc=2026-07-07T15:32:56+00:00
  RAZ.meta bytes=129 (129 B) mtime_utc=2026-07-07T15:32:56+00:00
  RC.data bytes=8 (8 B) mtime_utc=2026-07-07T15:32:57+00:00
  RC.meta bytes=129 (129 B) mtime_utc=2026-07-07T15:32:57+00:00
  RF.data bytes=16 (16 B) mtime_utc=2026-07-07T15:32:57+00:00
  RF.meta bytes=149 (149 B) mtime_utc=2026-07-07T15:32:57+00:00
  RhoRef.data bytes=8 (8 B) mtime_utc=2026-07-07T15:32:55+00:00
  RhoRef.meta bytes=129 (129 B) mtime_utc=2026-07-07T15:32:55+00:00
  S.0000000000.data bytes=8294400 (7.9 MiB) mtime_utc=2026-07-07T15:32:58+00:00
  S.0000000000.meta bytes=163 (163 B) mtime_utc=2026-07-07T15:32:58+00:00
  S.0000001440.data bytes=8294400 (7.9 MiB) mtime_utc=2026-07-07T15:35:29+00:00
  S.0000001440.meta bytes=163 (163 B) mtime_utc=2026-07-07T15:35:29+00:00
  S.0000002880.data bytes=8294400 (7.9 MiB) mtime_utc=2026-07-07T15:38:01+00:00
  S.0000002880.meta bytes=163 (163 B) mtime_utc=2026-07-07T15:38:01+00:00
  S.0000004320.data bytes=8294400 (7.9 MiB) mtime_utc=2026-07-07T15:40:34+00:00
  S.0000004320.meta bytes=163 (163 B) mtime_utc=2026-07-07T15:40:34+00:00
  S.0000005760.data bytes=8294400 (7.9 MiB) mtime_utc=2026-07-07T15:43:11+00:00
  S.0000005760.meta bytes=163 (163 B) mtime_utc=2026-07-07T15:43:11+00:00
  S.0000007200.data bytes=8294400 (7.9 MiB) mtime_utc=2026-07-07T15:45:38+00:00
  S.0000007200.meta bytes=163 (163 B) mtime_utc=2026-07-07T15:45:38+00:00
  STDERR.0000 bytes=0 (0 B) mtime_utc=2026-07-07T15:32:54+00:00
  STDERR.0001 bytes=0 (0 B) mtime_utc=2026-07-07T15:32:54+00:00
  STDERR.0002 bytes=0 (0 B) mtime_utc=2026-07-07T15:32:54+00:00
  STDERR.0003 bytes=0 (0 B) mtime_utc=2026-07-07T15:32:54+00:00
  STDERR.0004 bytes=0 (0 B) mtime_utc=2026-07-07T15:32:54+00:00
  STDERR.0005 bytes=0 (0 B) mtime_utc=2026-07-07T15:32:54+00:00
  STDERR.0006 bytes=0 (0 B) mtime_utc=2026-07-07T15:32:54+00:00
  STDERR.0007 bytes=0 (0 B) mtime_utc=2026-07-07T15:32:54+00:00
  STDERR.0008 bytes=0 (0 B) mtime_utc=2026-07-07T15:32:54+00:00
  STDERR.0009 bytes=0 (0 B) mtime_utc=2026-07-07T15:32:54+00:00
  STDERR.0010 bytes=0 (0 B) mtime_utc=2026-07-07T15:32:54+00:00
  STDERR.0011 bytes=0 (0 B) mtime_utc=2026-07-07T15:32:54+00:00
  STDERR.0012 bytes=0 (0 B) mtime_utc=2026-07-07T15:32:54+00:00
  STDERR.0013 bytes=0 (0 B) mtime_utc=2026-07-07T15:32:54+00:00
  STDERR.0014 bytes=0 (0 B) mtime_utc=2026-07-07T15:32:54+00:00
  STDERR.0015 bytes=0 (0 B) mtime_utc=2026-07-07T15:32:54+00:00
  STDERR.0016 bytes=0 (0 B) mtime_utc=2026-07-07T15:32:54+00:00
  STDERR.0017 bytes=0 (0 B) mtime_utc=2026-07-07T15:32:54+00:00
  STDERR.0018 bytes=0 (0 B) mtime_utc=2026-07-07T15:32:54+00:00
  STDERR.0019 bytes=0 (0 B) mtime_utc=2026-07-07T15:32:54+00:00
  STDERR.0020 bytes=0 (0 B) mtime_utc=2026-07-07T15:32:54+00:00
  STDERR.0021 bytes=0 (0 B) mtime_utc=2026-07-07T15:32:54+00:00
  STDERR.0022 bytes=0 (0 B) mtime_utc=2026-07-07T15:32:54+00:00
  STDERR.0023 bytes=0 (0 B) mtime_utc=2026-07-07T15:32:54+00:00
  STDERR.0024 bytes=0 (0 B) mtime_utc=2026-07-07T15:32:54+00:00
  STDERR.0025 bytes=0 (0 B) mtime_utc=2026-07-07T15:32:54+00:00
  STDERR.0026 bytes=0 (0 B) mtime_utc=2026-07-07T15:32:54+00:00
  STDERR.0027 bytes=0 (0 B) mtime_utc=2026-07-07T15:32:54+00:00
  STDERR.0028 bytes=0 (0 B) mtime_utc=2026-07-07T15:32:54+00:00
  STDERR.0029 bytes=0 (0 B) mtime_utc=2026-07-07T15:32:54+00:00
  STDERR.0030 bytes=0 (0 B) mtime_utc=2026-07-07T15:32:54+00:00
  STDERR.0031 bytes=0 (0 B) mtime_utc=2026-07-07T15:32:54+00:00
  STDERR.0032 bytes=0 (0 B) mtime_utc=2026-07-07T15:32:54+00:00
  STDERR.0033 bytes=0 (0 B) mtime_utc=2026-07-07T15:32:54+00:00
  STDERR.0034 bytes=0 (0 B) mtime_utc=2026-07-07T15:32:54+00:00
  STDERR.0035 bytes=0 (0 B) mtime_utc=2026-07-07T15:32:54+00:00
  STDERR.0036 bytes=0 (0 B) mtime_utc=2026-07-07T15:32:54+00:00
  STDERR.0037 bytes=0 (0 B) mtime_utc=2026-07-07T15:32:54+00:00
  STDERR.0038 bytes=0 (0 B) mtime_utc=2026-07-07T15:32:54+00:00
  STDERR.0039 bytes=0 (0 B) mtime_utc=2026-07-07T15:32:54+00:00
  STDERR.0040 bytes=0 (0 B) mtime_utc=2026-07-07T15:32:54+00:00
  STDERR.0041 bytes=0 (0 B) mtime_utc=2026-07-07T15:32:54+00:00
  STDERR.0042 bytes=0 (0 B) mtime_utc=2026-07-07T15:32:54+00:00
  STDERR.0043 bytes=0 (0 B) mtime_utc=2026-07-07T15:32:54+00:00
  STDERR.0044 bytes=0 (0 B) mtime_utc=2026-07-07T15:32:54+00:00
  STDOUT.0000 bytes=637720 (622.8 KiB) mtime_utc=2026-07-07T15:45:30+00:00
  STDOUT.0001 bytes=609253 (595.0 KiB) mtime_utc=2026-07-07T15:45:30+00:00
  STDOUT.0002 bytes=609253 (595.0 KiB) mtime_utc=2026-07-07T15:45:30+00:00
  STDOUT.0003 bytes=609253 (595.0 KiB) mtime_utc=2026-07-07T15:45:30+00:00
  STDOUT.0004 bytes=609263 (595.0 KiB) mtime_utc=2026-07-07T15:45:30+00:00
  STDOUT.0005 bytes=609258 (595.0 KiB) mtime_utc=2026-07-07T15:45:30+00:00
  STDOUT.0006 bytes=609258 (595.0 KiB) mtime_utc=2026-07-07T15:45:30+00:00
  STDOUT.0007 bytes=609228 (594.9 KiB) mtime_utc=2026-07-07T15:45:30+00:00
  STDOUT.0008 bytes=609258 (595.0 KiB) mtime_utc=2026-07-07T15:45:30+00:00
  STDOUT.0009 bytes=609268 (595.0 KiB) mtime_utc=2026-07-07T15:45:30+00:00
  STDOUT.0010 bytes=609268 (595.0 KiB) mtime_utc=2026-07-07T15:45:30+00:00
  STDOUT.0011 bytes=609253 (595.0 KiB) mtime_utc=2026-07-07T15:45:30+00:00
  STDOUT.0012 bytes=609253 (595.0 KiB) mtime_utc=2026-07-07T15:45:30+00:00
  STDOUT.0013 bytes=609268 (595.0 KiB) mtime_utc=2026-07-07T15:45:30+00:00
  STDOUT.0014 bytes=609253 (595.0 KiB) mtime_utc=2026-07-07T15:45:30+00:00
  STDOUT.0015 bytes=609248 (595.0 KiB) mtime_utc=2026-07-07T15:45:30+00:00
  STDOUT.0016 bytes=609253 (595.0 KiB) mtime_utc=2026-07-07T15:45:30+00:00
  STDOUT.0017 bytes=609352 (595.1 KiB) mtime_utc=2026-07-07T15:45:30+00:00
  STDOUT.0018 bytes=609268 (595.0 KiB) mtime_utc=2026-07-07T15:45:30+00:00
  STDOUT.0019 bytes=609258 (595.0 KiB) mtime_utc=2026-07-07T15:45:30+00:00
  STDOUT.0020 bytes=609258 (595.0 KiB) mtime_utc=2026-07-07T15:45:30+00:00
  STDOUT.0021 bytes=609263 (595.0 KiB) mtime_utc=2026-07-07T15:45:30+00:00
  STDOUT.0022 bytes=609258 (595.0 KiB) mtime_utc=2026-07-07T15:45:30+00:00
  STDOUT.0023 bytes=609248 (595.0 KiB) mtime_utc=2026-07-07T15:45:30+00:00
  STDOUT.0024 bytes=609253 (595.0 KiB) mtime_utc=2026-07-07T15:45:30+00:00
  STDOUT.0025 bytes=609253 (595.0 KiB) mtime_utc=2026-07-07T15:45:30+00:00
  STDOUT.0026 bytes=609268 (595.0 KiB) mtime_utc=2026-07-07T15:45:30+00:00
  STDOUT.0027 bytes=609258 (595.0 KiB) mtime_utc=2026-07-07T15:45:30+00:00
  STDOUT.0028 bytes=609253 (595.0 KiB) mtime_utc=2026-07-07T15:45:30+00:00
  STDOUT.0029 bytes=609253 (595.0 KiB) mtime_utc=2026-07-07T15:45:30+00:00
  STDOUT.0030 bytes=609253 (595.0 KiB) mtime_utc=2026-07-07T15:45:30+00:00
  STDOUT.0031 bytes=609238 (595.0 KiB) mtime_utc=2026-07-07T15:45:30+00:00
  STDOUT.0032 bytes=609253 (595.0 KiB) mtime_utc=2026-07-07T15:45:30+00:00
  STDOUT.0033 bytes=609258 (595.0 KiB) mtime_utc=2026-07-07T15:45:30+00:00
  STDOUT.0034 bytes=609253 (595.0 KiB) mtime_utc=2026-07-07T15:45:30+00:00
  STDOUT.0035 bytes=609243 (595.0 KiB) mtime_utc=2026-07-07T15:45:30+00:00
  STDOUT.0036 bytes=609263 (595.0 KiB) mtime_utc=2026-07-07T15:45:30+00:00
  STDOUT.0037 bytes=609268 (595.0 KiB) mtime_utc=2026-07-07T15:45:30+00:00
  STDOUT.0038 bytes=609268 (595.0 KiB) mtime_utc=2026-07-07T15:45:30+00:00
  STDOUT.0039 bytes=609258 (595.0 KiB) mtime_utc=2026-07-07T15:45:30+00:00
  STDOUT.0040 bytes=609253 (595.0 KiB) mtime_utc=2026-07-07T15:45:30+00:00
  STDOUT.0041 bytes=609263 (595.0 KiB) mtime_utc=2026-07-07T15:45:30+00:00
  STDOUT.0042 bytes=609253 (595.0 KiB) mtime_utc=2026-07-07T15:45:30+00:00
  STDOUT.0043 bytes=609253 (595.0 KiB) mtime_utc=2026-07-07T15:45:30+00:00
  STDOUT.0044 bytes=609258 (595.0 KiB) mtime_utc=2026-07-07T15:45:30+00:00
  T.0000000000.data bytes=8294400 (7.9 MiB) mtime_utc=2026-07-07T15:32:58+00:00
  T.0000000000.meta bytes=163 (163 B) mtime_utc=2026-07-07T15:32:58+00:00
  T.0000001440.data bytes=8294400 (7.9 MiB) mtime_utc=2026-07-07T15:35:29+00:00
  T.0000001440.meta bytes=163 (163 B) mtime_utc=2026-07-07T15:35:29+00:00
  T.0000002880.data bytes=8294400 (7.9 MiB) mtime_utc=2026-07-07T15:38:01+00:00
  T.0000002880.meta bytes=163 (163 B) mtime_utc=2026-07-07T15:38:01+00:00
  T.0000004320.data bytes=8294400 (7.9 MiB) mtime_utc=2026-07-07T15:40:34+00:00
  T.0000004320.meta bytes=163 (163 B) mtime_utc=2026-07-07T15:40:34+00:00
  T.0000005760.data bytes=8294400 (7.9 MiB) mtime_utc=2026-07-07T15:43:11+00:00
  T.0000005760.meta bytes=163 (163 B) mtime_utc=2026-07-07T15:43:11+00:00
  T.0000007200.data bytes=8294400 (7.9 MiB) mtime_utc=2026-07-07T15:45:38+00:00
  T.0000007200.meta bytes=163 (163 B) mtime_utc=2026-07-07T15:45:38+00:00
  U.0000000000.data bytes=8294400 (7.9 MiB) mtime_utc=2026-07-07T15:32:58+00:00
  U.0000000000.meta bytes=163 (163 B) mtime_utc=2026-07-07T15:32:58+00:00
  U.0000001440.data bytes=8294400 (7.9 MiB) mtime_utc=2026-07-07T15:35:29+00:00
  U.0000001440.meta bytes=163 (163 B) mtime_utc=2026-07-07T15:35:29+00:00
  U.0000002880.data bytes=8294400 (7.9 MiB) mtime_utc=2026-07-07T15:38:00+00:00
  U.0000002880.meta bytes=163 (163 B) mtime_utc=2026-07-07T15:38:01+00:00
  U.0000004320.data bytes=8294400 (7.9 MiB) mtime_utc=2026-07-07T15:40:33+00:00
  U.0000004320.meta bytes=163 (163 B) mtime_utc=2026-07-07T15:40:33+00:00
  U.0000005760.data bytes=8294400 (7.9 MiB) mtime_utc=2026-07-07T15:43:10+00:00
  U.0000005760.meta bytes=163 (163 B) mtime_utc=2026-07-07T15:43:10+00:00
  U.0000007200.data bytes=8294400 (7.9 MiB) mtime_utc=2026-07-07T15:45:38+00:00
  U.0000007200.meta bytes=163 (163 B) mtime_utc=2026-07-07T15:45:38+00:00
  V.0000000000.data bytes=8294400 (7.9 MiB) mtime_utc=2026-07-07T15:32:58+00:00
  V.0000000000.meta bytes=163 (163 B) mtime_utc=2026-07-07T15:32:58+00:00
  V.0000001440.data bytes=8294400 (7.9 MiB) mtime_utc=2026-07-07T15:35:29+00:00
  V.0000001440.meta bytes=163 (163 B) mtime_utc=2026-07-07T15:35:29+00:00
  V.0000002880.data bytes=8294400 (7.9 MiB) mtime_utc=2026-07-07T15:38:01+00:00
  V.0000002880.meta bytes=163 (163 B) mtime_utc=2026-07-07T15:38:01+00:00
  V.0000004320.data bytes=8294400 (7.9 MiB) mtime_utc=2026-07-07T15:40:33+00:00
  V.0000004320.meta bytes=163 (163 B) mtime_utc=2026-07-07T15:40:34+00:00
  V.0000005760.data bytes=8294400 (7.9 MiB) mtime_utc=2026-07-07T15:43:10+00:00
  V.0000005760.meta bytes=163 (163 B) mtime_utc=2026-07-07T15:43:11+00:00
  V.0000007200.data bytes=8294400 (7.9 MiB) mtime_utc=2026-07-07T15:45:38+00:00
  V.0000007200.meta bytes=163 (163 B) mtime_utc=2026-07-07T15:45:38+00:00
  W.0000000000.data bytes=8294400 (7.9 MiB) mtime_utc=2026-07-07T15:32:58+00:00
  W.0000000000.meta bytes=163 (163 B) mtime_utc=2026-07-07T15:32:58+00:00
  W.0000001440.data bytes=8294400 (7.9 MiB) mtime_utc=2026-07-07T15:35:29+00:00
  W.0000001440.meta bytes=163 (163 B) mtime_utc=2026-07-07T15:35:29+00:00
  W.0000002880.data bytes=8294400 (7.9 MiB) mtime_utc=2026-07-07T15:38:02+00:00
  W.0000002880.meta bytes=163 (163 B) mtime_utc=2026-07-07T15:38:02+00:00
  W.0000004320.data bytes=8294400 (7.9 MiB) mtime_utc=2026-07-07T15:40:34+00:00
  W.0000004320.meta bytes=163 (163 B) mtime_utc=2026-07-07T15:40:34+00:00
  W.0000005760.data bytes=8294400 (7.9 MiB) mtime_utc=2026-07-07T15:43:11+00:00
  W.0000005760.meta bytes=163 (163 B) mtime_utc=2026-07-07T15:43:11+00:00
  W.0000007200.data bytes=8294400 (7.9 MiB) mtime_utc=2026-07-07T15:45:39+00:00
  W.0000007200.meta bytes=163 (163 B) mtime_utc=2026-07-07T15:45:39+00:00
  XC.data bytes=8294400 (7.9 MiB) mtime_utc=2026-07-07T15:32:55+00:00
  XC.meta bytes=129 (129 B) mtime_utc=2026-07-07T15:32:55+00:00
  XG.data bytes=8294400 (7.9 MiB) mtime_utc=2026-07-07T15:32:55+00:00
  XG.meta bytes=129 (129 B) mtime_utc=2026-07-07T15:32:55+00:00
  YC.data bytes=8294400 (7.9 MiB) mtime_utc=2026-07-07T15:32:55+00:00
  YC.meta bytes=129 (129 B) mtime_utc=2026-07-07T15:32:55+00:00
  YG.data bytes=8294400 (7.9 MiB) mtime_utc=2026-07-07T15:32:55+00:00
  YG.meta bytes=129 (129 B) mtime_utc=2026-07-07T15:32:55+00:00
  available_diagnostics.log bytes=18604 (18.2 KiB) mtime_utc=2026-07-07T15:32:55+00:00
  bathymetry_flat_tc3.bin bytes=4147200 (4.0 MiB) mtime_utc=2026-07-07T15:32:50+00:00
  data bytes=1719 (1.7 KiB) mtime_utc=2026-07-07T15:32:48+00:00
  data.diagnostics bytes=2878 (2.8 KiB) mtime_utc=2026-07-07T15:32:48+00:00
  data.pkg bytes=49 (49 B) mtime_utc=2026-07-07T15:32:48+00:00
  dynDiag.0000000000.data bytes=41472000 (39.6 MiB) mtime_utc=2026-07-07T15:32:49+00:00
  dynDiag.0000000000.meta bytes=339 (339 B) mtime_utc=2026-07-07T15:32:59+00:00
  dynDiag.0000001440.data bytes=41472000 (39.6 MiB) mtime_utc=2026-07-07T15:35:23+00:00
  dynDiag.0000001440.meta bytes=339 (339 B) mtime_utc=2026-07-07T15:35:33+00:00
  dynDiag.0000002880.data bytes=41472000 (39.6 MiB) mtime_utc=2026-07-07T15:37:54+00:00
  dynDiag.0000002880.meta bytes=339 (339 B) mtime_utc=2026-07-07T15:38:05+00:00
  dynDiag.0000004320.data bytes=41472000 (39.6 MiB) mtime_utc=2026-07-07T15:40:27+00:00
  dynDiag.0000004320.meta bytes=339 (339 B) mtime_utc=2026-07-07T15:40:38+00:00
  dynDiag.0000005760.data bytes=41472000 (39.6 MiB) mtime_utc=2026-07-07T15:43:03+00:00
  dynDiag.0000005760.meta bytes=339 (339 B) mtime_utc=2026-07-07T15:43:14+00:00
  dynStDiag.0000000000.txt bytes=4447 (4.3 KiB) mtime_utc=2026-07-07T15:45:29+00:00
  dyn_Aux.0000000000.data bytes=24883200 (23.7 MiB) mtime_utc=2026-07-07T15:32:49+00:00
  dyn_Aux.0000000000.meta bytes=317 (317 B) mtime_utc=2026-07-07T15:32:59+00:00
  dyn_Aux.0000001440.data bytes=24883200 (23.7 MiB) mtime_utc=2026-07-07T15:35:22+00:00
  dyn_Aux.0000001440.meta bytes=317 (317 B) mtime_utc=2026-07-07T15:35:32+00:00
  dyn_Aux.0000002880.data bytes=24883200 (23.7 MiB) mtime_utc=2026-07-07T15:37:54+00:00
  dyn_Aux.0000002880.meta bytes=317 (317 B) mtime_utc=2026-07-07T15:38:04+00:00
  dyn_Aux.0000004320.data bytes=24883200 (23.7 MiB) mtime_utc=2026-07-07T15:40:26+00:00
  dyn_Aux.0000004320.meta bytes=317 (317 B) mtime_utc=2026-07-07T15:40:37+00:00
  dyn_Aux.0000005760.data bytes=24883200 (23.7 MiB) mtime_utc=2026-07-07T15:43:02+00:00
  dyn_Aux.0000005760.meta bytes=317 (317 B) mtime_utc=2026-07-07T15:43:13+00:00
  eedata bytes=37 (37 B) mtime_utc=2026-07-07T15:32:38+00:00
  eedata.mth bytes=275 (275 B) mtime_utc=2026-07-07T15:32:48+00:00
  eta_init.bin bytes=4147200 (4.0 MiB) mtime_utc=2026-07-07T15:32:50+00:00
  gendata_ref.py bytes=1952 (1.9 KiB) mtime_utc=2026-07-07T15:32:48+00:00
  hFacC.data bytes=8294400 (7.9 MiB) mtime_utc=2026-07-07T15:32:57+00:00
  hFacC.meta bytes=129 (129 B) mtime_utc=2026-07-07T15:32:57+00:00
  hFacS.data bytes=8294400 (7.9 MiB) mtime_utc=2026-07-07T15:32:57+00:00
  hFacS.meta bytes=129 (129 B) mtime_utc=2026-07-07T15:32:57+00:00
  hFacW.data bytes=8294400 (7.9 MiB) mtime_utc=2026-07-07T15:32:57+00:00
  hFacW.meta bytes=129 (129 B) mtime_utc=2026-07-07T15:32:57+00:00
  mitgcmuv bytes=2261088 (2.2 MiB) mtime_utc=2026-07-07T15:32:48+00:00
  pickup.ckptA.data bytes=74649600 (71.2 MiB) mtime_utc=2026-07-07T15:45:30+00:00
  pickup.ckptA.meta bytes=340 (340 B) mtime_utc=2026-07-07T15:45:40+00:00
  u_init.bin bytes=4147200 (4.0 MiB) mtime_utc=2026-07-07T15:32:50+00:00
  v_init.bin bytes=4147200 (4.0 MiB) mtime_utc=2026-07-07T15:32:50+00:00
  w2_tile_topology.0000.log bytes=21676 (21.2 KiB) mtime_utc=2026-07-07T15:32:54+00:00
  w2_tile_topology.0001.log bytes=2519 (2.5 KiB) mtime_utc=2026-07-07T15:32:54+00:00
  w2_tile_topology.0002.log bytes=2519 (2.5 KiB) mtime_utc=2026-07-07T15:32:54+00:00
  w2_tile_topology.0003.log bytes=2519 (2.5 KiB) mtime_utc=2026-07-07T15:32:54+00:00
  w2_tile_topology.0004.log bytes=2519 (2.5 KiB) mtime_utc=2026-07-07T15:32:54+00:00
  w2_tile_topology.0005.log bytes=2519 (2.5 KiB) mtime_utc=2026-07-07T15:32:54+00:00
  w2_tile_topology.0006.log bytes=2519 (2.5 KiB) mtime_utc=2026-07-07T15:32:54+00:00
  w2_tile_topology.0007.log bytes=2519 (2.5 KiB) mtime_utc=2026-07-07T15:32:54+00:00
  w2_tile_topology.0008.log bytes=2519 (2.5 KiB) mtime_utc=2026-07-07T15:32:54+00:00
  w2_tile_topology.0009.log bytes=2519 (2.5 KiB) mtime_utc=2026-07-07T15:32:54+00:00
  w2_tile_topology.0010.log bytes=2519 (2.5 KiB) mtime_utc=2026-07-07T15:32:54+00:00
  w2_tile_topology.0011.log bytes=2519 (2.5 KiB) mtime_utc=2026-07-07T15:32:54+00:00
  w2_tile_topology.0012.log bytes=2519 (2.5 KiB) mtime_utc=2026-07-07T15:32:54+00:00
  w2_tile_topology.0013.log bytes=2519 (2.5 KiB) mtime_utc=2026-07-07T15:32:54+00:00
  w2_tile_topology.0014.log bytes=2519 (2.5 KiB) mtime_utc=2026-07-07T15:32:54+00:00
  w2_tile_topology.0015.log bytes=2519 (2.5 KiB) mtime_utc=2026-07-07T15:32:54+00:00
  w2_tile_topology.0016.log bytes=2519 (2.5 KiB) mtime_utc=2026-07-07T15:32:54+00:00
  w2_tile_topology.0017.log bytes=2519 (2.5 KiB) mtime_utc=2026-07-07T15:32:54+00:00
  w2_tile_topology.0018.log bytes=2519 (2.5 KiB) mtime_utc=2026-07-07T15:32:54+00:00
  w2_tile_topology.0019.log bytes=2519 (2.5 KiB) mtime_utc=2026-07-07T15:32:54+00:00
  w2_tile_topology.0020.log bytes=2519 (2.5 KiB) mtime_utc=2026-07-07T15:32:54+00:00
  w2_tile_topology.0021.log bytes=2519 (2.5 KiB) mtime_utc=2026-07-07T15:32:54+00:00
  w2_tile_topology.0022.log bytes=2519 (2.5 KiB) mtime_utc=2026-07-07T15:32:54+00:00
  w2_tile_topology.0023.log bytes=2519 (2.5 KiB) mtime_utc=2026-07-07T15:32:54+00:00
  w2_tile_topology.0024.log bytes=2519 (2.5 KiB) mtime_utc=2026-07-07T15:32:54+00:00
  w2_tile_topology.0025.log bytes=2519 (2.5 KiB) mtime_utc=2026-07-07T15:32:54+00:00
  w2_tile_topology.0026.log bytes=2519 (2.5 KiB) mtime_utc=2026-07-07T15:32:54+00:00
  w2_tile_topology.0027.log bytes=2519 (2.5 KiB) mtime_utc=2026-07-07T15:32:54+00:00
  w2_tile_topology.0028.log bytes=2519 (2.5 KiB) mtime_utc=2026-07-07T15:32:54+00:00
  w2_tile_topology.0029.log bytes=2519 (2.5 KiB) mtime_utc=2026-07-07T15:32:54+00:00
  w2_tile_topology.0030.log bytes=2519 (2.5 KiB) mtime_utc=2026-07-07T15:32:54+00:00
  w2_tile_topology.0031.log bytes=2519 (2.5 KiB) mtime_utc=2026-07-07T15:32:54+00:00
  w2_tile_topology.0032.log bytes=2519 (2.5 KiB) mtime_utc=2026-07-07T15:32:54+00:00
  w2_tile_topology.0033.log bytes=2519 (2.5 KiB) mtime_utc=2026-07-07T15:32:54+00:00
  w2_tile_topology.0034.log bytes=2519 (2.5 KiB) mtime_utc=2026-07-07T15:32:54+00:00
  w2_tile_topology.0035.log bytes=2519 (2.5 KiB) mtime_utc=2026-07-07T15:32:54+00:00
  w2_tile_topology.0036.log bytes=2519 (2.5 KiB) mtime_utc=2026-07-07T15:32:54+00:00
  w2_tile_topology.0037.log bytes=2519 (2.5 KiB) mtime_utc=2026-07-07T15:32:54+00:00
  w2_tile_topology.0038.log bytes=2519 (2.5 KiB) mtime_utc=2026-07-07T15:32:54+00:00
  w2_tile_topology.0039.log bytes=2519 (2.5 KiB) mtime_utc=2026-07-07T15:32:54+00:00
  w2_tile_topology.0040.log bytes=2519 (2.5 KiB) mtime_utc=2026-07-07T15:32:54+00:00
  w2_tile_topology.0041.log bytes=2519 (2.5 KiB) mtime_utc=2026-07-07T15:32:54+00:00
  w2_tile_topology.0042.log bytes=2519 (2.5 KiB) mtime_utc=2026-07-07T15:32:54+00:00
  w2_tile_topology.0043.log bytes=2519 (2.5 KiB) mtime_utc=2026-07-07T15:32:54+00:00
  w2_tile_topology.0044.log bytes=2519 (2.5 KiB) mtime_utc=2026-07-07T15:32:54+00:00
