======================================
MITgcm compile + run
Job ID: 746768
Nodes:  onode[13-15]
Start:  Sun May 31 11:12:48 EEST 2026
======================================

GENMAKE :

A program for GENerating MAKEfiles for the MITgcm project.
   For a quick list of options, use "genmake2 -h"
or for more detail see the documentation, section "Building the model"
   (under "Getting Started") at:  https://mitgcm.readthedocs.io/

===  Processing options files and arguments  ===
  getting local config information:  none found
Warning: MITgcm root directory was not specified ; try using a local copy of MITgcm found at "../../.."
  getting OPTFILE information:
    using OPTFILE="../../../tools/build_options/linux_amd64_gfortran"
    get Compiler-version: '10'
  getting AD_OPTFILE information:
    using AD_OPTFILE="../../../tools/adjoint_options/adjoint_default"
  check Fortran Compiler...  pass  (set FC_CHECK=5/5)
  check makedepend (local: 0, system: 1, 1)
  Turning on MPI cpp macros

===  Checking system libraries  ===
  Do we have the system() command using mpif77...  yes
  Do we have the fdate() command using mpif77...  yes
  Do we have the etime() command using mpif77... c,r: yes (SbR)
  Can we call simple C routines (here, "cloc()") using mpif77...  yes
  Can we unlimit the stack size using mpif77...  yes
  Can we register a signal handler using mpif77...  yes
  Can we use stat() through C calls...  yes
  Can we create NetCDF-enabled binaries...  no
    skip check for LAPACK Libs
  Can we call FLUSH intrinsic subroutine...  yes

===  Setting defaults  ===
  Adding MODS directories: ../code 
  Making source files in eesupp from templates
  Making source files in pkg/exch2 from templates
  Making source files in pkg/regrid from templates

===  Determining package settings  ===
  getting package dependency info from  ../../../pkg/pkg_depend
  getting package groups info from      ../../../pkg/pkg_groups
  checking list of packages to compile:
    using PKG_LIST="../code/packages.conf"
    before group expansion packages are: debug generic_advdiff mdsio mom_common mom_fluxform mom_vecinv monitor rw diagnostics mypackage
    after group expansion packages are:  debug generic_advdiff mdsio mom_common mom_fluxform mom_vecinv monitor rw diagnostics mypackage
  applying DISABLE settings
  applying ENABLE settings
    packages are:  debug diagnostics generic_advdiff mdsio mom_common mom_fluxform mom_vecinv monitor mypackage rw
  applying package dependency rules
    packages are:  debug diagnostics generic_advdiff mdsio mom_common mom_fluxform mom_vecinv monitor mypackage rw
  Adding STANDARDDIRS='eesupp model'
  Searching for *OPTIONS.h files in order to warn about the presence
    of "#define "-type statements that are no longer allowed:
    found CPP_OPTIONS="./CPP_OPTIONS.h"
    found CPP_EEOPTIONS="./CPP_EEOPTIONS.h"
  Creating the list of files for the adjoint compiler.

===  Creating the Makefile  ===
  setting INCLUDES
  Determining the list of source and include files
  Writing makefile: Makefile
  Add the source list for AD code generation
