make: Warning: File `Makefile' has modification time 5.9 s in the future
make[1]: Warning: File `Makefile' has modification time 5.8 s in the future
make[1]: warning:  Clock skew detected.  Your build may be incomplete.
make: warning:  Clock skew detected.  Your build may be incomplete.
--------------------------------------------------------------------------
WARNING: An invalid value was given for btl_tcp_if_include.  This
value will be ignored.

  Local host: onode20
  Value:      lo0
  Message:    Unknown interface name
--------------------------------------------------------------------------
[onode20:11170] 7 more processes have sent help message help-mpi-btl-tcp.txt / invalid if_inexclude
[onode20:11170] Set MCA parameter "orte_base_help_aggregate" to 0 to see all help / error messages
Note: The following floating-point exceptions are signalling: IEEE_UNDERFLOW_FLAG IEEE_DENORMAL
STOP NORMAL END
Note: The following floating-point exceptions are signalling: IEEE_UNDERFLOW_FLAG IEEE_DENORMAL
STOP NORMAL END
STOP NORMAL END
STOP NORMAL END
STOP NORMAL END
STOP NORMAL END
Note: The following floating-point exceptions are signalling: IEEE_UNDERFLOW_FLAG IEEE_DENORMAL
STOP NORMAL END
Note: The following floating-point exceptions are signalling: IEEE_UNDERFLOW_FLAG IEEE_DENORMAL
STOP NORMAL END
