======================================
MITgcm 12-rank scaling test
Job ID : 746771
Node   : onode16
Ranks  : 12
Start  : Sun May 31 12:15:03 EEST 2026
======================================

GENMAKE :

A program for GENerating MAKEfiles for the MITgcm project.
   For a quick list of options, use "genmake2 -h"
or for more detail see the documentation, section "Building the model"
   (under "Getting Started") at:  https://mitgcm.readthedocs.io/

===  Processing options files and arguments  ===
  getting local config information:  none found
Warning: MITgcm root directory was not specified ; try using a local copy of MITgcm found at "../../.."
  getting OPTFILE information:
    using OPTFILE="../../../tools/build_options/linux_amd64_gfortran"
    get Compiler-version: '10'
  getting AD_OPTFILE information:
    using AD_OPTFILE="../../../tools/adjoint_options/adjoint_default"
  check Fortran Compiler...  pass  (set FC_CHECK=5/5)
  check makedepend (local: 0, system: 1, 1)
  Turning on MPI cpp macros

===  Checking system libraries  ===
  Do we have the system() command using mpif77...  yes
  Do we have the fdate() command using mpif77...  yes
  Do we have the etime() command using mpif77... c,r: yes (SbR)
  Can we call simple C routines (here, "cloc()") using mpif77...  yes
  Can we unlimit the stack size using mpif77...  yes
  Can we register a signal handler using mpif77...  yes
  Can we use stat() through C calls...  yes
  Can we create NetCDF-enabled binaries...  no
    skip check for LAPACK Libs
  Can we call FLUSH intrinsic subroutine...  yes

===  Setting defaults  ===
  Adding MODS directories: ../code 
  Making source files in eesupp from templates
  Making source files in pkg/exch2 from templates
  Making source files in pkg/regrid from templates

===  Determining package settings  ===
  getting package dependency info from  ../../../pkg/pkg_depend
  getting package groups info from      ../../../pkg/pkg_groups
  checking list of packages to compile:
    using PKG_LIST="../code/packages.conf"
    before group expansion packages are: debug generic_advdiff mdsio mom_common mom_fluxform mom_vecinv monitor rw diagnostics mypackage
    after group expansion packages are:  debug generic_advdiff mdsio mom_common mom_fluxform mom_vecinv monitor rw diagnostics mypackage
  applying DISABLE settings
  applying ENABLE settings
    packages are:  debug diagnostics generic_advdiff mdsio mom_common mom_fluxform mom_vecinv monitor mypackage rw
  applying package dependency rules
    packages are:  debug diagnostics generic_advdiff mdsio mom_common mom_fluxform mom_vecinv monitor mypackage rw
  Adding STANDARDDIRS='eesupp model'
  Searching for *OPTIONS.h files in order to warn about the presence
    of "#define "-type statements that are no longer allowed:
    found CPP_OPTIONS="./CPP_OPTIONS.h"
    found CPP_EEOPTIONS="./CPP_EEOPTIONS.h"
  Creating the list of files for the adjoint compiler.

===  Creating the Makefile  ===
  setting INCLUDES
  Determining the list of source and include files
  Writing makefile: Makefile
  Add the source list for AD code generation
  Making list of "exceptions" that need ".p" files
  Making list of NOOPTFILES
  Add rules for links
  Adding makedepend marker

===  Done  ===
  original 'Makefile' generated successfully
=> next steps:
  > make depend
  > make       (<-- to generate executable)
make[1]: Entering directory `/scratch/p8190783-hmh85/MITgcm/verification/vortexSphere_mitgcm_referenceCase/build'
make[1]: Nothing to be done for `links'.
make[1]: Leaving directory `/scratch/p8190783-hmh85/MITgcm/verification/vortexSphere_mitgcm_referenceCase/build'
../../../tools/xmakedepend -f Makefile -o .f -DWORDLENGTH=4 -DNML_TERMINATOR -DALLOW_USE_MPI -DHAVE_SYSTEM -DHAVE_FDATE -DHAVE_ETIME_SBR -DHAVE_CLOC -DHAVE_SETRLSTK -DHAVE_SIGREG -DHAVE_STAT -DHAVE_FLUSH  -I/apps/sw/mpi/openmpi/4.1.4-gcc-9.1.0-slurm-18.08.6/include -I/apps/sw/gcc-10.1.0/lib/gcc/x86_64-pc-linux-gnu/10.1.0/include -I/usr/local/include -I/apps/sw/gcc-10.1.0/include -I/apps/sw/gcc-10.1.0/lib/gcc/x86_64-pc-linux-gnu/10.1.0/include-fixed -I/usr/include chksum_tiled.F debug_call.F debug_cs_corner_uv.F debug_enter.F debug_fld_stats_rl.F debug_fld_stats_rs.F debug_leave.F debug_msg.F debug_stats_rl.F debug_stats_rs.F fill_in_corners_rl.F write_fullarray_rl.F write_fullarray_rs.F diag_calc_psivel.F diag_cg2d.F diag_vegtile_fill.F diagnostics_addtolist.F diagnostics_calc_phivel.F diagnostics_check.F diagnostics_clear.F diagnostics_fill.F diagnostics_fill_field.F diagnostics_fill_rs.F diagnostics_fill_state.F diagnostics_fract_fill.F diagnostics_ini_io.F diagnostics_init_early.F diagnostics_init_fixed.F diagnostics_init_varia.F diagnostics_interp_p2p.F diagnostics_interp_vert.F diagnostics_is_on.F diagnostics_list_check.F diagnostics_main_init.F diagnostics_mnc_out.F diagnostics_out.F diagnostics_read_pickup.F diagnostics_readparms.F diagnostics_scale_fill.F diagnostics_scale_fill_rs.F diagnostics_set_calc.F diagnostics_set_levels.F diagnostics_set_pointers.F diagnostics_setdiag.F diagnostics_status_error.F diagnostics_sum_levels.F diagnostics_summary.F diagnostics_switch_onoff.F diagnostics_utils.F diagnostics_write.F diagnostics_write_adj.F diagnostics_write_pickup.F diagstats_ascii_out.F diagstats_calc.F diagstats_clear.F diagstats_close_io.F diagstats_fill.F diagstats_global.F diagstats_ini_io.F diagstats_local.F diagstats_mnc_out.F diagstats_others_calc.F diagstats_output.F diagstats_set_pointers.F diagstats_set_regions.F diagstats_setdiag.F gad_advection.F gad_advscheme.F gad_biharm_r.F gad_biharm_x.F gad_biharm_y.F gad_c2_adv_r.F gad_c2_adv_x.F gad_c2_adv_y.F gad_c2_impl_r.F gad_c4_adv_r.F gad_c4_adv_x.F gad_c4_adv_y.F gad_calc_rhs.F gad_check.F gad_del2.F gad_diagnostics_init.F gad_diagnostics_state.F gad_diff_r.F gad_diff_x.F gad_diff_y.F gad_dst2u1_adv_r.F gad_dst2u1_adv_x.F gad_dst2u1_adv_y.F gad_dst2u1_impl_r.F gad_dst3_adv_r.F gad_dst3_adv_x.F gad_dst3_adv_y.F gad_dst3fl_adv_r.F gad_dst3fl_adv_x.F gad_dst3fl_adv_y.F gad_dst3fl_impl_r.F gad_exch_som.F gad_fluxlimit_adv_r.F gad_fluxlimit_adv_x.F gad_fluxlimit_adv_y.F gad_fluxlimit_impl_r.F gad_grad_x.F gad_grad_y.F gad_implicit_r.F gad_init_fixed.F gad_init_varia.F gad_os7mp_adv_r.F gad_os7mp_adv_x.F gad_os7mp_adv_y.F gad_osc_hat_r.F gad_osc_hat_x.F gad_osc_hat_y.F gad_osc_mul_r.F gad_osc_mul_x.F gad_osc_mul_y.F gad_plm_fun.F gad_ppm_adv_r.F gad_ppm_adv_x.F gad_ppm_adv_y.F gad_ppm_flx_r.F gad_ppm_flx_x.F gad_ppm_flx_y.F gad_ppm_fun.F gad_ppm_hat_r.F gad_ppm_hat_x.F gad_ppm_hat_y.F gad_ppm_p3e_r.F gad_ppm_p3e_x.F gad_ppm_p3e_y.F gad_pqm_adv_r.F gad_pqm_adv_x.F gad_pqm_adv_y.F gad_pqm_flx_r.F gad_pqm_flx_x.F gad_pqm_flx_y.F gad_pqm_fun.F gad_pqm_hat_r.F gad_pqm_hat_x.F gad_pqm_hat_y.F gad_pqm_p5e_r.F gad_pqm_p5e_x.F gad_pqm_p5e_y.F gad_read_pickup.F gad_som_adv_r.F gad_som_adv_x.F gad_som_adv_y.F gad_som_advect.F gad_som_exchanges.F gad_som_fill_cs_corner.F gad_som_lim_r.F gad_som_prep_cs_corner.F gad_u3_adv_r.F gad_u3_adv_x.F gad_u3_adv_y.F gad_u3c4_impl_r.F gad_write_pickup.F salt_fill.F mdsio_buffertorl.F mdsio_buffertors.F mdsio_check4file.F mdsio_facef_read.F mdsio_gl.F mdsio_gl_slice.F mdsio_pass_r4torl.F mdsio_pass_r4tors.F mdsio_pass_r8torl.F mdsio_pass_r8tors.F mdsio_rd_rec_rl.F mdsio_rd_rec_rs.F mdsio_read_field.F mdsio_read_meta.F mdsio_read_section.F mdsio_read_tape.F mdsio_read_whalos.F mdsio_readvec_loc.F mdsio_rw_field.F mdsio_rw_slice.F mdsio_seg4torl.F mdsio_seg4tors.F mdsio_seg8torl.F mdsio_seg8tors.F mdsio_segxtorx_2d.F mdsio_wr_metafiles.F mdsio_wr_rec_rl.F mdsio_wr_rec_rs.F mdsio_write_field.F mdsio_write_meta.F mdsio_write_section.F mdsio_write_tape.F mdsio_write_whalos.F mdsio_writelocal.F mdsio_writevec_loc.F mom_calc_3d_strain.F mom_calc_absvort3.F mom_calc_hdiv.F mom_calc_hfacz.F mom_calc_ke.F mom_calc_relvort3.F mom_calc_smag_3d.F mom_calc_strain.F mom_calc_tension.F mom_calc_visc.F mom_diagnostics_init.F mom_hdissip.F mom_init_fixed.F mom_quasihydrostatic.F mom_u_botdrag_coeff.F mom_u_coriolis_nh.F mom_u_implicit_r.F mom_u_metric_nh.F mom_u_rviscflux.F mom_u_sidedrag.F mom_uv_smag_3d.F mom_v_botdrag_coeff.F mom_v_coriolis_nh.F mom_v_implicit_r.F mom_v_metric_nh.F mom_v_rviscflux.F mom_v_sidedrag.F mom_visc_qgl_limit.F mom_visc_qgl_stretch.F mom_w_coriolis_nh.F mom_w_metric_nh.F mom_w_sidedrag.F mom_w_smag_3d.F mom_calc_rtrans.F mom_fluxform.F mom_u_adv_uu.F mom_u_adv_vu.F mom_u_adv_wu.F mom_u_coriolis.F mom_u_del2u.F mom_u_metric_cylinder.F mom_u_metric_sphere.F mom_u_xviscflux.F mom_u_yviscflux.F mom_uv_boundary.F mom_v_adv_uv.F mom_v_adv_vv.F mom_v_adv_wv.F mom_v_coriolis.F mom_v_del2v.F mom_v_metric_cylinder.F mom_v_metric_sphere.F mom_v_xviscflux.F mom_v_yviscflux.F mom_vecinv.F mom_vi_coriolis.F mom_vi_del2uv.F mom_vi_hdissip.F mom_vi_u_coriolis.F mom_vi_u_coriolis_c4.F mom_vi_u_grad_ke.F mom_vi_u_vertshear.F mom_vi_v_coriolis.F mom_vi_v_coriolis_c4.F mom_vi_v_grad_ke.F mom_vi_v_vertshear.F mon_advcfl.F mon_advcflw.F mon_advcflw2.F mon_calc_advcfl.F mon_calc_stats_rl.F mon_calc_stats_rs.F mon_init.F mon_ke.F mon_out.F mon_printstats_rl.F mon_printstats_rs.F mon_set_iounit.F mon_set_pref.F mon_solution.F mon_stats_latbnd_rl.F mon_stats_rl.F mon_stats_rs.F mon_surfcor.F mon_vort3.F mon_writestats_rl.F mon_writestats_rs.F monitor.F monitor_ad.F monitor_g.F mypackage_calc_rhs.F mypackage_check.F mypackage_diagnostics_init.F mypackage_diagnostics_state.F mypackage_init_fixed.F mypackage_init_varia.F mypackage_mnc_init.F mypackage_read_pickup.F mypackage_readparms.F mypackage_tendency_apply.F mypackage_write_pickup.F get_write_global_fld.F read_fld_xy_rl.F read_fld_xy_rs.F read_fld_xyz_rl.F read_fld_xyz_rs.F read_glvec_rl.F read_glvec_rs.F read_mflds.F read_rec.F rw_get_suffix.F set_write_global_fld.F write_fld_3d_rl.F write_fld_3d_rs.F write_fld_s3d_rl.F write_fld_s3d_rs.F write_fld_xy_rl.F write_fld_xy_rs.F write_fld_xyz_rl.F write_fld_xyz_rs.F write_glvec_rl.F write_glvec_rs.F write_local_rl.F write_local_rs.F write_rec.F all_proc_die.F bar2.F bar_check.F barrier.F check_threads.F comm_stats.F cumulsum_z_tile.F diff_phase_multiple.F different_multiple.F eeboot.F eeboot_minimal.F eedata_example.F eedie.F eeintro_msg.F eeset_parms.F eewrite_eeenv.F exch0_r4.F exch0_r8.F exch0_rl.F exch0_rs.F exch1_bg_r4_cube.F exch1_bg_r8_cube.F exch1_bg_rl_cube.F exch1_bg_rs_cube.F exch1_r4.F exch1_r4_cube.F exch1_r8.F exch1_r8_cube.F exch1_rl.F exch1_rl_ad.F exch1_rl_cube.F exch1_rl_cube_ad.F exch1_rs.F exch1_rs_ad.F exch1_rs_cube.F exch1_rs_cube_ad.F exch1_uv_r4_cube.F exch1_uv_r8_cube.F exch1_uv_rl_cube.F exch1_uv_rs_cube.F exch1_z_r4_cube.F exch1_z_r8_cube.F exch1_z_rl_cube.F exch1_z_rs_cube.F exch_3d_r4.F exch_3d_r8.F exch_3d_rl.F exch_3d_rs.F exch_cycle_ebl.F exch_init.F exch_r4_recv_get_x.F exch_r4_recv_get_y.F exch_r4_send_put_x.F exch_r4_send_put_y.F exch_r8_recv_get_x.F exch_r8_recv_get_y.F exch_r8_send_put_x.F exch_r8_send_put_y.F exch_rl_recv_get_x.F exch_rl_recv_get_y.F exch_rl_send_put_x.F exch_rl_send_put_y.F exch_rs_recv_get_x.F exch_rs_recv_get_y.F exch_rs_send_put_x.F exch_rs_send_put_y.F exch_s3d_r4.F exch_s3d_r8.F exch_s3d_rl.F exch_s3d_rs.F exch_sm_3d_r4.F exch_sm_3d_r8.F exch_sm_3d_rl.F exch_sm_3d_rs.F exch_tap_b.F exch_tap_d.F exch_uv_3d_r4.F exch_uv_3d_r8.F exch_uv_3d_rl.F exch_uv_3d_rs.F exch_uv_agrid_3d_r4.F exch_uv_agrid_3d_r8.F exch_uv_agrid_3d_rl.F exch_uv_agrid_3d_rs.F exch_uv_bgrid_3d_r4.F exch_uv_bgrid_3d_r8.F exch_uv_bgrid_3d_rl.F exch_uv_bgrid_3d_rs.F exch_uv_dgrid_3d_r4.F exch_uv_dgrid_3d_r8.F exch_uv_dgrid_3d_rl.F exch_uv_dgrid_3d_rs.F exch_uv_xy_r4.F exch_uv_xy_r8.F exch_uv_xy_rl.F exch_uv_xy_rs.F exch_uv_xyz_r4.F exch_uv_xyz_r8.F exch_uv_xyz_rl.F exch_uv_xyz_rs.F exch_xy_r4.F exch_xy_r8.F exch_xy_rl.F exch_xy_rs.F exch_xyz_r4.F exch_xyz_r8.F exch_xyz_rl.F exch_xyz_rs.F exch_z_3d_r4.F exch_z_3d_r8.F exch_z_3d_rl.F exch_z_3d_rs.F fill_cs_corner_ag_rl.F fill_cs_corner_tr_rl.F fill_cs_corner_uv_rl.F fill_cs_corner_uv_rs.F fool_the_compiler.F gather_2d_r4.F gather_2d_r8.F gather_2d_wh_r4.F gather_2d_wh_r8.F gather_vec_r4.F gather_vec_r8.F gather_xz.F gather_yz.F get_periodic_interval.F global_max.F global_sum.F global_sum_singlecpu.F global_sum_tile.F global_sum_vector.F ini_communication_patterns.F ini_procs.F ini_threading_environment.F lef_zero.F main.F master_cpu_io.F master_cpu_thread.F mds_byteswapi4.F mds_byteswapr4.F mds_byteswapr8.F mds_flush.F mds_reclen.F mdsfindunit.F memsync.F nml_change_syntax.F nml_set_terminator.F open_copy_data_file.F print.F reset_halo.F scatter_2d_r4.F scatter_2d_r8.F scatter_2d_wh_r4.F scatter_2d_wh_r8.F scatter_vec_r4.F scatter_vec_r8.F scatter_xz.F scatter_yz.F stop_if_error.F timers.F utils.F write_utils.F adams_bashforth2.F adams_bashforth3.F add_walls2masks.F apply_forcing.F calc_3d_diffusivity.F calc_adv_flow.F calc_div_ghat.F calc_eddy_stress.F calc_grad_phi_fv.F calc_grad_phi_hyd.F calc_grad_phi_surf.F calc_grid_angles.F calc_gw.F calc_ivdc.F calc_oce_mxlayer.F calc_phi_hyd.F calc_r_star.F calc_surf_dr.F calc_viscosity.F calc_wsurf_tr.F cg2d.F cg2d_ex0.F cg2d_nsa.F cg2d_sr.F cg3d.F cg3d_ex0.F check_pickup.F config_check.F config_summary.F convective_adjustment.F convective_adjustment_ini.F convective_weights.F convectively_mixtracer.F correction_step.F cycle_ab_tracer.F cycle_tracer.F diags_oceanic_surf_flux.F diags_phi_hyd.F diags_phi_rlow.F diags_rho.F diags_sound_speed.F do_atmospheric_phys.F do_fields_blocking_exchanges.F do_oceanic_phys.F do_stagger_fields_exchanges.F do_statevars_diags.F do_the_model_io.F do_write_pickup.F dynamics.F external_fields_load.F external_forcing.F external_forcing_surf.F find_alpha.F find_hyd_press_1d.F find_rho.F forcing_surf_relax.F forward_step.F freesurf_rescale_g.F freeze_surface.F grad_sigma.F gsw_teos10.F impldiff.F ini_cartesian_grid.F ini_cg2d.F ini_cg3d.F ini_cori.F ini_curvilinear_grid.F ini_cylinder_grid.F ini_depths.F ini_dynvars.F ini_eos.F ini_ffields.F ini_fields.F ini_forcing.F ini_global_domain.F ini_grid.F ini_linear_phisurf.F ini_local_grid.F ini_masks_etc.F ini_mixing.F ini_mnc_vars.F ini_model_io.F ini_nh_fields.F ini_nh_vars.F ini_nlfs_vars.F ini_p_ground.F ini_parms.F ini_pressure.F ini_psurf.F ini_salt.F ini_sigma_hfac.F ini_spherical_polar_grid.F ini_theta.F ini_vel.F ini_vertical_grid.F initialise_fixed.F initialise_varia.F integr_continuity.F integrate_for_w.F load_fields_driver.F load_grid_spacing.F load_ref_files.F main_do_loop.F momentum_correction_step.F packages_boot.F packages_check.F packages_error_msg.F packages_init_fixed.F packages_init_variables.F packages_print_msg.F packages_readparms.F packages_unused_msg.F packages_write_pickup.F plot_field.F port_rand.F post_cg3d.F pre_cg3d.F pressure_for_eos.F read_pickup.F remove_mean.F reset_nlfs_vars.F rotate_spherical_polar_grid.F rotate_uv2en.F salt_integrate.F seawater.F set_defaults.F set_grid_factors.F set_parms.F set_ref_state.F solve_for_pressure.F solve_pentadiagonal.F solve_tridiagonal.F solve_uv_tridiago.F state_summary.F swfrac.F taueddy_init_varia.F taueddy_tendency_apply.F temp_integrate.F the_main_loop.F the_model_main.F thermodynamics.F timestep.F timestep_tracer.F timestep_wvel.F tracers_correction_step.F tracers_iigw_correction.F turnoff_model_io.F update_cg2d.F update_etah.F update_etaws.F update_masks_etc.F update_r_star.F update_sigma.F update_surf_dr.F write_grid.F write_pickup.F write_state.F
Appending dependencies to Makefile
../../../tools/xmakedepend -f Makefile -a -o .f90 -DWORDLENGTH=4 -DNML_TERMINATOR -DALLOW_USE_MPI -DHAVE_SYSTEM -DHAVE_FDATE -DHAVE_ETIME_SBR -DHAVE_CLOC -DHAVE_SETRLSTK -DHAVE_SIGREG -DHAVE_STAT -DHAVE_FLUSH  -I/apps/sw/mpi/openmpi/4.1.4-gcc-9.1.0-slurm-18.08.6/include -I/apps/sw/gcc-10.1.0/lib/gcc/x86_64-pc-linux-gnu/10.1.0/include -I/usr/local/include -I/apps/sw/gcc-10.1.0/include -I/apps/sw/gcc-10.1.0/lib/gcc/x86_64-pc-linux-gnu/10.1.0/include-fixed -I/usr/include 
Appending dependencies to Makefile
../../../tools/f90mkdepend -fs f -fs90 f90 >> Makefile
rm -f makedepend.out
Update AD_CONFIG.h and make ./mitgcmuv
make -f Makefile ./mitgcmuv
make[1]: Entering directory `/scratch/p8190783-hmh85/MITgcm/verification/vortexSphere_mitgcm_referenceCase/build'
make[1]: `mitgcmuv' is up to date.
make[1]: Leaving directory `/scratch/p8190783-hmh85/MITgcm/verification/vortexSphere_mitgcm_referenceCase/build'
======================================
Running MITgcm
MPI tasks = 12
======================================
======================================
Finished : Sun May 31 15:25:33 EEST 2026
Status   : 0
======================================
