MITgcm run inventory
generated_utc: 2026-07-05T15:30:09+00:00
run_dir: Sandbox/vortexSphere_Williamson_TC2/run_alpha_0_cs32
case_code: TC2
alpha_label: 0
log_file: run_inventory.log

Summary
  run_dir_files: 481
  run_dir_bytes: 78784750 (75.1 MiB)
  run_output_groups: 42
  requested_diagnostic_streams: 3
  generated_product_dirs: 4
  generated_product_files: 136
  plotted_files: 128
  computed_files: 4
  docs_indexed_assets: 34

Diagnostics request
  data_diagnostics: Sandbox/vortexSphere_Williamson_TC2/run_alpha_0_cs32/data.diagnostics
  available_diagnostics: Sandbox/vortexSphere_Williamson_TC2/run_alpha_0_cs32/available_diagnostics.log
  [diagnostics stream 2] fileName=dyn_Aux frequency=-86400. phase=0.
    WVELMASS: units=m/s; levels=1; title=Vertical Mass-Weighted Comp of Velocity
    PhiVEL: units=m^2/s; levels=1; title=Horizontal Velocity Potential (m^2/s)
    PsiVEL: units=m.m^2/s; levels=1; title=Horizontal Velocity Stream-Function
  [diagnostics stream 3] fileName=dynDiag frequency=-86400. phase=0.
    UVEL: units=m/s; levels=1; title=Zonal Component of Velocity (m/s)
    VVEL: units=m/s; levels=1; title=Meridional Component of Velocity (m/s)
    ETAN: units=m; levels=1; title=Surface Height Anomaly
    ETANSQ: units=m^2; levels=1; title=Square of Surface Height Anomaly
    momKE: units=m^2/s^2; levels=1; title=Kinetic Energy (in momentum Eq.)
  [statistics stream 1] fileName=dynStDiag frequency=-86400. phase=0.
    ETAN: units=m; levels=1; title=Surface Height Anomaly
    ETANSQ: units=m^2; levels=1; title=Square of Surface Height Anomaly
    momKE: units=m^2/s^2; levels=1; title=Kinetic Energy (in momentum Eq.)

Run directory outputs
  AngleCS: data=1 meta=1 iterations=none bytes=49281 (48.1 KiB)
  AngleSN: data=1 meta=1 iterations=none bytes=49281 (48.1 KiB)
  DRC: data=1 meta=1 iterations=none bytes=165 (165 B)
  DRF: data=1 meta=1 iterations=none bytes=137 (137 B)
  DXC: data=1 meta=1 iterations=none bytes=49281 (48.1 KiB)
  DXF: data=1 meta=1 iterations=none bytes=49281 (48.1 KiB)
  DXG: data=1 meta=1 iterations=none bytes=49281 (48.1 KiB)
  DXV: data=1 meta=1 iterations=none bytes=49281 (48.1 KiB)
  DYC: data=1 meta=1 iterations=none bytes=49281 (48.1 KiB)
  DYF: data=1 meta=1 iterations=none bytes=49281 (48.1 KiB)
  DYG: data=1 meta=1 iterations=none bytes=49281 (48.1 KiB)
  DYU: data=1 meta=1 iterations=none bytes=49281 (48.1 KiB)
  Depth: data=1 meta=1 iterations=none bytes=49281 (48.1 KiB)
  Eta: data=13 meta=13 iterations=0..17280 (13) bytes=641095 (626.1 KiB)
  PH: data=12 meta=12 iterations=1440..17280 (12) bytes=591780 (577.9 KiB)
  PHL: data=12 meta=12 iterations=1440..17280 (12) bytes=591780 (577.9 KiB)
  PHrefC: data=1 meta=1 iterations=none bytes=137 (137 B)
  PHrefF: data=1 meta=1 iterations=none bytes=165 (165 B)
  RAC: data=1 meta=1 iterations=none bytes=49281 (48.1 KiB)
  RAS: data=1 meta=1 iterations=none bytes=49281 (48.1 KiB)
  RAW: data=1 meta=1 iterations=none bytes=49281 (48.1 KiB)
  RAZ: data=1 meta=1 iterations=none bytes=49281 (48.1 KiB)
  RC: data=1 meta=1 iterations=none bytes=137 (137 B)
  RF: data=1 meta=1 iterations=none bytes=165 (165 B)
  RhoRef: data=1 meta=1 iterations=none bytes=137 (137 B)
  S: data=13 meta=13 iterations=0..17280 (13) bytes=641095 (626.1 KiB)
  T: data=13 meta=13 iterations=0..17280 (13) bytes=641095 (626.1 KiB)
  U: data=13 meta=13 iterations=0..17280 (13) bytes=641095 (626.1 KiB)
  U2zonDir: data=1 meta=1 iterations=none bytes=49281 (48.1 KiB)
  V: data=13 meta=13 iterations=0..17280 (13) bytes=641095 (626.1 KiB)
  V2zonDir: data=1 meta=1 iterations=none bytes=49281 (48.1 KiB)
  W: data=13 meta=13 iterations=0..17280 (13) bytes=641095 (626.1 KiB)
  XC: data=1 meta=1 iterations=none bytes=49281 (48.1 KiB)
  XG: data=1 meta=1 iterations=none bytes=49281 (48.1 KiB)
  YC: data=1 meta=1 iterations=none bytes=49281 (48.1 KiB)
  YG: data=1 meta=1 iterations=none bytes=49281 (48.1 KiB)
  dynDiag: data=12 meta=12 iterations=0..15840 (12) bytes=2953188 (2.8 MiB)
  dyn_Aux: data=12 meta=12 iterations=0..15840 (12) bytes=1773276 (1.7 MiB)
  hFacC: data=1 meta=1 iterations=none bytes=49281 (48.1 KiB)
  hFacS: data=1 meta=1 iterations=none bytes=49281 (48.1 KiB)
  hFacW: data=1 meta=1 iterations=none bytes=49281 (48.1 KiB)
  pickup.ckptA: data=1 meta=1 iterations=none bytes=442708 (432.3 KiB)

Generated products
  output_dir: Sandbox/output/TestCase2/Diagnosis/error/alpha_0
    case=TC2 product=error_analysis alpha=0
    saved: TC2_error_norms, TC2_error_norms.csv, TC2_error_norms.txt, TC2_error_norms.tex
    plotted_files: 2
      Sandbox/output/TestCase2/Diagnosis/error/alpha_0/TC2_error_norms.pdf
      Sandbox/output/TestCase2/Diagnosis/error/alpha_0/TC2_error_norms.png
    computed_files: 3
      Sandbox/output/TestCase2/Diagnosis/error/alpha_0/TC2_error_norms.csv
      Sandbox/output/TestCase2/Diagnosis/error/alpha_0/TC2_error_norms.tex
      Sandbox/output/TestCase2/Diagnosis/error/alpha_0/TC2_error_norms.txt
    other_files: 1
      Sandbox/output/TestCase2/Diagnosis/error/alpha_0/manifest.json
  output_dir: Sandbox/output/TestCase2/Diagnosis/postprocessing/alpha_0
    case=TC2 product=postprocessing alpha=0
    saved: postprocessing_values.csv, postprocessing_mass.pdf, postprocessing_mass.png, postprocessing_energies.pdf, postprocessing_energies.png
    fields: {"conserved_scalar": null, "eta": "Eta", "kinetic_energy": "computed_from_velocity", "u": "U", "v": "V", "vorticity": "computed_from_velocity"}
    plotted_files: 4
      Sandbox/output/TestCase2/Diagnosis/postprocessing/alpha_0/postprocessing_energies.pdf
      Sandbox/output/TestCase2/Diagnosis/postprocessing/alpha_0/postprocessing_energies.png
      Sandbox/output/TestCase2/Diagnosis/postprocessing/alpha_0/postprocessing_mass.pdf
      Sandbox/output/TestCase2/Diagnosis/postprocessing/alpha_0/postprocessing_mass.png
    computed_files: 1
      Sandbox/output/TestCase2/Diagnosis/postprocessing/alpha_0/postprocessing_values.csv
    other_files: 1
      Sandbox/output/TestCase2/Diagnosis/postprocessing/alpha_0/manifest.json
  output_dir: Sandbox/output/TestCase2/Snapshots_cube/alpha_0
    case=TC2 product=snapshots alpha=0
    saved: eta, etan, psi, phi, velocity_magnitude
    plotted_files: 61
      Sandbox/output/TestCase2/Snapshots_cube/alpha_0/eta/tc2_eta_day_00.00_iter_0000000000.png
      Sandbox/output/TestCase2/Snapshots_cube/alpha_0/eta/tc2_eta_day_01.00_iter_0000001440.png
      Sandbox/output/TestCase2/Snapshots_cube/alpha_0/eta/tc2_eta_day_02.00_iter_0000002880.png
      Sandbox/output/TestCase2/Snapshots_cube/alpha_0/eta/tc2_eta_day_03.00_iter_0000004320.png
      Sandbox/output/TestCase2/Snapshots_cube/alpha_0/eta/tc2_eta_day_04.00_iter_0000005760.png
      Sandbox/output/TestCase2/Snapshots_cube/alpha_0/eta/tc2_eta_day_05.00_iter_0000007200.png
      Sandbox/output/TestCase2/Snapshots_cube/alpha_0/eta/tc2_eta_day_06.00_iter_0000008640.png
      Sandbox/output/TestCase2/Snapshots_cube/alpha_0/eta/tc2_eta_day_07.00_iter_0000010080.png
      Sandbox/output/TestCase2/Snapshots_cube/alpha_0/eta/tc2_eta_day_08.00_iter_0000011520.png
      Sandbox/output/TestCase2/Snapshots_cube/alpha_0/eta/tc2_eta_day_09.00_iter_0000012960.png
      Sandbox/output/TestCase2/Snapshots_cube/alpha_0/eta/tc2_eta_day_10.00_iter_0000014400.png
      Sandbox/output/TestCase2/Snapshots_cube/alpha_0/eta/tc2_eta_day_11.00_iter_0000015840.png
      Sandbox/output/TestCase2/Snapshots_cube/alpha_0/eta/tc2_eta_day_12.00_iter_0000017280.png
      Sandbox/output/TestCase2/Snapshots_cube/alpha_0/etan/tc2_etan_day_00.00_iter_0000000000.png
      Sandbox/output/TestCase2/Snapshots_cube/alpha_0/etan/tc2_etan_day_01.00_iter_0000001440.png
      Sandbox/output/TestCase2/Snapshots_cube/alpha_0/etan/tc2_etan_day_02.00_iter_0000002880.png
      Sandbox/output/TestCase2/Snapshots_cube/alpha_0/etan/tc2_etan_day_03.00_iter_0000004320.png
      Sandbox/output/TestCase2/Snapshots_cube/alpha_0/etan/tc2_etan_day_04.00_iter_0000005760.png
      Sandbox/output/TestCase2/Snapshots_cube/alpha_0/etan/tc2_etan_day_05.00_iter_0000007200.png
      Sandbox/output/TestCase2/Snapshots_cube/alpha_0/etan/tc2_etan_day_06.00_iter_0000008640.png
      Sandbox/output/TestCase2/Snapshots_cube/alpha_0/etan/tc2_etan_day_07.00_iter_0000010080.png
      Sandbox/output/TestCase2/Snapshots_cube/alpha_0/etan/tc2_etan_day_08.00_iter_0000011520.png
      Sandbox/output/TestCase2/Snapshots_cube/alpha_0/etan/tc2_etan_day_09.00_iter_0000012960.png
      Sandbox/output/TestCase2/Snapshots_cube/alpha_0/etan/tc2_etan_day_10.00_iter_0000014400.png
      Sandbox/output/TestCase2/Snapshots_cube/alpha_0/etan/tc2_etan_day_11.00_iter_0000015840.png
      Sandbox/output/TestCase2/Snapshots_cube/alpha_0/phi/tc2_phi_day_00.00_iter_0000000000.png
      Sandbox/output/TestCase2/Snapshots_cube/alpha_0/phi/tc2_phi_day_01.00_iter_0000001440.png
      Sandbox/output/TestCase2/Snapshots_cube/alpha_0/phi/tc2_phi_day_02.00_iter_0000002880.png
      Sandbox/output/TestCase2/Snapshots_cube/alpha_0/phi/tc2_phi_day_03.00_iter_0000004320.png
      Sandbox/output/TestCase2/Snapshots_cube/alpha_0/phi/tc2_phi_day_04.00_iter_0000005760.png
      Sandbox/output/TestCase2/Snapshots_cube/alpha_0/phi/tc2_phi_day_05.00_iter_0000007200.png
      Sandbox/output/TestCase2/Snapshots_cube/alpha_0/phi/tc2_phi_day_06.00_iter_0000008640.png
      Sandbox/output/TestCase2/Snapshots_cube/alpha_0/phi/tc2_phi_day_07.00_iter_0000010080.png
      Sandbox/output/TestCase2/Snapshots_cube/alpha_0/phi/tc2_phi_day_08.00_iter_0000011520.png
      Sandbox/output/TestCase2/Snapshots_cube/alpha_0/phi/tc2_phi_day_09.00_iter_0000012960.png
      Sandbox/output/TestCase2/Snapshots_cube/alpha_0/phi/tc2_phi_day_10.00_iter_0000014400.png
      Sandbox/output/TestCase2/Snapshots_cube/alpha_0/phi/tc2_phi_day_11.00_iter_0000015840.png
      Sandbox/output/TestCase2/Snapshots_cube/alpha_0/psi/tc2_psi_day_00.00_iter_0000000000.png
      Sandbox/output/TestCase2/Snapshots_cube/alpha_0/psi/tc2_psi_day_01.00_iter_0000001440.png
      Sandbox/output/TestCase2/Snapshots_cube/alpha_0/psi/tc2_psi_day_02.00_iter_0000002880.png
      Sandbox/output/TestCase2/Snapshots_cube/alpha_0/psi/tc2_psi_day_03.00_iter_0000004320.png
      Sandbox/output/TestCase2/Snapshots_cube/alpha_0/psi/tc2_psi_day_04.00_iter_0000005760.png
      Sandbox/output/TestCase2/Snapshots_cube/alpha_0/psi/tc2_psi_day_05.00_iter_0000007200.png
      Sandbox/output/TestCase2/Snapshots_cube/alpha_0/psi/tc2_psi_day_06.00_iter_0000008640.png
      Sandbox/output/TestCase2/Snapshots_cube/alpha_0/psi/tc2_psi_day_07.00_iter_0000010080.png
      Sandbox/output/TestCase2/Snapshots_cube/alpha_0/psi/tc2_psi_day_08.00_iter_0000011520.png
      Sandbox/output/TestCase2/Snapshots_cube/alpha_0/psi/tc2_psi_day_09.00_iter_0000012960.png
      Sandbox/output/TestCase2/Snapshots_cube/alpha_0/psi/tc2_psi_day_10.00_iter_0000014400.png
      Sandbox/output/TestCase2/Snapshots_cube/alpha_0/psi/tc2_psi_day_11.00_iter_0000015840.png
      Sandbox/output/TestCase2/Snapshots_cube/alpha_0/velocity_magnitude/tc2_velocity_magnitude_day_00.00_iter_0000000000.png
      Sandbox/output/TestCase2/Snapshots_cube/alpha_0/velocity_magnitude/tc2_velocity_magnitude_day_01.00_iter_0000001440.png
      Sandbox/output/TestCase2/Snapshots_cube/alpha_0/velocity_magnitude/tc2_velocity_magnitude_day_02.00_iter_0000002880.png
      Sandbox/output/TestCase2/Snapshots_cube/alpha_0/velocity_magnitude/tc2_velocity_magnitude_day_03.00_iter_0000004320.png
      Sandbox/output/TestCase2/Snapshots_cube/alpha_0/velocity_magnitude/tc2_velocity_magnitude_day_04.00_iter_0000005760.png
      Sandbox/output/TestCase2/Snapshots_cube/alpha_0/velocity_magnitude/tc2_velocity_magnitude_day_05.00_iter_0000007200.png
      Sandbox/output/TestCase2/Snapshots_cube/alpha_0/velocity_magnitude/tc2_velocity_magnitude_day_06.00_iter_0000008640.png
      Sandbox/output/TestCase2/Snapshots_cube/alpha_0/velocity_magnitude/tc2_velocity_magnitude_day_07.00_iter_0000010080.png
      Sandbox/output/TestCase2/Snapshots_cube/alpha_0/velocity_magnitude/tc2_velocity_magnitude_day_08.00_iter_0000011520.png
      Sandbox/output/TestCase2/Snapshots_cube/alpha_0/velocity_magnitude/tc2_velocity_magnitude_day_09.00_iter_0000012960.png
      Sandbox/output/TestCase2/Snapshots_cube/alpha_0/velocity_magnitude/tc2_velocity_magnitude_day_10.00_iter_0000014400.png
      Sandbox/output/TestCase2/Snapshots_cube/alpha_0/velocity_magnitude/tc2_velocity_magnitude_day_11.00_iter_0000015840.png
    computed_files: 0
    other_files: 1
      Sandbox/output/TestCase2/Snapshots_cube/alpha_0/manifest.json
  output_dir: Sandbox/output/TestCase2/Snapshots_latlon/alpha_0
    case=TC2 product=snapshots alpha=0
    saved: eta, etan, psi, phi, velocity_magnitude
    plotted_files: 61
      Sandbox/output/TestCase2/Snapshots_latlon/alpha_0/eta/tc2_eta_day_00.00_iter_0000000000.png
      Sandbox/output/TestCase2/Snapshots_latlon/alpha_0/eta/tc2_eta_day_01.00_iter_0000001440.png
      Sandbox/output/TestCase2/Snapshots_latlon/alpha_0/eta/tc2_eta_day_02.00_iter_0000002880.png
      Sandbox/output/TestCase2/Snapshots_latlon/alpha_0/eta/tc2_eta_day_03.00_iter_0000004320.png
      Sandbox/output/TestCase2/Snapshots_latlon/alpha_0/eta/tc2_eta_day_04.00_iter_0000005760.png
      Sandbox/output/TestCase2/Snapshots_latlon/alpha_0/eta/tc2_eta_day_05.00_iter_0000007200.png
      Sandbox/output/TestCase2/Snapshots_latlon/alpha_0/eta/tc2_eta_day_06.00_iter_0000008640.png
      Sandbox/output/TestCase2/Snapshots_latlon/alpha_0/eta/tc2_eta_day_07.00_iter_0000010080.png
      Sandbox/output/TestCase2/Snapshots_latlon/alpha_0/eta/tc2_eta_day_08.00_iter_0000011520.png
      Sandbox/output/TestCase2/Snapshots_latlon/alpha_0/eta/tc2_eta_day_09.00_iter_0000012960.png
      Sandbox/output/TestCase2/Snapshots_latlon/alpha_0/eta/tc2_eta_day_10.00_iter_0000014400.png
      Sandbox/output/TestCase2/Snapshots_latlon/alpha_0/eta/tc2_eta_day_11.00_iter_0000015840.png
      Sandbox/output/TestCase2/Snapshots_latlon/alpha_0/eta/tc2_eta_day_12.00_iter_0000017280.png
      Sandbox/output/TestCase2/Snapshots_latlon/alpha_0/etan/tc2_etan_day_00.00_iter_0000000000.png
      Sandbox/output/TestCase2/Snapshots_latlon/alpha_0/etan/tc2_etan_day_01.00_iter_0000001440.png
      Sandbox/output/TestCase2/Snapshots_latlon/alpha_0/etan/tc2_etan_day_02.00_iter_0000002880.png
      Sandbox/output/TestCase2/Snapshots_latlon/alpha_0/etan/tc2_etan_day_03.00_iter_0000004320.png
      Sandbox/output/TestCase2/Snapshots_latlon/alpha_0/etan/tc2_etan_day_04.00_iter_0000005760.png
      Sandbox/output/TestCase2/Snapshots_latlon/alpha_0/etan/tc2_etan_day_05.00_iter_0000007200.png
      Sandbox/output/TestCase2/Snapshots_latlon/alpha_0/etan/tc2_etan_day_06.00_iter_0000008640.png
      Sandbox/output/TestCase2/Snapshots_latlon/alpha_0/etan/tc2_etan_day_07.00_iter_0000010080.png
      Sandbox/output/TestCase2/Snapshots_latlon/alpha_0/etan/tc2_etan_day_08.00_iter_0000011520.png
      Sandbox/output/TestCase2/Snapshots_latlon/alpha_0/etan/tc2_etan_day_09.00_iter_0000012960.png
      Sandbox/output/TestCase2/Snapshots_latlon/alpha_0/etan/tc2_etan_day_10.00_iter_0000014400.png
      Sandbox/output/TestCase2/Snapshots_latlon/alpha_0/etan/tc2_etan_day_11.00_iter_0000015840.png
      Sandbox/output/TestCase2/Snapshots_latlon/alpha_0/phi/tc2_phi_day_00.00_iter_0000000000.png
      Sandbox/output/TestCase2/Snapshots_latlon/alpha_0/phi/tc2_phi_day_01.00_iter_0000001440.png
      Sandbox/output/TestCase2/Snapshots_latlon/alpha_0/phi/tc2_phi_day_02.00_iter_0000002880.png
      Sandbox/output/TestCase2/Snapshots_latlon/alpha_0/phi/tc2_phi_day_03.00_iter_0000004320.png
      Sandbox/output/TestCase2/Snapshots_latlon/alpha_0/phi/tc2_phi_day_04.00_iter_0000005760.png
      Sandbox/output/TestCase2/Snapshots_latlon/alpha_0/phi/tc2_phi_day_05.00_iter_0000007200.png
      Sandbox/output/TestCase2/Snapshots_latlon/alpha_0/phi/tc2_phi_day_06.00_iter_0000008640.png
      Sandbox/output/TestCase2/Snapshots_latlon/alpha_0/phi/tc2_phi_day_07.00_iter_0000010080.png
      Sandbox/output/TestCase2/Snapshots_latlon/alpha_0/phi/tc2_phi_day_08.00_iter_0000011520.png
      Sandbox/output/TestCase2/Snapshots_latlon/alpha_0/phi/tc2_phi_day_09.00_iter_0000012960.png
      Sandbox/output/TestCase2/Snapshots_latlon/alpha_0/phi/tc2_phi_day_10.00_iter_0000014400.png
      Sandbox/output/TestCase2/Snapshots_latlon/alpha_0/phi/tc2_phi_day_11.00_iter_0000015840.png
      Sandbox/output/TestCase2/Snapshots_latlon/alpha_0/psi/tc2_psi_day_00.00_iter_0000000000.png
      Sandbox/output/TestCase2/Snapshots_latlon/alpha_0/psi/tc2_psi_day_01.00_iter_0000001440.png
      Sandbox/output/TestCase2/Snapshots_latlon/alpha_0/psi/tc2_psi_day_02.00_iter_0000002880.png
      Sandbox/output/TestCase2/Snapshots_latlon/alpha_0/psi/tc2_psi_day_03.00_iter_0000004320.png
      Sandbox/output/TestCase2/Snapshots_latlon/alpha_0/psi/tc2_psi_day_04.00_iter_0000005760.png
      Sandbox/output/TestCase2/Snapshots_latlon/alpha_0/psi/tc2_psi_day_05.00_iter_0000007200.png
      Sandbox/output/TestCase2/Snapshots_latlon/alpha_0/psi/tc2_psi_day_06.00_iter_0000008640.png
      Sandbox/output/TestCase2/Snapshots_latlon/alpha_0/psi/tc2_psi_day_07.00_iter_0000010080.png
      Sandbox/output/TestCase2/Snapshots_latlon/alpha_0/psi/tc2_psi_day_08.00_iter_0000011520.png
      Sandbox/output/TestCase2/Snapshots_latlon/alpha_0/psi/tc2_psi_day_09.00_iter_0000012960.png
      Sandbox/output/TestCase2/Snapshots_latlon/alpha_0/psi/tc2_psi_day_10.00_iter_0000014400.png
      Sandbox/output/TestCase2/Snapshots_latlon/alpha_0/psi/tc2_psi_day_11.00_iter_0000015840.png
      Sandbox/output/TestCase2/Snapshots_latlon/alpha_0/velocity_magnitude/tc2_velocity_magnitude_day_00.00_iter_0000000000.png
      Sandbox/output/TestCase2/Snapshots_latlon/alpha_0/velocity_magnitude/tc2_velocity_magnitude_day_01.00_iter_0000001440.png
      Sandbox/output/TestCase2/Snapshots_latlon/alpha_0/velocity_magnitude/tc2_velocity_magnitude_day_02.00_iter_0000002880.png
      Sandbox/output/TestCase2/Snapshots_latlon/alpha_0/velocity_magnitude/tc2_velocity_magnitude_day_03.00_iter_0000004320.png
      Sandbox/output/TestCase2/Snapshots_latlon/alpha_0/velocity_magnitude/tc2_velocity_magnitude_day_04.00_iter_0000005760.png
      Sandbox/output/TestCase2/Snapshots_latlon/alpha_0/velocity_magnitude/tc2_velocity_magnitude_day_05.00_iter_0000007200.png
      Sandbox/output/TestCase2/Snapshots_latlon/alpha_0/velocity_magnitude/tc2_velocity_magnitude_day_06.00_iter_0000008640.png
      Sandbox/output/TestCase2/Snapshots_latlon/alpha_0/velocity_magnitude/tc2_velocity_magnitude_day_07.00_iter_0000010080.png
      Sandbox/output/TestCase2/Snapshots_latlon/alpha_0/velocity_magnitude/tc2_velocity_magnitude_day_08.00_iter_0000011520.png
      Sandbox/output/TestCase2/Snapshots_latlon/alpha_0/velocity_magnitude/tc2_velocity_magnitude_day_09.00_iter_0000012960.png
      Sandbox/output/TestCase2/Snapshots_latlon/alpha_0/velocity_magnitude/tc2_velocity_magnitude_day_10.00_iter_0000014400.png
      Sandbox/output/TestCase2/Snapshots_latlon/alpha_0/velocity_magnitude/tc2_velocity_magnitude_day_11.00_iter_0000015840.png
    computed_files: 0
    other_files: 1
      Sandbox/output/TestCase2/Snapshots_latlon/alpha_0/manifest.json

Sent to docs index
  output: Sandbox/output/TestCase2/Diagnosis/error/alpha_0/TC2_error_norms.csv
    docs_asset: docs/assets/williamson/TestCase2/Diagnosis/error/alpha_0/TC2_error_norms.csv
    referenced_by: docs/fragments/testcase2.html, docs/index.html
  output: Sandbox/output/TestCase2/Diagnosis/error/alpha_0/TC2_error_norms.png
    docs_asset: docs/assets/williamson/TestCase2/Diagnosis/error/alpha_0/TC2_error_norms.png
    referenced_by: docs/fragments/testcase2.html, docs/index.html
  output: Sandbox/output/TestCase2/Diagnosis/error/alpha_0/TC2_error_norms.txt
    docs_asset: docs/assets/williamson/TestCase2/Diagnosis/error/alpha_0/TC2_error_norms.txt
    referenced_by: docs/fragments/testcase2.html, docs/index.html
  output: Sandbox/output/TestCase2/Diagnosis/error/alpha_0/manifest.json
    docs_asset: docs/assets/williamson/TestCase2/Diagnosis/error/alpha_0/manifest.json
    referenced_by: docs/fragments/testcase2.html, docs/index.html
  output: Sandbox/output/TestCase2/Diagnosis/postprocessing/alpha_0/manifest.json
    docs_asset: docs/assets/williamson/TestCase2/Diagnosis/postprocessing/alpha_0/manifest.json
    referenced_by: docs/fragments/testcase2.html, docs/index.html
  output: Sandbox/output/TestCase2/Diagnosis/postprocessing/alpha_0/postprocessing_energies.png
    docs_asset: docs/assets/williamson/TestCase2/Diagnosis/postprocessing/alpha_0/postprocessing_energies.png
    referenced_by: docs/fragments/testcase2.html, docs/index.html
  output: Sandbox/output/TestCase2/Diagnosis/postprocessing/alpha_0/postprocessing_mass.png
    docs_asset: docs/assets/williamson/TestCase2/Diagnosis/postprocessing/alpha_0/postprocessing_mass.png
    referenced_by: docs/fragments/testcase2.html, docs/index.html
  output: Sandbox/output/TestCase2/Diagnosis/postprocessing/alpha_0/postprocessing_values.csv
    docs_asset: docs/assets/williamson/TestCase2/Diagnosis/postprocessing/alpha_0/postprocessing_values.csv
    referenced_by: docs/fragments/testcase2.html, docs/index.html
  output: Sandbox/output/TestCase2/Snapshots_latlon/alpha_0/eta/tc2_eta_day_00.00_iter_0000000000.png
    docs_asset: docs/assets/williamson/TestCase2/Snapshots_latlon/alpha_0/eta/tc2_eta_day_00.00_iter_0000000000.png
    referenced_by: docs/fragments/testcase2.html, docs/index.html
  output: Sandbox/output/TestCase2/Snapshots_latlon/alpha_0/eta/tc2_eta_day_03.00_iter_0000004320.png
    docs_asset: docs/assets/williamson/TestCase2/Snapshots_latlon/alpha_0/eta/tc2_eta_day_03.00_iter_0000004320.png
    referenced_by: docs/fragments/testcase2.html, docs/index.html
  output: Sandbox/output/TestCase2/Snapshots_latlon/alpha_0/eta/tc2_eta_day_06.00_iter_0000008640.png
    docs_asset: docs/assets/williamson/TestCase2/Snapshots_latlon/alpha_0/eta/tc2_eta_day_06.00_iter_0000008640.png
    referenced_by: docs/fragments/testcase2.html, docs/index.html
  output: Sandbox/output/TestCase2/Snapshots_latlon/alpha_0/eta/tc2_eta_day_09.00_iter_0000012960.png
    docs_asset: docs/assets/williamson/TestCase2/Snapshots_latlon/alpha_0/eta/tc2_eta_day_09.00_iter_0000012960.png
    referenced_by: docs/fragments/testcase2.html, docs/index.html
  output: Sandbox/output/TestCase2/Snapshots_latlon/alpha_0/eta/tc2_eta_day_10.00_iter_0000014400.png
    docs_asset: docs/assets/williamson/TestCase2/Snapshots_latlon/alpha_0/eta/tc2_eta_day_10.00_iter_0000014400.png
    referenced_by: docs/fragments/testcase2.html, docs/index.html
  output: Sandbox/output/TestCase2/Snapshots_latlon/alpha_0/eta/tc2_eta_day_12.00_iter_0000017280.png
    docs_asset: docs/assets/williamson/TestCase2/Snapshots_latlon/alpha_0/eta/tc2_eta_day_12.00_iter_0000017280.png
    referenced_by: docs/fragments/testcase2.html, docs/index.html
  output: Sandbox/output/TestCase2/Snapshots_latlon/alpha_0/etan/tc2_etan_day_00.00_iter_0000000000.png
    docs_asset: docs/assets/williamson/TestCase2/Snapshots_latlon/alpha_0/etan/tc2_etan_day_00.00_iter_0000000000.png
    referenced_by: docs/fragments/testcase2.html, docs/index.html
  output: Sandbox/output/TestCase2/Snapshots_latlon/alpha_0/etan/tc2_etan_day_03.00_iter_0000004320.png
    docs_asset: docs/assets/williamson/TestCase2/Snapshots_latlon/alpha_0/etan/tc2_etan_day_03.00_iter_0000004320.png
    referenced_by: docs/fragments/testcase2.html, docs/index.html
  output: Sandbox/output/TestCase2/Snapshots_latlon/alpha_0/etan/tc2_etan_day_06.00_iter_0000008640.png
    docs_asset: docs/assets/williamson/TestCase2/Snapshots_latlon/alpha_0/etan/tc2_etan_day_06.00_iter_0000008640.png
    referenced_by: docs/fragments/testcase2.html, docs/index.html
  output: Sandbox/output/TestCase2/Snapshots_latlon/alpha_0/etan/tc2_etan_day_09.00_iter_0000012960.png
    docs_asset: docs/assets/williamson/TestCase2/Snapshots_latlon/alpha_0/etan/tc2_etan_day_09.00_iter_0000012960.png
    referenced_by: docs/fragments/testcase2.html, docs/index.html
  output: Sandbox/output/TestCase2/Snapshots_latlon/alpha_0/etan/tc2_etan_day_10.00_iter_0000014400.png
    docs_asset: docs/assets/williamson/TestCase2/Snapshots_latlon/alpha_0/etan/tc2_etan_day_10.00_iter_0000014400.png
    referenced_by: docs/fragments/testcase2.html, docs/index.html
  output: Sandbox/output/TestCase2/Snapshots_latlon/alpha_0/phi/tc2_phi_day_00.00_iter_0000000000.png
    docs_asset: docs/assets/williamson/TestCase2/Snapshots_latlon/alpha_0/phi/tc2_phi_day_00.00_iter_0000000000.png
    referenced_by: docs/fragments/testcase2.html, docs/index.html
  output: Sandbox/output/TestCase2/Snapshots_latlon/alpha_0/phi/tc2_phi_day_03.00_iter_0000004320.png
    docs_asset: docs/assets/williamson/TestCase2/Snapshots_latlon/alpha_0/phi/tc2_phi_day_03.00_iter_0000004320.png
    referenced_by: docs/fragments/testcase2.html, docs/index.html
  output: Sandbox/output/TestCase2/Snapshots_latlon/alpha_0/phi/tc2_phi_day_06.00_iter_0000008640.png
    docs_asset: docs/assets/williamson/TestCase2/Snapshots_latlon/alpha_0/phi/tc2_phi_day_06.00_iter_0000008640.png
    referenced_by: docs/fragments/testcase2.html, docs/index.html
  output: Sandbox/output/TestCase2/Snapshots_latlon/alpha_0/phi/tc2_phi_day_09.00_iter_0000012960.png
    docs_asset: docs/assets/williamson/TestCase2/Snapshots_latlon/alpha_0/phi/tc2_phi_day_09.00_iter_0000012960.png
    referenced_by: docs/fragments/testcase2.html, docs/index.html
  output: Sandbox/output/TestCase2/Snapshots_latlon/alpha_0/phi/tc2_phi_day_10.00_iter_0000014400.png
    docs_asset: docs/assets/williamson/TestCase2/Snapshots_latlon/alpha_0/phi/tc2_phi_day_10.00_iter_0000014400.png
    referenced_by: docs/fragments/testcase2.html, docs/index.html
  output: Sandbox/output/TestCase2/Snapshots_latlon/alpha_0/psi/tc2_psi_day_00.00_iter_0000000000.png
    docs_asset: docs/assets/williamson/TestCase2/Snapshots_latlon/alpha_0/psi/tc2_psi_day_00.00_iter_0000000000.png
    referenced_by: docs/fragments/testcase2.html, docs/index.html
  output: Sandbox/output/TestCase2/Snapshots_latlon/alpha_0/psi/tc2_psi_day_03.00_iter_0000004320.png
    docs_asset: docs/assets/williamson/TestCase2/Snapshots_latlon/alpha_0/psi/tc2_psi_day_03.00_iter_0000004320.png
    referenced_by: docs/fragments/testcase2.html, docs/index.html
  output: Sandbox/output/TestCase2/Snapshots_latlon/alpha_0/psi/tc2_psi_day_06.00_iter_0000008640.png
    docs_asset: docs/assets/williamson/TestCase2/Snapshots_latlon/alpha_0/psi/tc2_psi_day_06.00_iter_0000008640.png
    referenced_by: docs/fragments/testcase2.html, docs/index.html
  output: Sandbox/output/TestCase2/Snapshots_latlon/alpha_0/psi/tc2_psi_day_09.00_iter_0000012960.png
    docs_asset: docs/assets/williamson/TestCase2/Snapshots_latlon/alpha_0/psi/tc2_psi_day_09.00_iter_0000012960.png
    referenced_by: docs/fragments/testcase2.html, docs/index.html
  output: Sandbox/output/TestCase2/Snapshots_latlon/alpha_0/psi/tc2_psi_day_10.00_iter_0000014400.png
    docs_asset: docs/assets/williamson/TestCase2/Snapshots_latlon/alpha_0/psi/tc2_psi_day_10.00_iter_0000014400.png
    referenced_by: docs/fragments/testcase2.html, docs/index.html
  output: Sandbox/output/TestCase2/Snapshots_latlon/alpha_0/velocity_magnitude/tc2_velocity_magnitude_day_00.00_iter_0000000000.png
    docs_asset: docs/assets/williamson/TestCase2/Snapshots_latlon/alpha_0/velocity_magnitude/tc2_velocity_magnitude_day_00.00_iter_0000000000.png
    referenced_by: docs/fragments/testcase2.html, docs/index.html
  output: Sandbox/output/TestCase2/Snapshots_latlon/alpha_0/velocity_magnitude/tc2_velocity_magnitude_day_03.00_iter_0000004320.png
    docs_asset: docs/assets/williamson/TestCase2/Snapshots_latlon/alpha_0/velocity_magnitude/tc2_velocity_magnitude_day_03.00_iter_0000004320.png
    referenced_by: docs/fragments/testcase2.html, docs/index.html
  output: Sandbox/output/TestCase2/Snapshots_latlon/alpha_0/velocity_magnitude/tc2_velocity_magnitude_day_06.00_iter_0000008640.png
    docs_asset: docs/assets/williamson/TestCase2/Snapshots_latlon/alpha_0/velocity_magnitude/tc2_velocity_magnitude_day_06.00_iter_0000008640.png
    referenced_by: docs/fragments/testcase2.html, docs/index.html
  output: Sandbox/output/TestCase2/Snapshots_latlon/alpha_0/velocity_magnitude/tc2_velocity_magnitude_day_09.00_iter_0000012960.png
    docs_asset: docs/assets/williamson/TestCase2/Snapshots_latlon/alpha_0/velocity_magnitude/tc2_velocity_magnitude_day_09.00_iter_0000012960.png
    referenced_by: docs/fragments/testcase2.html, docs/index.html
  output: Sandbox/output/TestCase2/Snapshots_latlon/alpha_0/velocity_magnitude/tc2_velocity_magnitude_day_10.00_iter_0000014400.png
    docs_asset: docs/assets/williamson/TestCase2/Snapshots_latlon/alpha_0/velocity_magnitude/tc2_velocity_magnitude_day_10.00_iter_0000014400.png
    referenced_by: docs/fragments/testcase2.html, docs/index.html

Run directory file manifest
  AngleCS.data bytes=49152 (48.0 KiB) mtime_utc=2026-07-05T15:16:56+00:00
  AngleCS.meta bytes=129 (129 B) mtime_utc=2026-07-05T15:16:56+00:00
  AngleSN.data bytes=49152 (48.0 KiB) mtime_utc=2026-07-05T15:16:56+00:00
  AngleSN.meta bytes=129 (129 B) mtime_utc=2026-07-05T15:16:56+00:00
  DRC.data bytes=16 (16 B) mtime_utc=2026-07-05T15:16:56+00:00
  DRC.meta bytes=149 (149 B) mtime_utc=2026-07-05T15:16:56+00:00
  DRF.data bytes=8 (8 B) mtime_utc=2026-07-05T15:16:56+00:00
  DRF.meta bytes=129 (129 B) mtime_utc=2026-07-05T15:16:56+00:00
  DXC.data bytes=49152 (48.0 KiB) mtime_utc=2026-07-05T15:16:56+00:00
  DXC.meta bytes=129 (129 B) mtime_utc=2026-07-05T15:16:56+00:00
  DXF.data bytes=49152 (48.0 KiB) mtime_utc=2026-07-05T15:16:56+00:00
  DXF.meta bytes=129 (129 B) mtime_utc=2026-07-05T15:16:56+00:00
  DXG.data bytes=49152 (48.0 KiB) mtime_utc=2026-07-05T15:16:56+00:00
  DXG.meta bytes=129 (129 B) mtime_utc=2026-07-05T15:16:56+00:00
  DXV.data bytes=49152 (48.0 KiB) mtime_utc=2026-07-05T15:16:56+00:00
  DXV.meta bytes=129 (129 B) mtime_utc=2026-07-05T15:16:56+00:00
  DYC.data bytes=49152 (48.0 KiB) mtime_utc=2026-07-05T15:16:56+00:00
  DYC.meta bytes=129 (129 B) mtime_utc=2026-07-05T15:16:56+00:00
  DYF.data bytes=49152 (48.0 KiB) mtime_utc=2026-07-05T15:16:56+00:00
  DYF.meta bytes=129 (129 B) mtime_utc=2026-07-05T15:16:56+00:00
  DYG.data bytes=49152 (48.0 KiB) mtime_utc=2026-07-05T15:16:56+00:00
  DYG.meta bytes=129 (129 B) mtime_utc=2026-07-05T15:16:56+00:00
  DYU.data bytes=49152 (48.0 KiB) mtime_utc=2026-07-05T15:16:56+00:00
  DYU.meta bytes=129 (129 B) mtime_utc=2026-07-05T15:16:56+00:00
  Depth.data bytes=49152 (48.0 KiB) mtime_utc=2026-07-05T15:16:56+00:00
  Depth.meta bytes=129 (129 B) mtime_utc=2026-07-05T15:16:56+00:00
  Eta.0000000000.data bytes=49152 (48.0 KiB) mtime_utc=2026-07-05T15:16:56+00:00
  Eta.0000000000.meta bytes=163 (163 B) mtime_utc=2026-07-05T15:16:56+00:00
  Eta.0000001440.data bytes=49152 (48.0 KiB) mtime_utc=2026-07-05T15:16:58+00:00
  Eta.0000001440.meta bytes=163 (163 B) mtime_utc=2026-07-05T15:16:58+00:00
  Eta.0000002880.data bytes=49152 (48.0 KiB) mtime_utc=2026-07-05T15:17:00+00:00
  Eta.0000002880.meta bytes=163 (163 B) mtime_utc=2026-07-05T15:17:00+00:00
  Eta.0000004320.data bytes=49152 (48.0 KiB) mtime_utc=2026-07-05T15:17:02+00:00
  Eta.0000004320.meta bytes=163 (163 B) mtime_utc=2026-07-05T15:17:02+00:00
  Eta.0000005760.data bytes=49152 (48.0 KiB) mtime_utc=2026-07-05T15:17:04+00:00
  Eta.0000005760.meta bytes=163 (163 B) mtime_utc=2026-07-05T15:17:04+00:00
  Eta.0000007200.data bytes=49152 (48.0 KiB) mtime_utc=2026-07-05T15:17:06+00:00
  Eta.0000007200.meta bytes=163 (163 B) mtime_utc=2026-07-05T15:17:06+00:00
  Eta.0000008640.data bytes=49152 (48.0 KiB) mtime_utc=2026-07-05T15:17:08+00:00
  Eta.0000008640.meta bytes=163 (163 B) mtime_utc=2026-07-05T15:17:08+00:00
  Eta.0000010080.data bytes=49152 (48.0 KiB) mtime_utc=2026-07-05T15:17:10+00:00
  Eta.0000010080.meta bytes=163 (163 B) mtime_utc=2026-07-05T15:17:10+00:00
  Eta.0000011520.data bytes=49152 (48.0 KiB) mtime_utc=2026-07-05T15:17:12+00:00
  Eta.0000011520.meta bytes=163 (163 B) mtime_utc=2026-07-05T15:17:12+00:00
  Eta.0000012960.data bytes=49152 (48.0 KiB) mtime_utc=2026-07-05T15:17:14+00:00
  Eta.0000012960.meta bytes=163 (163 B) mtime_utc=2026-07-05T15:17:14+00:00
  Eta.0000014400.data bytes=49152 (48.0 KiB) mtime_utc=2026-07-05T15:17:16+00:00
  Eta.0000014400.meta bytes=163 (163 B) mtime_utc=2026-07-05T15:17:16+00:00
  Eta.0000015840.data bytes=49152 (48.0 KiB) mtime_utc=2026-07-05T15:17:18+00:00
  Eta.0000015840.meta bytes=163 (163 B) mtime_utc=2026-07-05T15:17:18+00:00
  Eta.0000017280.data bytes=49152 (48.0 KiB) mtime_utc=2026-07-05T15:17:20+00:00
  Eta.0000017280.meta bytes=163 (163 B) mtime_utc=2026-07-05T15:17:20+00:00
  PH.0000001440.data bytes=49152 (48.0 KiB) mtime_utc=2026-07-05T15:16:58+00:00
  PH.0000001440.meta bytes=163 (163 B) mtime_utc=2026-07-05T15:16:58+00:00
  PH.0000002880.data bytes=49152 (48.0 KiB) mtime_utc=2026-07-05T15:17:00+00:00
  PH.0000002880.meta bytes=163 (163 B) mtime_utc=2026-07-05T15:17:00+00:00
  PH.0000004320.data bytes=49152 (48.0 KiB) mtime_utc=2026-07-05T15:17:02+00:00
  PH.0000004320.meta bytes=163 (163 B) mtime_utc=2026-07-05T15:17:02+00:00
  PH.0000005760.data bytes=49152 (48.0 KiB) mtime_utc=2026-07-05T15:17:04+00:00
  PH.0000005760.meta bytes=163 (163 B) mtime_utc=2026-07-05T15:17:04+00:00
  PH.0000007200.data bytes=49152 (48.0 KiB) mtime_utc=2026-07-05T15:17:06+00:00
  PH.0000007200.meta bytes=163 (163 B) mtime_utc=2026-07-05T15:17:06+00:00
  PH.0000008640.data bytes=49152 (48.0 KiB) mtime_utc=2026-07-05T15:17:08+00:00
  PH.0000008640.meta bytes=163 (163 B) mtime_utc=2026-07-05T15:17:08+00:00
  PH.0000010080.data bytes=49152 (48.0 KiB) mtime_utc=2026-07-05T15:17:10+00:00
  PH.0000010080.meta bytes=163 (163 B) mtime_utc=2026-07-05T15:17:10+00:00
  PH.0000011520.data bytes=49152 (48.0 KiB) mtime_utc=2026-07-05T15:17:12+00:00
  PH.0000011520.meta bytes=163 (163 B) mtime_utc=2026-07-05T15:17:12+00:00
  PH.0000012960.data bytes=49152 (48.0 KiB) mtime_utc=2026-07-05T15:17:14+00:00
  PH.0000012960.meta bytes=163 (163 B) mtime_utc=2026-07-05T15:17:14+00:00
  PH.0000014400.data bytes=49152 (48.0 KiB) mtime_utc=2026-07-05T15:17:16+00:00
  PH.0000014400.meta bytes=163 (163 B) mtime_utc=2026-07-05T15:17:16+00:00
  PH.0000015840.data bytes=49152 (48.0 KiB) mtime_utc=2026-07-05T15:17:18+00:00
  PH.0000015840.meta bytes=163 (163 B) mtime_utc=2026-07-05T15:17:18+00:00
  PH.0000017280.data bytes=49152 (48.0 KiB) mtime_utc=2026-07-05T15:17:20+00:00
  PH.0000017280.meta bytes=163 (163 B) mtime_utc=2026-07-05T15:17:20+00:00
  PHL.0000001440.data bytes=49152 (48.0 KiB) mtime_utc=2026-07-05T15:16:58+00:00
  PHL.0000001440.meta bytes=163 (163 B) mtime_utc=2026-07-05T15:16:58+00:00
  PHL.0000002880.data bytes=49152 (48.0 KiB) mtime_utc=2026-07-05T15:17:00+00:00
  PHL.0000002880.meta bytes=163 (163 B) mtime_utc=2026-07-05T15:17:00+00:00
  PHL.0000004320.data bytes=49152 (48.0 KiB) mtime_utc=2026-07-05T15:17:02+00:00
  PHL.0000004320.meta bytes=163 (163 B) mtime_utc=2026-07-05T15:17:02+00:00
  PHL.0000005760.data bytes=49152 (48.0 KiB) mtime_utc=2026-07-05T15:17:04+00:00
  PHL.0000005760.meta bytes=163 (163 B) mtime_utc=2026-07-05T15:17:04+00:00
  PHL.0000007200.data bytes=49152 (48.0 KiB) mtime_utc=2026-07-05T15:17:06+00:00
  PHL.0000007200.meta bytes=163 (163 B) mtime_utc=2026-07-05T15:17:06+00:00
  PHL.0000008640.data bytes=49152 (48.0 KiB) mtime_utc=2026-07-05T15:17:08+00:00
  PHL.0000008640.meta bytes=163 (163 B) mtime_utc=2026-07-05T15:17:08+00:00
  PHL.0000010080.data bytes=49152 (48.0 KiB) mtime_utc=2026-07-05T15:17:10+00:00
  PHL.0000010080.meta bytes=163 (163 B) mtime_utc=2026-07-05T15:17:10+00:00
  PHL.0000011520.data bytes=49152 (48.0 KiB) mtime_utc=2026-07-05T15:17:12+00:00
  PHL.0000011520.meta bytes=163 (163 B) mtime_utc=2026-07-05T15:17:12+00:00
  PHL.0000012960.data bytes=49152 (48.0 KiB) mtime_utc=2026-07-05T15:17:14+00:00
  PHL.0000012960.meta bytes=163 (163 B) mtime_utc=2026-07-05T15:17:14+00:00
  PHL.0000014400.data bytes=49152 (48.0 KiB) mtime_utc=2026-07-05T15:17:16+00:00
  PHL.0000014400.meta bytes=163 (163 B) mtime_utc=2026-07-05T15:17:16+00:00
  PHL.0000015840.data bytes=49152 (48.0 KiB) mtime_utc=2026-07-05T15:17:18+00:00
  PHL.0000015840.meta bytes=163 (163 B) mtime_utc=2026-07-05T15:17:18+00:00
  PHL.0000017280.data bytes=49152 (48.0 KiB) mtime_utc=2026-07-05T15:17:20+00:00
  PHL.0000017280.meta bytes=163 (163 B) mtime_utc=2026-07-05T15:17:20+00:00
  PHrefC.data bytes=8 (8 B) mtime_utc=2026-07-05T15:16:56+00:00
  PHrefC.meta bytes=129 (129 B) mtime_utc=2026-07-05T15:16:56+00:00
  PHrefF.data bytes=16 (16 B) mtime_utc=2026-07-05T15:16:56+00:00
  PHrefF.meta bytes=149 (149 B) mtime_utc=2026-07-05T15:16:56+00:00
  RAC.data bytes=49152 (48.0 KiB) mtime_utc=2026-07-05T15:16:56+00:00
  RAC.meta bytes=129 (129 B) mtime_utc=2026-07-05T15:16:56+00:00
  RAS.data bytes=49152 (48.0 KiB) mtime_utc=2026-07-05T15:16:56+00:00
  RAS.meta bytes=129 (129 B) mtime_utc=2026-07-05T15:16:56+00:00
  RAW.data bytes=49152 (48.0 KiB) mtime_utc=2026-07-05T15:16:56+00:00
  RAW.meta bytes=129 (129 B) mtime_utc=2026-07-05T15:16:56+00:00
  RAZ.data bytes=49152 (48.0 KiB) mtime_utc=2026-07-05T15:16:56+00:00
  RAZ.meta bytes=129 (129 B) mtime_utc=2026-07-05T15:16:56+00:00
  RC.data bytes=8 (8 B) mtime_utc=2026-07-05T15:16:56+00:00
  RC.meta bytes=129 (129 B) mtime_utc=2026-07-05T15:16:56+00:00
  RF.data bytes=16 (16 B) mtime_utc=2026-07-05T15:16:56+00:00
  RF.meta bytes=149 (149 B) mtime_utc=2026-07-05T15:16:56+00:00
  RhoRef.data bytes=8 (8 B) mtime_utc=2026-07-05T15:16:56+00:00
  RhoRef.meta bytes=129 (129 B) mtime_utc=2026-07-05T15:16:56+00:00
  S.0000000000.data bytes=49152 (48.0 KiB) mtime_utc=2026-07-05T15:16:56+00:00
  S.0000000000.meta bytes=163 (163 B) mtime_utc=2026-07-05T15:16:56+00:00
  S.0000001440.data bytes=49152 (48.0 KiB) mtime_utc=2026-07-05T15:16:58+00:00
  S.0000001440.meta bytes=163 (163 B) mtime_utc=2026-07-05T15:16:58+00:00
  S.0000002880.data bytes=49152 (48.0 KiB) mtime_utc=2026-07-05T15:17:00+00:00
  S.0000002880.meta bytes=163 (163 B) mtime_utc=2026-07-05T15:17:00+00:00
  S.0000004320.data bytes=49152 (48.0 KiB) mtime_utc=2026-07-05T15:17:02+00:00
  S.0000004320.meta bytes=163 (163 B) mtime_utc=2026-07-05T15:17:02+00:00
  S.0000005760.data bytes=49152 (48.0 KiB) mtime_utc=2026-07-05T15:17:04+00:00
  S.0000005760.meta bytes=163 (163 B) mtime_utc=2026-07-05T15:17:04+00:00
  S.0000007200.data bytes=49152 (48.0 KiB) mtime_utc=2026-07-05T15:17:06+00:00
  S.0000007200.meta bytes=163 (163 B) mtime_utc=2026-07-05T15:17:06+00:00
  S.0000008640.data bytes=49152 (48.0 KiB) mtime_utc=2026-07-05T15:17:08+00:00
  S.0000008640.meta bytes=163 (163 B) mtime_utc=2026-07-05T15:17:08+00:00
  S.0000010080.data bytes=49152 (48.0 KiB) mtime_utc=2026-07-05T15:17:10+00:00
  S.0000010080.meta bytes=163 (163 B) mtime_utc=2026-07-05T15:17:10+00:00
  S.0000011520.data bytes=49152 (48.0 KiB) mtime_utc=2026-07-05T15:17:12+00:00
  S.0000011520.meta bytes=163 (163 B) mtime_utc=2026-07-05T15:17:12+00:00
  S.0000012960.data bytes=49152 (48.0 KiB) mtime_utc=2026-07-05T15:17:14+00:00
  S.0000012960.meta bytes=163 (163 B) mtime_utc=2026-07-05T15:17:14+00:00
  S.0000014400.data bytes=49152 (48.0 KiB) mtime_utc=2026-07-05T15:17:16+00:00
  S.0000014400.meta bytes=163 (163 B) mtime_utc=2026-07-05T15:17:16+00:00
  S.0000015840.data bytes=49152 (48.0 KiB) mtime_utc=2026-07-05T15:17:18+00:00
  S.0000015840.meta bytes=163 (163 B) mtime_utc=2026-07-05T15:17:18+00:00
  S.0000017280.data bytes=49152 (48.0 KiB) mtime_utc=2026-07-05T15:17:20+00:00
  S.0000017280.meta bytes=163 (163 B) mtime_utc=2026-07-05T15:17:20+00:00
  STDERR.0000 bytes=0 (0 B) mtime_utc=2026-07-05T15:16:53+00:00
  STDERR.0001 bytes=0 (0 B) mtime_utc=2026-07-05T15:16:53+00:00
  STDERR.0002 bytes=0 (0 B) mtime_utc=2026-07-05T15:16:53+00:00
  STDERR.0003 bytes=0 (0 B) mtime_utc=2026-07-05T15:16:53+00:00
  STDERR.0004 bytes=0 (0 B) mtime_utc=2026-07-05T15:16:53+00:00
  STDERR.0005 bytes=0 (0 B) mtime_utc=2026-07-05T15:16:53+00:00
  STDERR.0006 bytes=0 (0 B) mtime_utc=2026-07-05T15:16:53+00:00
  STDERR.0007 bytes=0 (0 B) mtime_utc=2026-07-05T15:16:53+00:00
  STDERR.0008 bytes=0 (0 B) mtime_utc=2026-07-05T15:16:53+00:00
  STDERR.0009 bytes=0 (0 B) mtime_utc=2026-07-05T15:16:53+00:00
  STDERR.0010 bytes=0 (0 B) mtime_utc=2026-07-05T15:16:53+00:00
  STDERR.0011 bytes=0 (0 B) mtime_utc=2026-07-05T15:16:53+00:00
  STDERR.0012 bytes=0 (0 B) mtime_utc=2026-07-05T15:16:53+00:00
  STDERR.0013 bytes=0 (0 B) mtime_utc=2026-07-05T15:16:53+00:00
  STDERR.0014 bytes=0 (0 B) mtime_utc=2026-07-05T15:16:53+00:00
  STDERR.0015 bytes=0 (0 B) mtime_utc=2026-07-05T15:16:53+00:00
  STDERR.0016 bytes=0 (0 B) mtime_utc=2026-07-05T15:16:53+00:00
  STDERR.0017 bytes=0 (0 B) mtime_utc=2026-07-05T15:16:53+00:00
  STDERR.0018 bytes=0 (0 B) mtime_utc=2026-07-05T15:16:53+00:00
  STDERR.0019 bytes=0 (0 B) mtime_utc=2026-07-05T15:16:53+00:00
  STDERR.0020 bytes=0 (0 B) mtime_utc=2026-07-05T15:16:53+00:00
  STDERR.0021 bytes=0 (0 B) mtime_utc=2026-07-05T15:16:53+00:00
  STDERR.0022 bytes=0 (0 B) mtime_utc=2026-07-05T15:16:53+00:00
  STDERR.0023 bytes=0 (0 B) mtime_utc=2026-07-05T15:16:53+00:00
  STDERR.0024 bytes=0 (0 B) mtime_utc=2026-07-05T15:16:53+00:00
  STDERR.0025 bytes=0 (0 B) mtime_utc=2026-07-05T15:16:53+00:00
  STDERR.0026 bytes=0 (0 B) mtime_utc=2026-07-05T15:16:53+00:00
  STDERR.0027 bytes=0 (0 B) mtime_utc=2026-07-05T15:16:53+00:00
  STDERR.0028 bytes=0 (0 B) mtime_utc=2026-07-05T15:16:53+00:00
  STDERR.0029 bytes=0 (0 B) mtime_utc=2026-07-05T15:16:53+00:00
  STDERR.0030 bytes=0 (0 B) mtime_utc=2026-07-05T15:16:53+00:00
  STDERR.0031 bytes=0 (0 B) mtime_utc=2026-07-05T15:16:53+00:00
  STDERR.0032 bytes=0 (0 B) mtime_utc=2026-07-05T15:16:53+00:00
  STDERR.0033 bytes=0 (0 B) mtime_utc=2026-07-05T15:16:53+00:00
  STDERR.0034 bytes=0 (0 B) mtime_utc=2026-07-05T15:16:53+00:00
  STDERR.0035 bytes=0 (0 B) mtime_utc=2026-07-05T15:16:53+00:00
  STDERR.0036 bytes=0 (0 B) mtime_utc=2026-07-05T15:16:53+00:00
  STDERR.0037 bytes=0 (0 B) mtime_utc=2026-07-05T15:16:53+00:00
  STDERR.0038 bytes=0 (0 B) mtime_utc=2026-07-05T15:16:53+00:00
  STDERR.0039 bytes=0 (0 B) mtime_utc=2026-07-05T15:16:53+00:00
  STDERR.0040 bytes=0 (0 B) mtime_utc=2026-07-05T15:16:53+00:00
  STDERR.0041 bytes=0 (0 B) mtime_utc=2026-07-05T15:16:53+00:00
  STDERR.0042 bytes=0 (0 B) mtime_utc=2026-07-05T15:16:53+00:00
  STDERR.0043 bytes=0 (0 B) mtime_utc=2026-07-05T15:16:53+00:00
  STDERR.0044 bytes=0 (0 B) mtime_utc=2026-07-05T15:16:53+00:00
  STDERR.0045 bytes=0 (0 B) mtime_utc=2026-07-05T15:16:53+00:00
  STDERR.0046 bytes=0 (0 B) mtime_utc=2026-07-05T15:16:53+00:00
  STDERR.0047 bytes=0 (0 B) mtime_utc=2026-07-05T15:16:53+00:00
  STDOUT.0000 bytes=1383595 (1.3 MiB) mtime_utc=2026-07-05T15:17:09+00:00
  STDOUT.0001 bytes=1330117 (1.3 MiB) mtime_utc=2026-07-05T15:17:09+00:00
  STDOUT.0002 bytes=1330117 (1.3 MiB) mtime_utc=2026-07-05T15:17:09+00:00
  STDOUT.0003 bytes=1330117 (1.3 MiB) mtime_utc=2026-07-05T15:17:09+00:00
  STDOUT.0004 bytes=1330117 (1.3 MiB) mtime_utc=2026-07-05T15:17:09+00:00
  STDOUT.0005 bytes=1330112 (1.3 MiB) mtime_utc=2026-07-05T15:17:09+00:00
  STDOUT.0006 bytes=1330117 (1.3 MiB) mtime_utc=2026-07-05T15:17:09+00:00
  STDOUT.0007 bytes=1330122 (1.3 MiB) mtime_utc=2026-07-05T15:17:09+00:00
  STDOUT.0008 bytes=1330117 (1.3 MiB) mtime_utc=2026-07-05T15:17:09+00:00
  STDOUT.0009 bytes=1330117 (1.3 MiB) mtime_utc=2026-07-05T15:17:09+00:00
  STDOUT.0010 bytes=1330117 (1.3 MiB) mtime_utc=2026-07-05T15:17:09+00:00
  STDOUT.0011 bytes=1330206 (1.3 MiB) mtime_utc=2026-07-05T15:17:09+00:00
  STDOUT.0012 bytes=1330117 (1.3 MiB) mtime_utc=2026-07-05T15:17:09+00:00
  STDOUT.0013 bytes=1330201 (1.3 MiB) mtime_utc=2026-07-05T15:17:09+00:00
  STDOUT.0014 bytes=1330117 (1.3 MiB) mtime_utc=2026-07-05T15:17:09+00:00
  STDOUT.0015 bytes=1330117 (1.3 MiB) mtime_utc=2026-07-05T15:17:09+00:00
  STDOUT.0016 bytes=1330117 (1.3 MiB) mtime_utc=2026-07-05T15:17:09+00:00
  STDOUT.0017 bytes=1330117 (1.3 MiB) mtime_utc=2026-07-05T15:17:09+00:00
  STDOUT.0018 bytes=1330122 (1.3 MiB) mtime_utc=2026-07-05T15:17:09+00:00
  STDOUT.0019 bytes=1330122 (1.3 MiB) mtime_utc=2026-07-05T15:17:09+00:00
  STDOUT.0020 bytes=1330117 (1.3 MiB) mtime_utc=2026-07-05T15:17:09+00:00
  STDOUT.0021 bytes=1330112 (1.3 MiB) mtime_utc=2026-07-05T15:17:09+00:00
  STDOUT.0022 bytes=1330117 (1.3 MiB) mtime_utc=2026-07-05T15:17:09+00:00
  STDOUT.0023 bytes=1330117 (1.3 MiB) mtime_utc=2026-07-05T15:17:09+00:00
  STDOUT.0024 bytes=1330206 (1.3 MiB) mtime_utc=2026-07-05T15:17:09+00:00
  STDOUT.0025 bytes=1330211 (1.3 MiB) mtime_utc=2026-07-05T15:17:09+00:00
  STDOUT.0026 bytes=1330117 (1.3 MiB) mtime_utc=2026-07-05T15:17:09+00:00
  STDOUT.0027 bytes=1330122 (1.3 MiB) mtime_utc=2026-07-05T15:17:09+00:00
  STDOUT.0028 bytes=1330117 (1.3 MiB) mtime_utc=2026-07-05T15:17:09+00:00
  STDOUT.0029 bytes=1330117 (1.3 MiB) mtime_utc=2026-07-05T15:17:09+00:00
  STDOUT.0030 bytes=1330117 (1.3 MiB) mtime_utc=2026-07-05T15:17:09+00:00
  STDOUT.0031 bytes=1330117 (1.3 MiB) mtime_utc=2026-07-05T15:17:09+00:00
  STDOUT.0032 bytes=1330117 (1.3 MiB) mtime_utc=2026-07-05T15:17:09+00:00
  STDOUT.0033 bytes=1330117 (1.3 MiB) mtime_utc=2026-07-05T15:17:09+00:00
  STDOUT.0034 bytes=1330122 (1.3 MiB) mtime_utc=2026-07-05T15:17:09+00:00
  STDOUT.0035 bytes=1330117 (1.3 MiB) mtime_utc=2026-07-05T15:17:09+00:00
  STDOUT.0036 bytes=1330117 (1.3 MiB) mtime_utc=2026-07-05T15:17:09+00:00
  STDOUT.0037 bytes=1330112 (1.3 MiB) mtime_utc=2026-07-05T15:17:09+00:00
  STDOUT.0038 bytes=1330112 (1.3 MiB) mtime_utc=2026-07-05T15:17:09+00:00
  STDOUT.0039 bytes=1330117 (1.3 MiB) mtime_utc=2026-07-05T15:17:09+00:00
  STDOUT.0040 bytes=1330122 (1.3 MiB) mtime_utc=2026-07-05T15:17:09+00:00
  STDOUT.0041 bytes=1330117 (1.3 MiB) mtime_utc=2026-07-05T15:17:09+00:00
  STDOUT.0042 bytes=1330122 (1.3 MiB) mtime_utc=2026-07-05T15:17:09+00:00
  STDOUT.0043 bytes=1330117 (1.3 MiB) mtime_utc=2026-07-05T15:17:09+00:00
  STDOUT.0044 bytes=1330122 (1.3 MiB) mtime_utc=2026-07-05T15:17:09+00:00
  STDOUT.0045 bytes=1330112 (1.3 MiB) mtime_utc=2026-07-05T15:17:09+00:00
  STDOUT.0046 bytes=1330117 (1.3 MiB) mtime_utc=2026-07-05T15:17:09+00:00
  STDOUT.0047 bytes=1330117 (1.3 MiB) mtime_utc=2026-07-05T15:17:09+00:00
  T.0000000000.data bytes=49152 (48.0 KiB) mtime_utc=2026-07-05T15:16:56+00:00
  T.0000000000.meta bytes=163 (163 B) mtime_utc=2026-07-05T15:16:56+00:00
  T.0000001440.data bytes=49152 (48.0 KiB) mtime_utc=2026-07-05T15:16:58+00:00
  T.0000001440.meta bytes=163 (163 B) mtime_utc=2026-07-05T15:16:58+00:00
  T.0000002880.data bytes=49152 (48.0 KiB) mtime_utc=2026-07-05T15:17:00+00:00
  T.0000002880.meta bytes=163 (163 B) mtime_utc=2026-07-05T15:17:00+00:00
  T.0000004320.data bytes=49152 (48.0 KiB) mtime_utc=2026-07-05T15:17:02+00:00
  T.0000004320.meta bytes=163 (163 B) mtime_utc=2026-07-05T15:17:02+00:00
  T.0000005760.data bytes=49152 (48.0 KiB) mtime_utc=2026-07-05T15:17:04+00:00
  T.0000005760.meta bytes=163 (163 B) mtime_utc=2026-07-05T15:17:04+00:00
  T.0000007200.data bytes=49152 (48.0 KiB) mtime_utc=2026-07-05T15:17:06+00:00
  T.0000007200.meta bytes=163 (163 B) mtime_utc=2026-07-05T15:17:06+00:00
  T.0000008640.data bytes=49152 (48.0 KiB) mtime_utc=2026-07-05T15:17:08+00:00
  T.0000008640.meta bytes=163 (163 B) mtime_utc=2026-07-05T15:17:08+00:00
  T.0000010080.data bytes=49152 (48.0 KiB) mtime_utc=2026-07-05T15:17:10+00:00
  T.0000010080.meta bytes=163 (163 B) mtime_utc=2026-07-05T15:17:10+00:00
  T.0000011520.data bytes=49152 (48.0 KiB) mtime_utc=2026-07-05T15:17:12+00:00
  T.0000011520.meta bytes=163 (163 B) mtime_utc=2026-07-05T15:17:12+00:00
  T.0000012960.data bytes=49152 (48.0 KiB) mtime_utc=2026-07-05T15:17:14+00:00
  T.0000012960.meta bytes=163 (163 B) mtime_utc=2026-07-05T15:17:14+00:00
  T.0000014400.data bytes=49152 (48.0 KiB) mtime_utc=2026-07-05T15:17:16+00:00
  T.0000014400.meta bytes=163 (163 B) mtime_utc=2026-07-05T15:17:16+00:00
  T.0000015840.data bytes=49152 (48.0 KiB) mtime_utc=2026-07-05T15:17:18+00:00
  T.0000015840.meta bytes=163 (163 B) mtime_utc=2026-07-05T15:17:18+00:00
  T.0000017280.data bytes=49152 (48.0 KiB) mtime_utc=2026-07-05T15:17:20+00:00
  T.0000017280.meta bytes=163 (163 B) mtime_utc=2026-07-05T15:17:20+00:00
  U2zonDir.data bytes=49152 (48.0 KiB) mtime_utc=2026-07-05T15:16:56+00:00
  U2zonDir.meta bytes=129 (129 B) mtime_utc=2026-07-05T15:16:56+00:00
  U.0000000000.data bytes=49152 (48.0 KiB) mtime_utc=2026-07-05T15:16:56+00:00
  U.0000000000.meta bytes=163 (163 B) mtime_utc=2026-07-05T15:16:56+00:00
  U.0000001440.data bytes=49152 (48.0 KiB) mtime_utc=2026-07-05T15:16:58+00:00
  U.0000001440.meta bytes=163 (163 B) mtime_utc=2026-07-05T15:16:58+00:00
  U.0000002880.data bytes=49152 (48.0 KiB) mtime_utc=2026-07-05T15:17:00+00:00
  U.0000002880.meta bytes=163 (163 B) mtime_utc=2026-07-05T15:17:00+00:00
  U.0000004320.data bytes=49152 (48.0 KiB) mtime_utc=2026-07-05T15:17:02+00:00
  U.0000004320.meta bytes=163 (163 B) mtime_utc=2026-07-05T15:17:02+00:00
  U.0000005760.data bytes=49152 (48.0 KiB) mtime_utc=2026-07-05T15:17:04+00:00
  U.0000005760.meta bytes=163 (163 B) mtime_utc=2026-07-05T15:17:04+00:00
  U.0000007200.data bytes=49152 (48.0 KiB) mtime_utc=2026-07-05T15:17:06+00:00
  U.0000007200.meta bytes=163 (163 B) mtime_utc=2026-07-05T15:17:06+00:00
  U.0000008640.data bytes=49152 (48.0 KiB) mtime_utc=2026-07-05T15:17:08+00:00
  U.0000008640.meta bytes=163 (163 B) mtime_utc=2026-07-05T15:17:08+00:00
  U.0000010080.data bytes=49152 (48.0 KiB) mtime_utc=2026-07-05T15:17:10+00:00
  U.0000010080.meta bytes=163 (163 B) mtime_utc=2026-07-05T15:17:10+00:00
  U.0000011520.data bytes=49152 (48.0 KiB) mtime_utc=2026-07-05T15:17:12+00:00
  U.0000011520.meta bytes=163 (163 B) mtime_utc=2026-07-05T15:17:12+00:00
  U.0000012960.data bytes=49152 (48.0 KiB) mtime_utc=2026-07-05T15:17:14+00:00
  U.0000012960.meta bytes=163 (163 B) mtime_utc=2026-07-05T15:17:14+00:00
  U.0000014400.data bytes=49152 (48.0 KiB) mtime_utc=2026-07-05T15:17:16+00:00
  U.0000014400.meta bytes=163 (163 B) mtime_utc=2026-07-05T15:17:16+00:00
  U.0000015840.data bytes=49152 (48.0 KiB) mtime_utc=2026-07-05T15:17:18+00:00
  U.0000015840.meta bytes=163 (163 B) mtime_utc=2026-07-05T15:17:18+00:00
  U.0000017280.data bytes=49152 (48.0 KiB) mtime_utc=2026-07-05T15:17:20+00:00
  U.0000017280.meta bytes=163 (163 B) mtime_utc=2026-07-05T15:17:20+00:00
  V2zonDir.data bytes=49152 (48.0 KiB) mtime_utc=2026-07-05T15:16:56+00:00
  V2zonDir.meta bytes=129 (129 B) mtime_utc=2026-07-05T15:16:56+00:00
  V.0000000000.data bytes=49152 (48.0 KiB) mtime_utc=2026-07-05T15:16:56+00:00
  V.0000000000.meta bytes=163 (163 B) mtime_utc=2026-07-05T15:16:56+00:00
  V.0000001440.data bytes=49152 (48.0 KiB) mtime_utc=2026-07-05T15:16:58+00:00
  V.0000001440.meta bytes=163 (163 B) mtime_utc=2026-07-05T15:16:58+00:00
  V.0000002880.data bytes=49152 (48.0 KiB) mtime_utc=2026-07-05T15:17:00+00:00
  V.0000002880.meta bytes=163 (163 B) mtime_utc=2026-07-05T15:17:00+00:00
  V.0000004320.data bytes=49152 (48.0 KiB) mtime_utc=2026-07-05T15:17:02+00:00
  V.0000004320.meta bytes=163 (163 B) mtime_utc=2026-07-05T15:17:02+00:00
  V.0000005760.data bytes=49152 (48.0 KiB) mtime_utc=2026-07-05T15:17:04+00:00
  V.0000005760.meta bytes=163 (163 B) mtime_utc=2026-07-05T15:17:04+00:00
  V.0000007200.data bytes=49152 (48.0 KiB) mtime_utc=2026-07-05T15:17:06+00:00
  V.0000007200.meta bytes=163 (163 B) mtime_utc=2026-07-05T15:17:06+00:00
  V.0000008640.data bytes=49152 (48.0 KiB) mtime_utc=2026-07-05T15:17:08+00:00
  V.0000008640.meta bytes=163 (163 B) mtime_utc=2026-07-05T15:17:08+00:00
  V.0000010080.data bytes=49152 (48.0 KiB) mtime_utc=2026-07-05T15:17:10+00:00
  V.0000010080.meta bytes=163 (163 B) mtime_utc=2026-07-05T15:17:10+00:00
  V.0000011520.data bytes=49152 (48.0 KiB) mtime_utc=2026-07-05T15:17:12+00:00
  V.0000011520.meta bytes=163 (163 B) mtime_utc=2026-07-05T15:17:12+00:00
  V.0000012960.data bytes=49152 (48.0 KiB) mtime_utc=2026-07-05T15:17:14+00:00
  V.0000012960.meta bytes=163 (163 B) mtime_utc=2026-07-05T15:17:14+00:00
  V.0000014400.data bytes=49152 (48.0 KiB) mtime_utc=2026-07-05T15:17:16+00:00
  V.0000014400.meta bytes=163 (163 B) mtime_utc=2026-07-05T15:17:16+00:00
  V.0000015840.data bytes=49152 (48.0 KiB) mtime_utc=2026-07-05T15:17:18+00:00
  V.0000015840.meta bytes=163 (163 B) mtime_utc=2026-07-05T15:17:18+00:00
  V.0000017280.data bytes=49152 (48.0 KiB) mtime_utc=2026-07-05T15:17:20+00:00
  V.0000017280.meta bytes=163 (163 B) mtime_utc=2026-07-05T15:17:20+00:00
  W.0000000000.data bytes=49152 (48.0 KiB) mtime_utc=2026-07-05T15:16:56+00:00
  W.0000000000.meta bytes=163 (163 B) mtime_utc=2026-07-05T15:16:56+00:00
  W.0000001440.data bytes=49152 (48.0 KiB) mtime_utc=2026-07-05T15:16:58+00:00
  W.0000001440.meta bytes=163 (163 B) mtime_utc=2026-07-05T15:16:58+00:00
  W.0000002880.data bytes=49152 (48.0 KiB) mtime_utc=2026-07-05T15:17:00+00:00
  W.0000002880.meta bytes=163 (163 B) mtime_utc=2026-07-05T15:17:00+00:00
  W.0000004320.data bytes=49152 (48.0 KiB) mtime_utc=2026-07-05T15:17:02+00:00
  W.0000004320.meta bytes=163 (163 B) mtime_utc=2026-07-05T15:17:02+00:00
  W.0000005760.data bytes=49152 (48.0 KiB) mtime_utc=2026-07-05T15:17:04+00:00
  W.0000005760.meta bytes=163 (163 B) mtime_utc=2026-07-05T15:17:04+00:00
  W.0000007200.data bytes=49152 (48.0 KiB) mtime_utc=2026-07-05T15:17:06+00:00
  W.0000007200.meta bytes=163 (163 B) mtime_utc=2026-07-05T15:17:06+00:00
  W.0000008640.data bytes=49152 (48.0 KiB) mtime_utc=2026-07-05T15:17:08+00:00
  W.0000008640.meta bytes=163 (163 B) mtime_utc=2026-07-05T15:17:08+00:00
  W.0000010080.data bytes=49152 (48.0 KiB) mtime_utc=2026-07-05T15:17:10+00:00
  W.0000010080.meta bytes=163 (163 B) mtime_utc=2026-07-05T15:17:10+00:00
  W.0000011520.data bytes=49152 (48.0 KiB) mtime_utc=2026-07-05T15:17:12+00:00
  W.0000011520.meta bytes=163 (163 B) mtime_utc=2026-07-05T15:17:12+00:00
  W.0000012960.data bytes=49152 (48.0 KiB) mtime_utc=2026-07-05T15:17:14+00:00
  W.0000012960.meta bytes=163 (163 B) mtime_utc=2026-07-05T15:17:14+00:00
  W.0000014400.data bytes=49152 (48.0 KiB) mtime_utc=2026-07-05T15:17:16+00:00
  W.0000014400.meta bytes=163 (163 B) mtime_utc=2026-07-05T15:17:16+00:00
  W.0000015840.data bytes=49152 (48.0 KiB) mtime_utc=2026-07-05T15:17:18+00:00
  W.0000015840.meta bytes=163 (163 B) mtime_utc=2026-07-05T15:17:18+00:00
  W.0000017280.data bytes=49152 (48.0 KiB) mtime_utc=2026-07-05T15:17:20+00:00
  W.0000017280.meta bytes=163 (163 B) mtime_utc=2026-07-05T15:17:20+00:00
  XC.data bytes=49152 (48.0 KiB) mtime_utc=2026-07-05T15:16:56+00:00
  XC.meta bytes=129 (129 B) mtime_utc=2026-07-05T15:16:56+00:00
  XG.data bytes=49152 (48.0 KiB) mtime_utc=2026-07-05T15:16:56+00:00
  XG.meta bytes=129 (129 B) mtime_utc=2026-07-05T15:16:56+00:00
  YC.data bytes=49152 (48.0 KiB) mtime_utc=2026-07-05T15:16:56+00:00
  YC.meta bytes=129 (129 B) mtime_utc=2026-07-05T15:16:56+00:00
  YG.data bytes=49152 (48.0 KiB) mtime_utc=2026-07-05T15:16:56+00:00
  YG.meta bytes=129 (129 B) mtime_utc=2026-07-05T15:16:56+00:00
  available_diagnostics.log bytes=18604 (18.2 KiB) mtime_utc=2026-07-05T15:16:56+00:00
  bathymetry_flat4000.bin bytes=24576 (24.0 KiB) mtime_utc=2026-07-05T15:16:47+00:00
  data bytes=1688 (1.6 KiB) mtime_utc=2026-07-05T15:16:44+00:00
  data.diagnostics bytes=2878 (2.8 KiB) mtime_utc=2026-07-05T15:16:44+00:00
  data.exch2 bytes=68 (68 B) mtime_utc=2026-07-05T15:16:44+00:00
  data.pkg bytes=49 (49 B) mtime_utc=2026-07-05T15:16:44+00:00
  diags_CScorners.0000000000.txt bytes=960 (960 B) mtime_utc=2026-07-05T15:17:09+00:00
  dynDiag.0000000000.data bytes=245760 (240.0 KiB) mtime_utc=2026-07-05T15:16:56+00:00
  dynDiag.0000000000.meta bytes=339 (339 B) mtime_utc=2026-07-05T15:16:56+00:00
  dynDiag.0000001440.data bytes=245760 (240.0 KiB) mtime_utc=2026-07-05T15:16:58+00:00
  dynDiag.0000001440.meta bytes=339 (339 B) mtime_utc=2026-07-05T15:16:58+00:00
  dynDiag.0000002880.data bytes=245760 (240.0 KiB) mtime_utc=2026-07-05T15:17:00+00:00
  dynDiag.0000002880.meta bytes=339 (339 B) mtime_utc=2026-07-05T15:17:00+00:00
  dynDiag.0000004320.data bytes=245760 (240.0 KiB) mtime_utc=2026-07-05T15:17:02+00:00
  dynDiag.0000004320.meta bytes=339 (339 B) mtime_utc=2026-07-05T15:17:02+00:00
  dynDiag.0000005760.data bytes=245760 (240.0 KiB) mtime_utc=2026-07-05T15:17:04+00:00
  dynDiag.0000005760.meta bytes=339 (339 B) mtime_utc=2026-07-05T15:17:04+00:00
  dynDiag.0000007200.data bytes=245760 (240.0 KiB) mtime_utc=2026-07-05T15:17:06+00:00
  dynDiag.0000007200.meta bytes=339 (339 B) mtime_utc=2026-07-05T15:17:06+00:00
  dynDiag.0000008640.data bytes=245760 (240.0 KiB) mtime_utc=2026-07-05T15:17:08+00:00
  dynDiag.0000008640.meta bytes=339 (339 B) mtime_utc=2026-07-05T15:17:08+00:00
  dynDiag.0000010080.data bytes=245760 (240.0 KiB) mtime_utc=2026-07-05T15:17:10+00:00
  dynDiag.0000010080.meta bytes=339 (339 B) mtime_utc=2026-07-05T15:17:10+00:00
  dynDiag.0000011520.data bytes=245760 (240.0 KiB) mtime_utc=2026-07-05T15:17:12+00:00
  dynDiag.0000011520.meta bytes=339 (339 B) mtime_utc=2026-07-05T15:17:12+00:00
  dynDiag.0000012960.data bytes=245760 (240.0 KiB) mtime_utc=2026-07-05T15:17:14+00:00
  dynDiag.0000012960.meta bytes=339 (339 B) mtime_utc=2026-07-05T15:17:14+00:00
  dynDiag.0000014400.data bytes=245760 (240.0 KiB) mtime_utc=2026-07-05T15:17:16+00:00
  dynDiag.0000014400.meta bytes=339 (339 B) mtime_utc=2026-07-05T15:17:16+00:00
  dynDiag.0000015840.data bytes=245760 (240.0 KiB) mtime_utc=2026-07-05T15:17:18+00:00
  dynDiag.0000015840.meta bytes=339 (339 B) mtime_utc=2026-07-05T15:17:18+00:00
  dynStDiag.0000000000.txt bytes=10264 (10.0 KiB) mtime_utc=2026-07-05T15:17:09+00:00
  dyn_Aux.0000000000.data bytes=147456 (144.0 KiB) mtime_utc=2026-07-05T15:16:56+00:00
  dyn_Aux.0000000000.meta bytes=317 (317 B) mtime_utc=2026-07-05T15:16:56+00:00
  dyn_Aux.0000001440.data bytes=147456 (144.0 KiB) mtime_utc=2026-07-05T15:16:58+00:00
  dyn_Aux.0000001440.meta bytes=317 (317 B) mtime_utc=2026-07-05T15:16:58+00:00
  dyn_Aux.0000002880.data bytes=147456 (144.0 KiB) mtime_utc=2026-07-05T15:17:00+00:00
  dyn_Aux.0000002880.meta bytes=317 (317 B) mtime_utc=2026-07-05T15:17:00+00:00
  dyn_Aux.0000004320.data bytes=147456 (144.0 KiB) mtime_utc=2026-07-05T15:17:02+00:00
  dyn_Aux.0000004320.meta bytes=317 (317 B) mtime_utc=2026-07-05T15:17:02+00:00
  dyn_Aux.0000005760.data bytes=147456 (144.0 KiB) mtime_utc=2026-07-05T15:17:04+00:00
  dyn_Aux.0000005760.meta bytes=317 (317 B) mtime_utc=2026-07-05T15:17:04+00:00
  dyn_Aux.0000007200.data bytes=147456 (144.0 KiB) mtime_utc=2026-07-05T15:17:06+00:00
  dyn_Aux.0000007200.meta bytes=317 (317 B) mtime_utc=2026-07-05T15:17:06+00:00
  dyn_Aux.0000008640.data bytes=147456 (144.0 KiB) mtime_utc=2026-07-05T15:17:08+00:00
  dyn_Aux.0000008640.meta bytes=317 (317 B) mtime_utc=2026-07-05T15:17:08+00:00
  dyn_Aux.0000010080.data bytes=147456 (144.0 KiB) mtime_utc=2026-07-05T15:17:10+00:00
  dyn_Aux.0000010080.meta bytes=317 (317 B) mtime_utc=2026-07-05T15:17:10+00:00
  dyn_Aux.0000011520.data bytes=147456 (144.0 KiB) mtime_utc=2026-07-05T15:17:12+00:00
  dyn_Aux.0000011520.meta bytes=317 (317 B) mtime_utc=2026-07-05T15:17:12+00:00
  dyn_Aux.0000012960.data bytes=147456 (144.0 KiB) mtime_utc=2026-07-05T15:17:14+00:00
  dyn_Aux.0000012960.meta bytes=317 (317 B) mtime_utc=2026-07-05T15:17:14+00:00
  dyn_Aux.0000014400.data bytes=147456 (144.0 KiB) mtime_utc=2026-07-05T15:17:16+00:00
  dyn_Aux.0000014400.meta bytes=317 (317 B) mtime_utc=2026-07-05T15:17:16+00:00
  dyn_Aux.0000015840.data bytes=147456 (144.0 KiB) mtime_utc=2026-07-05T15:17:18+00:00
  dyn_Aux.0000015840.meta bytes=317 (317 B) mtime_utc=2026-07-05T15:17:18+00:00
  eedata bytes=286 (286 B) mtime_utc=2026-07-05T15:16:44+00:00
  eedata.mth bytes=275 (275 B) mtime_utc=2026-07-05T15:16:44+00:00
  eta_init.bin bytes=24576 (24.0 KiB) mtime_utc=2026-07-05T15:16:47+00:00
  gendata_ref.py bytes=4634 (4.5 KiB) mtime_utc=2026-07-05T15:16:44+00:00
  hFacC.data bytes=49152 (48.0 KiB) mtime_utc=2026-07-05T15:16:56+00:00
  hFacC.meta bytes=129 (129 B) mtime_utc=2026-07-05T15:16:56+00:00
  hFacS.data bytes=49152 (48.0 KiB) mtime_utc=2026-07-05T15:16:56+00:00
  hFacS.meta bytes=129 (129 B) mtime_utc=2026-07-05T15:16:56+00:00
  hFacW.data bytes=49152 (48.0 KiB) mtime_utc=2026-07-05T15:16:56+00:00
  hFacW.meta bytes=129 (129 B) mtime_utc=2026-07-05T15:16:56+00:00
  mitgcmuv bytes=2350120 (2.2 MiB) mtime_utc=2026-07-05T15:16:44+00:00
  pickup.ckptA.data bytes=442368 (432.0 KiB) mtime_utc=2026-07-05T15:17:20+00:00
  pickup.ckptA.meta bytes=340 (340 B) mtime_utc=2026-07-05T15:17:20+00:00
  tile001.mitgrid bytes=139392 (136.1 KiB) mtime_utc=2026-07-05T15:16:47+00:00
  tile002.mitgrid bytes=139392 (136.1 KiB) mtime_utc=2026-07-05T15:16:47+00:00
  tile003.mitgrid bytes=139392 (136.1 KiB) mtime_utc=2026-07-05T15:16:47+00:00
  tile004.mitgrid bytes=139392 (136.1 KiB) mtime_utc=2026-07-05T15:16:47+00:00
  tile005.mitgrid bytes=139392 (136.1 KiB) mtime_utc=2026-07-05T15:16:47+00:00
  tile006.mitgrid bytes=139392 (136.1 KiB) mtime_utc=2026-07-05T15:16:47+00:00
  u_init.bin bytes=24576 (24.0 KiB) mtime_utc=2026-07-05T15:16:47+00:00
  v_init.bin bytes=24576 (24.0 KiB) mtime_utc=2026-07-05T15:16:47+00:00
  w2_tile_topology.0000.log bytes=26960 (26.3 KiB) mtime_utc=2026-07-05T15:16:54+00:00
  w2_tile_topology.0001.log bytes=3122 (3.0 KiB) mtime_utc=2026-07-05T15:16:54+00:00
  w2_tile_topology.0002.log bytes=3122 (3.0 KiB) mtime_utc=2026-07-05T15:16:55+00:00
  w2_tile_topology.0003.log bytes=3122 (3.0 KiB) mtime_utc=2026-07-05T15:16:55+00:00
  w2_tile_topology.0004.log bytes=3122 (3.0 KiB) mtime_utc=2026-07-05T15:16:55+00:00
  w2_tile_topology.0005.log bytes=3122 (3.0 KiB) mtime_utc=2026-07-05T15:16:54+00:00
  w2_tile_topology.0006.log bytes=3457 (3.4 KiB) mtime_utc=2026-07-05T15:16:54+00:00
  w2_tile_topology.0007.log bytes=3457 (3.4 KiB) mtime_utc=2026-07-05T15:16:54+00:00
  w2_tile_topology.0008.log bytes=3457 (3.4 KiB) mtime_utc=2026-07-05T15:16:55+00:00
  w2_tile_topology.0009.log bytes=3457 (3.4 KiB) mtime_utc=2026-07-05T15:16:55+00:00
  w2_tile_topology.0010.log bytes=3122 (3.0 KiB) mtime_utc=2026-07-05T15:16:55+00:00
  w2_tile_topology.0011.log bytes=3122 (3.0 KiB) mtime_utc=2026-07-05T15:16:55+00:00
  w2_tile_topology.0012.log bytes=3122 (3.0 KiB) mtime_utc=2026-07-05T15:16:54+00:00
  w2_tile_topology.0013.log bytes=3122 (3.0 KiB) mtime_utc=2026-07-05T15:16:54+00:00
  w2_tile_topology.0014.log bytes=3122 (3.0 KiB) mtime_utc=2026-07-05T15:16:54+00:00
  w2_tile_topology.0015.log bytes=3122 (3.0 KiB) mtime_utc=2026-07-05T15:16:55+00:00
  w2_tile_topology.0016.log bytes=3122 (3.0 KiB) mtime_utc=2026-07-05T15:16:55+00:00
  w2_tile_topology.0017.log bytes=3122 (3.0 KiB) mtime_utc=2026-07-05T15:16:55+00:00
  w2_tile_topology.0018.log bytes=3122 (3.0 KiB) mtime_utc=2026-07-05T15:16:55+00:00
  w2_tile_topology.0019.log bytes=3122 (3.0 KiB) mtime_utc=2026-07-05T15:16:54+00:00
  w2_tile_topology.0020.log bytes=3122 (3.0 KiB) mtime_utc=2026-07-05T15:16:55+00:00
  w2_tile_topology.0021.log bytes=3122 (3.0 KiB) mtime_utc=2026-07-05T15:16:54+00:00
  w2_tile_topology.0022.log bytes=3457 (3.4 KiB) mtime_utc=2026-07-05T15:16:55+00:00
  w2_tile_topology.0023.log bytes=3457 (3.4 KiB) mtime_utc=2026-07-05T15:16:55+00:00
  w2_tile_topology.0024.log bytes=3457 (3.4 KiB) mtime_utc=2026-07-05T15:16:55+00:00
  w2_tile_topology.0025.log bytes=3457 (3.4 KiB) mtime_utc=2026-07-05T15:16:54+00:00
  w2_tile_topology.0026.log bytes=3122 (3.0 KiB) mtime_utc=2026-07-05T15:16:54+00:00
  w2_tile_topology.0027.log bytes=3122 (3.0 KiB) mtime_utc=2026-07-05T15:16:54+00:00
  w2_tile_topology.0028.log bytes=3122 (3.0 KiB) mtime_utc=2026-07-05T15:16:55+00:00
  w2_tile_topology.0029.log bytes=3122 (3.0 KiB) mtime_utc=2026-07-05T15:16:54+00:00
  w2_tile_topology.0030.log bytes=3122 (3.0 KiB) mtime_utc=2026-07-05T15:16:54+00:00
  w2_tile_topology.0031.log bytes=3122 (3.0 KiB) mtime_utc=2026-07-05T15:16:54+00:00
  w2_tile_topology.0032.log bytes=3122 (3.0 KiB) mtime_utc=2026-07-05T15:16:55+00:00
  w2_tile_topology.0033.log bytes=3122 (3.0 KiB) mtime_utc=2026-07-05T15:16:55+00:00
  w2_tile_topology.0034.log bytes=3122 (3.0 KiB) mtime_utc=2026-07-05T15:16:54+00:00
  w2_tile_topology.0035.log bytes=3122 (3.0 KiB) mtime_utc=2026-07-05T15:16:54+00:00
  w2_tile_topology.0036.log bytes=3122 (3.0 KiB) mtime_utc=2026-07-05T15:16:54+00:00
  w2_tile_topology.0037.log bytes=3122 (3.0 KiB) mtime_utc=2026-07-05T15:16:54+00:00
  w2_tile_topology.0038.log bytes=3457 (3.4 KiB) mtime_utc=2026-07-05T15:16:55+00:00
  w2_tile_topology.0039.log bytes=3457 (3.4 KiB) mtime_utc=2026-07-05T15:16:55+00:00
  w2_tile_topology.0040.log bytes=3457 (3.4 KiB) mtime_utc=2026-07-05T15:16:55+00:00
  w2_tile_topology.0041.log bytes=3457 (3.4 KiB) mtime_utc=2026-07-05T15:16:55+00:00
  w2_tile_topology.0042.log bytes=3122 (3.0 KiB) mtime_utc=2026-07-05T15:16:54+00:00
  w2_tile_topology.0043.log bytes=3122 (3.0 KiB) mtime_utc=2026-07-05T15:16:54+00:00
  w2_tile_topology.0044.log bytes=3122 (3.0 KiB) mtime_utc=2026-07-05T15:16:54+00:00
  w2_tile_topology.0045.log bytes=3122 (3.0 KiB) mtime_utc=2026-07-05T15:16:54+00:00
  w2_tile_topology.0046.log bytes=3122 (3.0 KiB) mtime_utc=2026-07-05T15:16:54+00:00
  w2_tile_topology.0047.log bytes=3122 (3.0 KiB) mtime_utc=2026-07-05T15:16:55+00:00
