MITgcm run inventory
generated_utc: 2026-07-04T21:27:09+00:00
run_dir: Sandbox/vortexSphere_Williamson_TC5/run_standard_cs32
case_code: TC5
alpha_label: 0
log_file: run_inventory.log

Summary
  run_dir_files: 541
  run_dir_bytes: 223493376 (213.1 MiB)
  run_output_groups: 42
  requested_diagnostic_streams: 3
  generated_product_dirs: 5
  generated_product_files: 255
  plotted_files: 246
  computed_files: 4
  docs_indexed_assets: 45

Diagnostics request
  data_diagnostics: Sandbox/vortexSphere_Williamson_TC5/run_standard_cs32/data.diagnostics
  available_diagnostics: Sandbox/vortexSphere_Williamson_TC5/run_standard_cs32/available_diagnostics.log
  [diagnostics stream 2] fileName=dyn_Aux frequency=-86400. phase=0.
    WVELMASS: units=m/s; levels=1; title=Vertical Mass-Weighted Comp of Velocity
    PhiVEL: units=m^2/s; levels=1; title=Horizontal Velocity Potential (m^2/s)
    PsiVEL: units=m.m^2/s; levels=1; title=Horizontal Velocity Stream-Function
  [diagnostics stream 3] fileName=dynDiag frequency=-86400. phase=0.
    UVEL: units=m/s; levels=1; title=Zonal Component of Velocity (m/s)
    VVEL: units=m/s; levels=1; title=Meridional Component of Velocity (m/s)
    ETAN: units=m; levels=1; title=Surface Height Anomaly
    ETANSQ: units=m^2; levels=1; title=Square of Surface Height Anomaly
    momKE: units=m^2/s^2; levels=1; title=Kinetic Energy (in momentum Eq.)
  [statistics stream 1] fileName=dynStDiag frequency=-86400. phase=0.
    ETAN: units=m; levels=1; title=Surface Height Anomaly
    ETANSQ: units=m^2; levels=1; title=Square of Surface Height Anomaly
    momKE: units=m^2/s^2; levels=1; title=Kinetic Energy (in momentum Eq.)

Run directory outputs
  AngleCS: data=1 meta=1 iterations=none bytes=49281 (48.1 KiB)
  AngleSN: data=1 meta=1 iterations=none bytes=49281 (48.1 KiB)
  DRC: data=1 meta=1 iterations=none bytes=165 (165 B)
  DRF: data=1 meta=1 iterations=none bytes=137 (137 B)
  DXC: data=1 meta=1 iterations=none bytes=49281 (48.1 KiB)
  DXF: data=1 meta=1 iterations=none bytes=49281 (48.1 KiB)
  DXG: data=1 meta=1 iterations=none bytes=49281 (48.1 KiB)
  DXV: data=1 meta=1 iterations=none bytes=49281 (48.1 KiB)
  DYC: data=1 meta=1 iterations=none bytes=49281 (48.1 KiB)
  DYF: data=1 meta=1 iterations=none bytes=49281 (48.1 KiB)
  DYG: data=1 meta=1 iterations=none bytes=49281 (48.1 KiB)
  DYU: data=1 meta=1 iterations=none bytes=49281 (48.1 KiB)
  Depth: data=1 meta=1 iterations=none bytes=49281 (48.1 KiB)
  Eta: data=16 meta=16 iterations=0..43200 (16) bytes=789040 (770.5 KiB)
  PH: data=15 meta=15 iterations=2880..43200 (15) bytes=739725 (722.4 KiB)
  PHL: data=15 meta=15 iterations=2880..43200 (15) bytes=739725 (722.4 KiB)
  PHrefC: data=1 meta=1 iterations=none bytes=137 (137 B)
  PHrefF: data=1 meta=1 iterations=none bytes=165 (165 B)
  RAC: data=1 meta=1 iterations=none bytes=49281 (48.1 KiB)
  RAS: data=1 meta=1 iterations=none bytes=49281 (48.1 KiB)
  RAW: data=1 meta=1 iterations=none bytes=49281 (48.1 KiB)
  RAZ: data=1 meta=1 iterations=none bytes=49281 (48.1 KiB)
  RC: data=1 meta=1 iterations=none bytes=137 (137 B)
  RF: data=1 meta=1 iterations=none bytes=165 (165 B)
  RhoRef: data=1 meta=1 iterations=none bytes=137 (137 B)
  S: data=16 meta=16 iterations=0..43200 (16) bytes=789040 (770.5 KiB)
  T: data=16 meta=16 iterations=0..43200 (16) bytes=789040 (770.5 KiB)
  U: data=16 meta=16 iterations=0..43200 (16) bytes=789040 (770.5 KiB)
  U2zonDir: data=1 meta=1 iterations=none bytes=49281 (48.1 KiB)
  V: data=16 meta=16 iterations=0..43200 (16) bytes=789040 (770.5 KiB)
  V2zonDir: data=1 meta=1 iterations=none bytes=49281 (48.1 KiB)
  W: data=16 meta=16 iterations=0..43200 (16) bytes=789040 (770.5 KiB)
  XC: data=1 meta=1 iterations=none bytes=49281 (48.1 KiB)
  XG: data=1 meta=1 iterations=none bytes=49281 (48.1 KiB)
  YC: data=1 meta=1 iterations=none bytes=49281 (48.1 KiB)
  YG: data=1 meta=1 iterations=none bytes=49281 (48.1 KiB)
  dynDiag: data=15 meta=15 iterations=0..40320 (15) bytes=3691485 (3.5 MiB)
  dyn_Aux: data=15 meta=15 iterations=0..40320 (15) bytes=2216595 (2.1 MiB)
  hFacC: data=1 meta=1 iterations=none bytes=49281 (48.1 KiB)
  hFacS: data=1 meta=1 iterations=none bytes=49281 (48.1 KiB)
  hFacW: data=1 meta=1 iterations=none bytes=49281 (48.1 KiB)
  pickup.ckptA: data=1 meta=1 iterations=none bytes=442708 (432.3 KiB)

Generated products
  output_dir: Sandbox/output/TestCase5/Diagnosis/conservation/alpha_0
    case=TC5 product=conservation alpha=0
    saved: conservation_timeseries.csv, conservation_mass.pdf, conservation_mass.png, conservation_energy.pdf, conservation_energy.png, conservation_pv_enstrophy.pdf, conservation_pv_enstrophy.png
    fields: {"eta": "Eta", "kinetic": "momKE", "scalar": null, "u": "U", "v": "V", "vorticity": null}
    plotted_files: 6
      Sandbox/output/TestCase5/Diagnosis/conservation/alpha_0/conservation_energy.pdf
      Sandbox/output/TestCase5/Diagnosis/conservation/alpha_0/conservation_energy.png
      Sandbox/output/TestCase5/Diagnosis/conservation/alpha_0/conservation_mass.pdf
      Sandbox/output/TestCase5/Diagnosis/conservation/alpha_0/conservation_mass.png
      Sandbox/output/TestCase5/Diagnosis/conservation/alpha_0/conservation_pv_enstrophy.pdf
      Sandbox/output/TestCase5/Diagnosis/conservation/alpha_0/conservation_pv_enstrophy.png
    computed_files: 3
      Sandbox/output/TestCase5/Diagnosis/conservation/alpha_0/availability.json
      Sandbox/output/TestCase5/Diagnosis/conservation/alpha_0/conservation_summary.json
      Sandbox/output/TestCase5/Diagnosis/conservation/alpha_0/conservation_timeseries.csv
    other_files: 1
      Sandbox/output/TestCase5/Diagnosis/conservation/alpha_0/manifest.json
  output_dir: Sandbox/output/TestCase5/Diagnosis/postprocessing/alpha_0
    case=TC5 product=postprocessing alpha=0
    saved: postprocessing_values.csv, postprocessing_mass.pdf, postprocessing_mass.png, postprocessing_vorticity_pv.pdf, postprocessing_vorticity_pv.png, postprocessing_energies.pdf, postprocessing_energies.png
    fields: {"conserved_scalar": null, "eta": "Eta", "kinetic_energy": "computed_from_velocity", "u": "U", "v": "V", "vorticity": "computed_from_velocity"}
    plotted_files: 6
      Sandbox/output/TestCase5/Diagnosis/postprocessing/alpha_0/postprocessing_energies.pdf
      Sandbox/output/TestCase5/Diagnosis/postprocessing/alpha_0/postprocessing_energies.png
      Sandbox/output/TestCase5/Diagnosis/postprocessing/alpha_0/postprocessing_mass.pdf
      Sandbox/output/TestCase5/Diagnosis/postprocessing/alpha_0/postprocessing_mass.png
      Sandbox/output/TestCase5/Diagnosis/postprocessing/alpha_0/postprocessing_vorticity_pv.pdf
      Sandbox/output/TestCase5/Diagnosis/postprocessing/alpha_0/postprocessing_vorticity_pv.png
    computed_files: 1
      Sandbox/output/TestCase5/Diagnosis/postprocessing/alpha_0/postprocessing_values.csv
    other_files: 1
      Sandbox/output/TestCase5/Diagnosis/postprocessing/alpha_0/manifest.json
  output_dir: Sandbox/output/TestCase5/Snapshots/alpha_0
    case=TC5 product=snapshots alpha=0
    saved: eta, etan, psi, phi, velocity_magnitude
    plotted_files: 78
      Sandbox/output/TestCase5/Snapshots/alpha_0/eta/tc5_eta_day_00.00_iter_0000000000.png
      Sandbox/output/TestCase5/Snapshots/alpha_0/eta/tc5_eta_day_01.00_iter_0000002880.png
      Sandbox/output/TestCase5/Snapshots/alpha_0/eta/tc5_eta_day_02.00_iter_0000005760.png
      Sandbox/output/TestCase5/Snapshots/alpha_0/eta/tc5_eta_day_03.00_iter_0000008640.png
      Sandbox/output/TestCase5/Snapshots/alpha_0/eta/tc5_eta_day_04.00_iter_0000011520.png
      Sandbox/output/TestCase5/Snapshots/alpha_0/eta/tc5_eta_day_05.00_iter_0000014400.png
      Sandbox/output/TestCase5/Snapshots/alpha_0/eta/tc5_eta_day_06.00_iter_0000017280.png
      Sandbox/output/TestCase5/Snapshots/alpha_0/eta/tc5_eta_day_07.00_iter_0000020160.png
      Sandbox/output/TestCase5/Snapshots/alpha_0/eta/tc5_eta_day_08.00_iter_0000023040.png
      Sandbox/output/TestCase5/Snapshots/alpha_0/eta/tc5_eta_day_09.00_iter_0000025920.png
      Sandbox/output/TestCase5/Snapshots/alpha_0/eta/tc5_eta_day_10.00_iter_0000028800.png
      Sandbox/output/TestCase5/Snapshots/alpha_0/eta/tc5_eta_day_11.00_iter_0000031680.png
      Sandbox/output/TestCase5/Snapshots/alpha_0/eta/tc5_eta_day_12.00_iter_0000034560.png
      Sandbox/output/TestCase5/Snapshots/alpha_0/eta/tc5_eta_day_13.00_iter_0000037440.png
      Sandbox/output/TestCase5/Snapshots/alpha_0/eta/tc5_eta_day_14.00_iter_0000040320.png
      Sandbox/output/TestCase5/Snapshots/alpha_0/eta/tc5_eta_day_15.00_iter_0000043200.png
      Sandbox/output/TestCase5/Snapshots/alpha_0/etan/tc5_etan_day_00.00_iter_0000000000.png
      Sandbox/output/TestCase5/Snapshots/alpha_0/etan/tc5_etan_day_01.00_iter_0000002880.png
      Sandbox/output/TestCase5/Snapshots/alpha_0/etan/tc5_etan_day_02.00_iter_0000005760.png
      Sandbox/output/TestCase5/Snapshots/alpha_0/etan/tc5_etan_day_03.00_iter_0000008640.png
      Sandbox/output/TestCase5/Snapshots/alpha_0/etan/tc5_etan_day_04.00_iter_0000011520.png
      Sandbox/output/TestCase5/Snapshots/alpha_0/etan/tc5_etan_day_05.00_iter_0000014400.png
      Sandbox/output/TestCase5/Snapshots/alpha_0/etan/tc5_etan_day_06.00_iter_0000017280.png
      Sandbox/output/TestCase5/Snapshots/alpha_0/etan/tc5_etan_day_07.00_iter_0000020160.png
      Sandbox/output/TestCase5/Snapshots/alpha_0/etan/tc5_etan_day_08.00_iter_0000023040.png
      Sandbox/output/TestCase5/Snapshots/alpha_0/etan/tc5_etan_day_09.00_iter_0000025920.png
      Sandbox/output/TestCase5/Snapshots/alpha_0/etan/tc5_etan_day_10.00_iter_0000028800.png
      Sandbox/output/TestCase5/Snapshots/alpha_0/etan/tc5_etan_day_11.00_iter_0000031680.png
      Sandbox/output/TestCase5/Snapshots/alpha_0/etan/tc5_etan_day_12.00_iter_0000034560.png
      Sandbox/output/TestCase5/Snapshots/alpha_0/etan/tc5_etan_day_13.00_iter_0000037440.png
      Sandbox/output/TestCase5/Snapshots/alpha_0/etan/tc5_etan_day_14.00_iter_0000040320.png
      Sandbox/output/TestCase5/Snapshots/alpha_0/mountain/tc5_mountain_day_00.00_iter_0000000000.png
      Sandbox/output/TestCase5/Snapshots/alpha_0/phi/tc5_phi_day_00.00_iter_0000000000.png
      Sandbox/output/TestCase5/Snapshots/alpha_0/phi/tc5_phi_day_01.00_iter_0000002880.png
      Sandbox/output/TestCase5/Snapshots/alpha_0/phi/tc5_phi_day_02.00_iter_0000005760.png
      Sandbox/output/TestCase5/Snapshots/alpha_0/phi/tc5_phi_day_03.00_iter_0000008640.png
      Sandbox/output/TestCase5/Snapshots/alpha_0/phi/tc5_phi_day_04.00_iter_0000011520.png
      Sandbox/output/TestCase5/Snapshots/alpha_0/phi/tc5_phi_day_05.00_iter_0000014400.png
      Sandbox/output/TestCase5/Snapshots/alpha_0/phi/tc5_phi_day_06.00_iter_0000017280.png
      Sandbox/output/TestCase5/Snapshots/alpha_0/phi/tc5_phi_day_07.00_iter_0000020160.png
      Sandbox/output/TestCase5/Snapshots/alpha_0/phi/tc5_phi_day_08.00_iter_0000023040.png
      Sandbox/output/TestCase5/Snapshots/alpha_0/phi/tc5_phi_day_09.00_iter_0000025920.png
      Sandbox/output/TestCase5/Snapshots/alpha_0/phi/tc5_phi_day_10.00_iter_0000028800.png
      Sandbox/output/TestCase5/Snapshots/alpha_0/phi/tc5_phi_day_11.00_iter_0000031680.png
      Sandbox/output/TestCase5/Snapshots/alpha_0/phi/tc5_phi_day_12.00_iter_0000034560.png
      Sandbox/output/TestCase5/Snapshots/alpha_0/phi/tc5_phi_day_13.00_iter_0000037440.png
      Sandbox/output/TestCase5/Snapshots/alpha_0/phi/tc5_phi_day_14.00_iter_0000040320.png
      Sandbox/output/TestCase5/Snapshots/alpha_0/psi/tc5_psi_day_00.00_iter_0000000000.png
      Sandbox/output/TestCase5/Snapshots/alpha_0/psi/tc5_psi_day_01.00_iter_0000002880.png
      Sandbox/output/TestCase5/Snapshots/alpha_0/psi/tc5_psi_day_02.00_iter_0000005760.png
      Sandbox/output/TestCase5/Snapshots/alpha_0/psi/tc5_psi_day_03.00_iter_0000008640.png
      Sandbox/output/TestCase5/Snapshots/alpha_0/psi/tc5_psi_day_04.00_iter_0000011520.png
      Sandbox/output/TestCase5/Snapshots/alpha_0/psi/tc5_psi_day_05.00_iter_0000014400.png
      Sandbox/output/TestCase5/Snapshots/alpha_0/psi/tc5_psi_day_06.00_iter_0000017280.png
      Sandbox/output/TestCase5/Snapshots/alpha_0/psi/tc5_psi_day_07.00_iter_0000020160.png
      Sandbox/output/TestCase5/Snapshots/alpha_0/psi/tc5_psi_day_08.00_iter_0000023040.png
      Sandbox/output/TestCase5/Snapshots/alpha_0/psi/tc5_psi_day_09.00_iter_0000025920.png
      Sandbox/output/TestCase5/Snapshots/alpha_0/psi/tc5_psi_day_10.00_iter_0000028800.png
      Sandbox/output/TestCase5/Snapshots/alpha_0/psi/tc5_psi_day_11.00_iter_0000031680.png
      Sandbox/output/TestCase5/Snapshots/alpha_0/psi/tc5_psi_day_12.00_iter_0000034560.png
      Sandbox/output/TestCase5/Snapshots/alpha_0/psi/tc5_psi_day_13.00_iter_0000037440.png
      Sandbox/output/TestCase5/Snapshots/alpha_0/psi/tc5_psi_day_14.00_iter_0000040320.png
      Sandbox/output/TestCase5/Snapshots/alpha_0/velocity_magnitude/tc5_velocity_magnitude_day_00.00_iter_0000000000.png
      Sandbox/output/TestCase5/Snapshots/alpha_0/velocity_magnitude/tc5_velocity_magnitude_day_01.00_iter_0000002880.png
      Sandbox/output/TestCase5/Snapshots/alpha_0/velocity_magnitude/tc5_velocity_magnitude_day_02.00_iter_0000005760.png
      Sandbox/output/TestCase5/Snapshots/alpha_0/velocity_magnitude/tc5_velocity_magnitude_day_03.00_iter_0000008640.png
      Sandbox/output/TestCase5/Snapshots/alpha_0/velocity_magnitude/tc5_velocity_magnitude_day_04.00_iter_0000011520.png
      Sandbox/output/TestCase5/Snapshots/alpha_0/velocity_magnitude/tc5_velocity_magnitude_day_05.00_iter_0000014400.png
      Sandbox/output/TestCase5/Snapshots/alpha_0/velocity_magnitude/tc5_velocity_magnitude_day_06.00_iter_0000017280.png
      Sandbox/output/TestCase5/Snapshots/alpha_0/velocity_magnitude/tc5_velocity_magnitude_day_07.00_iter_0000020160.png
      Sandbox/output/TestCase5/Snapshots/alpha_0/velocity_magnitude/tc5_velocity_magnitude_day_08.00_iter_0000023040.png
      Sandbox/output/TestCase5/Snapshots/alpha_0/velocity_magnitude/tc5_velocity_magnitude_day_09.00_iter_0000025920.png
      Sandbox/output/TestCase5/Snapshots/alpha_0/velocity_magnitude/tc5_velocity_magnitude_day_10.00_iter_0000028800.png
      Sandbox/output/TestCase5/Snapshots/alpha_0/velocity_magnitude/tc5_velocity_magnitude_day_11.00_iter_0000031680.png
      Sandbox/output/TestCase5/Snapshots/alpha_0/velocity_magnitude/tc5_velocity_magnitude_day_12.00_iter_0000034560.png
      Sandbox/output/TestCase5/Snapshots/alpha_0/velocity_magnitude/tc5_velocity_magnitude_day_13.00_iter_0000037440.png
      Sandbox/output/TestCase5/Snapshots/alpha_0/velocity_magnitude/tc5_velocity_magnitude_day_14.00_iter_0000040320.png
      Sandbox/output/TestCase5/Snapshots/alpha_0/velocity_magnitude/tc5_velocity_magnitude_day_15.00_iter_0000043200.png
    computed_files: 0
    other_files: 1
      Sandbox/output/TestCase5/Snapshots/alpha_0/manifest.json
  output_dir: Sandbox/output/TestCase5/Snapshots_cube/alpha_0
    case=TC5 product=snapshots alpha=0
    saved: eta, etan, psi, phi, velocity_magnitude
    plotted_files: 78
      Sandbox/output/TestCase5/Snapshots_cube/alpha_0/eta/tc5_eta_day_00.00_iter_0000000000.png
      Sandbox/output/TestCase5/Snapshots_cube/alpha_0/eta/tc5_eta_day_01.00_iter_0000002880.png
      Sandbox/output/TestCase5/Snapshots_cube/alpha_0/eta/tc5_eta_day_02.00_iter_0000005760.png
      Sandbox/output/TestCase5/Snapshots_cube/alpha_0/eta/tc5_eta_day_03.00_iter_0000008640.png
      Sandbox/output/TestCase5/Snapshots_cube/alpha_0/eta/tc5_eta_day_04.00_iter_0000011520.png
      Sandbox/output/TestCase5/Snapshots_cube/alpha_0/eta/tc5_eta_day_05.00_iter_0000014400.png
      Sandbox/output/TestCase5/Snapshots_cube/alpha_0/eta/tc5_eta_day_06.00_iter_0000017280.png
      Sandbox/output/TestCase5/Snapshots_cube/alpha_0/eta/tc5_eta_day_07.00_iter_0000020160.png
      Sandbox/output/TestCase5/Snapshots_cube/alpha_0/eta/tc5_eta_day_08.00_iter_0000023040.png
      Sandbox/output/TestCase5/Snapshots_cube/alpha_0/eta/tc5_eta_day_09.00_iter_0000025920.png
      Sandbox/output/TestCase5/Snapshots_cube/alpha_0/eta/tc5_eta_day_10.00_iter_0000028800.png
      Sandbox/output/TestCase5/Snapshots_cube/alpha_0/eta/tc5_eta_day_11.00_iter_0000031680.png
      Sandbox/output/TestCase5/Snapshots_cube/alpha_0/eta/tc5_eta_day_12.00_iter_0000034560.png
      Sandbox/output/TestCase5/Snapshots_cube/alpha_0/eta/tc5_eta_day_13.00_iter_0000037440.png
      Sandbox/output/TestCase5/Snapshots_cube/alpha_0/eta/tc5_eta_day_14.00_iter_0000040320.png
      Sandbox/output/TestCase5/Snapshots_cube/alpha_0/eta/tc5_eta_day_15.00_iter_0000043200.png
      Sandbox/output/TestCase5/Snapshots_cube/alpha_0/etan/tc5_etan_day_00.00_iter_0000000000.png
      Sandbox/output/TestCase5/Snapshots_cube/alpha_0/etan/tc5_etan_day_01.00_iter_0000002880.png
      Sandbox/output/TestCase5/Snapshots_cube/alpha_0/etan/tc5_etan_day_02.00_iter_0000005760.png
      Sandbox/output/TestCase5/Snapshots_cube/alpha_0/etan/tc5_etan_day_03.00_iter_0000008640.png
      Sandbox/output/TestCase5/Snapshots_cube/alpha_0/etan/tc5_etan_day_04.00_iter_0000011520.png
      Sandbox/output/TestCase5/Snapshots_cube/alpha_0/etan/tc5_etan_day_05.00_iter_0000014400.png
      Sandbox/output/TestCase5/Snapshots_cube/alpha_0/etan/tc5_etan_day_06.00_iter_0000017280.png
      Sandbox/output/TestCase5/Snapshots_cube/alpha_0/etan/tc5_etan_day_07.00_iter_0000020160.png
      Sandbox/output/TestCase5/Snapshots_cube/alpha_0/etan/tc5_etan_day_08.00_iter_0000023040.png
      Sandbox/output/TestCase5/Snapshots_cube/alpha_0/etan/tc5_etan_day_09.00_iter_0000025920.png
      Sandbox/output/TestCase5/Snapshots_cube/alpha_0/etan/tc5_etan_day_10.00_iter_0000028800.png
      Sandbox/output/TestCase5/Snapshots_cube/alpha_0/etan/tc5_etan_day_11.00_iter_0000031680.png
      Sandbox/output/TestCase5/Snapshots_cube/alpha_0/etan/tc5_etan_day_12.00_iter_0000034560.png
      Sandbox/output/TestCase5/Snapshots_cube/alpha_0/etan/tc5_etan_day_13.00_iter_0000037440.png
      Sandbox/output/TestCase5/Snapshots_cube/alpha_0/etan/tc5_etan_day_14.00_iter_0000040320.png
      Sandbox/output/TestCase5/Snapshots_cube/alpha_0/mountain/tc5_mountain_day_00.00_iter_0000000000.png
      Sandbox/output/TestCase5/Snapshots_cube/alpha_0/phi/tc5_phi_day_00.00_iter_0000000000.png
      Sandbox/output/TestCase5/Snapshots_cube/alpha_0/phi/tc5_phi_day_01.00_iter_0000002880.png
      Sandbox/output/TestCase5/Snapshots_cube/alpha_0/phi/tc5_phi_day_02.00_iter_0000005760.png
      Sandbox/output/TestCase5/Snapshots_cube/alpha_0/phi/tc5_phi_day_03.00_iter_0000008640.png
      Sandbox/output/TestCase5/Snapshots_cube/alpha_0/phi/tc5_phi_day_04.00_iter_0000011520.png
      Sandbox/output/TestCase5/Snapshots_cube/alpha_0/phi/tc5_phi_day_05.00_iter_0000014400.png
      Sandbox/output/TestCase5/Snapshots_cube/alpha_0/phi/tc5_phi_day_06.00_iter_0000017280.png
      Sandbox/output/TestCase5/Snapshots_cube/alpha_0/phi/tc5_phi_day_07.00_iter_0000020160.png
      Sandbox/output/TestCase5/Snapshots_cube/alpha_0/phi/tc5_phi_day_08.00_iter_0000023040.png
      Sandbox/output/TestCase5/Snapshots_cube/alpha_0/phi/tc5_phi_day_09.00_iter_0000025920.png
      Sandbox/output/TestCase5/Snapshots_cube/alpha_0/phi/tc5_phi_day_10.00_iter_0000028800.png
      Sandbox/output/TestCase5/Snapshots_cube/alpha_0/phi/tc5_phi_day_11.00_iter_0000031680.png
      Sandbox/output/TestCase5/Snapshots_cube/alpha_0/phi/tc5_phi_day_12.00_iter_0000034560.png
      Sandbox/output/TestCase5/Snapshots_cube/alpha_0/phi/tc5_phi_day_13.00_iter_0000037440.png
      Sandbox/output/TestCase5/Snapshots_cube/alpha_0/phi/tc5_phi_day_14.00_iter_0000040320.png
      Sandbox/output/TestCase5/Snapshots_cube/alpha_0/psi/tc5_psi_day_00.00_iter_0000000000.png
      Sandbox/output/TestCase5/Snapshots_cube/alpha_0/psi/tc5_psi_day_01.00_iter_0000002880.png
      Sandbox/output/TestCase5/Snapshots_cube/alpha_0/psi/tc5_psi_day_02.00_iter_0000005760.png
      Sandbox/output/TestCase5/Snapshots_cube/alpha_0/psi/tc5_psi_day_03.00_iter_0000008640.png
      Sandbox/output/TestCase5/Snapshots_cube/alpha_0/psi/tc5_psi_day_04.00_iter_0000011520.png
      Sandbox/output/TestCase5/Snapshots_cube/alpha_0/psi/tc5_psi_day_05.00_iter_0000014400.png
      Sandbox/output/TestCase5/Snapshots_cube/alpha_0/psi/tc5_psi_day_06.00_iter_0000017280.png
      Sandbox/output/TestCase5/Snapshots_cube/alpha_0/psi/tc5_psi_day_07.00_iter_0000020160.png
      Sandbox/output/TestCase5/Snapshots_cube/alpha_0/psi/tc5_psi_day_08.00_iter_0000023040.png
      Sandbox/output/TestCase5/Snapshots_cube/alpha_0/psi/tc5_psi_day_09.00_iter_0000025920.png
      Sandbox/output/TestCase5/Snapshots_cube/alpha_0/psi/tc5_psi_day_10.00_iter_0000028800.png
      Sandbox/output/TestCase5/Snapshots_cube/alpha_0/psi/tc5_psi_day_11.00_iter_0000031680.png
      Sandbox/output/TestCase5/Snapshots_cube/alpha_0/psi/tc5_psi_day_12.00_iter_0000034560.png
      Sandbox/output/TestCase5/Snapshots_cube/alpha_0/psi/tc5_psi_day_13.00_iter_0000037440.png
      Sandbox/output/TestCase5/Snapshots_cube/alpha_0/psi/tc5_psi_day_14.00_iter_0000040320.png
      Sandbox/output/TestCase5/Snapshots_cube/alpha_0/velocity_magnitude/tc5_velocity_magnitude_day_00.00_iter_0000000000.png
      Sandbox/output/TestCase5/Snapshots_cube/alpha_0/velocity_magnitude/tc5_velocity_magnitude_day_01.00_iter_0000002880.png
      Sandbox/output/TestCase5/Snapshots_cube/alpha_0/velocity_magnitude/tc5_velocity_magnitude_day_02.00_iter_0000005760.png
      Sandbox/output/TestCase5/Snapshots_cube/alpha_0/velocity_magnitude/tc5_velocity_magnitude_day_03.00_iter_0000008640.png
      Sandbox/output/TestCase5/Snapshots_cube/alpha_0/velocity_magnitude/tc5_velocity_magnitude_day_04.00_iter_0000011520.png
      Sandbox/output/TestCase5/Snapshots_cube/alpha_0/velocity_magnitude/tc5_velocity_magnitude_day_05.00_iter_0000014400.png
      Sandbox/output/TestCase5/Snapshots_cube/alpha_0/velocity_magnitude/tc5_velocity_magnitude_day_06.00_iter_0000017280.png
      Sandbox/output/TestCase5/Snapshots_cube/alpha_0/velocity_magnitude/tc5_velocity_magnitude_day_07.00_iter_0000020160.png
      Sandbox/output/TestCase5/Snapshots_cube/alpha_0/velocity_magnitude/tc5_velocity_magnitude_day_08.00_iter_0000023040.png
      Sandbox/output/TestCase5/Snapshots_cube/alpha_0/velocity_magnitude/tc5_velocity_magnitude_day_09.00_iter_0000025920.png
      Sandbox/output/TestCase5/Snapshots_cube/alpha_0/velocity_magnitude/tc5_velocity_magnitude_day_10.00_iter_0000028800.png
      Sandbox/output/TestCase5/Snapshots_cube/alpha_0/velocity_magnitude/tc5_velocity_magnitude_day_11.00_iter_0000031680.png
      Sandbox/output/TestCase5/Snapshots_cube/alpha_0/velocity_magnitude/tc5_velocity_magnitude_day_12.00_iter_0000034560.png
      Sandbox/output/TestCase5/Snapshots_cube/alpha_0/velocity_magnitude/tc5_velocity_magnitude_day_13.00_iter_0000037440.png
      Sandbox/output/TestCase5/Snapshots_cube/alpha_0/velocity_magnitude/tc5_velocity_magnitude_day_14.00_iter_0000040320.png
      Sandbox/output/TestCase5/Snapshots_cube/alpha_0/velocity_magnitude/tc5_velocity_magnitude_day_15.00_iter_0000043200.png
    computed_files: 0
    other_files: 1
      Sandbox/output/TestCase5/Snapshots_cube/alpha_0/manifest.json
  output_dir: Sandbox/output/TestCase5/Snapshots_latlon/alpha_0
    case=TC5 product=snapshots alpha=0
    saved: eta, etan, psi, phi, velocity_magnitude
    plotted_files: 78
      Sandbox/output/TestCase5/Snapshots_latlon/alpha_0/eta/tc5_eta_day_00.00_iter_0000000000.png
      Sandbox/output/TestCase5/Snapshots_latlon/alpha_0/eta/tc5_eta_day_01.00_iter_0000002880.png
      Sandbox/output/TestCase5/Snapshots_latlon/alpha_0/eta/tc5_eta_day_02.00_iter_0000005760.png
      Sandbox/output/TestCase5/Snapshots_latlon/alpha_0/eta/tc5_eta_day_03.00_iter_0000008640.png
      Sandbox/output/TestCase5/Snapshots_latlon/alpha_0/eta/tc5_eta_day_04.00_iter_0000011520.png
      Sandbox/output/TestCase5/Snapshots_latlon/alpha_0/eta/tc5_eta_day_05.00_iter_0000014400.png
      Sandbox/output/TestCase5/Snapshots_latlon/alpha_0/eta/tc5_eta_day_06.00_iter_0000017280.png
      Sandbox/output/TestCase5/Snapshots_latlon/alpha_0/eta/tc5_eta_day_07.00_iter_0000020160.png
      Sandbox/output/TestCase5/Snapshots_latlon/alpha_0/eta/tc5_eta_day_08.00_iter_0000023040.png
      Sandbox/output/TestCase5/Snapshots_latlon/alpha_0/eta/tc5_eta_day_09.00_iter_0000025920.png
      Sandbox/output/TestCase5/Snapshots_latlon/alpha_0/eta/tc5_eta_day_10.00_iter_0000028800.png
      Sandbox/output/TestCase5/Snapshots_latlon/alpha_0/eta/tc5_eta_day_11.00_iter_0000031680.png
      Sandbox/output/TestCase5/Snapshots_latlon/alpha_0/eta/tc5_eta_day_12.00_iter_0000034560.png
      Sandbox/output/TestCase5/Snapshots_latlon/alpha_0/eta/tc5_eta_day_13.00_iter_0000037440.png
      Sandbox/output/TestCase5/Snapshots_latlon/alpha_0/eta/tc5_eta_day_14.00_iter_0000040320.png
      Sandbox/output/TestCase5/Snapshots_latlon/alpha_0/eta/tc5_eta_day_15.00_iter_0000043200.png
      Sandbox/output/TestCase5/Snapshots_latlon/alpha_0/etan/tc5_etan_day_00.00_iter_0000000000.png
      Sandbox/output/TestCase5/Snapshots_latlon/alpha_0/etan/tc5_etan_day_01.00_iter_0000002880.png
      Sandbox/output/TestCase5/Snapshots_latlon/alpha_0/etan/tc5_etan_day_02.00_iter_0000005760.png
      Sandbox/output/TestCase5/Snapshots_latlon/alpha_0/etan/tc5_etan_day_03.00_iter_0000008640.png
      Sandbox/output/TestCase5/Snapshots_latlon/alpha_0/etan/tc5_etan_day_04.00_iter_0000011520.png
      Sandbox/output/TestCase5/Snapshots_latlon/alpha_0/etan/tc5_etan_day_05.00_iter_0000014400.png
      Sandbox/output/TestCase5/Snapshots_latlon/alpha_0/etan/tc5_etan_day_06.00_iter_0000017280.png
      Sandbox/output/TestCase5/Snapshots_latlon/alpha_0/etan/tc5_etan_day_07.00_iter_0000020160.png
      Sandbox/output/TestCase5/Snapshots_latlon/alpha_0/etan/tc5_etan_day_08.00_iter_0000023040.png
      Sandbox/output/TestCase5/Snapshots_latlon/alpha_0/etan/tc5_etan_day_09.00_iter_0000025920.png
      Sandbox/output/TestCase5/Snapshots_latlon/alpha_0/etan/tc5_etan_day_10.00_iter_0000028800.png
      Sandbox/output/TestCase5/Snapshots_latlon/alpha_0/etan/tc5_etan_day_11.00_iter_0000031680.png
      Sandbox/output/TestCase5/Snapshots_latlon/alpha_0/etan/tc5_etan_day_12.00_iter_0000034560.png
      Sandbox/output/TestCase5/Snapshots_latlon/alpha_0/etan/tc5_etan_day_13.00_iter_0000037440.png
      Sandbox/output/TestCase5/Snapshots_latlon/alpha_0/etan/tc5_etan_day_14.00_iter_0000040320.png
      Sandbox/output/TestCase5/Snapshots_latlon/alpha_0/mountain/tc5_mountain_day_00.00_iter_0000000000.png
      Sandbox/output/TestCase5/Snapshots_latlon/alpha_0/phi/tc5_phi_day_00.00_iter_0000000000.png
      Sandbox/output/TestCase5/Snapshots_latlon/alpha_0/phi/tc5_phi_day_01.00_iter_0000002880.png
      Sandbox/output/TestCase5/Snapshots_latlon/alpha_0/phi/tc5_phi_day_02.00_iter_0000005760.png
      Sandbox/output/TestCase5/Snapshots_latlon/alpha_0/phi/tc5_phi_day_03.00_iter_0000008640.png
      Sandbox/output/TestCase5/Snapshots_latlon/alpha_0/phi/tc5_phi_day_04.00_iter_0000011520.png
      Sandbox/output/TestCase5/Snapshots_latlon/alpha_0/phi/tc5_phi_day_05.00_iter_0000014400.png
      Sandbox/output/TestCase5/Snapshots_latlon/alpha_0/phi/tc5_phi_day_06.00_iter_0000017280.png
      Sandbox/output/TestCase5/Snapshots_latlon/alpha_0/phi/tc5_phi_day_07.00_iter_0000020160.png
      Sandbox/output/TestCase5/Snapshots_latlon/alpha_0/phi/tc5_phi_day_08.00_iter_0000023040.png
      Sandbox/output/TestCase5/Snapshots_latlon/alpha_0/phi/tc5_phi_day_09.00_iter_0000025920.png
      Sandbox/output/TestCase5/Snapshots_latlon/alpha_0/phi/tc5_phi_day_10.00_iter_0000028800.png
      Sandbox/output/TestCase5/Snapshots_latlon/alpha_0/phi/tc5_phi_day_11.00_iter_0000031680.png
      Sandbox/output/TestCase5/Snapshots_latlon/alpha_0/phi/tc5_phi_day_12.00_iter_0000034560.png
      Sandbox/output/TestCase5/Snapshots_latlon/alpha_0/phi/tc5_phi_day_13.00_iter_0000037440.png
      Sandbox/output/TestCase5/Snapshots_latlon/alpha_0/phi/tc5_phi_day_14.00_iter_0000040320.png
      Sandbox/output/TestCase5/Snapshots_latlon/alpha_0/psi/tc5_psi_day_00.00_iter_0000000000.png
      Sandbox/output/TestCase5/Snapshots_latlon/alpha_0/psi/tc5_psi_day_01.00_iter_0000002880.png
      Sandbox/output/TestCase5/Snapshots_latlon/alpha_0/psi/tc5_psi_day_02.00_iter_0000005760.png
      Sandbox/output/TestCase5/Snapshots_latlon/alpha_0/psi/tc5_psi_day_03.00_iter_0000008640.png
      Sandbox/output/TestCase5/Snapshots_latlon/alpha_0/psi/tc5_psi_day_04.00_iter_0000011520.png
      Sandbox/output/TestCase5/Snapshots_latlon/alpha_0/psi/tc5_psi_day_05.00_iter_0000014400.png
      Sandbox/output/TestCase5/Snapshots_latlon/alpha_0/psi/tc5_psi_day_06.00_iter_0000017280.png
      Sandbox/output/TestCase5/Snapshots_latlon/alpha_0/psi/tc5_psi_day_07.00_iter_0000020160.png
      Sandbox/output/TestCase5/Snapshots_latlon/alpha_0/psi/tc5_psi_day_08.00_iter_0000023040.png
      Sandbox/output/TestCase5/Snapshots_latlon/alpha_0/psi/tc5_psi_day_09.00_iter_0000025920.png
      Sandbox/output/TestCase5/Snapshots_latlon/alpha_0/psi/tc5_psi_day_10.00_iter_0000028800.png
      Sandbox/output/TestCase5/Snapshots_latlon/alpha_0/psi/tc5_psi_day_11.00_iter_0000031680.png
      Sandbox/output/TestCase5/Snapshots_latlon/alpha_0/psi/tc5_psi_day_12.00_iter_0000034560.png
      Sandbox/output/TestCase5/Snapshots_latlon/alpha_0/psi/tc5_psi_day_13.00_iter_0000037440.png
      Sandbox/output/TestCase5/Snapshots_latlon/alpha_0/psi/tc5_psi_day_14.00_iter_0000040320.png
      Sandbox/output/TestCase5/Snapshots_latlon/alpha_0/velocity_magnitude/tc5_velocity_magnitude_day_00.00_iter_0000000000.png
      Sandbox/output/TestCase5/Snapshots_latlon/alpha_0/velocity_magnitude/tc5_velocity_magnitude_day_01.00_iter_0000002880.png
      Sandbox/output/TestCase5/Snapshots_latlon/alpha_0/velocity_magnitude/tc5_velocity_magnitude_day_02.00_iter_0000005760.png
      Sandbox/output/TestCase5/Snapshots_latlon/alpha_0/velocity_magnitude/tc5_velocity_magnitude_day_03.00_iter_0000008640.png
      Sandbox/output/TestCase5/Snapshots_latlon/alpha_0/velocity_magnitude/tc5_velocity_magnitude_day_04.00_iter_0000011520.png
      Sandbox/output/TestCase5/Snapshots_latlon/alpha_0/velocity_magnitude/tc5_velocity_magnitude_day_05.00_iter_0000014400.png
      Sandbox/output/TestCase5/Snapshots_latlon/alpha_0/velocity_magnitude/tc5_velocity_magnitude_day_06.00_iter_0000017280.png
      Sandbox/output/TestCase5/Snapshots_latlon/alpha_0/velocity_magnitude/tc5_velocity_magnitude_day_07.00_iter_0000020160.png
      Sandbox/output/TestCase5/Snapshots_latlon/alpha_0/velocity_magnitude/tc5_velocity_magnitude_day_08.00_iter_0000023040.png
      Sandbox/output/TestCase5/Snapshots_latlon/alpha_0/velocity_magnitude/tc5_velocity_magnitude_day_09.00_iter_0000025920.png
      Sandbox/output/TestCase5/Snapshots_latlon/alpha_0/velocity_magnitude/tc5_velocity_magnitude_day_10.00_iter_0000028800.png
      Sandbox/output/TestCase5/Snapshots_latlon/alpha_0/velocity_magnitude/tc5_velocity_magnitude_day_11.00_iter_0000031680.png
      Sandbox/output/TestCase5/Snapshots_latlon/alpha_0/velocity_magnitude/tc5_velocity_magnitude_day_12.00_iter_0000034560.png
      Sandbox/output/TestCase5/Snapshots_latlon/alpha_0/velocity_magnitude/tc5_velocity_magnitude_day_13.00_iter_0000037440.png
      Sandbox/output/TestCase5/Snapshots_latlon/alpha_0/velocity_magnitude/tc5_velocity_magnitude_day_14.00_iter_0000040320.png
      Sandbox/output/TestCase5/Snapshots_latlon/alpha_0/velocity_magnitude/tc5_velocity_magnitude_day_15.00_iter_0000043200.png
    computed_files: 0
    other_files: 1
      Sandbox/output/TestCase5/Snapshots_latlon/alpha_0/manifest.json

Sent to docs index
  output: Sandbox/output/TestCase5/Diagnosis/conservation/alpha_0/availability.json
    docs_asset: docs/assets/williamson/TestCase5/Diagnosis/conservation/alpha_0/availability.json
    referenced_by: docs/fragments/testcase5.html, docs/index.html
  output: Sandbox/output/TestCase5/Diagnosis/conservation/alpha_0/conservation_energy.png
    docs_asset: docs/assets/williamson/TestCase5/Diagnosis/conservation/alpha_0/conservation_energy.png
    referenced_by: docs/fragments/conservation_report.html, docs/fragments/testcase5.html, docs/index.html
  output: Sandbox/output/TestCase5/Diagnosis/conservation/alpha_0/conservation_mass.png
    docs_asset: docs/assets/williamson/TestCase5/Diagnosis/conservation/alpha_0/conservation_mass.png
    referenced_by: docs/fragments/conservation_report.html, docs/fragments/testcase5.html, docs/index.html
  output: Sandbox/output/TestCase5/Diagnosis/conservation/alpha_0/conservation_pv_enstrophy.png
    docs_asset: docs/assets/williamson/TestCase5/Diagnosis/conservation/alpha_0/conservation_pv_enstrophy.png
    referenced_by: docs/fragments/conservation_report.html, docs/fragments/testcase5.html, docs/index.html
  output: Sandbox/output/TestCase5/Diagnosis/conservation/alpha_0/conservation_summary.json
    docs_asset: docs/assets/williamson/TestCase5/Diagnosis/conservation/alpha_0/conservation_summary.json
    referenced_by: docs/fragments/testcase5.html, docs/index.html
  output: Sandbox/output/TestCase5/Diagnosis/conservation/alpha_0/conservation_timeseries.csv
    docs_asset: docs/assets/williamson/TestCase5/Diagnosis/conservation/alpha_0/conservation_timeseries.csv
    referenced_by: docs/fragments/testcase5.html, docs/index.html
  output: Sandbox/output/TestCase5/Diagnosis/conservation/alpha_0/manifest.json
    docs_asset: docs/assets/williamson/TestCase5/Diagnosis/conservation/alpha_0/manifest.json
    referenced_by: docs/fragments/testcase5.html, docs/index.html
  output: Sandbox/output/TestCase5/Diagnosis/postprocessing/alpha_0/manifest.json
    docs_asset: docs/assets/williamson/TestCase5/Diagnosis/postprocessing/alpha_0/manifest.json
    referenced_by: docs/fragments/testcase5.html, docs/index.html
  output: Sandbox/output/TestCase5/Diagnosis/postprocessing/alpha_0/postprocessing_energies.png
    docs_asset: docs/assets/williamson/TestCase5/Diagnosis/postprocessing/alpha_0/postprocessing_energies.png
    referenced_by: docs/fragments/testcase5.html, docs/index.html
  output: Sandbox/output/TestCase5/Diagnosis/postprocessing/alpha_0/postprocessing_mass.png
    docs_asset: docs/assets/williamson/TestCase5/Diagnosis/postprocessing/alpha_0/postprocessing_mass.png
    referenced_by: docs/fragments/testcase5.html, docs/index.html
  output: Sandbox/output/TestCase5/Diagnosis/postprocessing/alpha_0/postprocessing_values.csv
    docs_asset: docs/assets/williamson/TestCase5/Diagnosis/postprocessing/alpha_0/postprocessing_values.csv
    referenced_by: docs/fragments/testcase5.html, docs/index.html
  output: Sandbox/output/TestCase5/Diagnosis/postprocessing/alpha_0/postprocessing_vorticity_pv.png
    docs_asset: docs/assets/williamson/TestCase5/Diagnosis/postprocessing/alpha_0/postprocessing_vorticity_pv.png
    referenced_by: docs/fragments/testcase5.html, docs/index.html
  output: Sandbox/output/TestCase5/Snapshots_latlon/alpha_0/eta/tc5_eta_day_00.00_iter_0000000000.png
    docs_asset: docs/assets/williamson/TestCase5/Snapshots_latlon/alpha_0/eta/tc5_eta_day_00.00_iter_0000000000.png
    referenced_by: docs/fragments/testcase5.html, docs/index.html
  output: Sandbox/output/TestCase5/Snapshots_latlon/alpha_0/eta/tc5_eta_day_03.00_iter_0000008640.png
    docs_asset: docs/assets/williamson/TestCase5/Snapshots_latlon/alpha_0/eta/tc5_eta_day_03.00_iter_0000008640.png
    referenced_by: docs/fragments/testcase5.html, docs/index.html
  output: Sandbox/output/TestCase5/Snapshots_latlon/alpha_0/eta/tc5_eta_day_06.00_iter_0000017280.png
    docs_asset: docs/assets/williamson/TestCase5/Snapshots_latlon/alpha_0/eta/tc5_eta_day_06.00_iter_0000017280.png
    referenced_by: docs/fragments/testcase5.html, docs/index.html
  output: Sandbox/output/TestCase5/Snapshots_latlon/alpha_0/eta/tc5_eta_day_09.00_iter_0000025920.png
    docs_asset: docs/assets/williamson/TestCase5/Snapshots_latlon/alpha_0/eta/tc5_eta_day_09.00_iter_0000025920.png
    referenced_by: docs/fragments/testcase5.html, docs/index.html
  output: Sandbox/output/TestCase5/Snapshots_latlon/alpha_0/eta/tc5_eta_day_10.00_iter_0000028800.png
    docs_asset: docs/assets/williamson/TestCase5/Snapshots_latlon/alpha_0/eta/tc5_eta_day_10.00_iter_0000028800.png
    referenced_by: docs/fragments/testcase5.html, docs/index.html
  output: Sandbox/output/TestCase5/Snapshots_latlon/alpha_0/eta/tc5_eta_day_12.00_iter_0000034560.png
    docs_asset: docs/assets/williamson/TestCase5/Snapshots_latlon/alpha_0/eta/tc5_eta_day_12.00_iter_0000034560.png
    referenced_by: docs/fragments/testcase5.html, docs/index.html
  output: Sandbox/output/TestCase5/Snapshots_latlon/alpha_0/eta/tc5_eta_day_15.00_iter_0000043200.png
    docs_asset: docs/assets/williamson/TestCase5/Snapshots_latlon/alpha_0/eta/tc5_eta_day_15.00_iter_0000043200.png
    referenced_by: docs/fragments/testcase5.html, docs/index.html
  output: Sandbox/output/TestCase5/Snapshots_latlon/alpha_0/etan/tc5_etan_day_00.00_iter_0000000000.png
    docs_asset: docs/assets/williamson/TestCase5/Snapshots_latlon/alpha_0/etan/tc5_etan_day_00.00_iter_0000000000.png
    referenced_by: docs/fragments/testcase5.html, docs/index.html
  output: Sandbox/output/TestCase5/Snapshots_latlon/alpha_0/etan/tc5_etan_day_03.00_iter_0000008640.png
    docs_asset: docs/assets/williamson/TestCase5/Snapshots_latlon/alpha_0/etan/tc5_etan_day_03.00_iter_0000008640.png
    referenced_by: docs/fragments/testcase5.html, docs/index.html
  output: Sandbox/output/TestCase5/Snapshots_latlon/alpha_0/etan/tc5_etan_day_06.00_iter_0000017280.png
    docs_asset: docs/assets/williamson/TestCase5/Snapshots_latlon/alpha_0/etan/tc5_etan_day_06.00_iter_0000017280.png
    referenced_by: docs/fragments/testcase5.html, docs/index.html
  output: Sandbox/output/TestCase5/Snapshots_latlon/alpha_0/etan/tc5_etan_day_09.00_iter_0000025920.png
    docs_asset: docs/assets/williamson/TestCase5/Snapshots_latlon/alpha_0/etan/tc5_etan_day_09.00_iter_0000025920.png
    referenced_by: docs/fragments/testcase5.html, docs/index.html
  output: Sandbox/output/TestCase5/Snapshots_latlon/alpha_0/etan/tc5_etan_day_10.00_iter_0000028800.png
    docs_asset: docs/assets/williamson/TestCase5/Snapshots_latlon/alpha_0/etan/tc5_etan_day_10.00_iter_0000028800.png
    referenced_by: docs/fragments/testcase5.html, docs/index.html
  output: Sandbox/output/TestCase5/Snapshots_latlon/alpha_0/etan/tc5_etan_day_12.00_iter_0000034560.png
    docs_asset: docs/assets/williamson/TestCase5/Snapshots_latlon/alpha_0/etan/tc5_etan_day_12.00_iter_0000034560.png
    referenced_by: docs/fragments/testcase5.html, docs/index.html
  output: Sandbox/output/TestCase5/Snapshots_latlon/alpha_0/mountain/tc5_mountain_day_00.00_iter_0000000000.png
    docs_asset: docs/assets/williamson/TestCase5/Snapshots_latlon/alpha_0/mountain/tc5_mountain_day_00.00_iter_0000000000.png
    referenced_by: docs/fragments/testcase5.html, docs/index.html
  output: Sandbox/output/TestCase5/Snapshots_latlon/alpha_0/phi/tc5_phi_day_00.00_iter_0000000000.png
    docs_asset: docs/assets/williamson/TestCase5/Snapshots_latlon/alpha_0/phi/tc5_phi_day_00.00_iter_0000000000.png
    referenced_by: docs/fragments/testcase5.html, docs/index.html
  output: Sandbox/output/TestCase5/Snapshots_latlon/alpha_0/phi/tc5_phi_day_03.00_iter_0000008640.png
    docs_asset: docs/assets/williamson/TestCase5/Snapshots_latlon/alpha_0/phi/tc5_phi_day_03.00_iter_0000008640.png
    referenced_by: docs/fragments/testcase5.html, docs/index.html
  output: Sandbox/output/TestCase5/Snapshots_latlon/alpha_0/phi/tc5_phi_day_06.00_iter_0000017280.png
    docs_asset: docs/assets/williamson/TestCase5/Snapshots_latlon/alpha_0/phi/tc5_phi_day_06.00_iter_0000017280.png
    referenced_by: docs/fragments/testcase5.html, docs/index.html
  output: Sandbox/output/TestCase5/Snapshots_latlon/alpha_0/phi/tc5_phi_day_09.00_iter_0000025920.png
    docs_asset: docs/assets/williamson/TestCase5/Snapshots_latlon/alpha_0/phi/tc5_phi_day_09.00_iter_0000025920.png
    referenced_by: docs/fragments/testcase5.html, docs/index.html
  output: Sandbox/output/TestCase5/Snapshots_latlon/alpha_0/phi/tc5_phi_day_10.00_iter_0000028800.png
    docs_asset: docs/assets/williamson/TestCase5/Snapshots_latlon/alpha_0/phi/tc5_phi_day_10.00_iter_0000028800.png
    referenced_by: docs/fragments/testcase5.html, docs/index.html
  output: Sandbox/output/TestCase5/Snapshots_latlon/alpha_0/phi/tc5_phi_day_12.00_iter_0000034560.png
    docs_asset: docs/assets/williamson/TestCase5/Snapshots_latlon/alpha_0/phi/tc5_phi_day_12.00_iter_0000034560.png
    referenced_by: docs/fragments/testcase5.html, docs/index.html
  output: Sandbox/output/TestCase5/Snapshots_latlon/alpha_0/psi/tc5_psi_day_00.00_iter_0000000000.png
    docs_asset: docs/assets/williamson/TestCase5/Snapshots_latlon/alpha_0/psi/tc5_psi_day_00.00_iter_0000000000.png
    referenced_by: docs/fragments/testcase5.html, docs/index.html
  output: Sandbox/output/TestCase5/Snapshots_latlon/alpha_0/psi/tc5_psi_day_03.00_iter_0000008640.png
    docs_asset: docs/assets/williamson/TestCase5/Snapshots_latlon/alpha_0/psi/tc5_psi_day_03.00_iter_0000008640.png
    referenced_by: docs/fragments/testcase5.html, docs/index.html
  output: Sandbox/output/TestCase5/Snapshots_latlon/alpha_0/psi/tc5_psi_day_06.00_iter_0000017280.png
    docs_asset: docs/assets/williamson/TestCase5/Snapshots_latlon/alpha_0/psi/tc5_psi_day_06.00_iter_0000017280.png
    referenced_by: docs/fragments/testcase5.html, docs/index.html
  output: Sandbox/output/TestCase5/Snapshots_latlon/alpha_0/psi/tc5_psi_day_09.00_iter_0000025920.png
    docs_asset: docs/assets/williamson/TestCase5/Snapshots_latlon/alpha_0/psi/tc5_psi_day_09.00_iter_0000025920.png
    referenced_by: docs/fragments/testcase5.html, docs/index.html
  output: Sandbox/output/TestCase5/Snapshots_latlon/alpha_0/psi/tc5_psi_day_10.00_iter_0000028800.png
    docs_asset: docs/assets/williamson/TestCase5/Snapshots_latlon/alpha_0/psi/tc5_psi_day_10.00_iter_0000028800.png
    referenced_by: docs/fragments/testcase5.html, docs/index.html
  output: Sandbox/output/TestCase5/Snapshots_latlon/alpha_0/psi/tc5_psi_day_12.00_iter_0000034560.png
    docs_asset: docs/assets/williamson/TestCase5/Snapshots_latlon/alpha_0/psi/tc5_psi_day_12.00_iter_0000034560.png
    referenced_by: docs/fragments/testcase5.html, docs/index.html
  output: Sandbox/output/TestCase5/Snapshots_latlon/alpha_0/velocity_magnitude/tc5_velocity_magnitude_day_00.00_iter_0000000000.png
    docs_asset: docs/assets/williamson/TestCase5/Snapshots_latlon/alpha_0/velocity_magnitude/tc5_velocity_magnitude_day_00.00_iter_0000000000.png
    referenced_by: docs/fragments/testcase5.html, docs/index.html
  output: Sandbox/output/TestCase5/Snapshots_latlon/alpha_0/velocity_magnitude/tc5_velocity_magnitude_day_03.00_iter_0000008640.png
    docs_asset: docs/assets/williamson/TestCase5/Snapshots_latlon/alpha_0/velocity_magnitude/tc5_velocity_magnitude_day_03.00_iter_0000008640.png
    referenced_by: docs/fragments/testcase5.html, docs/index.html
  output: Sandbox/output/TestCase5/Snapshots_latlon/alpha_0/velocity_magnitude/tc5_velocity_magnitude_day_06.00_iter_0000017280.png
    docs_asset: docs/assets/williamson/TestCase5/Snapshots_latlon/alpha_0/velocity_magnitude/tc5_velocity_magnitude_day_06.00_iter_0000017280.png
    referenced_by: docs/fragments/testcase5.html, docs/index.html
  output: Sandbox/output/TestCase5/Snapshots_latlon/alpha_0/velocity_magnitude/tc5_velocity_magnitude_day_09.00_iter_0000025920.png
    docs_asset: docs/assets/williamson/TestCase5/Snapshots_latlon/alpha_0/velocity_magnitude/tc5_velocity_magnitude_day_09.00_iter_0000025920.png
    referenced_by: docs/fragments/testcase5.html, docs/index.html
  output: Sandbox/output/TestCase5/Snapshots_latlon/alpha_0/velocity_magnitude/tc5_velocity_magnitude_day_10.00_iter_0000028800.png
    docs_asset: docs/assets/williamson/TestCase5/Snapshots_latlon/alpha_0/velocity_magnitude/tc5_velocity_magnitude_day_10.00_iter_0000028800.png
    referenced_by: docs/fragments/testcase5.html, docs/index.html
  output: Sandbox/output/TestCase5/Snapshots_latlon/alpha_0/velocity_magnitude/tc5_velocity_magnitude_day_12.00_iter_0000034560.png
    docs_asset: docs/assets/williamson/TestCase5/Snapshots_latlon/alpha_0/velocity_magnitude/tc5_velocity_magnitude_day_12.00_iter_0000034560.png
    referenced_by: docs/fragments/testcase5.html, docs/index.html
  output: Sandbox/output/TestCase5/Snapshots_latlon/alpha_0/velocity_magnitude/tc5_velocity_magnitude_day_15.00_iter_0000043200.png
    docs_asset: docs/assets/williamson/TestCase5/Snapshots_latlon/alpha_0/velocity_magnitude/tc5_velocity_magnitude_day_15.00_iter_0000043200.png
    referenced_by: docs/fragments/testcase5.html, docs/index.html

Run directory file manifest
  AngleCS.data bytes=49152 (48.0 KiB) mtime_utc=2026-07-04T21:14:18+00:00
  AngleCS.meta bytes=129 (129 B) mtime_utc=2026-07-04T21:14:19+00:00
  AngleSN.data bytes=49152 (48.0 KiB) mtime_utc=2026-07-04T21:14:19+00:00
  AngleSN.meta bytes=129 (129 B) mtime_utc=2026-07-04T21:14:19+00:00
  DRC.data bytes=16 (16 B) mtime_utc=2026-07-04T21:14:19+00:00
  DRC.meta bytes=149 (149 B) mtime_utc=2026-07-04T21:14:19+00:00
  DRF.data bytes=8 (8 B) mtime_utc=2026-07-04T21:14:19+00:00
  DRF.meta bytes=129 (129 B) mtime_utc=2026-07-04T21:14:19+00:00
  DXC.data bytes=49152 (48.0 KiB) mtime_utc=2026-07-04T21:14:18+00:00
  DXC.meta bytes=129 (129 B) mtime_utc=2026-07-04T21:14:18+00:00
  DXF.data bytes=49152 (48.0 KiB) mtime_utc=2026-07-04T21:14:18+00:00
  DXF.meta bytes=129 (129 B) mtime_utc=2026-07-04T21:14:18+00:00
  DXG.data bytes=49152 (48.0 KiB) mtime_utc=2026-07-04T21:14:18+00:00
  DXG.meta bytes=129 (129 B) mtime_utc=2026-07-04T21:14:18+00:00
  DXV.data bytes=49152 (48.0 KiB) mtime_utc=2026-07-04T21:14:18+00:00
  DXV.meta bytes=129 (129 B) mtime_utc=2026-07-04T21:14:18+00:00
  DYC.data bytes=49152 (48.0 KiB) mtime_utc=2026-07-04T21:14:18+00:00
  DYC.meta bytes=129 (129 B) mtime_utc=2026-07-04T21:14:18+00:00
  DYF.data bytes=49152 (48.0 KiB) mtime_utc=2026-07-04T21:14:18+00:00
  DYF.meta bytes=129 (129 B) mtime_utc=2026-07-04T21:14:18+00:00
  DYG.data bytes=49152 (48.0 KiB) mtime_utc=2026-07-04T21:14:18+00:00
  DYG.meta bytes=129 (129 B) mtime_utc=2026-07-04T21:14:18+00:00
  DYU.data bytes=49152 (48.0 KiB) mtime_utc=2026-07-04T21:14:18+00:00
  DYU.meta bytes=129 (129 B) mtime_utc=2026-07-04T21:14:18+00:00
  Depth.data bytes=49152 (48.0 KiB) mtime_utc=2026-07-04T21:14:19+00:00
  Depth.meta bytes=129 (129 B) mtime_utc=2026-07-04T21:14:19+00:00
  Eta.0000000000.data bytes=49152 (48.0 KiB) mtime_utc=2026-07-04T21:14:19+00:00
  Eta.0000000000.meta bytes=163 (163 B) mtime_utc=2026-07-04T21:14:19+00:00
  Eta.0000002880.data bytes=49152 (48.0 KiB) mtime_utc=2026-07-04T21:14:23+00:00
  Eta.0000002880.meta bytes=163 (163 B) mtime_utc=2026-07-04T21:14:23+00:00
  Eta.0000005760.data bytes=49152 (48.0 KiB) mtime_utc=2026-07-04T21:14:27+00:00
  Eta.0000005760.meta bytes=163 (163 B) mtime_utc=2026-07-04T21:14:27+00:00
  Eta.0000008640.data bytes=49152 (48.0 KiB) mtime_utc=2026-07-04T21:14:30+00:00
  Eta.0000008640.meta bytes=163 (163 B) mtime_utc=2026-07-04T21:14:30+00:00
  Eta.0000011520.data bytes=49152 (48.0 KiB) mtime_utc=2026-07-04T21:14:34+00:00
  Eta.0000011520.meta bytes=163 (163 B) mtime_utc=2026-07-04T21:14:34+00:00
  Eta.0000014400.data bytes=49152 (48.0 KiB) mtime_utc=2026-07-04T21:14:38+00:00
  Eta.0000014400.meta bytes=163 (163 B) mtime_utc=2026-07-04T21:14:38+00:00
  Eta.0000017280.data bytes=49152 (48.0 KiB) mtime_utc=2026-07-04T21:14:42+00:00
  Eta.0000017280.meta bytes=163 (163 B) mtime_utc=2026-07-04T21:14:42+00:00
  Eta.0000020160.data bytes=49152 (48.0 KiB) mtime_utc=2026-07-04T21:14:46+00:00
  Eta.0000020160.meta bytes=163 (163 B) mtime_utc=2026-07-04T21:14:46+00:00
  Eta.0000023040.data bytes=49152 (48.0 KiB) mtime_utc=2026-07-04T21:14:51+00:00
  Eta.0000023040.meta bytes=163 (163 B) mtime_utc=2026-07-04T21:14:51+00:00
  Eta.0000025920.data bytes=49152 (48.0 KiB) mtime_utc=2026-07-04T21:14:55+00:00
  Eta.0000025920.meta bytes=163 (163 B) mtime_utc=2026-07-04T21:14:55+00:00
  Eta.0000028800.data bytes=49152 (48.0 KiB) mtime_utc=2026-07-04T21:14:59+00:00
  Eta.0000028800.meta bytes=163 (163 B) mtime_utc=2026-07-04T21:14:59+00:00
  Eta.0000031680.data bytes=49152 (48.0 KiB) mtime_utc=2026-07-04T21:15:03+00:00
  Eta.0000031680.meta bytes=163 (163 B) mtime_utc=2026-07-04T21:15:03+00:00
  Eta.0000034560.data bytes=49152 (48.0 KiB) mtime_utc=2026-07-04T21:15:08+00:00
  Eta.0000034560.meta bytes=163 (163 B) mtime_utc=2026-07-04T21:15:08+00:00
  Eta.0000037440.data bytes=49152 (48.0 KiB) mtime_utc=2026-07-04T21:15:12+00:00
  Eta.0000037440.meta bytes=163 (163 B) mtime_utc=2026-07-04T21:15:12+00:00
  Eta.0000040320.data bytes=49152 (48.0 KiB) mtime_utc=2026-07-04T21:15:17+00:00
  Eta.0000040320.meta bytes=163 (163 B) mtime_utc=2026-07-04T21:15:17+00:00
  Eta.0000043200.data bytes=49152 (48.0 KiB) mtime_utc=2026-07-04T21:15:21+00:00
  Eta.0000043200.meta bytes=163 (163 B) mtime_utc=2026-07-04T21:15:21+00:00
  PH.0000002880.data bytes=49152 (48.0 KiB) mtime_utc=2026-07-04T21:14:23+00:00
  PH.0000002880.meta bytes=163 (163 B) mtime_utc=2026-07-04T21:14:23+00:00
  PH.0000005760.data bytes=49152 (48.0 KiB) mtime_utc=2026-07-04T21:14:27+00:00
  PH.0000005760.meta bytes=163 (163 B) mtime_utc=2026-07-04T21:14:27+00:00
  PH.0000008640.data bytes=49152 (48.0 KiB) mtime_utc=2026-07-04T21:14:30+00:00
  PH.0000008640.meta bytes=163 (163 B) mtime_utc=2026-07-04T21:14:30+00:00
  PH.0000011520.data bytes=49152 (48.0 KiB) mtime_utc=2026-07-04T21:14:34+00:00
  PH.0000011520.meta bytes=163 (163 B) mtime_utc=2026-07-04T21:14:34+00:00
  PH.0000014400.data bytes=49152 (48.0 KiB) mtime_utc=2026-07-04T21:14:38+00:00
  PH.0000014400.meta bytes=163 (163 B) mtime_utc=2026-07-04T21:14:38+00:00
  PH.0000017280.data bytes=49152 (48.0 KiB) mtime_utc=2026-07-04T21:14:42+00:00
  PH.0000017280.meta bytes=163 (163 B) mtime_utc=2026-07-04T21:14:42+00:00
  PH.0000020160.data bytes=49152 (48.0 KiB) mtime_utc=2026-07-04T21:14:46+00:00
  PH.0000020160.meta bytes=163 (163 B) mtime_utc=2026-07-04T21:14:46+00:00
  PH.0000023040.data bytes=49152 (48.0 KiB) mtime_utc=2026-07-04T21:14:51+00:00
  PH.0000023040.meta bytes=163 (163 B) mtime_utc=2026-07-04T21:14:51+00:00
  PH.0000025920.data bytes=49152 (48.0 KiB) mtime_utc=2026-07-04T21:14:55+00:00
  PH.0000025920.meta bytes=163 (163 B) mtime_utc=2026-07-04T21:14:55+00:00
  PH.0000028800.data bytes=49152 (48.0 KiB) mtime_utc=2026-07-04T21:14:59+00:00
  PH.0000028800.meta bytes=163 (163 B) mtime_utc=2026-07-04T21:14:59+00:00
  PH.0000031680.data bytes=49152 (48.0 KiB) mtime_utc=2026-07-04T21:15:03+00:00
  PH.0000031680.meta bytes=163 (163 B) mtime_utc=2026-07-04T21:15:03+00:00
  PH.0000034560.data bytes=49152 (48.0 KiB) mtime_utc=2026-07-04T21:15:08+00:00
  PH.0000034560.meta bytes=163 (163 B) mtime_utc=2026-07-04T21:15:08+00:00
  PH.0000037440.data bytes=49152 (48.0 KiB) mtime_utc=2026-07-04T21:15:12+00:00
  PH.0000037440.meta bytes=163 (163 B) mtime_utc=2026-07-04T21:15:12+00:00
  PH.0000040320.data bytes=49152 (48.0 KiB) mtime_utc=2026-07-04T21:15:17+00:00
  PH.0000040320.meta bytes=163 (163 B) mtime_utc=2026-07-04T21:15:17+00:00
  PH.0000043200.data bytes=49152 (48.0 KiB) mtime_utc=2026-07-04T21:15:21+00:00
  PH.0000043200.meta bytes=163 (163 B) mtime_utc=2026-07-04T21:15:21+00:00
  PHL.0000002880.data bytes=49152 (48.0 KiB) mtime_utc=2026-07-04T21:14:23+00:00
  PHL.0000002880.meta bytes=163 (163 B) mtime_utc=2026-07-04T21:14:23+00:00
  PHL.0000005760.data bytes=49152 (48.0 KiB) mtime_utc=2026-07-04T21:14:27+00:00
  PHL.0000005760.meta bytes=163 (163 B) mtime_utc=2026-07-04T21:14:27+00:00
  PHL.0000008640.data bytes=49152 (48.0 KiB) mtime_utc=2026-07-04T21:14:30+00:00
  PHL.0000008640.meta bytes=163 (163 B) mtime_utc=2026-07-04T21:14:30+00:00
  PHL.0000011520.data bytes=49152 (48.0 KiB) mtime_utc=2026-07-04T21:14:34+00:00
  PHL.0000011520.meta bytes=163 (163 B) mtime_utc=2026-07-04T21:14:34+00:00
  PHL.0000014400.data bytes=49152 (48.0 KiB) mtime_utc=2026-07-04T21:14:38+00:00
  PHL.0000014400.meta bytes=163 (163 B) mtime_utc=2026-07-04T21:14:38+00:00
  PHL.0000017280.data bytes=49152 (48.0 KiB) mtime_utc=2026-07-04T21:14:42+00:00
  PHL.0000017280.meta bytes=163 (163 B) mtime_utc=2026-07-04T21:14:42+00:00
  PHL.0000020160.data bytes=49152 (48.0 KiB) mtime_utc=2026-07-04T21:14:46+00:00
  PHL.0000020160.meta bytes=163 (163 B) mtime_utc=2026-07-04T21:14:46+00:00
  PHL.0000023040.data bytes=49152 (48.0 KiB) mtime_utc=2026-07-04T21:14:51+00:00
  PHL.0000023040.meta bytes=163 (163 B) mtime_utc=2026-07-04T21:14:51+00:00
  PHL.0000025920.data bytes=49152 (48.0 KiB) mtime_utc=2026-07-04T21:14:55+00:00
  PHL.0000025920.meta bytes=163 (163 B) mtime_utc=2026-07-04T21:14:55+00:00
  PHL.0000028800.data bytes=49152 (48.0 KiB) mtime_utc=2026-07-04T21:14:59+00:00
  PHL.0000028800.meta bytes=163 (163 B) mtime_utc=2026-07-04T21:14:59+00:00
  PHL.0000031680.data bytes=49152 (48.0 KiB) mtime_utc=2026-07-04T21:15:03+00:00
  PHL.0000031680.meta bytes=163 (163 B) mtime_utc=2026-07-04T21:15:03+00:00
  PHL.0000034560.data bytes=49152 (48.0 KiB) mtime_utc=2026-07-04T21:15:08+00:00
  PHL.0000034560.meta bytes=163 (163 B) mtime_utc=2026-07-04T21:15:08+00:00
  PHL.0000037440.data bytes=49152 (48.0 KiB) mtime_utc=2026-07-04T21:15:12+00:00
  PHL.0000037440.meta bytes=163 (163 B) mtime_utc=2026-07-04T21:15:12+00:00
  PHL.0000040320.data bytes=49152 (48.0 KiB) mtime_utc=2026-07-04T21:15:17+00:00
  PHL.0000040320.meta bytes=163 (163 B) mtime_utc=2026-07-04T21:15:17+00:00
  PHL.0000043200.data bytes=49152 (48.0 KiB) mtime_utc=2026-07-04T21:15:21+00:00
  PHL.0000043200.meta bytes=163 (163 B) mtime_utc=2026-07-04T21:15:21+00:00
  PHrefC.data bytes=8 (8 B) mtime_utc=2026-07-04T21:14:19+00:00
  PHrefC.meta bytes=129 (129 B) mtime_utc=2026-07-04T21:14:19+00:00
  PHrefF.data bytes=16 (16 B) mtime_utc=2026-07-04T21:14:19+00:00
  PHrefF.meta bytes=149 (149 B) mtime_utc=2026-07-04T21:14:19+00:00
  RAC.data bytes=49152 (48.0 KiB) mtime_utc=2026-07-04T21:14:18+00:00
  RAC.meta bytes=129 (129 B) mtime_utc=2026-07-04T21:14:18+00:00
  RAS.data bytes=49152 (48.0 KiB) mtime_utc=2026-07-04T21:14:18+00:00
  RAS.meta bytes=129 (129 B) mtime_utc=2026-07-04T21:14:18+00:00
  RAW.data bytes=49152 (48.0 KiB) mtime_utc=2026-07-04T21:14:18+00:00
  RAW.meta bytes=129 (129 B) mtime_utc=2026-07-04T21:14:18+00:00
  RAZ.data bytes=49152 (48.0 KiB) mtime_utc=2026-07-04T21:14:18+00:00
  RAZ.meta bytes=129 (129 B) mtime_utc=2026-07-04T21:14:18+00:00
  RC.data bytes=8 (8 B) mtime_utc=2026-07-04T21:14:19+00:00
  RC.meta bytes=129 (129 B) mtime_utc=2026-07-04T21:14:19+00:00
  RF.data bytes=16 (16 B) mtime_utc=2026-07-04T21:14:19+00:00
  RF.meta bytes=149 (149 B) mtime_utc=2026-07-04T21:14:19+00:00
  RhoRef.data bytes=8 (8 B) mtime_utc=2026-07-04T21:14:18+00:00
  RhoRef.meta bytes=129 (129 B) mtime_utc=2026-07-04T21:14:18+00:00
  S.0000000000.data bytes=49152 (48.0 KiB) mtime_utc=2026-07-04T21:14:19+00:00
  S.0000000000.meta bytes=163 (163 B) mtime_utc=2026-07-04T21:14:19+00:00
  S.0000002880.data bytes=49152 (48.0 KiB) mtime_utc=2026-07-04T21:14:23+00:00
  S.0000002880.meta bytes=163 (163 B) mtime_utc=2026-07-04T21:14:23+00:00
  S.0000005760.data bytes=49152 (48.0 KiB) mtime_utc=2026-07-04T21:14:27+00:00
  S.0000005760.meta bytes=163 (163 B) mtime_utc=2026-07-04T21:14:27+00:00
  S.0000008640.data bytes=49152 (48.0 KiB) mtime_utc=2026-07-04T21:14:30+00:00
  S.0000008640.meta bytes=163 (163 B) mtime_utc=2026-07-04T21:14:30+00:00
  S.0000011520.data bytes=49152 (48.0 KiB) mtime_utc=2026-07-04T21:14:34+00:00
  S.0000011520.meta bytes=163 (163 B) mtime_utc=2026-07-04T21:14:34+00:00
  S.0000014400.data bytes=49152 (48.0 KiB) mtime_utc=2026-07-04T21:14:38+00:00
  S.0000014400.meta bytes=163 (163 B) mtime_utc=2026-07-04T21:14:38+00:00
  S.0000017280.data bytes=49152 (48.0 KiB) mtime_utc=2026-07-04T21:14:42+00:00
  S.0000017280.meta bytes=163 (163 B) mtime_utc=2026-07-04T21:14:42+00:00
  S.0000020160.data bytes=49152 (48.0 KiB) mtime_utc=2026-07-04T21:14:46+00:00
  S.0000020160.meta bytes=163 (163 B) mtime_utc=2026-07-04T21:14:46+00:00
  S.0000023040.data bytes=49152 (48.0 KiB) mtime_utc=2026-07-04T21:14:51+00:00
  S.0000023040.meta bytes=163 (163 B) mtime_utc=2026-07-04T21:14:51+00:00
  S.0000025920.data bytes=49152 (48.0 KiB) mtime_utc=2026-07-04T21:14:55+00:00
  S.0000025920.meta bytes=163 (163 B) mtime_utc=2026-07-04T21:14:55+00:00
  S.0000028800.data bytes=49152 (48.0 KiB) mtime_utc=2026-07-04T21:14:59+00:00
  S.0000028800.meta bytes=163 (163 B) mtime_utc=2026-07-04T21:14:59+00:00
  S.0000031680.data bytes=49152 (48.0 KiB) mtime_utc=2026-07-04T21:15:03+00:00
  S.0000031680.meta bytes=163 (163 B) mtime_utc=2026-07-04T21:15:03+00:00
  S.0000034560.data bytes=49152 (48.0 KiB) mtime_utc=2026-07-04T21:15:08+00:00
  S.0000034560.meta bytes=163 (163 B) mtime_utc=2026-07-04T21:15:08+00:00
  S.0000037440.data bytes=49152 (48.0 KiB) mtime_utc=2026-07-04T21:15:12+00:00
  S.0000037440.meta bytes=163 (163 B) mtime_utc=2026-07-04T21:15:12+00:00
  S.0000040320.data bytes=49152 (48.0 KiB) mtime_utc=2026-07-04T21:15:17+00:00
  S.0000040320.meta bytes=163 (163 B) mtime_utc=2026-07-04T21:15:17+00:00
  S.0000043200.data bytes=49152 (48.0 KiB) mtime_utc=2026-07-04T21:15:21+00:00
  S.0000043200.meta bytes=163 (163 B) mtime_utc=2026-07-04T21:15:21+00:00
  STDERR.0000 bytes=0 (0 B) mtime_utc=2026-07-04T21:14:17+00:00
  STDERR.0001 bytes=0 (0 B) mtime_utc=2026-07-04T21:14:17+00:00
  STDERR.0002 bytes=0 (0 B) mtime_utc=2026-07-04T21:14:17+00:00
  STDERR.0003 bytes=0 (0 B) mtime_utc=2026-07-04T21:14:17+00:00
  STDERR.0004 bytes=0 (0 B) mtime_utc=2026-07-04T21:14:17+00:00
  STDERR.0005 bytes=0 (0 B) mtime_utc=2026-07-04T21:14:17+00:00
  STDERR.0006 bytes=0 (0 B) mtime_utc=2026-07-04T21:14:17+00:00
  STDERR.0007 bytes=0 (0 B) mtime_utc=2026-07-04T21:14:17+00:00
  STDERR.0008 bytes=0 (0 B) mtime_utc=2026-07-04T21:14:17+00:00
  STDERR.0009 bytes=0 (0 B) mtime_utc=2026-07-04T21:14:17+00:00
  STDERR.0010 bytes=0 (0 B) mtime_utc=2026-07-04T21:14:17+00:00
  STDERR.0011 bytes=0 (0 B) mtime_utc=2026-07-04T21:14:17+00:00
  STDERR.0012 bytes=0 (0 B) mtime_utc=2026-07-04T21:14:17+00:00
  STDERR.0013 bytes=0 (0 B) mtime_utc=2026-07-04T21:14:17+00:00
  STDERR.0014 bytes=0 (0 B) mtime_utc=2026-07-04T21:14:17+00:00
  STDERR.0015 bytes=0 (0 B) mtime_utc=2026-07-04T21:14:17+00:00
  STDERR.0016 bytes=0 (0 B) mtime_utc=2026-07-04T21:14:17+00:00
  STDERR.0017 bytes=0 (0 B) mtime_utc=2026-07-04T21:14:17+00:00
  STDERR.0018 bytes=0 (0 B) mtime_utc=2026-07-04T21:14:17+00:00
  STDERR.0019 bytes=0 (0 B) mtime_utc=2026-07-04T21:14:17+00:00
  STDERR.0020 bytes=0 (0 B) mtime_utc=2026-07-04T21:14:17+00:00
  STDERR.0021 bytes=0 (0 B) mtime_utc=2026-07-04T21:14:17+00:00
  STDERR.0022 bytes=0 (0 B) mtime_utc=2026-07-04T21:14:17+00:00
  STDERR.0023 bytes=0 (0 B) mtime_utc=2026-07-04T21:14:17+00:00
  STDERR.0024 bytes=0 (0 B) mtime_utc=2026-07-04T21:14:17+00:00
  STDERR.0025 bytes=0 (0 B) mtime_utc=2026-07-04T21:14:17+00:00
  STDERR.0026 bytes=0 (0 B) mtime_utc=2026-07-04T21:14:17+00:00
  STDERR.0027 bytes=0 (0 B) mtime_utc=2026-07-04T21:14:17+00:00
  STDERR.0028 bytes=0 (0 B) mtime_utc=2026-07-04T21:14:17+00:00
  STDERR.0029 bytes=0 (0 B) mtime_utc=2026-07-04T21:14:17+00:00
  STDERR.0030 bytes=0 (0 B) mtime_utc=2026-07-04T21:14:17+00:00
  STDERR.0031 bytes=0 (0 B) mtime_utc=2026-07-04T21:14:17+00:00
  STDERR.0032 bytes=0 (0 B) mtime_utc=2026-07-04T21:14:17+00:00
  STDERR.0033 bytes=0 (0 B) mtime_utc=2026-07-04T21:14:17+00:00
  STDERR.0034 bytes=0 (0 B) mtime_utc=2026-07-04T21:14:17+00:00
  STDERR.0035 bytes=0 (0 B) mtime_utc=2026-07-04T21:14:17+00:00
  STDERR.0036 bytes=0 (0 B) mtime_utc=2026-07-04T21:14:17+00:00
  STDERR.0037 bytes=0 (0 B) mtime_utc=2026-07-04T21:14:17+00:00
  STDERR.0038 bytes=0 (0 B) mtime_utc=2026-07-04T21:14:17+00:00
  STDERR.0039 bytes=0 (0 B) mtime_utc=2026-07-04T21:14:17+00:00
  STDERR.0040 bytes=0 (0 B) mtime_utc=2026-07-04T21:14:17+00:00
  STDERR.0041 bytes=0 (0 B) mtime_utc=2026-07-04T21:14:17+00:00
  STDERR.0042 bytes=0 (0 B) mtime_utc=2026-07-04T21:14:17+00:00
  STDERR.0043 bytes=0 (0 B) mtime_utc=2026-07-04T21:14:17+00:00
  STDERR.0044 bytes=0 (0 B) mtime_utc=2026-07-04T21:14:17+00:00
  STDERR.0045 bytes=0 (0 B) mtime_utc=2026-07-04T21:14:17+00:00
  STDERR.0046 bytes=0 (0 B) mtime_utc=2026-07-04T21:14:17+00:00
  STDERR.0047 bytes=0 (0 B) mtime_utc=2026-07-04T21:14:17+00:00
  STDOUT.0000 bytes=19357353 (18.5 MiB) mtime_utc=2026-07-04T21:15:11+00:00
  STDOUT.0001 bytes=3976007 (3.8 MiB) mtime_utc=2026-07-04T21:15:11+00:00
  STDOUT.0002 bytes=3976012 (3.8 MiB) mtime_utc=2026-07-04T21:15:11+00:00
  STDOUT.0003 bytes=3976007 (3.8 MiB) mtime_utc=2026-07-04T21:15:11+00:00
  STDOUT.0004 bytes=3976007 (3.8 MiB) mtime_utc=2026-07-04T21:15:11+00:00
  STDOUT.0005 bytes=3976007 (3.8 MiB) mtime_utc=2026-07-04T21:15:11+00:00
  STDOUT.0006 bytes=3976002 (3.8 MiB) mtime_utc=2026-07-04T21:15:11+00:00
  STDOUT.0007 bytes=3976002 (3.8 MiB) mtime_utc=2026-07-04T21:15:11+00:00
  STDOUT.0008 bytes=3976007 (3.8 MiB) mtime_utc=2026-07-04T21:15:11+00:00
  STDOUT.0009 bytes=3976012 (3.8 MiB) mtime_utc=2026-07-04T21:15:11+00:00
  STDOUT.0010 bytes=3976012 (3.8 MiB) mtime_utc=2026-07-04T21:15:11+00:00
  STDOUT.0011 bytes=3976101 (3.8 MiB) mtime_utc=2026-07-04T21:15:11+00:00
  STDOUT.0012 bytes=3976007 (3.8 MiB) mtime_utc=2026-07-04T21:15:11+00:00
  STDOUT.0013 bytes=3976086 (3.8 MiB) mtime_utc=2026-07-04T21:15:11+00:00
  STDOUT.0014 bytes=3976002 (3.8 MiB) mtime_utc=2026-07-04T21:15:11+00:00
  STDOUT.0015 bytes=3976007 (3.8 MiB) mtime_utc=2026-07-04T21:15:11+00:00
  STDOUT.0016 bytes=3976012 (3.8 MiB) mtime_utc=2026-07-04T21:15:11+00:00
  STDOUT.0017 bytes=3976012 (3.8 MiB) mtime_utc=2026-07-04T21:15:11+00:00
  STDOUT.0018 bytes=3976012 (3.8 MiB) mtime_utc=2026-07-04T21:15:11+00:00
  STDOUT.0019 bytes=3976012 (3.8 MiB) mtime_utc=2026-07-04T21:15:11+00:00
  STDOUT.0020 bytes=3976007 (3.8 MiB) mtime_utc=2026-07-04T21:15:11+00:00
  STDOUT.0021 bytes=3976002 (3.8 MiB) mtime_utc=2026-07-04T21:15:11+00:00
  STDOUT.0022 bytes=3978987 (3.8 MiB) mtime_utc=2026-07-04T21:15:11+00:00
  STDOUT.0023 bytes=3978992 (3.8 MiB) mtime_utc=2026-07-04T21:15:11+00:00
  STDOUT.0024 bytes=3976096 (3.8 MiB) mtime_utc=2026-07-04T21:15:11+00:00
  STDOUT.0025 bytes=3976101 (3.8 MiB) mtime_utc=2026-07-04T21:15:11+00:00
  STDOUT.0026 bytes=3976012 (3.8 MiB) mtime_utc=2026-07-04T21:15:11+00:00
  STDOUT.0027 bytes=3976007 (3.8 MiB) mtime_utc=2026-07-04T21:15:11+00:00
  STDOUT.0028 bytes=3976007 (3.8 MiB) mtime_utc=2026-07-04T21:15:11+00:00
  STDOUT.0029 bytes=3976007 (3.8 MiB) mtime_utc=2026-07-04T21:15:11+00:00
  STDOUT.0030 bytes=3976002 (3.8 MiB) mtime_utc=2026-07-04T21:15:11+00:00
  STDOUT.0031 bytes=3976002 (3.8 MiB) mtime_utc=2026-07-04T21:15:11+00:00
  STDOUT.0032 bytes=3976012 (3.8 MiB) mtime_utc=2026-07-04T21:15:11+00:00
  STDOUT.0033 bytes=3976007 (3.8 MiB) mtime_utc=2026-07-04T21:15:11+00:00
  STDOUT.0034 bytes=3978992 (3.8 MiB) mtime_utc=2026-07-04T21:15:11+00:00
  STDOUT.0035 bytes=3976007 (3.8 MiB) mtime_utc=2026-07-04T21:15:11+00:00
  STDOUT.0036 bytes=3978987 (3.8 MiB) mtime_utc=2026-07-04T21:15:11+00:00
  STDOUT.0037 bytes=3976002 (3.8 MiB) mtime_utc=2026-07-04T21:15:11+00:00
  STDOUT.0038 bytes=3976742 (3.8 MiB) mtime_utc=2026-07-04T21:15:11+00:00
  STDOUT.0039 bytes=3976007 (3.8 MiB) mtime_utc=2026-07-04T21:15:11+00:00
  STDOUT.0040 bytes=3976012 (3.8 MiB) mtime_utc=2026-07-04T21:15:11+00:00
  STDOUT.0041 bytes=3976012 (3.8 MiB) mtime_utc=2026-07-04T21:15:11+00:00
  STDOUT.0042 bytes=3976012 (3.8 MiB) mtime_utc=2026-07-04T21:15:11+00:00
  STDOUT.0043 bytes=3976007 (3.8 MiB) mtime_utc=2026-07-04T21:15:11+00:00
  STDOUT.0044 bytes=3976007 (3.8 MiB) mtime_utc=2026-07-04T21:15:11+00:00
  STDOUT.0045 bytes=3976002 (3.8 MiB) mtime_utc=2026-07-04T21:15:11+00:00
  STDOUT.0046 bytes=3976007 (3.8 MiB) mtime_utc=2026-07-04T21:15:11+00:00
  STDOUT.0047 bytes=3976002 (3.8 MiB) mtime_utc=2026-07-04T21:15:11+00:00
  T.0000000000.data bytes=49152 (48.0 KiB) mtime_utc=2026-07-04T21:14:19+00:00
  T.0000000000.meta bytes=163 (163 B) mtime_utc=2026-07-04T21:14:19+00:00
  T.0000002880.data bytes=49152 (48.0 KiB) mtime_utc=2026-07-04T21:14:23+00:00
  T.0000002880.meta bytes=163 (163 B) mtime_utc=2026-07-04T21:14:23+00:00
  T.0000005760.data bytes=49152 (48.0 KiB) mtime_utc=2026-07-04T21:14:27+00:00
  T.0000005760.meta bytes=163 (163 B) mtime_utc=2026-07-04T21:14:27+00:00
  T.0000008640.data bytes=49152 (48.0 KiB) mtime_utc=2026-07-04T21:14:30+00:00
  T.0000008640.meta bytes=163 (163 B) mtime_utc=2026-07-04T21:14:30+00:00
  T.0000011520.data bytes=49152 (48.0 KiB) mtime_utc=2026-07-04T21:14:34+00:00
  T.0000011520.meta bytes=163 (163 B) mtime_utc=2026-07-04T21:14:34+00:00
  T.0000014400.data bytes=49152 (48.0 KiB) mtime_utc=2026-07-04T21:14:38+00:00
  T.0000014400.meta bytes=163 (163 B) mtime_utc=2026-07-04T21:14:38+00:00
  T.0000017280.data bytes=49152 (48.0 KiB) mtime_utc=2026-07-04T21:14:42+00:00
  T.0000017280.meta bytes=163 (163 B) mtime_utc=2026-07-04T21:14:42+00:00
  T.0000020160.data bytes=49152 (48.0 KiB) mtime_utc=2026-07-04T21:14:46+00:00
  T.0000020160.meta bytes=163 (163 B) mtime_utc=2026-07-04T21:14:46+00:00
  T.0000023040.data bytes=49152 (48.0 KiB) mtime_utc=2026-07-04T21:14:51+00:00
  T.0000023040.meta bytes=163 (163 B) mtime_utc=2026-07-04T21:14:51+00:00
  T.0000025920.data bytes=49152 (48.0 KiB) mtime_utc=2026-07-04T21:14:55+00:00
  T.0000025920.meta bytes=163 (163 B) mtime_utc=2026-07-04T21:14:55+00:00
  T.0000028800.data bytes=49152 (48.0 KiB) mtime_utc=2026-07-04T21:14:59+00:00
  T.0000028800.meta bytes=163 (163 B) mtime_utc=2026-07-04T21:14:59+00:00
  T.0000031680.data bytes=49152 (48.0 KiB) mtime_utc=2026-07-04T21:15:03+00:00
  T.0000031680.meta bytes=163 (163 B) mtime_utc=2026-07-04T21:15:03+00:00
  T.0000034560.data bytes=49152 (48.0 KiB) mtime_utc=2026-07-04T21:15:08+00:00
  T.0000034560.meta bytes=163 (163 B) mtime_utc=2026-07-04T21:15:08+00:00
  T.0000037440.data bytes=49152 (48.0 KiB) mtime_utc=2026-07-04T21:15:12+00:00
  T.0000037440.meta bytes=163 (163 B) mtime_utc=2026-07-04T21:15:12+00:00
  T.0000040320.data bytes=49152 (48.0 KiB) mtime_utc=2026-07-04T21:15:17+00:00
  T.0000040320.meta bytes=163 (163 B) mtime_utc=2026-07-04T21:15:17+00:00
  T.0000043200.data bytes=49152 (48.0 KiB) mtime_utc=2026-07-04T21:15:21+00:00
  T.0000043200.meta bytes=163 (163 B) mtime_utc=2026-07-04T21:15:21+00:00
  U2zonDir.data bytes=49152 (48.0 KiB) mtime_utc=2026-07-04T21:14:19+00:00
  U2zonDir.meta bytes=129 (129 B) mtime_utc=2026-07-04T21:14:19+00:00
  U.0000000000.data bytes=49152 (48.0 KiB) mtime_utc=2026-07-04T21:14:19+00:00
  U.0000000000.meta bytes=163 (163 B) mtime_utc=2026-07-04T21:14:19+00:00
  U.0000002880.data bytes=49152 (48.0 KiB) mtime_utc=2026-07-04T21:14:23+00:00
  U.0000002880.meta bytes=163 (163 B) mtime_utc=2026-07-04T21:14:23+00:00
  U.0000005760.data bytes=49152 (48.0 KiB) mtime_utc=2026-07-04T21:14:26+00:00
  U.0000005760.meta bytes=163 (163 B) mtime_utc=2026-07-04T21:14:26+00:00
  U.0000008640.data bytes=49152 (48.0 KiB) mtime_utc=2026-07-04T21:14:30+00:00
  U.0000008640.meta bytes=163 (163 B) mtime_utc=2026-07-04T21:14:30+00:00
  U.0000011520.data bytes=49152 (48.0 KiB) mtime_utc=2026-07-04T21:14:34+00:00
  U.0000011520.meta bytes=163 (163 B) mtime_utc=2026-07-04T21:14:34+00:00
  U.0000014400.data bytes=49152 (48.0 KiB) mtime_utc=2026-07-04T21:14:38+00:00
  U.0000014400.meta bytes=163 (163 B) mtime_utc=2026-07-04T21:14:38+00:00
  U.0000017280.data bytes=49152 (48.0 KiB) mtime_utc=2026-07-04T21:14:42+00:00
  U.0000017280.meta bytes=163 (163 B) mtime_utc=2026-07-04T21:14:42+00:00
  U.0000020160.data bytes=49152 (48.0 KiB) mtime_utc=2026-07-04T21:14:46+00:00
  U.0000020160.meta bytes=163 (163 B) mtime_utc=2026-07-04T21:14:46+00:00
  U.0000023040.data bytes=49152 (48.0 KiB) mtime_utc=2026-07-04T21:14:51+00:00
  U.0000023040.meta bytes=163 (163 B) mtime_utc=2026-07-04T21:14:51+00:00
  U.0000025920.data bytes=49152 (48.0 KiB) mtime_utc=2026-07-04T21:14:55+00:00
  U.0000025920.meta bytes=163 (163 B) mtime_utc=2026-07-04T21:14:55+00:00
  U.0000028800.data bytes=49152 (48.0 KiB) mtime_utc=2026-07-04T21:14:59+00:00
  U.0000028800.meta bytes=163 (163 B) mtime_utc=2026-07-04T21:14:59+00:00
  U.0000031680.data bytes=49152 (48.0 KiB) mtime_utc=2026-07-04T21:15:03+00:00
  U.0000031680.meta bytes=163 (163 B) mtime_utc=2026-07-04T21:15:03+00:00
  U.0000034560.data bytes=49152 (48.0 KiB) mtime_utc=2026-07-04T21:15:08+00:00
  U.0000034560.meta bytes=163 (163 B) mtime_utc=2026-07-04T21:15:08+00:00
  U.0000037440.data bytes=49152 (48.0 KiB) mtime_utc=2026-07-04T21:15:12+00:00
  U.0000037440.meta bytes=163 (163 B) mtime_utc=2026-07-04T21:15:12+00:00
  U.0000040320.data bytes=49152 (48.0 KiB) mtime_utc=2026-07-04T21:15:17+00:00
  U.0000040320.meta bytes=163 (163 B) mtime_utc=2026-07-04T21:15:17+00:00
  U.0000043200.data bytes=49152 (48.0 KiB) mtime_utc=2026-07-04T21:15:21+00:00
  U.0000043200.meta bytes=163 (163 B) mtime_utc=2026-07-04T21:15:21+00:00
  V2zonDir.data bytes=49152 (48.0 KiB) mtime_utc=2026-07-04T21:14:19+00:00
  V2zonDir.meta bytes=129 (129 B) mtime_utc=2026-07-04T21:14:19+00:00
  V.0000000000.data bytes=49152 (48.0 KiB) mtime_utc=2026-07-04T21:14:19+00:00
  V.0000000000.meta bytes=163 (163 B) mtime_utc=2026-07-04T21:14:19+00:00
  V.0000002880.data bytes=49152 (48.0 KiB) mtime_utc=2026-07-04T21:14:23+00:00
  V.0000002880.meta bytes=163 (163 B) mtime_utc=2026-07-04T21:14:23+00:00
  V.0000005760.data bytes=49152 (48.0 KiB) mtime_utc=2026-07-04T21:14:27+00:00
  V.0000005760.meta bytes=163 (163 B) mtime_utc=2026-07-04T21:14:27+00:00
  V.0000008640.data bytes=49152 (48.0 KiB) mtime_utc=2026-07-04T21:14:30+00:00
  V.0000008640.meta bytes=163 (163 B) mtime_utc=2026-07-04T21:14:30+00:00
  V.0000011520.data bytes=49152 (48.0 KiB) mtime_utc=2026-07-04T21:14:34+00:00
  V.0000011520.meta bytes=163 (163 B) mtime_utc=2026-07-04T21:14:34+00:00
  V.0000014400.data bytes=49152 (48.0 KiB) mtime_utc=2026-07-04T21:14:38+00:00
  V.0000014400.meta bytes=163 (163 B) mtime_utc=2026-07-04T21:14:38+00:00
  V.0000017280.data bytes=49152 (48.0 KiB) mtime_utc=2026-07-04T21:14:42+00:00
  V.0000017280.meta bytes=163 (163 B) mtime_utc=2026-07-04T21:14:42+00:00
  V.0000020160.data bytes=49152 (48.0 KiB) mtime_utc=2026-07-04T21:14:46+00:00
  V.0000020160.meta bytes=163 (163 B) mtime_utc=2026-07-04T21:14:46+00:00
  V.0000023040.data bytes=49152 (48.0 KiB) mtime_utc=2026-07-04T21:14:51+00:00
  V.0000023040.meta bytes=163 (163 B) mtime_utc=2026-07-04T21:14:51+00:00
  V.0000025920.data bytes=49152 (48.0 KiB) mtime_utc=2026-07-04T21:14:55+00:00
  V.0000025920.meta bytes=163 (163 B) mtime_utc=2026-07-04T21:14:55+00:00
  V.0000028800.data bytes=49152 (48.0 KiB) mtime_utc=2026-07-04T21:14:59+00:00
  V.0000028800.meta bytes=163 (163 B) mtime_utc=2026-07-04T21:14:59+00:00
  V.0000031680.data bytes=49152 (48.0 KiB) mtime_utc=2026-07-04T21:15:03+00:00
  V.0000031680.meta bytes=163 (163 B) mtime_utc=2026-07-04T21:15:03+00:00
  V.0000034560.data bytes=49152 (48.0 KiB) mtime_utc=2026-07-04T21:15:08+00:00
  V.0000034560.meta bytes=163 (163 B) mtime_utc=2026-07-04T21:15:08+00:00
  V.0000037440.data bytes=49152 (48.0 KiB) mtime_utc=2026-07-04T21:15:12+00:00
  V.0000037440.meta bytes=163 (163 B) mtime_utc=2026-07-04T21:15:12+00:00
  V.0000040320.data bytes=49152 (48.0 KiB) mtime_utc=2026-07-04T21:15:17+00:00
  V.0000040320.meta bytes=163 (163 B) mtime_utc=2026-07-04T21:15:17+00:00
  V.0000043200.data bytes=49152 (48.0 KiB) mtime_utc=2026-07-04T21:15:21+00:00
  V.0000043200.meta bytes=163 (163 B) mtime_utc=2026-07-04T21:15:21+00:00
  W.0000000000.data bytes=49152 (48.0 KiB) mtime_utc=2026-07-04T21:14:19+00:00
  W.0000000000.meta bytes=163 (163 B) mtime_utc=2026-07-04T21:14:19+00:00
  W.0000002880.data bytes=49152 (48.0 KiB) mtime_utc=2026-07-04T21:14:23+00:00
  W.0000002880.meta bytes=163 (163 B) mtime_utc=2026-07-04T21:14:23+00:00
  W.0000005760.data bytes=49152 (48.0 KiB) mtime_utc=2026-07-04T21:14:27+00:00
  W.0000005760.meta bytes=163 (163 B) mtime_utc=2026-07-04T21:14:27+00:00
  W.0000008640.data bytes=49152 (48.0 KiB) mtime_utc=2026-07-04T21:14:30+00:00
  W.0000008640.meta bytes=163 (163 B) mtime_utc=2026-07-04T21:14:30+00:00
  W.0000011520.data bytes=49152 (48.0 KiB) mtime_utc=2026-07-04T21:14:34+00:00
  W.0000011520.meta bytes=163 (163 B) mtime_utc=2026-07-04T21:14:34+00:00
  W.0000014400.data bytes=49152 (48.0 KiB) mtime_utc=2026-07-04T21:14:38+00:00
  W.0000014400.meta bytes=163 (163 B) mtime_utc=2026-07-04T21:14:38+00:00
  W.0000017280.data bytes=49152 (48.0 KiB) mtime_utc=2026-07-04T21:14:42+00:00
  W.0000017280.meta bytes=163 (163 B) mtime_utc=2026-07-04T21:14:42+00:00
  W.0000020160.data bytes=49152 (48.0 KiB) mtime_utc=2026-07-04T21:14:46+00:00
  W.0000020160.meta bytes=163 (163 B) mtime_utc=2026-07-04T21:14:46+00:00
  W.0000023040.data bytes=49152 (48.0 KiB) mtime_utc=2026-07-04T21:14:51+00:00
  W.0000023040.meta bytes=163 (163 B) mtime_utc=2026-07-04T21:14:51+00:00
  W.0000025920.data bytes=49152 (48.0 KiB) mtime_utc=2026-07-04T21:14:55+00:00
  W.0000025920.meta bytes=163 (163 B) mtime_utc=2026-07-04T21:14:55+00:00
  W.0000028800.data bytes=49152 (48.0 KiB) mtime_utc=2026-07-04T21:14:59+00:00
  W.0000028800.meta bytes=163 (163 B) mtime_utc=2026-07-04T21:14:59+00:00
  W.0000031680.data bytes=49152 (48.0 KiB) mtime_utc=2026-07-04T21:15:03+00:00
  W.0000031680.meta bytes=163 (163 B) mtime_utc=2026-07-04T21:15:03+00:00
  W.0000034560.data bytes=49152 (48.0 KiB) mtime_utc=2026-07-04T21:15:08+00:00
  W.0000034560.meta bytes=163 (163 B) mtime_utc=2026-07-04T21:15:08+00:00
  W.0000037440.data bytes=49152 (48.0 KiB) mtime_utc=2026-07-04T21:15:12+00:00
  W.0000037440.meta bytes=163 (163 B) mtime_utc=2026-07-04T21:15:12+00:00
  W.0000040320.data bytes=49152 (48.0 KiB) mtime_utc=2026-07-04T21:15:17+00:00
  W.0000040320.meta bytes=163 (163 B) mtime_utc=2026-07-04T21:15:17+00:00
  W.0000043200.data bytes=49152 (48.0 KiB) mtime_utc=2026-07-04T21:15:21+00:00
  W.0000043200.meta bytes=163 (163 B) mtime_utc=2026-07-04T21:15:21+00:00
  XC.data bytes=49152 (48.0 KiB) mtime_utc=2026-07-04T21:14:18+00:00
  XC.meta bytes=129 (129 B) mtime_utc=2026-07-04T21:14:18+00:00
  XG.data bytes=49152 (48.0 KiB) mtime_utc=2026-07-04T21:14:18+00:00
  XG.meta bytes=129 (129 B) mtime_utc=2026-07-04T21:14:18+00:00
  YC.data bytes=49152 (48.0 KiB) mtime_utc=2026-07-04T21:14:18+00:00
  YC.meta bytes=129 (129 B) mtime_utc=2026-07-04T21:14:18+00:00
  YG.data bytes=49152 (48.0 KiB) mtime_utc=2026-07-04T21:14:18+00:00
  YG.meta bytes=129 (129 B) mtime_utc=2026-07-04T21:14:18+00:00
  available_diagnostics.log bytes=18604 (18.2 KiB) mtime_utc=2026-07-04T21:14:18+00:00
  bathymetry_mountain_tc5.bin bytes=24576 (24.0 KiB) mtime_utc=2026-07-04T21:14:12+00:00
  data bytes=1653 (1.6 KiB) mtime_utc=2026-07-04T21:14:10+00:00
  data.diagnostics bytes=2878 (2.8 KiB) mtime_utc=2026-07-04T21:14:10+00:00
  data.exch2 bytes=68 (68 B) mtime_utc=2026-07-04T21:14:10+00:00
  data.pkg bytes=49 (49 B) mtime_utc=2026-07-04T21:14:10+00:00
  diags_CScorners.0000000000.txt bytes=1200 (1.2 KiB) mtime_utc=2026-07-04T21:15:11+00:00
  dynDiag.0000000000.data bytes=245760 (240.0 KiB) mtime_utc=2026-07-04T21:14:19+00:00
  dynDiag.0000000000.meta bytes=339 (339 B) mtime_utc=2026-07-04T21:14:19+00:00
  dynDiag.0000002880.data bytes=245760 (240.0 KiB) mtime_utc=2026-07-04T21:14:23+00:00
  dynDiag.0000002880.meta bytes=339 (339 B) mtime_utc=2026-07-04T21:14:23+00:00
  dynDiag.0000005760.data bytes=245760 (240.0 KiB) mtime_utc=2026-07-04T21:14:27+00:00
  dynDiag.0000005760.meta bytes=339 (339 B) mtime_utc=2026-07-04T21:14:27+00:00
  dynDiag.0000008640.data bytes=245760 (240.0 KiB) mtime_utc=2026-07-04T21:14:30+00:00
  dynDiag.0000008640.meta bytes=339 (339 B) mtime_utc=2026-07-04T21:14:30+00:00
  dynDiag.0000011520.data bytes=245760 (240.0 KiB) mtime_utc=2026-07-04T21:14:35+00:00
  dynDiag.0000011520.meta bytes=339 (339 B) mtime_utc=2026-07-04T21:14:35+00:00
  dynDiag.0000014400.data bytes=245760 (240.0 KiB) mtime_utc=2026-07-04T21:14:38+00:00
  dynDiag.0000014400.meta bytes=339 (339 B) mtime_utc=2026-07-04T21:14:38+00:00
  dynDiag.0000017280.data bytes=245760 (240.0 KiB) mtime_utc=2026-07-04T21:14:42+00:00
  dynDiag.0000017280.meta bytes=339 (339 B) mtime_utc=2026-07-04T21:14:42+00:00
  dynDiag.0000020160.data bytes=245760 (240.0 KiB) mtime_utc=2026-07-04T21:14:47+00:00
  dynDiag.0000020160.meta bytes=339 (339 B) mtime_utc=2026-07-04T21:14:47+00:00
  dynDiag.0000023040.data bytes=245760 (240.0 KiB) mtime_utc=2026-07-04T21:14:51+00:00
  dynDiag.0000023040.meta bytes=339 (339 B) mtime_utc=2026-07-04T21:14:51+00:00
  dynDiag.0000025920.data bytes=245760 (240.0 KiB) mtime_utc=2026-07-04T21:14:55+00:00
  dynDiag.0000025920.meta bytes=339 (339 B) mtime_utc=2026-07-04T21:14:55+00:00
  dynDiag.0000028800.data bytes=245760 (240.0 KiB) mtime_utc=2026-07-04T21:14:59+00:00
  dynDiag.0000028800.meta bytes=339 (339 B) mtime_utc=2026-07-04T21:14:59+00:00
  dynDiag.0000031680.data bytes=245760 (240.0 KiB) mtime_utc=2026-07-04T21:15:03+00:00
  dynDiag.0000031680.meta bytes=339 (339 B) mtime_utc=2026-07-04T21:15:04+00:00
  dynDiag.0000034560.data bytes=245760 (240.0 KiB) mtime_utc=2026-07-04T21:15:08+00:00
  dynDiag.0000034560.meta bytes=339 (339 B) mtime_utc=2026-07-04T21:15:08+00:00
  dynDiag.0000037440.data bytes=245760 (240.0 KiB) mtime_utc=2026-07-04T21:15:12+00:00
  dynDiag.0000037440.meta bytes=339 (339 B) mtime_utc=2026-07-04T21:15:12+00:00
  dynDiag.0000040320.data bytes=245760 (240.0 KiB) mtime_utc=2026-07-04T21:15:17+00:00
  dynDiag.0000040320.meta bytes=339 (339 B) mtime_utc=2026-07-04T21:15:17+00:00
  dynStDiag.0000000000.txt bytes=12757 (12.5 KiB) mtime_utc=2026-07-04T21:15:11+00:00
  dyn_Aux.0000000000.data bytes=147456 (144.0 KiB) mtime_utc=2026-07-04T21:14:19+00:00
  dyn_Aux.0000000000.meta bytes=317 (317 B) mtime_utc=2026-07-04T21:14:19+00:00
  dyn_Aux.0000002880.data bytes=147456 (144.0 KiB) mtime_utc=2026-07-04T21:14:23+00:00
  dyn_Aux.0000002880.meta bytes=317 (317 B) mtime_utc=2026-07-04T21:14:23+00:00
  dyn_Aux.0000005760.data bytes=147456 (144.0 KiB) mtime_utc=2026-07-04T21:14:27+00:00
  dyn_Aux.0000005760.meta bytes=317 (317 B) mtime_utc=2026-07-04T21:14:27+00:00
  dyn_Aux.0000008640.data bytes=147456 (144.0 KiB) mtime_utc=2026-07-04T21:14:30+00:00
  dyn_Aux.0000008640.meta bytes=317 (317 B) mtime_utc=2026-07-04T21:14:30+00:00
  dyn_Aux.0000011520.data bytes=147456 (144.0 KiB) mtime_utc=2026-07-04T21:14:34+00:00
  dyn_Aux.0000011520.meta bytes=317 (317 B) mtime_utc=2026-07-04T21:14:35+00:00
  dyn_Aux.0000014400.data bytes=147456 (144.0 KiB) mtime_utc=2026-07-04T21:14:38+00:00
  dyn_Aux.0000014400.meta bytes=317 (317 B) mtime_utc=2026-07-04T21:14:38+00:00
  dyn_Aux.0000017280.data bytes=147456 (144.0 KiB) mtime_utc=2026-07-04T21:14:42+00:00
  dyn_Aux.0000017280.meta bytes=317 (317 B) mtime_utc=2026-07-04T21:14:42+00:00
  dyn_Aux.0000020160.data bytes=147456 (144.0 KiB) mtime_utc=2026-07-04T21:14:46+00:00
  dyn_Aux.0000020160.meta bytes=317 (317 B) mtime_utc=2026-07-04T21:14:47+00:00
  dyn_Aux.0000023040.data bytes=147456 (144.0 KiB) mtime_utc=2026-07-04T21:14:51+00:00
  dyn_Aux.0000023040.meta bytes=317 (317 B) mtime_utc=2026-07-04T21:14:51+00:00
  dyn_Aux.0000025920.data bytes=147456 (144.0 KiB) mtime_utc=2026-07-04T21:14:55+00:00
  dyn_Aux.0000025920.meta bytes=317 (317 B) mtime_utc=2026-07-04T21:14:55+00:00
  dyn_Aux.0000028800.data bytes=147456 (144.0 KiB) mtime_utc=2026-07-04T21:14:59+00:00
  dyn_Aux.0000028800.meta bytes=317 (317 B) mtime_utc=2026-07-04T21:14:59+00:00
  dyn_Aux.0000031680.data bytes=147456 (144.0 KiB) mtime_utc=2026-07-04T21:15:03+00:00
  dyn_Aux.0000031680.meta bytes=317 (317 B) mtime_utc=2026-07-04T21:15:03+00:00
  dyn_Aux.0000034560.data bytes=147456 (144.0 KiB) mtime_utc=2026-07-04T21:15:08+00:00
  dyn_Aux.0000034560.meta bytes=317 (317 B) mtime_utc=2026-07-04T21:15:08+00:00
  dyn_Aux.0000037440.data bytes=147456 (144.0 KiB) mtime_utc=2026-07-04T21:15:12+00:00
  dyn_Aux.0000037440.meta bytes=317 (317 B) mtime_utc=2026-07-04T21:15:12+00:00
  dyn_Aux.0000040320.data bytes=147456 (144.0 KiB) mtime_utc=2026-07-04T21:15:17+00:00
  dyn_Aux.0000040320.meta bytes=317 (317 B) mtime_utc=2026-07-04T21:15:17+00:00
  eedata bytes=286 (286 B) mtime_utc=2026-07-04T21:14:10+00:00
  eedata.mth bytes=275 (275 B) mtime_utc=2026-07-04T21:14:10+00:00
  eta_init.bin bytes=24576 (24.0 KiB) mtime_utc=2026-07-04T21:14:12+00:00
  gendata_ref.py bytes=2053 (2.0 KiB) mtime_utc=2026-07-04T21:14:10+00:00
  hFacC.data bytes=49152 (48.0 KiB) mtime_utc=2026-07-04T21:14:19+00:00
  hFacC.meta bytes=129 (129 B) mtime_utc=2026-07-04T21:14:19+00:00
  hFacS.data bytes=49152 (48.0 KiB) mtime_utc=2026-07-04T21:14:19+00:00
  hFacS.meta bytes=129 (129 B) mtime_utc=2026-07-04T21:14:19+00:00
  hFacW.data bytes=49152 (48.0 KiB) mtime_utc=2026-07-04T21:14:19+00:00
  hFacW.meta bytes=129 (129 B) mtime_utc=2026-07-04T21:14:19+00:00
  mitgcmuv bytes=2350200 (2.2 MiB) mtime_utc=2026-07-04T21:14:10+00:00
  pickup.ckptA.data bytes=442368 (432.0 KiB) mtime_utc=2026-07-04T21:15:21+00:00
  pickup.ckptA.meta bytes=340 (340 B) mtime_utc=2026-07-04T21:15:21+00:00
  tile001.mitgrid bytes=139392 (136.1 KiB) mtime_utc=2026-07-04T21:14:10+00:00
  tile002.mitgrid bytes=139392 (136.1 KiB) mtime_utc=2026-07-04T21:14:10+00:00
  tile003.mitgrid bytes=139392 (136.1 KiB) mtime_utc=2026-07-04T21:14:10+00:00
  tile004.mitgrid bytes=139392 (136.1 KiB) mtime_utc=2026-07-04T21:14:10+00:00
  tile005.mitgrid bytes=139392 (136.1 KiB) mtime_utc=2026-07-04T21:14:10+00:00
  tile006.mitgrid bytes=139392 (136.1 KiB) mtime_utc=2026-07-04T21:14:10+00:00
  u_init.bin bytes=24576 (24.0 KiB) mtime_utc=2026-07-04T21:14:12+00:00
  v_init.bin bytes=24576 (24.0 KiB) mtime_utc=2026-07-04T21:14:12+00:00
  w2_tile_topology.0000.log bytes=26960 (26.3 KiB) mtime_utc=2026-07-04T21:14:07+00:00
  w2_tile_topology.0001.log bytes=3122 (3.0 KiB) mtime_utc=2026-07-04T21:14:07+00:00
  w2_tile_topology.0002.log bytes=3122 (3.0 KiB) mtime_utc=2026-07-04T21:14:07+00:00
  w2_tile_topology.0003.log bytes=3122 (3.0 KiB) mtime_utc=2026-07-04T21:14:07+00:00
  w2_tile_topology.0004.log bytes=3122 (3.0 KiB) mtime_utc=2026-07-04T21:14:07+00:00
  w2_tile_topology.0005.log bytes=3122 (3.0 KiB) mtime_utc=2026-07-04T21:14:07+00:00
  w2_tile_topology.0006.log bytes=3457 (3.4 KiB) mtime_utc=2026-07-04T21:14:07+00:00
  w2_tile_topology.0007.log bytes=3457 (3.4 KiB) mtime_utc=2026-07-04T21:14:07+00:00
  w2_tile_topology.0008.log bytes=3457 (3.4 KiB) mtime_utc=2026-07-04T21:14:07+00:00
  w2_tile_topology.0009.log bytes=3457 (3.4 KiB) mtime_utc=2026-07-04T21:14:07+00:00
  w2_tile_topology.0010.log bytes=3122 (3.0 KiB) mtime_utc=2026-07-04T21:14:07+00:00
  w2_tile_topology.0011.log bytes=3122 (3.0 KiB) mtime_utc=2026-07-04T21:14:07+00:00
  w2_tile_topology.0012.log bytes=3122 (3.0 KiB) mtime_utc=2026-07-04T21:14:07+00:00
  w2_tile_topology.0013.log bytes=3122 (3.0 KiB) mtime_utc=2026-07-04T21:14:07+00:00
  w2_tile_topology.0014.log bytes=3122 (3.0 KiB) mtime_utc=2026-07-04T21:14:07+00:00
  w2_tile_topology.0015.log bytes=3122 (3.0 KiB) mtime_utc=2026-07-04T21:14:07+00:00
  w2_tile_topology.0016.log bytes=3122 (3.0 KiB) mtime_utc=2026-07-04T21:14:07+00:00
  w2_tile_topology.0017.log bytes=3122 (3.0 KiB) mtime_utc=2026-07-04T21:14:07+00:00
  w2_tile_topology.0018.log bytes=3122 (3.0 KiB) mtime_utc=2026-07-04T21:14:07+00:00
  w2_tile_topology.0019.log bytes=3122 (3.0 KiB) mtime_utc=2026-07-04T21:14:07+00:00
  w2_tile_topology.0020.log bytes=3122 (3.0 KiB) mtime_utc=2026-07-04T21:14:07+00:00
  w2_tile_topology.0021.log bytes=3122 (3.0 KiB) mtime_utc=2026-07-04T21:14:07+00:00
  w2_tile_topology.0022.log bytes=3457 (3.4 KiB) mtime_utc=2026-07-04T21:14:07+00:00
  w2_tile_topology.0023.log bytes=3457 (3.4 KiB) mtime_utc=2026-07-04T21:14:07+00:00
  w2_tile_topology.0024.log bytes=3457 (3.4 KiB) mtime_utc=2026-07-04T21:14:07+00:00
  w2_tile_topology.0025.log bytes=3457 (3.4 KiB) mtime_utc=2026-07-04T21:14:07+00:00
  w2_tile_topology.0026.log bytes=3122 (3.0 KiB) mtime_utc=2026-07-04T21:14:07+00:00
  w2_tile_topology.0027.log bytes=3122 (3.0 KiB) mtime_utc=2026-07-04T21:14:07+00:00
  w2_tile_topology.0028.log bytes=3122 (3.0 KiB) mtime_utc=2026-07-04T21:14:07+00:00
  w2_tile_topology.0029.log bytes=3122 (3.0 KiB) mtime_utc=2026-07-04T21:14:07+00:00
  w2_tile_topology.0030.log bytes=3122 (3.0 KiB) mtime_utc=2026-07-04T21:14:07+00:00
  w2_tile_topology.0031.log bytes=3122 (3.0 KiB) mtime_utc=2026-07-04T21:14:07+00:00
  w2_tile_topology.0032.log bytes=3122 (3.0 KiB) mtime_utc=2026-07-04T21:14:07+00:00
  w2_tile_topology.0033.log bytes=3122 (3.0 KiB) mtime_utc=2026-07-04T21:14:07+00:00
  w2_tile_topology.0034.log bytes=3122 (3.0 KiB) mtime_utc=2026-07-04T21:14:07+00:00
  w2_tile_topology.0035.log bytes=3122 (3.0 KiB) mtime_utc=2026-07-04T21:14:07+00:00
  w2_tile_topology.0036.log bytes=3122 (3.0 KiB) mtime_utc=2026-07-04T21:14:07+00:00
  w2_tile_topology.0037.log bytes=3122 (3.0 KiB) mtime_utc=2026-07-04T21:14:07+00:00
  w2_tile_topology.0038.log bytes=3457 (3.4 KiB) mtime_utc=2026-07-04T21:14:07+00:00
  w2_tile_topology.0039.log bytes=3457 (3.4 KiB) mtime_utc=2026-07-04T21:14:07+00:00
  w2_tile_topology.0040.log bytes=3457 (3.4 KiB) mtime_utc=2026-07-04T21:14:07+00:00
  w2_tile_topology.0041.log bytes=3457 (3.4 KiB) mtime_utc=2026-07-04T21:14:07+00:00
  w2_tile_topology.0042.log bytes=3122 (3.0 KiB) mtime_utc=2026-07-04T21:14:07+00:00
  w2_tile_topology.0043.log bytes=3122 (3.0 KiB) mtime_utc=2026-07-04T21:14:07+00:00
  w2_tile_topology.0044.log bytes=3122 (3.0 KiB) mtime_utc=2026-07-04T21:14:07+00:00
  w2_tile_topology.0045.log bytes=3122 (3.0 KiB) mtime_utc=2026-07-04T21:14:07+00:00
  w2_tile_topology.0046.log bytes=3122 (3.0 KiB) mtime_utc=2026-07-04T21:14:07+00:00
  w2_tile_topology.0047.log bytes=3122 (3.0 KiB) mtime_utc=2026-07-04T21:14:07+00:00
