MITgcm run inventory
generated_utc: 2026-06-14T03:12:59+00:00
run_dir: Sandbox/vortexSphere_Williamson_TC1/run_alpha_1.57
case_code: TC1
alpha_label: 1.57
log_file: run_inventory.log

Summary
  run_dir_files: 577
  run_dir_bytes: 3118288329 (2.9 GiB)
  run_output_groups: 38
  requested_diagnostic_streams: 3
  generated_product_dirs: 3
  generated_product_files: 225
  plotted_files: 218
  computed_files: 4
  docs_indexed_assets: 18

Diagnostics request
  data_diagnostics: Sandbox/vortexSphere_Williamson_TC1/run_alpha_1.57/data.diagnostics
  available_diagnostics: Sandbox/vortexSphere_Williamson_TC1/run_alpha_1.57/available_diagnostics.log
  [diagnostics stream 2] fileName=dyn_Aux frequency=-86400. phase=0.
    WVELMASS: units=m/s; levels=1; title=Vertical Mass-Weighted Comp of Velocity
    PhiVEL: units=m^2/s; levels=1; title=Horizontal Velocity Potential (m^2/s)
    PsiVEL: units=m.m^2/s; levels=1; title=Horizontal Velocity Stream-Function
  [diagnostics stream 3] fileName=dynDiag frequency=-86400. phase=0.
    UVEL: units=m/s; levels=1; title=Zonal Component of Velocity (m/s)
    VVEL: units=m/s; levels=1; title=Meridional Component of Velocity (m/s)
    ETAN: units=m; levels=1; title=Surface Height Anomaly
    ETANSQ: units=m^2; levels=1; title=Square of Surface Height Anomaly
    SALT: units=g/kg; levels=1; title=Salinity
    SALTSQ: units=(g/kg)^2; levels=1; title=Square of Salinity
  [statistics stream 1] fileName=dynStDiag frequency=-86400. phase=0.
    ETAN: units=m; levels=1; title=Surface Height Anomaly
    ETANSQ: units=m^2; levels=1; title=Square of Surface Height Anomaly
    UVELSQ: units=m^2/s^2; levels=1; title=Square of Zonal Comp of Velocity (m^2/s^2)
    VVELSQ: units=m^2/s^2; levels=1; title=Square of Meridional Comp of Velocity (m^2/s^2)
    SALT: units=g/kg; levels=1; title=Salinity
    SALTSQ: units=(g/kg)^2; levels=1; title=Square of Salinity

Run directory outputs
  DRC: data=1 meta=1 iterations=none bytes=165 (165 B)
  DRF: data=1 meta=1 iterations=none bytes=137 (137 B)
  DXC: data=1 meta=1 iterations=none bytes=8294529 (7.9 MiB)
  DXF: data=1 meta=1 iterations=none bytes=8294529 (7.9 MiB)
  DXG: data=1 meta=1 iterations=none bytes=8294529 (7.9 MiB)
  DXV: data=1 meta=1 iterations=none bytes=8294529 (7.9 MiB)
  DYC: data=1 meta=1 iterations=none bytes=8294529 (7.9 MiB)
  DYF: data=1 meta=1 iterations=none bytes=8294529 (7.9 MiB)
  DYG: data=1 meta=1 iterations=none bytes=8294529 (7.9 MiB)
  DYU: data=1 meta=1 iterations=none bytes=8294529 (7.9 MiB)
  Depth: data=1 meta=1 iterations=none bytes=8294529 (7.9 MiB)
  Eta: data=21 meta=21 iterations=0..1382400 (21) bytes=174185823 (166.1 MiB)
  PH: data=20 meta=20 iterations=86400..1382400 (20) bytes=165891260 (158.2 MiB)
  PHL: data=20 meta=20 iterations=86400..1382400 (20) bytes=165891260 (158.2 MiB)
  PHrefC: data=1 meta=1 iterations=none bytes=137 (137 B)
  PHrefF: data=1 meta=1 iterations=none bytes=165 (165 B)
  RAC: data=1 meta=1 iterations=none bytes=8294529 (7.9 MiB)
  RAS: data=1 meta=1 iterations=none bytes=8294529 (7.9 MiB)
  RAW: data=1 meta=1 iterations=none bytes=8294529 (7.9 MiB)
  RAZ: data=1 meta=1 iterations=none bytes=8294529 (7.9 MiB)
  RC: data=1 meta=1 iterations=none bytes=137 (137 B)
  RF: data=1 meta=1 iterations=none bytes=165 (165 B)
  RhoRef: data=1 meta=1 iterations=none bytes=137 (137 B)
  S: data=21 meta=21 iterations=0..1382400 (21) bytes=174185823 (166.1 MiB)
  T: data=21 meta=21 iterations=0..1382400 (21) bytes=174185823 (166.1 MiB)
  U: data=21 meta=21 iterations=0..1382400 (21) bytes=174185823 (166.1 MiB)
  V: data=21 meta=21 iterations=0..1382400 (21) bytes=174185823 (166.1 MiB)
  W: data=21 meta=21 iterations=0..1382400 (21) bytes=174185823 (166.1 MiB)
  XC: data=1 meta=1 iterations=none bytes=8294529 (7.9 MiB)
  XG: data=1 meta=1 iterations=none bytes=8294529 (7.9 MiB)
  YC: data=1 meta=1 iterations=none bytes=8294529 (7.9 MiB)
  YG: data=1 meta=1 iterations=none bytes=8294529 (7.9 MiB)
  dynDiag: data=20 meta=20 iterations=0..1267200 (20) bytes=995335000 (949.2 MiB)
  dyn_Aux: data=20 meta=20 iterations=0..1267200 (20) bytes=497670340 (474.6 MiB)
  hFacC: data=1 meta=1 iterations=none bytes=8294529 (7.9 MiB)
  hFacS: data=1 meta=1 iterations=none bytes=8294529 (7.9 MiB)
  hFacW: data=1 meta=1 iterations=none bytes=8294529 (7.9 MiB)
  pickup.ckptA: data=1 meta=1 iterations=none bytes=58061118 (55.4 MiB)

Generated products
  output_dir: Sandbox/output/TestCase1/Diagnosis/error/alpha_1.57
    case=TC1 product=error_analysis alpha=1.57
    saved: tc1_error_metrics, tc1_error_table.csv, tc1_error_table.txt, tc1_error_table.tex, tc1_cosine_bell_overlay, tc1_signed_error_contours
    plotted_files: 6
      Sandbox/output/TestCase1/Diagnosis/error/alpha_1.57/tc1_cosine_bell_overlay.pdf
      Sandbox/output/TestCase1/Diagnosis/error/alpha_1.57/tc1_cosine_bell_overlay.png
      Sandbox/output/TestCase1/Diagnosis/error/alpha_1.57/tc1_error_metrics.pdf
      Sandbox/output/TestCase1/Diagnosis/error/alpha_1.57/tc1_error_metrics.png
      Sandbox/output/TestCase1/Diagnosis/error/alpha_1.57/tc1_signed_error_contours.pdf
      Sandbox/output/TestCase1/Diagnosis/error/alpha_1.57/tc1_signed_error_contours.png
    computed_files: 3
      Sandbox/output/TestCase1/Diagnosis/error/alpha_1.57/tc1_error_table.csv
      Sandbox/output/TestCase1/Diagnosis/error/alpha_1.57/tc1_error_table.tex
      Sandbox/output/TestCase1/Diagnosis/error/alpha_1.57/tc1_error_table.txt
    other_files: 1
      Sandbox/output/TestCase1/Diagnosis/error/alpha_1.57/manifest.json
  output_dir: Sandbox/output/TestCase1/Diagnosis/postprocessing/alpha_1.57
    case=TC1 product=postprocessing alpha=1.57
    saved: postprocessing_values.csv, postprocessing_mass.pdf, postprocessing_mass.png, postprocessing_tracer_integral.pdf, postprocessing_tracer_integral.png, postprocessing_vorticity_pv.pdf, postprocessing_vorticity_pv.png, postprocessing_energies.pdf, postprocessing_energies.png
    fields: {"conserved_scalar": "S", "eta": "Eta", "kinetic_energy": "computed_from_velocity", "u": "U", "v": "V", "vorticity": "computed_from_velocity"}
    plotted_files: 8
      Sandbox/output/TestCase1/Diagnosis/postprocessing/alpha_1.57/postprocessing_energies.pdf
      Sandbox/output/TestCase1/Diagnosis/postprocessing/alpha_1.57/postprocessing_energies.png
      Sandbox/output/TestCase1/Diagnosis/postprocessing/alpha_1.57/postprocessing_mass.pdf
      Sandbox/output/TestCase1/Diagnosis/postprocessing/alpha_1.57/postprocessing_mass.png
      Sandbox/output/TestCase1/Diagnosis/postprocessing/alpha_1.57/postprocessing_tracer_integral.pdf
      Sandbox/output/TestCase1/Diagnosis/postprocessing/alpha_1.57/postprocessing_tracer_integral.png
      Sandbox/output/TestCase1/Diagnosis/postprocessing/alpha_1.57/postprocessing_vorticity_pv.pdf
      Sandbox/output/TestCase1/Diagnosis/postprocessing/alpha_1.57/postprocessing_vorticity_pv.png
    computed_files: 1
      Sandbox/output/TestCase1/Diagnosis/postprocessing/alpha_1.57/postprocessing_values.csv
    other_files: 1
      Sandbox/output/TestCase1/Diagnosis/postprocessing/alpha_1.57/manifest.json
  output_dir: Sandbox/output/TestCase1/Snapshots/alpha_1.57
    case=TC1 product=snapshots alpha=1.57
    saved: tracer, etan, psi, phi, velocity_magnitude
    plotted_files: 204
      Sandbox/output/TestCase1/Snapshots/alpha_1.57/etan/tc1_etan_day_00.00_iter_0000000000.pdf
      Sandbox/output/TestCase1/Snapshots/alpha_1.57/etan/tc1_etan_day_00.00_iter_0000000000.png
      Sandbox/output/TestCase1/Snapshots/alpha_1.57/etan/tc1_etan_day_00.75_iter_0000086400.pdf
      Sandbox/output/TestCase1/Snapshots/alpha_1.57/etan/tc1_etan_day_00.75_iter_0000086400.png
      Sandbox/output/TestCase1/Snapshots/alpha_1.57/etan/tc1_etan_day_01.00_iter_0000115200.pdf
      Sandbox/output/TestCase1/Snapshots/alpha_1.57/etan/tc1_etan_day_01.00_iter_0000115200.png
      Sandbox/output/TestCase1/Snapshots/alpha_1.57/etan/tc1_etan_day_01.50_iter_0000172800.pdf
      Sandbox/output/TestCase1/Snapshots/alpha_1.57/etan/tc1_etan_day_01.50_iter_0000172800.png
      Sandbox/output/TestCase1/Snapshots/alpha_1.57/etan/tc1_etan_day_02.00_iter_0000230400.pdf
      Sandbox/output/TestCase1/Snapshots/alpha_1.57/etan/tc1_etan_day_02.00_iter_0000230400.png
      Sandbox/output/TestCase1/Snapshots/alpha_1.57/etan/tc1_etan_day_02.25_iter_0000259200.pdf
      Sandbox/output/TestCase1/Snapshots/alpha_1.57/etan/tc1_etan_day_02.25_iter_0000259200.png
      Sandbox/output/TestCase1/Snapshots/alpha_1.57/etan/tc1_etan_day_03.00_iter_0000345600.pdf
      Sandbox/output/TestCase1/Snapshots/alpha_1.57/etan/tc1_etan_day_03.00_iter_0000345600.png
      Sandbox/output/TestCase1/Snapshots/alpha_1.57/etan/tc1_etan_day_03.75_iter_0000432000.pdf
      Sandbox/output/TestCase1/Snapshots/alpha_1.57/etan/tc1_etan_day_03.75_iter_0000432000.png
      Sandbox/output/TestCase1/Snapshots/alpha_1.57/etan/tc1_etan_day_04.00_iter_0000460800.pdf
      Sandbox/output/TestCase1/Snapshots/alpha_1.57/etan/tc1_etan_day_04.00_iter_0000460800.png
      Sandbox/output/TestCase1/Snapshots/alpha_1.57/etan/tc1_etan_day_04.50_iter_0000518400.pdf
      Sandbox/output/TestCase1/Snapshots/alpha_1.57/etan/tc1_etan_day_04.50_iter_0000518400.png
      Sandbox/output/TestCase1/Snapshots/alpha_1.57/etan/tc1_etan_day_05.00_iter_0000576000.pdf
      Sandbox/output/TestCase1/Snapshots/alpha_1.57/etan/tc1_etan_day_05.00_iter_0000576000.png
      Sandbox/output/TestCase1/Snapshots/alpha_1.57/etan/tc1_etan_day_05.25_iter_0000604800.pdf
      Sandbox/output/TestCase1/Snapshots/alpha_1.57/etan/tc1_etan_day_05.25_iter_0000604800.png
      Sandbox/output/TestCase1/Snapshots/alpha_1.57/etan/tc1_etan_day_06.00_iter_0000691200.pdf
      Sandbox/output/TestCase1/Snapshots/alpha_1.57/etan/tc1_etan_day_06.00_iter_0000691200.png
      Sandbox/output/TestCase1/Snapshots/alpha_1.57/etan/tc1_etan_day_06.75_iter_0000777600.pdf
      Sandbox/output/TestCase1/Snapshots/alpha_1.57/etan/tc1_etan_day_06.75_iter_0000777600.png
      Sandbox/output/TestCase1/Snapshots/alpha_1.57/etan/tc1_etan_day_07.00_iter_0000806400.pdf
      Sandbox/output/TestCase1/Snapshots/alpha_1.57/etan/tc1_etan_day_07.00_iter_0000806400.png
      Sandbox/output/TestCase1/Snapshots/alpha_1.57/etan/tc1_etan_day_07.50_iter_0000864000.pdf
      Sandbox/output/TestCase1/Snapshots/alpha_1.57/etan/tc1_etan_day_07.50_iter_0000864000.png
      Sandbox/output/TestCase1/Snapshots/alpha_1.57/etan/tc1_etan_day_08.00_iter_0000921600.pdf
      Sandbox/output/TestCase1/Snapshots/alpha_1.57/etan/tc1_etan_day_08.00_iter_0000921600.png
      Sandbox/output/TestCase1/Snapshots/alpha_1.57/etan/tc1_etan_day_09.00_iter_0001036800.pdf
      Sandbox/output/TestCase1/Snapshots/alpha_1.57/etan/tc1_etan_day_09.00_iter_0001036800.png
      Sandbox/output/TestCase1/Snapshots/alpha_1.57/etan/tc1_etan_day_10.00_iter_0001152000.pdf
      Sandbox/output/TestCase1/Snapshots/alpha_1.57/etan/tc1_etan_day_10.00_iter_0001152000.png
      Sandbox/output/TestCase1/Snapshots/alpha_1.57/etan/tc1_etan_day_11.00_iter_0001267200.pdf
      Sandbox/output/TestCase1/Snapshots/alpha_1.57/etan/tc1_etan_day_11.00_iter_0001267200.png
      Sandbox/output/TestCase1/Snapshots/alpha_1.57/phi/tc1_phi_day_00.00_iter_0000000000.pdf
      Sandbox/output/TestCase1/Snapshots/alpha_1.57/phi/tc1_phi_day_00.00_iter_0000000000.png
      Sandbox/output/TestCase1/Snapshots/alpha_1.57/phi/tc1_phi_day_00.75_iter_0000086400.pdf
      Sandbox/output/TestCase1/Snapshots/alpha_1.57/phi/tc1_phi_day_00.75_iter_0000086400.png
      Sandbox/output/TestCase1/Snapshots/alpha_1.57/phi/tc1_phi_day_01.00_iter_0000115200.pdf
      Sandbox/output/TestCase1/Snapshots/alpha_1.57/phi/tc1_phi_day_01.00_iter_0000115200.png
      Sandbox/output/TestCase1/Snapshots/alpha_1.57/phi/tc1_phi_day_01.50_iter_0000172800.pdf
      Sandbox/output/TestCase1/Snapshots/alpha_1.57/phi/tc1_phi_day_01.50_iter_0000172800.png
      Sandbox/output/TestCase1/Snapshots/alpha_1.57/phi/tc1_phi_day_02.00_iter_0000230400.pdf
      Sandbox/output/TestCase1/Snapshots/alpha_1.57/phi/tc1_phi_day_02.00_iter_0000230400.png
      Sandbox/output/TestCase1/Snapshots/alpha_1.57/phi/tc1_phi_day_02.25_iter_0000259200.pdf
      Sandbox/output/TestCase1/Snapshots/alpha_1.57/phi/tc1_phi_day_02.25_iter_0000259200.png
      Sandbox/output/TestCase1/Snapshots/alpha_1.57/phi/tc1_phi_day_03.00_iter_0000345600.pdf
      Sandbox/output/TestCase1/Snapshots/alpha_1.57/phi/tc1_phi_day_03.00_iter_0000345600.png
      Sandbox/output/TestCase1/Snapshots/alpha_1.57/phi/tc1_phi_day_03.75_iter_0000432000.pdf
      Sandbox/output/TestCase1/Snapshots/alpha_1.57/phi/tc1_phi_day_03.75_iter_0000432000.png
      Sandbox/output/TestCase1/Snapshots/alpha_1.57/phi/tc1_phi_day_04.00_iter_0000460800.pdf
      Sandbox/output/TestCase1/Snapshots/alpha_1.57/phi/tc1_phi_day_04.00_iter_0000460800.png
      Sandbox/output/TestCase1/Snapshots/alpha_1.57/phi/tc1_phi_day_04.50_iter_0000518400.pdf
      Sandbox/output/TestCase1/Snapshots/alpha_1.57/phi/tc1_phi_day_04.50_iter_0000518400.png
      Sandbox/output/TestCase1/Snapshots/alpha_1.57/phi/tc1_phi_day_05.00_iter_0000576000.pdf
      Sandbox/output/TestCase1/Snapshots/alpha_1.57/phi/tc1_phi_day_05.00_iter_0000576000.png
      Sandbox/output/TestCase1/Snapshots/alpha_1.57/phi/tc1_phi_day_05.25_iter_0000604800.pdf
      Sandbox/output/TestCase1/Snapshots/alpha_1.57/phi/tc1_phi_day_05.25_iter_0000604800.png
      Sandbox/output/TestCase1/Snapshots/alpha_1.57/phi/tc1_phi_day_06.00_iter_0000691200.pdf
      Sandbox/output/TestCase1/Snapshots/alpha_1.57/phi/tc1_phi_day_06.00_iter_0000691200.png
      Sandbox/output/TestCase1/Snapshots/alpha_1.57/phi/tc1_phi_day_06.75_iter_0000777600.pdf
      Sandbox/output/TestCase1/Snapshots/alpha_1.57/phi/tc1_phi_day_06.75_iter_0000777600.png
      Sandbox/output/TestCase1/Snapshots/alpha_1.57/phi/tc1_phi_day_07.00_iter_0000806400.pdf
      Sandbox/output/TestCase1/Snapshots/alpha_1.57/phi/tc1_phi_day_07.00_iter_0000806400.png
      Sandbox/output/TestCase1/Snapshots/alpha_1.57/phi/tc1_phi_day_07.50_iter_0000864000.pdf
      Sandbox/output/TestCase1/Snapshots/alpha_1.57/phi/tc1_phi_day_07.50_iter_0000864000.png
      Sandbox/output/TestCase1/Snapshots/alpha_1.57/phi/tc1_phi_day_08.00_iter_0000921600.pdf
      Sandbox/output/TestCase1/Snapshots/alpha_1.57/phi/tc1_phi_day_08.00_iter_0000921600.png
      Sandbox/output/TestCase1/Snapshots/alpha_1.57/phi/tc1_phi_day_09.00_iter_0001036800.pdf
      Sandbox/output/TestCase1/Snapshots/alpha_1.57/phi/tc1_phi_day_09.00_iter_0001036800.png
      Sandbox/output/TestCase1/Snapshots/alpha_1.57/phi/tc1_phi_day_10.00_iter_0001152000.pdf
      Sandbox/output/TestCase1/Snapshots/alpha_1.57/phi/tc1_phi_day_10.00_iter_0001152000.png
      Sandbox/output/TestCase1/Snapshots/alpha_1.57/phi/tc1_phi_day_11.00_iter_0001267200.pdf
      Sandbox/output/TestCase1/Snapshots/alpha_1.57/phi/tc1_phi_day_11.00_iter_0001267200.png
      Sandbox/output/TestCase1/Snapshots/alpha_1.57/psi/tc1_psi_day_00.00_iter_0000000000.pdf
      Sandbox/output/TestCase1/Snapshots/alpha_1.57/psi/tc1_psi_day_00.00_iter_0000000000.png
      Sandbox/output/TestCase1/Snapshots/alpha_1.57/psi/tc1_psi_day_00.75_iter_0000086400.pdf
      Sandbox/output/TestCase1/Snapshots/alpha_1.57/psi/tc1_psi_day_00.75_iter_0000086400.png
      Sandbox/output/TestCase1/Snapshots/alpha_1.57/psi/tc1_psi_day_01.00_iter_0000115200.pdf
      Sandbox/output/TestCase1/Snapshots/alpha_1.57/psi/tc1_psi_day_01.00_iter_0000115200.png
      Sandbox/output/TestCase1/Snapshots/alpha_1.57/psi/tc1_psi_day_01.50_iter_0000172800.pdf
      Sandbox/output/TestCase1/Snapshots/alpha_1.57/psi/tc1_psi_day_01.50_iter_0000172800.png
      Sandbox/output/TestCase1/Snapshots/alpha_1.57/psi/tc1_psi_day_02.00_iter_0000230400.pdf
      Sandbox/output/TestCase1/Snapshots/alpha_1.57/psi/tc1_psi_day_02.00_iter_0000230400.png
      Sandbox/output/TestCase1/Snapshots/alpha_1.57/psi/tc1_psi_day_02.25_iter_0000259200.pdf
      Sandbox/output/TestCase1/Snapshots/alpha_1.57/psi/tc1_psi_day_02.25_iter_0000259200.png
      Sandbox/output/TestCase1/Snapshots/alpha_1.57/psi/tc1_psi_day_03.00_iter_0000345600.pdf
      Sandbox/output/TestCase1/Snapshots/alpha_1.57/psi/tc1_psi_day_03.00_iter_0000345600.png
      Sandbox/output/TestCase1/Snapshots/alpha_1.57/psi/tc1_psi_day_03.75_iter_0000432000.pdf
      Sandbox/output/TestCase1/Snapshots/alpha_1.57/psi/tc1_psi_day_03.75_iter_0000432000.png
      Sandbox/output/TestCase1/Snapshots/alpha_1.57/psi/tc1_psi_day_04.00_iter_0000460800.pdf
      Sandbox/output/TestCase1/Snapshots/alpha_1.57/psi/tc1_psi_day_04.00_iter_0000460800.png
      Sandbox/output/TestCase1/Snapshots/alpha_1.57/psi/tc1_psi_day_04.50_iter_0000518400.pdf
      Sandbox/output/TestCase1/Snapshots/alpha_1.57/psi/tc1_psi_day_04.50_iter_0000518400.png
      Sandbox/output/TestCase1/Snapshots/alpha_1.57/psi/tc1_psi_day_05.00_iter_0000576000.pdf
      Sandbox/output/TestCase1/Snapshots/alpha_1.57/psi/tc1_psi_day_05.00_iter_0000576000.png
      Sandbox/output/TestCase1/Snapshots/alpha_1.57/psi/tc1_psi_day_05.25_iter_0000604800.pdf
      Sandbox/output/TestCase1/Snapshots/alpha_1.57/psi/tc1_psi_day_05.25_iter_0000604800.png
      Sandbox/output/TestCase1/Snapshots/alpha_1.57/psi/tc1_psi_day_06.00_iter_0000691200.pdf
      Sandbox/output/TestCase1/Snapshots/alpha_1.57/psi/tc1_psi_day_06.00_iter_0000691200.png
      Sandbox/output/TestCase1/Snapshots/alpha_1.57/psi/tc1_psi_day_06.75_iter_0000777600.pdf
      Sandbox/output/TestCase1/Snapshots/alpha_1.57/psi/tc1_psi_day_06.75_iter_0000777600.png
      Sandbox/output/TestCase1/Snapshots/alpha_1.57/psi/tc1_psi_day_07.00_iter_0000806400.pdf
      Sandbox/output/TestCase1/Snapshots/alpha_1.57/psi/tc1_psi_day_07.00_iter_0000806400.png
      Sandbox/output/TestCase1/Snapshots/alpha_1.57/psi/tc1_psi_day_07.50_iter_0000864000.pdf
      Sandbox/output/TestCase1/Snapshots/alpha_1.57/psi/tc1_psi_day_07.50_iter_0000864000.png
      Sandbox/output/TestCase1/Snapshots/alpha_1.57/psi/tc1_psi_day_08.00_iter_0000921600.pdf
      Sandbox/output/TestCase1/Snapshots/alpha_1.57/psi/tc1_psi_day_08.00_iter_0000921600.png
      Sandbox/output/TestCase1/Snapshots/alpha_1.57/psi/tc1_psi_day_09.00_iter_0001036800.pdf
      Sandbox/output/TestCase1/Snapshots/alpha_1.57/psi/tc1_psi_day_09.00_iter_0001036800.png
      Sandbox/output/TestCase1/Snapshots/alpha_1.57/psi/tc1_psi_day_10.00_iter_0001152000.pdf
      Sandbox/output/TestCase1/Snapshots/alpha_1.57/psi/tc1_psi_day_10.00_iter_0001152000.png
      Sandbox/output/TestCase1/Snapshots/alpha_1.57/psi/tc1_psi_day_11.00_iter_0001267200.pdf
      Sandbox/output/TestCase1/Snapshots/alpha_1.57/psi/tc1_psi_day_11.00_iter_0001267200.png
      Sandbox/output/TestCase1/Snapshots/alpha_1.57/tracer/tc1_tracer_day_00.00_iter_0000000000.pdf
      Sandbox/output/TestCase1/Snapshots/alpha_1.57/tracer/tc1_tracer_day_00.00_iter_0000000000.png
      Sandbox/output/TestCase1/Snapshots/alpha_1.57/tracer/tc1_tracer_day_00.75_iter_0000086400.pdf
      Sandbox/output/TestCase1/Snapshots/alpha_1.57/tracer/tc1_tracer_day_00.75_iter_0000086400.png
      Sandbox/output/TestCase1/Snapshots/alpha_1.57/tracer/tc1_tracer_day_01.00_iter_0000115200.pdf
      Sandbox/output/TestCase1/Snapshots/alpha_1.57/tracer/tc1_tracer_day_01.00_iter_0000115200.png
      Sandbox/output/TestCase1/Snapshots/alpha_1.57/tracer/tc1_tracer_day_01.50_iter_0000172800.pdf
      Sandbox/output/TestCase1/Snapshots/alpha_1.57/tracer/tc1_tracer_day_01.50_iter_0000172800.png
      Sandbox/output/TestCase1/Snapshots/alpha_1.57/tracer/tc1_tracer_day_02.00_iter_0000230400.pdf
      Sandbox/output/TestCase1/Snapshots/alpha_1.57/tracer/tc1_tracer_day_02.00_iter_0000230400.png
      Sandbox/output/TestCase1/Snapshots/alpha_1.57/tracer/tc1_tracer_day_02.25_iter_0000259200.pdf
      Sandbox/output/TestCase1/Snapshots/alpha_1.57/tracer/tc1_tracer_day_02.25_iter_0000259200.png
      Sandbox/output/TestCase1/Snapshots/alpha_1.57/tracer/tc1_tracer_day_03.00_iter_0000345600.pdf
      Sandbox/output/TestCase1/Snapshots/alpha_1.57/tracer/tc1_tracer_day_03.00_iter_0000345600.png
      Sandbox/output/TestCase1/Snapshots/alpha_1.57/tracer/tc1_tracer_day_03.75_iter_0000432000.pdf
      Sandbox/output/TestCase1/Snapshots/alpha_1.57/tracer/tc1_tracer_day_03.75_iter_0000432000.png
      Sandbox/output/TestCase1/Snapshots/alpha_1.57/tracer/tc1_tracer_day_04.00_iter_0000460800.pdf
      Sandbox/output/TestCase1/Snapshots/alpha_1.57/tracer/tc1_tracer_day_04.00_iter_0000460800.png
      Sandbox/output/TestCase1/Snapshots/alpha_1.57/tracer/tc1_tracer_day_04.50_iter_0000518400.pdf
      Sandbox/output/TestCase1/Snapshots/alpha_1.57/tracer/tc1_tracer_day_04.50_iter_0000518400.png
      Sandbox/output/TestCase1/Snapshots/alpha_1.57/tracer/tc1_tracer_day_05.00_iter_0000576000.pdf
      Sandbox/output/TestCase1/Snapshots/alpha_1.57/tracer/tc1_tracer_day_05.00_iter_0000576000.png
      Sandbox/output/TestCase1/Snapshots/alpha_1.57/tracer/tc1_tracer_day_05.25_iter_0000604800.pdf
      Sandbox/output/TestCase1/Snapshots/alpha_1.57/tracer/tc1_tracer_day_05.25_iter_0000604800.png
      Sandbox/output/TestCase1/Snapshots/alpha_1.57/tracer/tc1_tracer_day_06.00_iter_0000691200.pdf
      Sandbox/output/TestCase1/Snapshots/alpha_1.57/tracer/tc1_tracer_day_06.00_iter_0000691200.png
      Sandbox/output/TestCase1/Snapshots/alpha_1.57/tracer/tc1_tracer_day_06.75_iter_0000777600.pdf
      Sandbox/output/TestCase1/Snapshots/alpha_1.57/tracer/tc1_tracer_day_06.75_iter_0000777600.png
      Sandbox/output/TestCase1/Snapshots/alpha_1.57/tracer/tc1_tracer_day_07.00_iter_0000806400.pdf
      Sandbox/output/TestCase1/Snapshots/alpha_1.57/tracer/tc1_tracer_day_07.00_iter_0000806400.png
      Sandbox/output/TestCase1/Snapshots/alpha_1.57/tracer/tc1_tracer_day_07.50_iter_0000864000.pdf
      Sandbox/output/TestCase1/Snapshots/alpha_1.57/tracer/tc1_tracer_day_07.50_iter_0000864000.png
      Sandbox/output/TestCase1/Snapshots/alpha_1.57/tracer/tc1_tracer_day_08.00_iter_0000921600.pdf
      Sandbox/output/TestCase1/Snapshots/alpha_1.57/tracer/tc1_tracer_day_08.00_iter_0000921600.png
      Sandbox/output/TestCase1/Snapshots/alpha_1.57/tracer/tc1_tracer_day_09.00_iter_0001036800.pdf
      Sandbox/output/TestCase1/Snapshots/alpha_1.57/tracer/tc1_tracer_day_09.00_iter_0001036800.png
      Sandbox/output/TestCase1/Snapshots/alpha_1.57/tracer/tc1_tracer_day_10.00_iter_0001152000.pdf
      Sandbox/output/TestCase1/Snapshots/alpha_1.57/tracer/tc1_tracer_day_10.00_iter_0001152000.png
      Sandbox/output/TestCase1/Snapshots/alpha_1.57/tracer/tc1_tracer_day_11.00_iter_0001267200.pdf
      Sandbox/output/TestCase1/Snapshots/alpha_1.57/tracer/tc1_tracer_day_11.00_iter_0001267200.png
      Sandbox/output/TestCase1/Snapshots/alpha_1.57/tracer/tc1_tracer_day_12.00_iter_0001382400.pdf
      Sandbox/output/TestCase1/Snapshots/alpha_1.57/tracer/tc1_tracer_day_12.00_iter_0001382400.png
      Sandbox/output/TestCase1/Snapshots/alpha_1.57/velocity_magnitude/tc1_velocity_magnitude_day_00.00_iter_0000000000.pdf
      Sandbox/output/TestCase1/Snapshots/alpha_1.57/velocity_magnitude/tc1_velocity_magnitude_day_00.00_iter_0000000000.png
      Sandbox/output/TestCase1/Snapshots/alpha_1.57/velocity_magnitude/tc1_velocity_magnitude_day_00.75_iter_0000086400.pdf
      Sandbox/output/TestCase1/Snapshots/alpha_1.57/velocity_magnitude/tc1_velocity_magnitude_day_00.75_iter_0000086400.png
      Sandbox/output/TestCase1/Snapshots/alpha_1.57/velocity_magnitude/tc1_velocity_magnitude_day_01.00_iter_0000115200.pdf
      Sandbox/output/TestCase1/Snapshots/alpha_1.57/velocity_magnitude/tc1_velocity_magnitude_day_01.00_iter_0000115200.png
      Sandbox/output/TestCase1/Snapshots/alpha_1.57/velocity_magnitude/tc1_velocity_magnitude_day_01.50_iter_0000172800.pdf
      Sandbox/output/TestCase1/Snapshots/alpha_1.57/velocity_magnitude/tc1_velocity_magnitude_day_01.50_iter_0000172800.png
      Sandbox/output/TestCase1/Snapshots/alpha_1.57/velocity_magnitude/tc1_velocity_magnitude_day_02.00_iter_0000230400.pdf
      Sandbox/output/TestCase1/Snapshots/alpha_1.57/velocity_magnitude/tc1_velocity_magnitude_day_02.00_iter_0000230400.png
      Sandbox/output/TestCase1/Snapshots/alpha_1.57/velocity_magnitude/tc1_velocity_magnitude_day_02.25_iter_0000259200.pdf
      Sandbox/output/TestCase1/Snapshots/alpha_1.57/velocity_magnitude/tc1_velocity_magnitude_day_02.25_iter_0000259200.png
      Sandbox/output/TestCase1/Snapshots/alpha_1.57/velocity_magnitude/tc1_velocity_magnitude_day_03.00_iter_0000345600.pdf
      Sandbox/output/TestCase1/Snapshots/alpha_1.57/velocity_magnitude/tc1_velocity_magnitude_day_03.00_iter_0000345600.png
      Sandbox/output/TestCase1/Snapshots/alpha_1.57/velocity_magnitude/tc1_velocity_magnitude_day_03.75_iter_0000432000.pdf
      Sandbox/output/TestCase1/Snapshots/alpha_1.57/velocity_magnitude/tc1_velocity_magnitude_day_03.75_iter_0000432000.png
      Sandbox/output/TestCase1/Snapshots/alpha_1.57/velocity_magnitude/tc1_velocity_magnitude_day_04.00_iter_0000460800.pdf
      Sandbox/output/TestCase1/Snapshots/alpha_1.57/velocity_magnitude/tc1_velocity_magnitude_day_04.00_iter_0000460800.png
      Sandbox/output/TestCase1/Snapshots/alpha_1.57/velocity_magnitude/tc1_velocity_magnitude_day_04.50_iter_0000518400.pdf
      Sandbox/output/TestCase1/Snapshots/alpha_1.57/velocity_magnitude/tc1_velocity_magnitude_day_04.50_iter_0000518400.png
      Sandbox/output/TestCase1/Snapshots/alpha_1.57/velocity_magnitude/tc1_velocity_magnitude_day_05.00_iter_0000576000.pdf
      Sandbox/output/TestCase1/Snapshots/alpha_1.57/velocity_magnitude/tc1_velocity_magnitude_day_05.00_iter_0000576000.png
      Sandbox/output/TestCase1/Snapshots/alpha_1.57/velocity_magnitude/tc1_velocity_magnitude_day_05.25_iter_0000604800.pdf
      Sandbox/output/TestCase1/Snapshots/alpha_1.57/velocity_magnitude/tc1_velocity_magnitude_day_05.25_iter_0000604800.png
      Sandbox/output/TestCase1/Snapshots/alpha_1.57/velocity_magnitude/tc1_velocity_magnitude_day_06.00_iter_0000691200.pdf
      Sandbox/output/TestCase1/Snapshots/alpha_1.57/velocity_magnitude/tc1_velocity_magnitude_day_06.00_iter_0000691200.png
      Sandbox/output/TestCase1/Snapshots/alpha_1.57/velocity_magnitude/tc1_velocity_magnitude_day_06.75_iter_0000777600.pdf
      Sandbox/output/TestCase1/Snapshots/alpha_1.57/velocity_magnitude/tc1_velocity_magnitude_day_06.75_iter_0000777600.png
      Sandbox/output/TestCase1/Snapshots/alpha_1.57/velocity_magnitude/tc1_velocity_magnitude_day_07.00_iter_0000806400.pdf
      Sandbox/output/TestCase1/Snapshots/alpha_1.57/velocity_magnitude/tc1_velocity_magnitude_day_07.00_iter_0000806400.png
      Sandbox/output/TestCase1/Snapshots/alpha_1.57/velocity_magnitude/tc1_velocity_magnitude_day_07.50_iter_0000864000.pdf
      Sandbox/output/TestCase1/Snapshots/alpha_1.57/velocity_magnitude/tc1_velocity_magnitude_day_07.50_iter_0000864000.png
      Sandbox/output/TestCase1/Snapshots/alpha_1.57/velocity_magnitude/tc1_velocity_magnitude_day_08.00_iter_0000921600.pdf
      Sandbox/output/TestCase1/Snapshots/alpha_1.57/velocity_magnitude/tc1_velocity_magnitude_day_08.00_iter_0000921600.png
      Sandbox/output/TestCase1/Snapshots/alpha_1.57/velocity_magnitude/tc1_velocity_magnitude_day_09.00_iter_0001036800.pdf
      Sandbox/output/TestCase1/Snapshots/alpha_1.57/velocity_magnitude/tc1_velocity_magnitude_day_09.00_iter_0001036800.png
      Sandbox/output/TestCase1/Snapshots/alpha_1.57/velocity_magnitude/tc1_velocity_magnitude_day_10.00_iter_0001152000.pdf
      Sandbox/output/TestCase1/Snapshots/alpha_1.57/velocity_magnitude/tc1_velocity_magnitude_day_10.00_iter_0001152000.png
      Sandbox/output/TestCase1/Snapshots/alpha_1.57/velocity_magnitude/tc1_velocity_magnitude_day_11.00_iter_0001267200.pdf
      Sandbox/output/TestCase1/Snapshots/alpha_1.57/velocity_magnitude/tc1_velocity_magnitude_day_11.00_iter_0001267200.png
      Sandbox/output/TestCase1/Snapshots/alpha_1.57/velocity_magnitude/tc1_velocity_magnitude_day_12.00_iter_0001382400.pdf
      Sandbox/output/TestCase1/Snapshots/alpha_1.57/velocity_magnitude/tc1_velocity_magnitude_day_12.00_iter_0001382400.png
    computed_files: 0
    other_files: 1
      Sandbox/output/TestCase1/Snapshots/alpha_1.57/manifest.json

Sent to docs index
  output: Sandbox/output/TestCase1/Diagnosis/error/alpha_1.57/tc1_signed_error_contours.png
    docs_asset: docs/assets/williamson/TestCase1/Diagnosis/error/alpha_1.57/tc1_signed_error_contours.png
    referenced_by: docs/fragments/testcase1.html
  output: Sandbox/output/TestCase1/Snapshots/alpha_1.57/etan/tc1_etan_day_00.00_iter_0000000000.png
    docs_asset: docs/assets/williamson/TestCase1/Snapshots/alpha_1.57/etan/tc1_etan_day_00.00_iter_0000000000.png
    referenced_by: docs/fragments/testcase1.html
  output: Sandbox/output/TestCase1/Snapshots/alpha_1.57/etan/tc1_etan_day_03.00_iter_0000345600.png
    docs_asset: docs/assets/williamson/TestCase1/Snapshots/alpha_1.57/etan/tc1_etan_day_03.00_iter_0000345600.png
    referenced_by: docs/fragments/testcase1.html
  output: Sandbox/output/TestCase1/Snapshots/alpha_1.57/etan/tc1_etan_day_06.00_iter_0000691200.png
    docs_asset: docs/assets/williamson/TestCase1/Snapshots/alpha_1.57/etan/tc1_etan_day_06.00_iter_0000691200.png
    referenced_by: docs/fragments/testcase1.html
  output: Sandbox/output/TestCase1/Snapshots/alpha_1.57/etan/tc1_etan_day_09.00_iter_0001036800.png
    docs_asset: docs/assets/williamson/TestCase1/Snapshots/alpha_1.57/etan/tc1_etan_day_09.00_iter_0001036800.png
    referenced_by: docs/fragments/testcase1.html
  output: Sandbox/output/TestCase1/Snapshots/alpha_1.57/phi/tc1_phi_day_00.00_iter_0000000000.png
    docs_asset: docs/assets/williamson/TestCase1/Snapshots/alpha_1.57/phi/tc1_phi_day_00.00_iter_0000000000.png
    referenced_by: docs/fragments/testcase1.html
  output: Sandbox/output/TestCase1/Snapshots/alpha_1.57/phi/tc1_phi_day_03.00_iter_0000345600.png
    docs_asset: docs/assets/williamson/TestCase1/Snapshots/alpha_1.57/phi/tc1_phi_day_03.00_iter_0000345600.png
    referenced_by: docs/fragments/testcase1.html
  output: Sandbox/output/TestCase1/Snapshots/alpha_1.57/phi/tc1_phi_day_06.00_iter_0000691200.png
    docs_asset: docs/assets/williamson/TestCase1/Snapshots/alpha_1.57/phi/tc1_phi_day_06.00_iter_0000691200.png
    referenced_by: docs/fragments/testcase1.html
  output: Sandbox/output/TestCase1/Snapshots/alpha_1.57/phi/tc1_phi_day_09.00_iter_0001036800.png
    docs_asset: docs/assets/williamson/TestCase1/Snapshots/alpha_1.57/phi/tc1_phi_day_09.00_iter_0001036800.png
    referenced_by: docs/fragments/testcase1.html
  output: Sandbox/output/TestCase1/Snapshots/alpha_1.57/psi/tc1_psi_day_00.00_iter_0000000000.png
    docs_asset: docs/assets/williamson/TestCase1/Snapshots/alpha_1.57/psi/tc1_psi_day_00.00_iter_0000000000.png
    referenced_by: docs/fragments/testcase1.html
  output: Sandbox/output/TestCase1/Snapshots/alpha_1.57/psi/tc1_psi_day_03.00_iter_0000345600.png
    docs_asset: docs/assets/williamson/TestCase1/Snapshots/alpha_1.57/psi/tc1_psi_day_03.00_iter_0000345600.png
    referenced_by: docs/fragments/testcase1.html
  output: Sandbox/output/TestCase1/Snapshots/alpha_1.57/psi/tc1_psi_day_06.00_iter_0000691200.png
    docs_asset: docs/assets/williamson/TestCase1/Snapshots/alpha_1.57/psi/tc1_psi_day_06.00_iter_0000691200.png
    referenced_by: docs/fragments/testcase1.html
  output: Sandbox/output/TestCase1/Snapshots/alpha_1.57/psi/tc1_psi_day_09.00_iter_0001036800.png
    docs_asset: docs/assets/williamson/TestCase1/Snapshots/alpha_1.57/psi/tc1_psi_day_09.00_iter_0001036800.png
    referenced_by: docs/fragments/testcase1.html
  output: Sandbox/output/TestCase1/Snapshots/alpha_1.57/tracer/tc1_tracer_day_00.00_iter_0000000000.png
    docs_asset: docs/assets/williamson/TestCase1/Snapshots/alpha_1.57/tracer/tc1_tracer_day_00.00_iter_0000000000.png
    referenced_by: docs/fragments/testcase1.html
  output: Sandbox/output/TestCase1/Snapshots/alpha_1.57/tracer/tc1_tracer_day_03.00_iter_0000345600.png
    docs_asset: docs/assets/williamson/TestCase1/Snapshots/alpha_1.57/tracer/tc1_tracer_day_03.00_iter_0000345600.png
    referenced_by: docs/fragments/testcase1.html
  output: Sandbox/output/TestCase1/Snapshots/alpha_1.57/tracer/tc1_tracer_day_06.00_iter_0000691200.png
    docs_asset: docs/assets/williamson/TestCase1/Snapshots/alpha_1.57/tracer/tc1_tracer_day_06.00_iter_0000691200.png
    referenced_by: docs/fragments/testcase1.html
  output: Sandbox/output/TestCase1/Snapshots/alpha_1.57/tracer/tc1_tracer_day_09.00_iter_0001036800.png
    docs_asset: docs/assets/williamson/TestCase1/Snapshots/alpha_1.57/tracer/tc1_tracer_day_09.00_iter_0001036800.png
    referenced_by: docs/fragments/testcase1.html
  output: Sandbox/output/TestCase1/Snapshots/alpha_1.57/tracer/tc1_tracer_day_12.00_iter_0001382400.png
    docs_asset: docs/assets/williamson/TestCase1/Snapshots/alpha_1.57/tracer/tc1_tracer_day_12.00_iter_0001382400.png
    referenced_by: docs/fragments/testcase1.html

Run directory file manifest
  DRC.data bytes=16 (16 B) mtime_utc=2026-06-13T19:59:39+00:00
  DRC.meta bytes=149 (149 B) mtime_utc=2026-06-13T19:59:39+00:00
  DRF.data bytes=8 (8 B) mtime_utc=2026-06-13T19:59:39+00:00
  DRF.meta bytes=129 (129 B) mtime_utc=2026-06-13T19:59:39+00:00
  DXC.data bytes=8294400 (7.9 MiB) mtime_utc=2026-06-13T19:59:38+00:00
  DXC.meta bytes=129 (129 B) mtime_utc=2026-06-13T19:59:38+00:00
  DXF.data bytes=8294400 (7.9 MiB) mtime_utc=2026-06-13T19:59:38+00:00
  DXF.meta bytes=129 (129 B) mtime_utc=2026-06-13T19:59:38+00:00
  DXG.data bytes=8294400 (7.9 MiB) mtime_utc=2026-06-13T19:59:38+00:00
  DXG.meta bytes=129 (129 B) mtime_utc=2026-06-13T19:59:38+00:00
  DXV.data bytes=8294400 (7.9 MiB) mtime_utc=2026-06-13T19:59:38+00:00
  DXV.meta bytes=129 (129 B) mtime_utc=2026-06-13T19:59:38+00:00
  DYC.data bytes=8294400 (7.9 MiB) mtime_utc=2026-06-13T19:59:38+00:00
  DYC.meta bytes=129 (129 B) mtime_utc=2026-06-13T19:59:38+00:00
  DYF.data bytes=8294400 (7.9 MiB) mtime_utc=2026-06-13T19:59:38+00:00
  DYF.meta bytes=129 (129 B) mtime_utc=2026-06-13T19:59:38+00:00
  DYG.data bytes=8294400 (7.9 MiB) mtime_utc=2026-06-13T19:59:38+00:00
  DYG.meta bytes=129 (129 B) mtime_utc=2026-06-13T19:59:38+00:00
  DYU.data bytes=8294400 (7.9 MiB) mtime_utc=2026-06-13T19:59:39+00:00
  DYU.meta bytes=129 (129 B) mtime_utc=2026-06-13T19:59:39+00:00
  Depth.data bytes=8294400 (7.9 MiB) mtime_utc=2026-06-13T19:59:39+00:00
  Depth.meta bytes=129 (129 B) mtime_utc=2026-06-13T19:59:39+00:00
  Eta.0000000000.data bytes=8294400 (7.9 MiB) mtime_utc=2026-06-13T19:59:40+00:00
  Eta.0000000000.meta bytes=163 (163 B) mtime_utc=2026-06-13T19:59:40+00:00
  Eta.0000086400.data bytes=8294400 (7.9 MiB) mtime_utc=2026-06-13T15:34:16+00:00
  Eta.0000086400.meta bytes=163 (163 B) mtime_utc=2026-06-13T15:34:25+00:00
  Eta.0000115200.data bytes=8294400 (7.9 MiB) mtime_utc=2026-06-13T20:33:07+00:00
  Eta.0000115200.meta bytes=163 (163 B) mtime_utc=2026-06-13T20:33:17+00:00
  Eta.0000172800.data bytes=8294400 (7.9 MiB) mtime_utc=2026-06-13T15:59:18+00:00
  Eta.0000172800.meta bytes=163 (163 B) mtime_utc=2026-06-13T15:59:28+00:00
  Eta.0000230400.data bytes=8294400 (7.9 MiB) mtime_utc=2026-06-13T21:06:56+00:00
  Eta.0000230400.meta bytes=163 (163 B) mtime_utc=2026-06-13T21:07:05+00:00
  Eta.0000259200.data bytes=8294400 (7.9 MiB) mtime_utc=2026-06-13T16:24:18+00:00
  Eta.0000259200.meta bytes=163 (163 B) mtime_utc=2026-06-13T16:24:28+00:00
  Eta.0000345600.data bytes=8294400 (7.9 MiB) mtime_utc=2026-06-13T21:40:40+00:00
  Eta.0000345600.meta bytes=163 (163 B) mtime_utc=2026-06-13T21:40:40+00:00
  Eta.0000432000.data bytes=8294400 (7.9 MiB) mtime_utc=2026-06-13T17:14:23+00:00
  Eta.0000432000.meta bytes=163 (163 B) mtime_utc=2026-06-13T17:14:32+00:00
  Eta.0000460800.data bytes=8294400 (7.9 MiB) mtime_utc=2026-06-13T22:14:31+00:00
  Eta.0000460800.meta bytes=163 (163 B) mtime_utc=2026-06-13T22:14:40+00:00
  Eta.0000518400.data bytes=8294400 (7.9 MiB) mtime_utc=2026-06-13T17:39:25+00:00
  Eta.0000518400.meta bytes=163 (163 B) mtime_utc=2026-06-13T17:39:34+00:00
  Eta.0000576000.data bytes=8294400 (7.9 MiB) mtime_utc=2026-06-13T22:48:18+00:00
  Eta.0000576000.meta bytes=163 (163 B) mtime_utc=2026-06-13T22:48:28+00:00
  Eta.0000604800.data bytes=8294400 (7.9 MiB) mtime_utc=2026-06-13T18:04:23+00:00
  Eta.0000604800.meta bytes=163 (163 B) mtime_utc=2026-06-13T18:04:33+00:00
  Eta.0000691200.data bytes=8294400 (7.9 MiB) mtime_utc=2026-06-13T23:22:07+00:00
  Eta.0000691200.meta bytes=163 (163 B) mtime_utc=2026-06-13T23:22:07+00:00
  Eta.0000777600.data bytes=8294400 (7.9 MiB) mtime_utc=2026-06-13T18:54:26+00:00
  Eta.0000777600.meta bytes=163 (163 B) mtime_utc=2026-06-13T18:54:36+00:00
  Eta.0000806400.data bytes=8294400 (7.9 MiB) mtime_utc=2026-06-13T23:55:54+00:00
  Eta.0000806400.meta bytes=163 (163 B) mtime_utc=2026-06-13T23:56:01+00:00
  Eta.0000864000.data bytes=8294400 (7.9 MiB) mtime_utc=2026-06-13T19:19:29+00:00
  Eta.0000864000.meta bytes=163 (163 B) mtime_utc=2026-06-13T19:19:39+00:00
  Eta.0000921600.data bytes=8294400 (7.9 MiB) mtime_utc=2026-06-14T00:29:33+00:00
  Eta.0000921600.meta bytes=163 (163 B) mtime_utc=2026-06-14T00:29:43+00:00
  Eta.0001036800.data bytes=8294400 (7.9 MiB) mtime_utc=2026-06-14T01:03:13+00:00
  Eta.0001036800.meta bytes=163 (163 B) mtime_utc=2026-06-14T01:03:23+00:00
  Eta.0001152000.data bytes=8294400 (7.9 MiB) mtime_utc=2026-06-14T01:36:57+00:00
  Eta.0001152000.meta bytes=163 (163 B) mtime_utc=2026-06-14T01:37:07+00:00
  Eta.0001267200.data bytes=8294400 (7.9 MiB) mtime_utc=2026-06-14T02:10:46+00:00
  Eta.0001267200.meta bytes=163 (163 B) mtime_utc=2026-06-14T02:10:56+00:00
  Eta.0001382400.data bytes=8294400 (7.9 MiB) mtime_utc=2026-06-14T02:44:36+00:00
  Eta.0001382400.meta bytes=163 (163 B) mtime_utc=2026-06-14T02:44:45+00:00
  PH.0000086400.data bytes=8294400 (7.9 MiB) mtime_utc=2026-06-13T15:34:16+00:00
  PH.0000086400.meta bytes=163 (163 B) mtime_utc=2026-06-13T15:34:26+00:00
  PH.0000115200.data bytes=8294400 (7.9 MiB) mtime_utc=2026-06-13T20:33:07+00:00
  PH.0000115200.meta bytes=163 (163 B) mtime_utc=2026-06-13T20:33:17+00:00
  PH.0000172800.data bytes=8294400 (7.9 MiB) mtime_utc=2026-06-13T15:59:19+00:00
  PH.0000172800.meta bytes=163 (163 B) mtime_utc=2026-06-13T15:59:28+00:00
  PH.0000230400.data bytes=8294400 (7.9 MiB) mtime_utc=2026-06-13T21:06:56+00:00
  PH.0000230400.meta bytes=163 (163 B) mtime_utc=2026-06-13T21:07:06+00:00
  PH.0000259200.data bytes=8294400 (7.9 MiB) mtime_utc=2026-06-13T16:24:18+00:00
  PH.0000259200.meta bytes=163 (163 B) mtime_utc=2026-06-13T16:24:28+00:00
  PH.0000345600.data bytes=8294400 (7.9 MiB) mtime_utc=2026-06-13T21:40:40+00:00
  PH.0000345600.meta bytes=163 (163 B) mtime_utc=2026-06-13T21:40:40+00:00
  PH.0000432000.data bytes=8294400 (7.9 MiB) mtime_utc=2026-06-13T17:14:23+00:00
  PH.0000432000.meta bytes=163 (163 B) mtime_utc=2026-06-13T17:14:33+00:00
  PH.0000460800.data bytes=8294400 (7.9 MiB) mtime_utc=2026-06-13T22:14:31+00:00
  PH.0000460800.meta bytes=163 (163 B) mtime_utc=2026-06-13T22:14:41+00:00
  PH.0000518400.data bytes=8294400 (7.9 MiB) mtime_utc=2026-06-13T17:39:25+00:00
  PH.0000518400.meta bytes=163 (163 B) mtime_utc=2026-06-13T17:39:34+00:00
  PH.0000576000.data bytes=8294400 (7.9 MiB) mtime_utc=2026-06-13T22:48:19+00:00
  PH.0000576000.meta bytes=163 (163 B) mtime_utc=2026-06-13T22:48:28+00:00
  PH.0000604800.data bytes=8294400 (7.9 MiB) mtime_utc=2026-06-13T18:04:23+00:00
  PH.0000604800.meta bytes=163 (163 B) mtime_utc=2026-06-13T18:04:33+00:00
  PH.0000691200.data bytes=8294400 (7.9 MiB) mtime_utc=2026-06-13T23:22:07+00:00
  PH.0000691200.meta bytes=163 (163 B) mtime_utc=2026-06-13T23:22:07+00:00
  PH.0000777600.data bytes=8294400 (7.9 MiB) mtime_utc=2026-06-13T18:54:27+00:00
  PH.0000777600.meta bytes=163 (163 B) mtime_utc=2026-06-13T18:54:36+00:00
  PH.0000806400.data bytes=8294400 (7.9 MiB) mtime_utc=2026-06-13T23:55:54+00:00
  PH.0000806400.meta bytes=163 (163 B) mtime_utc=2026-06-13T23:56:01+00:00
  PH.0000864000.data bytes=8294400 (7.9 MiB) mtime_utc=2026-06-13T19:19:30+00:00
  PH.0000864000.meta bytes=163 (163 B) mtime_utc=2026-06-13T19:19:39+00:00
  PH.0000921600.data bytes=8294400 (7.9 MiB) mtime_utc=2026-06-14T00:29:34+00:00
  PH.0000921600.meta bytes=163 (163 B) mtime_utc=2026-06-14T00:29:44+00:00
  PH.0001036800.data bytes=8294400 (7.9 MiB) mtime_utc=2026-06-14T01:03:13+00:00
  PH.0001036800.meta bytes=163 (163 B) mtime_utc=2026-06-14T01:03:23+00:00
  PH.0001152000.data bytes=8294400 (7.9 MiB) mtime_utc=2026-06-14T01:36:58+00:00
  PH.0001152000.meta bytes=163 (163 B) mtime_utc=2026-06-14T01:37:07+00:00
  PH.0001267200.data bytes=8294400 (7.9 MiB) mtime_utc=2026-06-14T02:10:47+00:00
  PH.0001267200.meta bytes=163 (163 B) mtime_utc=2026-06-14T02:10:56+00:00
  PH.0001382400.data bytes=8294400 (7.9 MiB) mtime_utc=2026-06-14T02:44:36+00:00
  PH.0001382400.meta bytes=163 (163 B) mtime_utc=2026-06-14T02:44:45+00:00
  PHL.0000086400.data bytes=8294400 (7.9 MiB) mtime_utc=2026-06-13T15:34:16+00:00
  PHL.0000086400.meta bytes=163 (163 B) mtime_utc=2026-06-13T15:34:26+00:00
  PHL.0000115200.data bytes=8294400 (7.9 MiB) mtime_utc=2026-06-13T20:33:08+00:00
  PHL.0000115200.meta bytes=163 (163 B) mtime_utc=2026-06-13T20:33:17+00:00
  PHL.0000172800.data bytes=8294400 (7.9 MiB) mtime_utc=2026-06-13T15:59:19+00:00
  PHL.0000172800.meta bytes=163 (163 B) mtime_utc=2026-06-13T15:59:29+00:00
  PHL.0000230400.data bytes=8294400 (7.9 MiB) mtime_utc=2026-06-13T21:06:56+00:00
  PHL.0000230400.meta bytes=163 (163 B) mtime_utc=2026-06-13T21:07:06+00:00
  PHL.0000259200.data bytes=8294400 (7.9 MiB) mtime_utc=2026-06-13T16:24:19+00:00
  PHL.0000259200.meta bytes=163 (163 B) mtime_utc=2026-06-13T16:24:29+00:00
  PHL.0000345600.data bytes=8294400 (7.9 MiB) mtime_utc=2026-06-13T21:40:41+00:00
  PHL.0000345600.meta bytes=163 (163 B) mtime_utc=2026-06-13T21:40:41+00:00
  PHL.0000432000.data bytes=8294400 (7.9 MiB) mtime_utc=2026-06-13T17:14:23+00:00
  PHL.0000432000.meta bytes=163 (163 B) mtime_utc=2026-06-13T17:14:33+00:00
  PHL.0000460800.data bytes=8294400 (7.9 MiB) mtime_utc=2026-06-13T22:14:31+00:00
  PHL.0000460800.meta bytes=163 (163 B) mtime_utc=2026-06-13T22:14:41+00:00
  PHL.0000518400.data bytes=8294400 (7.9 MiB) mtime_utc=2026-06-13T17:39:25+00:00
  PHL.0000518400.meta bytes=163 (163 B) mtime_utc=2026-06-13T17:39:35+00:00
  PHL.0000576000.data bytes=8294400 (7.9 MiB) mtime_utc=2026-06-13T22:48:19+00:00
  PHL.0000576000.meta bytes=163 (163 B) mtime_utc=2026-06-13T22:48:28+00:00
  PHL.0000604800.data bytes=8294400 (7.9 MiB) mtime_utc=2026-06-13T18:04:24+00:00
  PHL.0000604800.meta bytes=163 (163 B) mtime_utc=2026-06-13T18:04:33+00:00
  PHL.0000691200.data bytes=8294400 (7.9 MiB) mtime_utc=2026-06-13T23:22:07+00:00
  PHL.0000691200.meta bytes=163 (163 B) mtime_utc=2026-06-13T23:22:07+00:00
  PHL.0000777600.data bytes=8294400 (7.9 MiB) mtime_utc=2026-06-13T18:54:27+00:00
  PHL.0000777600.meta bytes=163 (163 B) mtime_utc=2026-06-13T18:54:37+00:00
  PHL.0000806400.data bytes=8294400 (7.9 MiB) mtime_utc=2026-06-13T23:55:54+00:00
  PHL.0000806400.meta bytes=163 (163 B) mtime_utc=2026-06-13T23:56:02+00:00
  PHL.0000864000.data bytes=8294400 (7.9 MiB) mtime_utc=2026-06-13T19:19:30+00:00
  PHL.0000864000.meta bytes=163 (163 B) mtime_utc=2026-06-13T19:19:40+00:00
  PHL.0000921600.data bytes=8294400 (7.9 MiB) mtime_utc=2026-06-14T00:29:34+00:00
  PHL.0000921600.meta bytes=163 (163 B) mtime_utc=2026-06-14T00:29:44+00:00
  PHL.0001036800.data bytes=8294400 (7.9 MiB) mtime_utc=2026-06-14T01:03:13+00:00
  PHL.0001036800.meta bytes=163 (163 B) mtime_utc=2026-06-14T01:03:23+00:00
  PHL.0001152000.data bytes=8294400 (7.9 MiB) mtime_utc=2026-06-14T01:36:58+00:00
  PHL.0001152000.meta bytes=163 (163 B) mtime_utc=2026-06-14T01:37:07+00:00
  PHL.0001267200.data bytes=8294400 (7.9 MiB) mtime_utc=2026-06-14T02:10:47+00:00
  PHL.0001267200.meta bytes=163 (163 B) mtime_utc=2026-06-14T02:10:56+00:00
  PHL.0001382400.data bytes=8294400 (7.9 MiB) mtime_utc=2026-06-14T02:44:36+00:00
  PHL.0001382400.meta bytes=163 (163 B) mtime_utc=2026-06-14T02:44:46+00:00
  PHrefC.data bytes=8 (8 B) mtime_utc=2026-06-13T19:59:39+00:00
  PHrefC.meta bytes=129 (129 B) mtime_utc=2026-06-13T19:59:39+00:00
  PHrefF.data bytes=16 (16 B) mtime_utc=2026-06-13T19:59:39+00:00
  PHrefF.meta bytes=149 (149 B) mtime_utc=2026-06-13T19:59:39+00:00
  RAC.data bytes=8294400 (7.9 MiB) mtime_utc=2026-06-13T19:59:37+00:00
  RAC.meta bytes=129 (129 B) mtime_utc=2026-06-13T19:59:37+00:00
  RAS.data bytes=8294400 (7.9 MiB) mtime_utc=2026-06-13T19:59:37+00:00
  RAS.meta bytes=129 (129 B) mtime_utc=2026-06-13T19:59:37+00:00
  RAW.data bytes=8294400 (7.9 MiB) mtime_utc=2026-06-13T19:59:37+00:00
  RAW.meta bytes=129 (129 B) mtime_utc=2026-06-13T19:59:37+00:00
  RAZ.data bytes=8294400 (7.9 MiB) mtime_utc=2026-06-13T19:59:37+00:00
  RAZ.meta bytes=129 (129 B) mtime_utc=2026-06-13T19:59:37+00:00
  RC.data bytes=8 (8 B) mtime_utc=2026-06-13T19:59:39+00:00
  RC.meta bytes=129 (129 B) mtime_utc=2026-06-13T19:59:39+00:00
  RF.data bytes=16 (16 B) mtime_utc=2026-06-13T19:59:39+00:00
  RF.meta bytes=149 (149 B) mtime_utc=2026-06-13T19:59:39+00:00
  RhoRef.data bytes=8 (8 B) mtime_utc=2026-06-13T19:59:36+00:00
  RhoRef.meta bytes=129 (129 B) mtime_utc=2026-06-13T19:59:36+00:00
  S.0000000000.data bytes=8294400 (7.9 MiB) mtime_utc=2026-06-13T19:59:40+00:00
  S.0000000000.meta bytes=163 (163 B) mtime_utc=2026-06-13T19:59:40+00:00
  S.0000086400.data bytes=8294400 (7.9 MiB) mtime_utc=2026-06-13T15:34:16+00:00
  S.0000086400.meta bytes=163 (163 B) mtime_utc=2026-06-13T15:34:25+00:00
  S.0000115200.data bytes=8294400 (7.9 MiB) mtime_utc=2026-06-13T20:33:07+00:00
  S.0000115200.meta bytes=163 (163 B) mtime_utc=2026-06-13T20:33:16+00:00
  S.0000172800.data bytes=8294400 (7.9 MiB) mtime_utc=2026-06-13T15:59:18+00:00
  S.0000172800.meta bytes=163 (163 B) mtime_utc=2026-06-13T15:59:28+00:00
  S.0000230400.data bytes=8294400 (7.9 MiB) mtime_utc=2026-06-13T21:06:56+00:00
  S.0000230400.meta bytes=163 (163 B) mtime_utc=2026-06-13T21:07:05+00:00
  S.0000259200.data bytes=8294400 (7.9 MiB) mtime_utc=2026-06-13T16:24:18+00:00
  S.0000259200.meta bytes=163 (163 B) mtime_utc=2026-06-13T16:24:28+00:00
  S.0000345600.data bytes=8294400 (7.9 MiB) mtime_utc=2026-06-13T21:40:40+00:00
  S.0000345600.meta bytes=163 (163 B) mtime_utc=2026-06-13T21:40:40+00:00
  S.0000432000.data bytes=8294400 (7.9 MiB) mtime_utc=2026-06-13T17:14:23+00:00
  S.0000432000.meta bytes=163 (163 B) mtime_utc=2026-06-13T17:14:32+00:00
  S.0000460800.data bytes=8294400 (7.9 MiB) mtime_utc=2026-06-13T22:14:30+00:00
  S.0000460800.meta bytes=163 (163 B) mtime_utc=2026-06-13T22:14:40+00:00
  S.0000518400.data bytes=8294400 (7.9 MiB) mtime_utc=2026-06-13T17:39:24+00:00
  S.0000518400.meta bytes=163 (163 B) mtime_utc=2026-06-13T17:39:34+00:00
  S.0000576000.data bytes=8294400 (7.9 MiB) mtime_utc=2026-06-13T22:48:18+00:00
  S.0000576000.meta bytes=163 (163 B) mtime_utc=2026-06-13T22:48:28+00:00
  S.0000604800.data bytes=8294400 (7.9 MiB) mtime_utc=2026-06-13T18:04:23+00:00
  S.0000604800.meta bytes=163 (163 B) mtime_utc=2026-06-13T18:04:33+00:00
  S.0000691200.data bytes=8294400 (7.9 MiB) mtime_utc=2026-06-13T23:22:07+00:00
  S.0000691200.meta bytes=163 (163 B) mtime_utc=2026-06-13T23:22:07+00:00
  S.0000777600.data bytes=8294400 (7.9 MiB) mtime_utc=2026-06-13T18:54:26+00:00
  S.0000777600.meta bytes=163 (163 B) mtime_utc=2026-06-13T18:54:36+00:00
  S.0000806400.data bytes=8294400 (7.9 MiB) mtime_utc=2026-06-13T23:55:54+00:00
  S.0000806400.meta bytes=163 (163 B) mtime_utc=2026-06-13T23:56:01+00:00
  S.0000864000.data bytes=8294400 (7.9 MiB) mtime_utc=2026-06-13T19:19:29+00:00
  S.0000864000.meta bytes=163 (163 B) mtime_utc=2026-06-13T19:19:39+00:00
  S.0000921600.data bytes=8294400 (7.9 MiB) mtime_utc=2026-06-14T00:29:33+00:00
  S.0000921600.meta bytes=163 (163 B) mtime_utc=2026-06-14T00:29:43+00:00
  S.0001036800.data bytes=8294400 (7.9 MiB) mtime_utc=2026-06-14T01:03:13+00:00
  S.0001036800.meta bytes=163 (163 B) mtime_utc=2026-06-14T01:03:23+00:00
  S.0001152000.data bytes=8294400 (7.9 MiB) mtime_utc=2026-06-14T01:36:57+00:00
  S.0001152000.meta bytes=163 (163 B) mtime_utc=2026-06-14T01:37:07+00:00
  S.0001267200.data bytes=8294400 (7.9 MiB) mtime_utc=2026-06-14T02:10:46+00:00
  S.0001267200.meta bytes=163 (163 B) mtime_utc=2026-06-14T02:10:56+00:00
  S.0001382400.data bytes=8294400 (7.9 MiB) mtime_utc=2026-06-14T02:44:35+00:00
  S.0001382400.meta bytes=163 (163 B) mtime_utc=2026-06-14T02:44:45+00:00
  STDERR.0000 bytes=99 (99 B) mtime_utc=2026-06-14T02:44:37+00:00
  STDERR.0001 bytes=99 (99 B) mtime_utc=2026-06-14T02:44:37+00:00
  STDERR.0002 bytes=99 (99 B) mtime_utc=2026-06-14T02:44:37+00:00
  STDERR.0003 bytes=99 (99 B) mtime_utc=2026-06-14T02:44:37+00:00
  STDERR.0004 bytes=99 (99 B) mtime_utc=2026-06-14T02:44:37+00:00
  STDERR.0005 bytes=99 (99 B) mtime_utc=2026-06-14T02:44:37+00:00
  STDERR.0006 bytes=99 (99 B) mtime_utc=2026-06-14T02:44:37+00:00
  STDERR.0007 bytes=99 (99 B) mtime_utc=2026-06-14T02:44:37+00:00
  STDERR.0008 bytes=99 (99 B) mtime_utc=2026-06-14T02:44:37+00:00
  STDERR.0009 bytes=99 (99 B) mtime_utc=2026-06-14T02:44:37+00:00
  STDERR.0010 bytes=99 (99 B) mtime_utc=2026-06-14T02:44:37+00:00
  STDERR.0011 bytes=99 (99 B) mtime_utc=2026-06-14T02:44:37+00:00
  STDERR.0012 bytes=99 (99 B) mtime_utc=2026-06-14T02:44:37+00:00
  STDERR.0013 bytes=99 (99 B) mtime_utc=2026-06-14T02:44:37+00:00
  STDERR.0014 bytes=99 (99 B) mtime_utc=2026-06-14T02:44:37+00:00
  STDERR.0015 bytes=99 (99 B) mtime_utc=2026-06-14T02:44:37+00:00
  STDERR.0016 bytes=99 (99 B) mtime_utc=2026-06-14T02:44:37+00:00
  STDERR.0017 bytes=99 (99 B) mtime_utc=2026-06-14T02:44:37+00:00
  STDERR.0018 bytes=99 (99 B) mtime_utc=2026-06-14T02:44:37+00:00
  STDERR.0019 bytes=99 (99 B) mtime_utc=2026-06-14T02:44:37+00:00
  STDERR.0020 bytes=99 (99 B) mtime_utc=2026-06-14T02:44:37+00:00
  STDERR.0021 bytes=99 (99 B) mtime_utc=2026-06-14T02:44:37+00:00
  STDERR.0022 bytes=99 (99 B) mtime_utc=2026-06-14T02:44:37+00:00
  STDERR.0023 bytes=99 (99 B) mtime_utc=2026-06-14T02:44:37+00:00
  STDERR.0024 bytes=99 (99 B) mtime_utc=2026-06-14T02:44:37+00:00
  STDERR.0025 bytes=99 (99 B) mtime_utc=2026-06-14T02:44:37+00:00
  STDERR.0026 bytes=99 (99 B) mtime_utc=2026-06-14T02:44:37+00:00
  STDERR.0027 bytes=99 (99 B) mtime_utc=2026-06-14T02:44:37+00:00
  STDERR.0028 bytes=99 (99 B) mtime_utc=2026-06-14T02:44:37+00:00
  STDERR.0029 bytes=99 (99 B) mtime_utc=2026-06-14T02:44:37+00:00
  STDERR.0030 bytes=99 (99 B) mtime_utc=2026-06-14T02:44:37+00:00
  STDERR.0031 bytes=99 (99 B) mtime_utc=2026-06-14T02:44:37+00:00
  STDERR.0032 bytes=99 (99 B) mtime_utc=2026-06-14T02:44:37+00:00
  STDERR.0033 bytes=99 (99 B) mtime_utc=2026-06-14T02:44:37+00:00
  STDERR.0034 bytes=99 (99 B) mtime_utc=2026-06-14T02:44:37+00:00
  STDERR.0035 bytes=99 (99 B) mtime_utc=2026-06-14T02:44:37+00:00
  STDERR.0036 bytes=99 (99 B) mtime_utc=2026-06-14T02:44:37+00:00
  STDERR.0037 bytes=99 (99 B) mtime_utc=2026-06-14T02:44:37+00:00
  STDERR.0038 bytes=99 (99 B) mtime_utc=2026-06-14T02:44:37+00:00
  STDERR.0039 bytes=99 (99 B) mtime_utc=2026-06-14T02:44:37+00:00
  STDERR.0040 bytes=99 (99 B) mtime_utc=2026-06-14T02:44:37+00:00
  STDERR.0041 bytes=99 (99 B) mtime_utc=2026-06-14T02:44:37+00:00
  STDERR.0042 bytes=99 (99 B) mtime_utc=2026-06-14T02:44:37+00:00
  STDERR.0043 bytes=99 (99 B) mtime_utc=2026-06-14T02:44:37+00:00
  STDERR.0044 bytes=99 (99 B) mtime_utc=2026-06-14T02:44:37+00:00
  STDERR.0045 bytes=99 (99 B) mtime_utc=2026-06-14T02:44:37+00:00
  STDERR.0046 bytes=99 (99 B) mtime_utc=2026-06-14T02:44:37+00:00
  STDERR.0047 bytes=99 (99 B) mtime_utc=2026-06-14T02:44:37+00:00
  STDOUT.0000 bytes=173661 (169.6 KiB) mtime_utc=2026-06-14T02:44:37+00:00
  STDOUT.0001 bytes=120285 (117.5 KiB) mtime_utc=2026-06-14T02:44:37+00:00
  STDOUT.0002 bytes=120300 (117.5 KiB) mtime_utc=2026-06-14T02:44:37+00:00
  STDOUT.0003 bytes=120300 (117.5 KiB) mtime_utc=2026-06-14T02:44:37+00:00
  STDOUT.0004 bytes=120295 (117.5 KiB) mtime_utc=2026-06-14T02:44:37+00:00
  STDOUT.0005 bytes=120285 (117.5 KiB) mtime_utc=2026-06-14T02:44:37+00:00
  STDOUT.0006 bytes=120285 (117.5 KiB) mtime_utc=2026-06-14T02:44:37+00:00
  STDOUT.0007 bytes=120285 (117.5 KiB) mtime_utc=2026-06-14T02:44:37+00:00
  STDOUT.0008 bytes=120300 (117.5 KiB) mtime_utc=2026-06-14T02:44:37+00:00
  STDOUT.0009 bytes=120285 (117.5 KiB) mtime_utc=2026-06-14T02:44:37+00:00
  STDOUT.0010 bytes=120290 (117.5 KiB) mtime_utc=2026-06-14T02:44:37+00:00
  STDOUT.0011 bytes=120290 (117.5 KiB) mtime_utc=2026-06-14T02:44:37+00:00
  STDOUT.0012 bytes=120285 (117.5 KiB) mtime_utc=2026-06-14T02:44:37+00:00
  STDOUT.0013 bytes=120280 (117.5 KiB) mtime_utc=2026-06-14T02:44:37+00:00
  STDOUT.0014 bytes=120290 (117.5 KiB) mtime_utc=2026-06-14T02:44:37+00:00
  STDOUT.0015 bytes=120285 (117.5 KiB) mtime_utc=2026-06-14T02:44:37+00:00
  STDOUT.0016 bytes=120295 (117.5 KiB) mtime_utc=2026-06-14T02:44:37+00:00
  STDOUT.0017 bytes=120384 (117.6 KiB) mtime_utc=2026-06-14T02:44:37+00:00
  STDOUT.0018 bytes=120374 (117.6 KiB) mtime_utc=2026-06-14T02:44:37+00:00
  STDOUT.0019 bytes=120280 (117.5 KiB) mtime_utc=2026-06-14T02:44:37+00:00
  STDOUT.0020 bytes=120290 (117.5 KiB) mtime_utc=2026-06-14T02:44:37+00:00
  STDOUT.0021 bytes=120285 (117.5 KiB) mtime_utc=2026-06-14T02:44:37+00:00
  STDOUT.0022 bytes=120295 (117.5 KiB) mtime_utc=2026-06-14T02:44:37+00:00
  STDOUT.0023 bytes=120285 (117.5 KiB) mtime_utc=2026-06-14T02:44:37+00:00
  STDOUT.0024 bytes=120285 (117.5 KiB) mtime_utc=2026-06-14T02:44:37+00:00
  STDOUT.0025 bytes=120285 (117.5 KiB) mtime_utc=2026-06-14T02:44:37+00:00
  STDOUT.0026 bytes=120290 (117.5 KiB) mtime_utc=2026-06-14T02:44:37+00:00
  STDOUT.0027 bytes=120285 (117.5 KiB) mtime_utc=2026-06-14T02:44:37+00:00
  STDOUT.0028 bytes=120290 (117.5 KiB) mtime_utc=2026-06-14T02:44:37+00:00
  STDOUT.0029 bytes=120290 (117.5 KiB) mtime_utc=2026-06-14T02:44:37+00:00
  STDOUT.0030 bytes=120285 (117.5 KiB) mtime_utc=2026-06-14T02:44:37+00:00
  STDOUT.0031 bytes=120285 (117.5 KiB) mtime_utc=2026-06-14T02:44:37+00:00
  STDOUT.0032 bytes=120290 (117.5 KiB) mtime_utc=2026-06-14T02:44:37+00:00
  STDOUT.0033 bytes=120300 (117.5 KiB) mtime_utc=2026-06-14T02:44:37+00:00
  STDOUT.0034 bytes=120285 (117.5 KiB) mtime_utc=2026-06-14T02:44:37+00:00
  STDOUT.0035 bytes=120285 (117.5 KiB) mtime_utc=2026-06-14T02:44:37+00:00
  STDOUT.0036 bytes=120285 (117.5 KiB) mtime_utc=2026-06-14T02:44:37+00:00
  STDOUT.0037 bytes=120285 (117.5 KiB) mtime_utc=2026-06-14T02:44:37+00:00
  STDOUT.0038 bytes=120295 (117.5 KiB) mtime_utc=2026-06-14T02:44:37+00:00
  STDOUT.0039 bytes=120285 (117.5 KiB) mtime_utc=2026-06-14T02:44:37+00:00
  STDOUT.0040 bytes=120295 (117.5 KiB) mtime_utc=2026-06-14T02:44:37+00:00
  STDOUT.0041 bytes=120285 (117.5 KiB) mtime_utc=2026-06-14T02:44:37+00:00
  STDOUT.0042 bytes=120285 (117.5 KiB) mtime_utc=2026-06-14T02:44:37+00:00
  STDOUT.0043 bytes=120295 (117.5 KiB) mtime_utc=2026-06-14T02:44:37+00:00
  STDOUT.0044 bytes=120300 (117.5 KiB) mtime_utc=2026-06-14T02:44:37+00:00
  STDOUT.0045 bytes=120295 (117.5 KiB) mtime_utc=2026-06-14T02:44:37+00:00
  STDOUT.0046 bytes=120295 (117.5 KiB) mtime_utc=2026-06-14T02:44:37+00:00
  STDOUT.0047 bytes=120285 (117.5 KiB) mtime_utc=2026-06-14T02:44:37+00:00
  S_init.bin bytes=4147200 (4.0 MiB) mtime_utc=2026-06-13T19:59:31+00:00
  T.0000000000.data bytes=8294400 (7.9 MiB) mtime_utc=2026-06-13T19:59:40+00:00
  T.0000000000.meta bytes=163 (163 B) mtime_utc=2026-06-13T19:59:40+00:00
  T.0000086400.data bytes=8294400 (7.9 MiB) mtime_utc=2026-06-13T15:34:15+00:00
  T.0000086400.meta bytes=163 (163 B) mtime_utc=2026-06-13T15:34:25+00:00
  T.0000115200.data bytes=8294400 (7.9 MiB) mtime_utc=2026-06-13T20:33:07+00:00
  T.0000115200.meta bytes=163 (163 B) mtime_utc=2026-06-13T20:33:16+00:00
  T.0000172800.data bytes=8294400 (7.9 MiB) mtime_utc=2026-06-13T15:59:18+00:00
  T.0000172800.meta bytes=163 (163 B) mtime_utc=2026-06-13T15:59:27+00:00
  T.0000230400.data bytes=8294400 (7.9 MiB) mtime_utc=2026-06-13T21:06:56+00:00
  T.0000230400.meta bytes=163 (163 B) mtime_utc=2026-06-13T21:07:05+00:00
  T.0000259200.data bytes=8294400 (7.9 MiB) mtime_utc=2026-06-13T16:24:18+00:00
  T.0000259200.meta bytes=163 (163 B) mtime_utc=2026-06-13T16:24:28+00:00
  T.0000345600.data bytes=8294400 (7.9 MiB) mtime_utc=2026-06-13T21:40:40+00:00
  T.0000345600.meta bytes=163 (163 B) mtime_utc=2026-06-13T21:40:40+00:00
  T.0000432000.data bytes=8294400 (7.9 MiB) mtime_utc=2026-06-13T17:14:23+00:00
  T.0000432000.meta bytes=163 (163 B) mtime_utc=2026-06-13T17:14:32+00:00
  T.0000460800.data bytes=8294400 (7.9 MiB) mtime_utc=2026-06-13T22:14:30+00:00
  T.0000460800.meta bytes=163 (163 B) mtime_utc=2026-06-13T22:14:40+00:00
  T.0000518400.data bytes=8294400 (7.9 MiB) mtime_utc=2026-06-13T17:39:24+00:00
  T.0000518400.meta bytes=163 (163 B) mtime_utc=2026-06-13T17:39:34+00:00
  T.0000576000.data bytes=8294400 (7.9 MiB) mtime_utc=2026-06-13T22:48:18+00:00
  T.0000576000.meta bytes=163 (163 B) mtime_utc=2026-06-13T22:48:28+00:00
  T.0000604800.data bytes=8294400 (7.9 MiB) mtime_utc=2026-06-13T18:04:23+00:00
  T.0000604800.meta bytes=163 (163 B) mtime_utc=2026-06-13T18:04:33+00:00
  T.0000691200.data bytes=8294400 (7.9 MiB) mtime_utc=2026-06-13T23:22:07+00:00
  T.0000691200.meta bytes=163 (163 B) mtime_utc=2026-06-13T23:22:07+00:00
  T.0000777600.data bytes=8294400 (7.9 MiB) mtime_utc=2026-06-13T18:54:26+00:00
  T.0000777600.meta bytes=163 (163 B) mtime_utc=2026-06-13T18:54:35+00:00
  T.0000806400.data bytes=8294400 (7.9 MiB) mtime_utc=2026-06-13T23:55:54+00:00
  T.0000806400.meta bytes=163 (163 B) mtime_utc=2026-06-13T23:56:01+00:00
  T.0000864000.data bytes=8294400 (7.9 MiB) mtime_utc=2026-06-13T19:19:29+00:00
  T.0000864000.meta bytes=163 (163 B) mtime_utc=2026-06-13T19:19:39+00:00
  T.0000921600.data bytes=8294400 (7.9 MiB) mtime_utc=2026-06-14T00:29:33+00:00
  T.0000921600.meta bytes=163 (163 B) mtime_utc=2026-06-14T00:29:43+00:00
  T.0001036800.data bytes=8294400 (7.9 MiB) mtime_utc=2026-06-14T01:03:13+00:00
  T.0001036800.meta bytes=163 (163 B) mtime_utc=2026-06-14T01:03:22+00:00
  T.0001152000.data bytes=8294400 (7.9 MiB) mtime_utc=2026-06-14T01:36:57+00:00
  T.0001152000.meta bytes=163 (163 B) mtime_utc=2026-06-14T01:37:07+00:00
  T.0001267200.data bytes=8294400 (7.9 MiB) mtime_utc=2026-06-14T02:10:46+00:00
  T.0001267200.meta bytes=163 (163 B) mtime_utc=2026-06-14T02:10:55+00:00
  T.0001382400.data bytes=8294400 (7.9 MiB) mtime_utc=2026-06-14T02:44:35+00:00
  T.0001382400.meta bytes=163 (163 B) mtime_utc=2026-06-14T02:44:45+00:00
  U.0000000000.data bytes=8294400 (7.9 MiB) mtime_utc=2026-06-13T19:59:39+00:00
  U.0000000000.meta bytes=163 (163 B) mtime_utc=2026-06-13T19:59:39+00:00
  U.0000086400.data bytes=8294400 (7.9 MiB) mtime_utc=2026-06-13T15:34:15+00:00
  U.0000086400.meta bytes=163 (163 B) mtime_utc=2026-06-13T15:34:24+00:00
  U.0000115200.data bytes=8294400 (7.9 MiB) mtime_utc=2026-06-13T20:33:06+00:00
  U.0000115200.meta bytes=163 (163 B) mtime_utc=2026-06-13T20:33:16+00:00
  U.0000172800.data bytes=8294400 (7.9 MiB) mtime_utc=2026-06-13T15:59:17+00:00
  U.0000172800.meta bytes=163 (163 B) mtime_utc=2026-06-13T15:59:27+00:00
  U.0000230400.data bytes=8294400 (7.9 MiB) mtime_utc=2026-06-13T21:06:55+00:00
  U.0000230400.meta bytes=163 (163 B) mtime_utc=2026-06-13T21:07:05+00:00
  U.0000259200.data bytes=8294400 (7.9 MiB) mtime_utc=2026-06-13T16:24:18+00:00
  U.0000259200.meta bytes=163 (163 B) mtime_utc=2026-06-13T16:24:27+00:00
  U.0000345600.data bytes=8294400 (7.9 MiB) mtime_utc=2026-06-13T21:40:40+00:00
  U.0000345600.meta bytes=163 (163 B) mtime_utc=2026-06-13T21:40:40+00:00
  U.0000432000.data bytes=8294400 (7.9 MiB) mtime_utc=2026-06-13T17:14:22+00:00
  U.0000432000.meta bytes=163 (163 B) mtime_utc=2026-06-13T17:14:32+00:00
  U.0000460800.data bytes=8294400 (7.9 MiB) mtime_utc=2026-06-13T22:14:30+00:00
  U.0000460800.meta bytes=163 (163 B) mtime_utc=2026-06-13T22:14:39+00:00
  U.0000518400.data bytes=8294400 (7.9 MiB) mtime_utc=2026-06-13T17:39:24+00:00
  U.0000518400.meta bytes=163 (163 B) mtime_utc=2026-06-13T17:39:34+00:00
  U.0000576000.data bytes=8294400 (7.9 MiB) mtime_utc=2026-06-13T22:48:18+00:00
  U.0000576000.meta bytes=163 (163 B) mtime_utc=2026-06-13T22:48:27+00:00
  U.0000604800.data bytes=8294400 (7.9 MiB) mtime_utc=2026-06-13T18:04:23+00:00
  U.0000604800.meta bytes=163 (163 B) mtime_utc=2026-06-13T18:04:32+00:00
  U.0000691200.data bytes=8294400 (7.9 MiB) mtime_utc=2026-06-13T23:22:06+00:00
  U.0000691200.meta bytes=163 (163 B) mtime_utc=2026-06-13T23:22:06+00:00
  U.0000777600.data bytes=8294400 (7.9 MiB) mtime_utc=2026-06-13T18:54:25+00:00
  U.0000777600.meta bytes=163 (163 B) mtime_utc=2026-06-13T18:54:35+00:00
  U.0000806400.data bytes=8294400 (7.9 MiB) mtime_utc=2026-06-13T23:55:53+00:00
  U.0000806400.meta bytes=163 (163 B) mtime_utc=2026-06-13T23:56:01+00:00
  U.0000864000.data bytes=8294400 (7.9 MiB) mtime_utc=2026-06-13T19:19:29+00:00
  U.0000864000.meta bytes=163 (163 B) mtime_utc=2026-06-13T19:19:39+00:00
  U.0000921600.data bytes=8294400 (7.9 MiB) mtime_utc=2026-06-14T00:29:33+00:00
  U.0000921600.meta bytes=163 (163 B) mtime_utc=2026-06-14T00:29:42+00:00
  U.0001036800.data bytes=8294400 (7.9 MiB) mtime_utc=2026-06-14T01:03:12+00:00
  U.0001036800.meta bytes=163 (163 B) mtime_utc=2026-06-14T01:03:22+00:00
  U.0001152000.data bytes=8294400 (7.9 MiB) mtime_utc=2026-06-14T01:36:57+00:00
  U.0001152000.meta bytes=163 (163 B) mtime_utc=2026-06-14T01:37:06+00:00
  U.0001267200.data bytes=8294400 (7.9 MiB) mtime_utc=2026-06-14T02:10:46+00:00
  U.0001267200.meta bytes=163 (163 B) mtime_utc=2026-06-14T02:10:55+00:00
  U.0001382400.data bytes=8294400 (7.9 MiB) mtime_utc=2026-06-14T02:44:35+00:00
  U.0001382400.meta bytes=163 (163 B) mtime_utc=2026-06-14T02:44:45+00:00
  V.0000000000.data bytes=8294400 (7.9 MiB) mtime_utc=2026-06-13T19:59:40+00:00
  V.0000000000.meta bytes=163 (163 B) mtime_utc=2026-06-13T19:59:40+00:00
  V.0000086400.data bytes=8294400 (7.9 MiB) mtime_utc=2026-06-13T15:34:15+00:00
  V.0000086400.meta bytes=163 (163 B) mtime_utc=2026-06-13T15:34:25+00:00
  V.0000115200.data bytes=8294400 (7.9 MiB) mtime_utc=2026-06-13T20:33:06+00:00
  V.0000115200.meta bytes=163 (163 B) mtime_utc=2026-06-13T20:33:16+00:00
  V.0000172800.data bytes=8294400 (7.9 MiB) mtime_utc=2026-06-13T15:59:18+00:00
  V.0000172800.meta bytes=163 (163 B) mtime_utc=2026-06-13T15:59:27+00:00
  V.0000230400.data bytes=8294400 (7.9 MiB) mtime_utc=2026-06-13T21:06:55+00:00
  V.0000230400.meta bytes=163 (163 B) mtime_utc=2026-06-13T21:07:05+00:00
  V.0000259200.data bytes=8294400 (7.9 MiB) mtime_utc=2026-06-13T16:24:18+00:00
  V.0000259200.meta bytes=163 (163 B) mtime_utc=2026-06-13T16:24:28+00:00
  V.0000345600.data bytes=8294400 (7.9 MiB) mtime_utc=2026-06-13T21:40:40+00:00
  V.0000345600.meta bytes=163 (163 B) mtime_utc=2026-06-13T21:40:40+00:00
  V.0000432000.data bytes=8294400 (7.9 MiB) mtime_utc=2026-06-13T17:14:22+00:00
  V.0000432000.meta bytes=163 (163 B) mtime_utc=2026-06-13T17:14:32+00:00
  V.0000460800.data bytes=8294400 (7.9 MiB) mtime_utc=2026-06-13T22:14:30+00:00
  V.0000460800.meta bytes=163 (163 B) mtime_utc=2026-06-13T22:14:40+00:00
  V.0000518400.data bytes=8294400 (7.9 MiB) mtime_utc=2026-06-13T17:39:24+00:00
  V.0000518400.meta bytes=163 (163 B) mtime_utc=2026-06-13T17:39:34+00:00
  V.0000576000.data bytes=8294400 (7.9 MiB) mtime_utc=2026-06-13T22:48:18+00:00
  V.0000576000.meta bytes=163 (163 B) mtime_utc=2026-06-13T22:48:28+00:00
  V.0000604800.data bytes=8294400 (7.9 MiB) mtime_utc=2026-06-13T18:04:23+00:00
  V.0000604800.meta bytes=163 (163 B) mtime_utc=2026-06-13T18:04:32+00:00
  V.0000691200.data bytes=8294400 (7.9 MiB) mtime_utc=2026-06-13T23:22:07+00:00
  V.0000691200.meta bytes=163 (163 B) mtime_utc=2026-06-13T23:22:07+00:00
  V.0000777600.data bytes=8294400 (7.9 MiB) mtime_utc=2026-06-13T18:54:26+00:00
  V.0000777600.meta bytes=163 (163 B) mtime_utc=2026-06-13T18:54:35+00:00
  V.0000806400.data bytes=8294400 (7.9 MiB) mtime_utc=2026-06-13T23:55:54+00:00
  V.0000806400.meta bytes=163 (163 B) mtime_utc=2026-06-13T23:56:01+00:00
  V.0000864000.data bytes=8294400 (7.9 MiB) mtime_utc=2026-06-13T19:19:29+00:00
  V.0000864000.meta bytes=163 (163 B) mtime_utc=2026-06-13T19:19:39+00:00
  V.0000921600.data bytes=8294400 (7.9 MiB) mtime_utc=2026-06-14T00:29:33+00:00
  V.0000921600.meta bytes=163 (163 B) mtime_utc=2026-06-14T00:29:43+00:00
  V.0001036800.data bytes=8294400 (7.9 MiB) mtime_utc=2026-06-14T01:03:13+00:00
  V.0001036800.meta bytes=163 (163 B) mtime_utc=2026-06-14T01:03:22+00:00
  V.0001152000.data bytes=8294400 (7.9 MiB) mtime_utc=2026-06-14T01:36:57+00:00
  V.0001152000.meta bytes=163 (163 B) mtime_utc=2026-06-14T01:37:06+00:00
  V.0001267200.data bytes=8294400 (7.9 MiB) mtime_utc=2026-06-14T02:10:46+00:00
  V.0001267200.meta bytes=163 (163 B) mtime_utc=2026-06-14T02:10:55+00:00
  V.0001382400.data bytes=8294400 (7.9 MiB) mtime_utc=2026-06-14T02:44:35+00:00
  V.0001382400.meta bytes=163 (163 B) mtime_utc=2026-06-14T02:44:45+00:00
  W.0000000000.data bytes=8294400 (7.9 MiB) mtime_utc=2026-06-13T19:59:40+00:00
  W.0000000000.meta bytes=163 (163 B) mtime_utc=2026-06-13T19:59:40+00:00
  W.0000086400.data bytes=8294400 (7.9 MiB) mtime_utc=2026-06-13T15:34:16+00:00
  W.0000086400.meta bytes=163 (163 B) mtime_utc=2026-06-13T15:34:26+00:00
  W.0000115200.data bytes=8294400 (7.9 MiB) mtime_utc=2026-06-13T20:33:07+00:00
  W.0000115200.meta bytes=163 (163 B) mtime_utc=2026-06-13T20:33:17+00:00
  W.0000172800.data bytes=8294400 (7.9 MiB) mtime_utc=2026-06-13T15:59:19+00:00
  W.0000172800.meta bytes=163 (163 B) mtime_utc=2026-06-13T15:59:28+00:00
  W.0000230400.data bytes=8294400 (7.9 MiB) mtime_utc=2026-06-13T21:06:56+00:00
  W.0000230400.meta bytes=163 (163 B) mtime_utc=2026-06-13T21:07:06+00:00
  W.0000259200.data bytes=8294400 (7.9 MiB) mtime_utc=2026-06-13T16:24:18+00:00
  W.0000259200.meta bytes=163 (163 B) mtime_utc=2026-06-13T16:24:28+00:00
  W.0000345600.data bytes=8294400 (7.9 MiB) mtime_utc=2026-06-13T21:40:40+00:00
  W.0000345600.meta bytes=163 (163 B) mtime_utc=2026-06-13T21:40:40+00:00
  W.0000432000.data bytes=8294400 (7.9 MiB) mtime_utc=2026-06-13T17:14:23+00:00
  W.0000432000.meta bytes=163 (163 B) mtime_utc=2026-06-13T17:14:33+00:00
  W.0000460800.data bytes=8294400 (7.9 MiB) mtime_utc=2026-06-13T22:14:31+00:00
  W.0000460800.meta bytes=163 (163 B) mtime_utc=2026-06-13T22:14:40+00:00
  W.0000518400.data bytes=8294400 (7.9 MiB) mtime_utc=2026-06-13T17:39:25+00:00
  W.0000518400.meta bytes=163 (163 B) mtime_utc=2026-06-13T17:39:34+00:00
  W.0000576000.data bytes=8294400 (7.9 MiB) mtime_utc=2026-06-13T22:48:19+00:00
  W.0000576000.meta bytes=163 (163 B) mtime_utc=2026-06-13T22:48:28+00:00
  W.0000604800.data bytes=8294400 (7.9 MiB) mtime_utc=2026-06-13T18:04:23+00:00
  W.0000604800.meta bytes=163 (163 B) mtime_utc=2026-06-13T18:04:33+00:00
  W.0000691200.data bytes=8294400 (7.9 MiB) mtime_utc=2026-06-13T23:22:07+00:00
  W.0000691200.meta bytes=163 (163 B) mtime_utc=2026-06-13T23:22:07+00:00
  W.0000777600.data bytes=8294400 (7.9 MiB) mtime_utc=2026-06-13T18:54:26+00:00
  W.0000777600.meta bytes=163 (163 B) mtime_utc=2026-06-13T18:54:36+00:00
  W.0000806400.data bytes=8294400 (7.9 MiB) mtime_utc=2026-06-13T23:55:54+00:00
  W.0000806400.meta bytes=163 (163 B) mtime_utc=2026-06-13T23:56:01+00:00
  W.0000864000.data bytes=8294400 (7.9 MiB) mtime_utc=2026-06-13T19:19:30+00:00
  W.0000864000.meta bytes=163 (163 B) mtime_utc=2026-06-13T19:19:39+00:00
  W.0000921600.data bytes=8294400 (7.9 MiB) mtime_utc=2026-06-14T00:29:34+00:00
  W.0000921600.meta bytes=163 (163 B) mtime_utc=2026-06-14T00:29:44+00:00
  W.0001036800.data bytes=8294400 (7.9 MiB) mtime_utc=2026-06-14T01:03:13+00:00
  W.0001036800.meta bytes=163 (163 B) mtime_utc=2026-06-14T01:03:23+00:00
  W.0001152000.data bytes=8294400 (7.9 MiB) mtime_utc=2026-06-14T01:36:57+00:00
  W.0001152000.meta bytes=163 (163 B) mtime_utc=2026-06-14T01:37:07+00:00
  W.0001267200.data bytes=8294400 (7.9 MiB) mtime_utc=2026-06-14T02:10:46+00:00
  W.0001267200.meta bytes=163 (163 B) mtime_utc=2026-06-14T02:10:56+00:00
  W.0001382400.data bytes=8294400 (7.9 MiB) mtime_utc=2026-06-14T02:44:36+00:00
  W.0001382400.meta bytes=163 (163 B) mtime_utc=2026-06-14T02:44:45+00:00
  XC.data bytes=8294400 (7.9 MiB) mtime_utc=2026-06-13T19:59:37+00:00
  XC.meta bytes=129 (129 B) mtime_utc=2026-06-13T19:59:37+00:00
  XG.data bytes=8294400 (7.9 MiB) mtime_utc=2026-06-13T19:59:37+00:00
  XG.meta bytes=129 (129 B) mtime_utc=2026-06-13T19:59:37+00:00
  YC.data bytes=8294400 (7.9 MiB) mtime_utc=2026-06-13T19:59:37+00:00
  YC.meta bytes=129 (129 B) mtime_utc=2026-06-13T19:59:37+00:00
  YG.data bytes=8294400 (7.9 MiB) mtime_utc=2026-06-13T19:59:37+00:00
  YG.meta bytes=129 (129 B) mtime_utc=2026-06-13T19:59:37+00:00
  available_diagnostics.log bytes=13284 (13.0 KiB) mtime_utc=2026-06-13T19:59:36+00:00
  bathymetry_flat4000.bin bytes=4147200 (4.0 MiB) mtime_utc=2026-06-13T19:59:31+00:00
  data bytes=1658 (1.6 KiB) mtime_utc=2026-06-13T19:59:40+00:00
  data.diagnostics bytes=2946 (2.9 KiB) mtime_utc=2026-06-13T19:59:30+00:00
  data.pkg bytes=49 (49 B) mtime_utc=2026-06-13T19:59:29+00:00
  dynDiag.0000000000.data bytes=49766400 (47.5 MiB) mtime_utc=2026-06-13T19:59:42+00:00
  dynDiag.0000000000.meta bytes=350 (350 B) mtime_utc=2026-06-13T19:59:42+00:00
  dynDiag.0000086400.data bytes=49766400 (47.5 MiB) mtime_utc=2026-06-13T15:34:19+00:00
  dynDiag.0000086400.meta bytes=350 (350 B) mtime_utc=2026-06-13T15:34:29+00:00
  dynDiag.0000115200.data bytes=49766400 (47.5 MiB) mtime_utc=2026-06-13T20:33:10+00:00
  dynDiag.0000115200.meta bytes=350 (350 B) mtime_utc=2026-06-13T20:33:19+00:00
  dynDiag.0000172800.data bytes=49766400 (47.5 MiB) mtime_utc=2026-06-13T15:59:21+00:00
  dynDiag.0000172800.meta bytes=350 (350 B) mtime_utc=2026-06-13T15:59:31+00:00
  dynDiag.0000230400.data bytes=49766400 (47.5 MiB) mtime_utc=2026-06-13T21:06:59+00:00
  dynDiag.0000230400.meta bytes=350 (350 B) mtime_utc=2026-06-13T21:07:08+00:00
  dynDiag.0000259200.data bytes=49766400 (47.5 MiB) mtime_utc=2026-06-13T16:24:21+00:00
  dynDiag.0000259200.meta bytes=350 (350 B) mtime_utc=2026-06-13T16:24:30+00:00
  dynDiag.0000345600.data bytes=49766400 (47.5 MiB) mtime_utc=2026-06-13T21:40:43+00:00
  dynDiag.0000345600.meta bytes=350 (350 B) mtime_utc=2026-06-13T21:40:43+00:00
  dynDiag.0000432000.data bytes=49766400 (47.5 MiB) mtime_utc=2026-06-13T17:14:25+00:00
  dynDiag.0000432000.meta bytes=350 (350 B) mtime_utc=2026-06-13T17:14:35+00:00
  dynDiag.0000460800.data bytes=49766400 (47.5 MiB) mtime_utc=2026-06-13T22:14:33+00:00
  dynDiag.0000460800.meta bytes=350 (350 B) mtime_utc=2026-06-13T22:14:42+00:00
  dynDiag.0000518400.data bytes=49766400 (47.5 MiB) mtime_utc=2026-06-13T17:39:27+00:00
  dynDiag.0000518400.meta bytes=350 (350 B) mtime_utc=2026-06-13T17:39:37+00:00
  dynDiag.0000576000.data bytes=49766400 (47.5 MiB) mtime_utc=2026-06-13T22:48:21+00:00
  dynDiag.0000576000.meta bytes=350 (350 B) mtime_utc=2026-06-13T22:48:30+00:00
  dynDiag.0000604800.data bytes=49766400 (47.5 MiB) mtime_utc=2026-06-13T18:04:25+00:00
  dynDiag.0000604800.meta bytes=350 (350 B) mtime_utc=2026-06-13T18:04:35+00:00
  dynDiag.0000691200.data bytes=49766400 (47.5 MiB) mtime_utc=2026-06-13T23:22:10+00:00
  dynDiag.0000691200.meta bytes=350 (350 B) mtime_utc=2026-06-13T23:22:10+00:00
  dynDiag.0000777600.data bytes=49766400 (47.5 MiB) mtime_utc=2026-06-13T18:54:29+00:00
  dynDiag.0000777600.meta bytes=350 (350 B) mtime_utc=2026-06-13T18:54:38+00:00
  dynDiag.0000806400.data bytes=49766400 (47.5 MiB) mtime_utc=2026-06-13T23:55:56+00:00
  dynDiag.0000806400.meta bytes=350 (350 B) mtime_utc=2026-06-13T23:56:03+00:00
  dynDiag.0000864000.data bytes=49766400 (47.5 MiB) mtime_utc=2026-06-13T19:19:32+00:00
  dynDiag.0000864000.meta bytes=350 (350 B) mtime_utc=2026-06-13T19:19:42+00:00
  dynDiag.0000921600.data bytes=49766400 (47.5 MiB) mtime_utc=2026-06-14T00:29:36+00:00
  dynDiag.0000921600.meta bytes=350 (350 B) mtime_utc=2026-06-14T00:29:46+00:00
  dynDiag.0001036800.data bytes=49766400 (47.5 MiB) mtime_utc=2026-06-14T01:03:16+00:00
  dynDiag.0001036800.meta bytes=350 (350 B) mtime_utc=2026-06-14T01:03:25+00:00
  dynDiag.0001152000.data bytes=49766400 (47.5 MiB) mtime_utc=2026-06-14T01:36:59+00:00
  dynDiag.0001152000.meta bytes=350 (350 B) mtime_utc=2026-06-14T01:37:09+00:00
  dynDiag.0001267200.data bytes=49766400 (47.5 MiB) mtime_utc=2026-06-14T02:10:48+00:00
  dynDiag.0001267200.meta bytes=350 (350 B) mtime_utc=2026-06-14T02:10:58+00:00
  dynStDiag.0000000000.txt bytes=20275 (19.8 KiB) mtime_utc=2026-06-14T02:44:36+00:00
  dyn_Aux.0000000000.data bytes=24883200 (23.7 MiB) mtime_utc=2026-06-13T19:59:41+00:00
  dyn_Aux.0000000000.meta bytes=317 (317 B) mtime_utc=2026-06-13T19:59:41+00:00
  dyn_Aux.0000086400.data bytes=24883200 (23.7 MiB) mtime_utc=2026-06-13T15:34:18+00:00
  dyn_Aux.0000086400.meta bytes=317 (317 B) mtime_utc=2026-06-13T15:34:27+00:00
  dyn_Aux.0000115200.data bytes=24883200 (23.7 MiB) mtime_utc=2026-06-13T20:33:09+00:00
  dyn_Aux.0000115200.meta bytes=317 (317 B) mtime_utc=2026-06-13T20:33:18+00:00
  dyn_Aux.0000172800.data bytes=24883200 (23.7 MiB) mtime_utc=2026-06-13T15:59:20+00:00
  dyn_Aux.0000172800.meta bytes=317 (317 B) mtime_utc=2026-06-13T15:59:30+00:00
  dyn_Aux.0000230400.data bytes=24883200 (23.7 MiB) mtime_utc=2026-06-13T21:06:57+00:00
  dyn_Aux.0000230400.meta bytes=317 (317 B) mtime_utc=2026-06-13T21:07:07+00:00
  dyn_Aux.0000259200.data bytes=24883200 (23.7 MiB) mtime_utc=2026-06-13T16:24:20+00:00
  dyn_Aux.0000259200.meta bytes=317 (317 B) mtime_utc=2026-06-13T16:24:30+00:00
  dyn_Aux.0000345600.data bytes=24883200 (23.7 MiB) mtime_utc=2026-06-13T21:40:42+00:00
  dyn_Aux.0000345600.meta bytes=317 (317 B) mtime_utc=2026-06-13T21:40:42+00:00
  dyn_Aux.0000432000.data bytes=24883200 (23.7 MiB) mtime_utc=2026-06-13T17:14:24+00:00
  dyn_Aux.0000432000.meta bytes=317 (317 B) mtime_utc=2026-06-13T17:14:34+00:00
  dyn_Aux.0000460800.data bytes=24883200 (23.7 MiB) mtime_utc=2026-06-13T22:14:32+00:00
  dyn_Aux.0000460800.meta bytes=317 (317 B) mtime_utc=2026-06-13T22:14:42+00:00
  dyn_Aux.0000518400.data bytes=24883200 (23.7 MiB) mtime_utc=2026-06-13T17:39:26+00:00
  dyn_Aux.0000518400.meta bytes=317 (317 B) mtime_utc=2026-06-13T17:39:36+00:00
  dyn_Aux.0000576000.data bytes=24883200 (23.7 MiB) mtime_utc=2026-06-13T22:48:20+00:00
  dyn_Aux.0000576000.meta bytes=317 (317 B) mtime_utc=2026-06-13T22:48:29+00:00
  dyn_Aux.0000604800.data bytes=24883200 (23.7 MiB) mtime_utc=2026-06-13T18:04:25+00:00
  dyn_Aux.0000604800.meta bytes=317 (317 B) mtime_utc=2026-06-13T18:04:34+00:00
  dyn_Aux.0000691200.data bytes=24883200 (23.7 MiB) mtime_utc=2026-06-13T23:22:09+00:00
  dyn_Aux.0000691200.meta bytes=317 (317 B) mtime_utc=2026-06-13T23:22:09+00:00
  dyn_Aux.0000777600.data bytes=24883200 (23.7 MiB) mtime_utc=2026-06-13T18:54:28+00:00
  dyn_Aux.0000777600.meta bytes=317 (317 B) mtime_utc=2026-06-13T18:54:38+00:00
  dyn_Aux.0000806400.data bytes=24883200 (23.7 MiB) mtime_utc=2026-06-13T23:55:56+00:00
  dyn_Aux.0000806400.meta bytes=317 (317 B) mtime_utc=2026-06-13T23:56:02+00:00
  dyn_Aux.0000864000.data bytes=24883200 (23.7 MiB) mtime_utc=2026-06-13T19:19:31+00:00
  dyn_Aux.0000864000.meta bytes=317 (317 B) mtime_utc=2026-06-13T19:19:41+00:00
  dyn_Aux.0000921600.data bytes=24883200 (23.7 MiB) mtime_utc=2026-06-14T00:29:35+00:00
  dyn_Aux.0000921600.meta bytes=317 (317 B) mtime_utc=2026-06-14T00:29:45+00:00
  dyn_Aux.0001036800.data bytes=24883200 (23.7 MiB) mtime_utc=2026-06-14T01:03:15+00:00
  dyn_Aux.0001036800.meta bytes=317 (317 B) mtime_utc=2026-06-14T01:03:25+00:00
  dyn_Aux.0001152000.data bytes=24883200 (23.7 MiB) mtime_utc=2026-06-14T01:36:59+00:00
  dyn_Aux.0001152000.meta bytes=317 (317 B) mtime_utc=2026-06-14T01:37:08+00:00
  dyn_Aux.0001267200.data bytes=24883200 (23.7 MiB) mtime_utc=2026-06-14T02:10:48+00:00
  dyn_Aux.0001267200.meta bytes=317 (317 B) mtime_utc=2026-06-14T02:10:57+00:00
  eedata bytes=254 (254 B) mtime_utc=2026-06-13T19:59:29+00:00
  eedata.mth bytes=275 (275 B) mtime_utc=2026-06-13T19:59:29+00:00
  gendata_ref.py bytes=3620 (3.5 KiB) mtime_utc=2026-06-13T19:59:40+00:00
  hFacC.data bytes=8294400 (7.9 MiB) mtime_utc=2026-06-13T19:59:39+00:00
  hFacC.meta bytes=129 (129 B) mtime_utc=2026-06-13T19:59:39+00:00
  hFacS.data bytes=8294400 (7.9 MiB) mtime_utc=2026-06-13T19:59:39+00:00
  hFacS.meta bytes=129 (129 B) mtime_utc=2026-06-13T19:59:39+00:00
  hFacW.data bytes=8294400 (7.9 MiB) mtime_utc=2026-06-13T19:59:39+00:00
  hFacW.meta bytes=129 (129 B) mtime_utc=2026-06-13T19:59:39+00:00
  mitgcmuv bytes=1969448 (1.9 MiB) mtime_utc=2026-06-13T19:59:29+00:00
  pickup.ckptA.data bytes=58060800 (55.4 MiB) mtime_utc=2026-06-14T02:44:37+00:00
  pickup.ckptA.meta bytes=318 (318 B) mtime_utc=2026-06-14T02:44:47+00:00
  u_init.bin bytes=4147200 (4.0 MiB) mtime_utc=2026-06-13T19:59:31+00:00
  v_init.bin bytes=4147200 (4.0 MiB) mtime_utc=2026-06-13T19:59:32+00:00
