MITgcm run inventory
generated_utc: 2026-07-08T10:13:32+00:00
run_dir: Sandbox/vortexSphere_Williamson_TC3/run_alpha_1.0472_cs32
case_code: TC3
alpha_label: 1.0472
log_file: run_inventory.log

Summary
  run_dir_files: 341
  run_dir_bytes: 1949974363 (1.8 GiB)
  run_output_groups: 42
  requested_diagnostic_streams: 3
  generated_product_dirs: 4
  generated_product_files: 66
  plotted_files: 58
  computed_files: 4
  docs_indexed_assets: 34

Diagnostics request
  data_diagnostics: Sandbox/vortexSphere_Williamson_TC3/run_alpha_1.0472_cs32/data.diagnostics
  available_diagnostics: Sandbox/vortexSphere_Williamson_TC3/run_alpha_1.0472_cs32/available_diagnostics.log
  [diagnostics stream 2] fileName=dyn_Aux frequency=-86400. phase=0.
    WVELMASS: units=m/s; levels=1; title=Vertical Mass-Weighted Comp of Velocity
    PhiVEL: units=m^2/s; levels=1; title=Horizontal Velocity Potential (m^2/s)
    PsiVEL: units=m.m^2/s; levels=1; title=Horizontal Velocity Stream-Function
  [diagnostics stream 3] fileName=dynDiag frequency=-86400. phase=0.
    UVEL: units=m/s; levels=1; title=Zonal Component of Velocity (m/s)
    VVEL: units=m/s; levels=1; title=Meridional Component of Velocity (m/s)
    ETAN: units=m; levels=1; title=Surface Height Anomaly
    ETANSQ: units=m^2; levels=1; title=Square of Surface Height Anomaly
    momKE: units=m^2/s^2; levels=1; title=Kinetic Energy (in momentum Eq.)
  [statistics stream 1] fileName=dynStDiag frequency=-86400. phase=0.
    ETAN: units=m; levels=1; title=Surface Height Anomaly
    ETANSQ: units=m^2; levels=1; title=Square of Surface Height Anomaly
    momKE: units=m^2/s^2; levels=1; title=Kinetic Energy (in momentum Eq.)

Run directory outputs
  AngleCS: data=1 meta=1 iterations=none bytes=49281 (48.1 KiB)
  AngleSN: data=1 meta=1 iterations=none bytes=49281 (48.1 KiB)
  DRC: data=1 meta=1 iterations=none bytes=165 (165 B)
  DRF: data=1 meta=1 iterations=none bytes=137 (137 B)
  DXC: data=1 meta=1 iterations=none bytes=49281 (48.1 KiB)
  DXF: data=1 meta=1 iterations=none bytes=49281 (48.1 KiB)
  DXG: data=1 meta=1 iterations=none bytes=49281 (48.1 KiB)
  DXV: data=1 meta=1 iterations=none bytes=49281 (48.1 KiB)
  DYC: data=1 meta=1 iterations=none bytes=49281 (48.1 KiB)
  DYF: data=1 meta=1 iterations=none bytes=49281 (48.1 KiB)
  DYG: data=1 meta=1 iterations=none bytes=49281 (48.1 KiB)
  DYU: data=1 meta=1 iterations=none bytes=49281 (48.1 KiB)
  Depth: data=1 meta=1 iterations=none bytes=49281 (48.1 KiB)
  Eta: data=6 meta=6 iterations=0..576000 (6) bytes=295890 (289.0 KiB)
  PH: data=5 meta=5 iterations=115200..576000 (5) bytes=246575 (240.8 KiB)
  PHL: data=5 meta=5 iterations=115200..576000 (5) bytes=246575 (240.8 KiB)
  PHrefC: data=1 meta=1 iterations=none bytes=137 (137 B)
  PHrefF: data=1 meta=1 iterations=none bytes=165 (165 B)
  RAC: data=1 meta=1 iterations=none bytes=49281 (48.1 KiB)
  RAS: data=1 meta=1 iterations=none bytes=49281 (48.1 KiB)
  RAW: data=1 meta=1 iterations=none bytes=49281 (48.1 KiB)
  RAZ: data=1 meta=1 iterations=none bytes=49281 (48.1 KiB)
  RC: data=1 meta=1 iterations=none bytes=137 (137 B)
  RF: data=1 meta=1 iterations=none bytes=165 (165 B)
  RhoRef: data=1 meta=1 iterations=none bytes=137 (137 B)
  S: data=6 meta=6 iterations=0..576000 (6) bytes=295890 (289.0 KiB)
  T: data=6 meta=6 iterations=0..576000 (6) bytes=295890 (289.0 KiB)
  U: data=6 meta=6 iterations=0..576000 (6) bytes=295890 (289.0 KiB)
  U2zonDir: data=1 meta=1 iterations=none bytes=49281 (48.1 KiB)
  V: data=6 meta=6 iterations=0..576000 (6) bytes=295890 (289.0 KiB)
  V2zonDir: data=1 meta=1 iterations=none bytes=49281 (48.1 KiB)
  W: data=6 meta=6 iterations=0..576000 (6) bytes=295890 (289.0 KiB)
  XC: data=1 meta=1 iterations=none bytes=49281 (48.1 KiB)
  XG: data=1 meta=1 iterations=none bytes=49281 (48.1 KiB)
  YC: data=1 meta=1 iterations=none bytes=49281 (48.1 KiB)
  YG: data=1 meta=1 iterations=none bytes=49281 (48.1 KiB)
  dynDiag: data=5 meta=5 iterations=0..460800 (5) bytes=1230495 (1.2 MiB)
  dyn_Aux: data=5 meta=5 iterations=0..460800 (5) bytes=738865 (721.5 KiB)
  hFacC: data=1 meta=1 iterations=none bytes=49281 (48.1 KiB)
  hFacS: data=1 meta=1 iterations=none bytes=49281 (48.1 KiB)
  hFacW: data=1 meta=1 iterations=none bytes=49281 (48.1 KiB)
  pickup.ckptA: data=1 meta=1 iterations=none bytes=442708 (432.3 KiB)

Generated products
  output_dir: Sandbox/output/TestCase3/Diagnosis/error/alpha_1.0472
    case=TC3 product=error_analysis alpha=1.0472
    saved: TC3_error_norms, TC3_error_norms.csv, TC3_error_norms.txt, TC3_error_norms.tex
    plotted_files: 2
      Sandbox/output/TestCase3/Diagnosis/error/alpha_1.0472/TC3_error_norms.pdf
      Sandbox/output/TestCase3/Diagnosis/error/alpha_1.0472/TC3_error_norms.png
    computed_files: 3
      Sandbox/output/TestCase3/Diagnosis/error/alpha_1.0472/TC3_error_norms.csv
      Sandbox/output/TestCase3/Diagnosis/error/alpha_1.0472/TC3_error_norms.tex
      Sandbox/output/TestCase3/Diagnosis/error/alpha_1.0472/TC3_error_norms.txt
    other_files: 1
      Sandbox/output/TestCase3/Diagnosis/error/alpha_1.0472/manifest.json
  output_dir: Sandbox/output/TestCase3/Diagnosis/postprocessing/alpha_1.0472
    case=TC3 product=postprocessing alpha=1.0472
    saved: postprocessing_values.csv, postprocessing_mass.pdf, postprocessing_mass.png, postprocessing_energies.pdf, postprocessing_energies.png
    fields: {"conserved_scalar": null, "eta": "Eta", "kinetic_energy": "computed_from_velocity", "u": "U", "v": "V", "vorticity": "computed_from_velocity"}
    plotted_files: 4
      Sandbox/output/TestCase3/Diagnosis/postprocessing/alpha_1.0472/postprocessing_energies.pdf
      Sandbox/output/TestCase3/Diagnosis/postprocessing/alpha_1.0472/postprocessing_energies.png
      Sandbox/output/TestCase3/Diagnosis/postprocessing/alpha_1.0472/postprocessing_mass.pdf
      Sandbox/output/TestCase3/Diagnosis/postprocessing/alpha_1.0472/postprocessing_mass.png
    computed_files: 1
      Sandbox/output/TestCase3/Diagnosis/postprocessing/alpha_1.0472/postprocessing_values.csv
    other_files: 1
      Sandbox/output/TestCase3/Diagnosis/postprocessing/alpha_1.0472/manifest.json
  output_dir: Sandbox/output/TestCase3/Snapshots_cube/alpha_1.0472
    case=TC3 product=snapshots alpha=1.0472
    saved: eta, etan, psi, phi, velocity_magnitude
    plotted_files: 26
      Sandbox/output/TestCase3/Snapshots_cube/alpha_1.0472/eta/tc3_eta_day_00.00_iter_0000000000.png
      Sandbox/output/TestCase3/Snapshots_cube/alpha_1.0472/eta/tc3_eta_day_01.00_iter_0000115200.png
      Sandbox/output/TestCase3/Snapshots_cube/alpha_1.0472/eta/tc3_eta_day_02.00_iter_0000230400.png
      Sandbox/output/TestCase3/Snapshots_cube/alpha_1.0472/eta/tc3_eta_day_03.00_iter_0000345600.png
      Sandbox/output/TestCase3/Snapshots_cube/alpha_1.0472/eta/tc3_eta_day_04.00_iter_0000460800.png
      Sandbox/output/TestCase3/Snapshots_cube/alpha_1.0472/eta/tc3_eta_day_05.00_iter_0000576000.png
      Sandbox/output/TestCase3/Snapshots_cube/alpha_1.0472/etan/tc3_etan_day_00.00_iter_0000000000.png
      Sandbox/output/TestCase3/Snapshots_cube/alpha_1.0472/etan/tc3_etan_day_01.00_iter_0000115200.png
      Sandbox/output/TestCase3/Snapshots_cube/alpha_1.0472/etan/tc3_etan_day_02.00_iter_0000230400.png
      Sandbox/output/TestCase3/Snapshots_cube/alpha_1.0472/etan/tc3_etan_day_03.00_iter_0000345600.png
      Sandbox/output/TestCase3/Snapshots_cube/alpha_1.0472/etan/tc3_etan_day_04.00_iter_0000460800.png
      Sandbox/output/TestCase3/Snapshots_cube/alpha_1.0472/phi/tc3_phi_day_00.00_iter_0000000000.png
      Sandbox/output/TestCase3/Snapshots_cube/alpha_1.0472/phi/tc3_phi_day_01.00_iter_0000115200.png
      Sandbox/output/TestCase3/Snapshots_cube/alpha_1.0472/phi/tc3_phi_day_02.00_iter_0000230400.png
      Sandbox/output/TestCase3/Snapshots_cube/alpha_1.0472/phi/tc3_phi_day_03.00_iter_0000345600.png
      Sandbox/output/TestCase3/Snapshots_cube/alpha_1.0472/phi/tc3_phi_day_04.00_iter_0000460800.png
      Sandbox/output/TestCase3/Snapshots_cube/alpha_1.0472/psi/tc3_psi_day_00.00_iter_0000000000.png
      Sandbox/output/TestCase3/Snapshots_cube/alpha_1.0472/psi/tc3_psi_day_01.00_iter_0000115200.png
      Sandbox/output/TestCase3/Snapshots_cube/alpha_1.0472/psi/tc3_psi_day_02.00_iter_0000230400.png
      Sandbox/output/TestCase3/Snapshots_cube/alpha_1.0472/psi/tc3_psi_day_03.00_iter_0000345600.png
      Sandbox/output/TestCase3/Snapshots_cube/alpha_1.0472/psi/tc3_psi_day_04.00_iter_0000460800.png
      Sandbox/output/TestCase3/Snapshots_cube/alpha_1.0472/velocity_magnitude/tc3_velocity_magnitude_day_00.00_iter_0000000000.png
      Sandbox/output/TestCase3/Snapshots_cube/alpha_1.0472/velocity_magnitude/tc3_velocity_magnitude_day_01.00_iter_0000115200.png
      Sandbox/output/TestCase3/Snapshots_cube/alpha_1.0472/velocity_magnitude/tc3_velocity_magnitude_day_02.00_iter_0000230400.png
      Sandbox/output/TestCase3/Snapshots_cube/alpha_1.0472/velocity_magnitude/tc3_velocity_magnitude_day_03.00_iter_0000345600.png
      Sandbox/output/TestCase3/Snapshots_cube/alpha_1.0472/velocity_magnitude/tc3_velocity_magnitude_day_04.00_iter_0000460800.png
    computed_files: 0
    other_files: 1
      Sandbox/output/TestCase3/Snapshots_cube/alpha_1.0472/manifest.json
  output_dir: Sandbox/output/TestCase3/Snapshots_latlon/alpha_1.0472
    case=TC3 product=snapshots alpha=1.0472
    saved: eta, etan, psi, phi, velocity_magnitude
    plotted_files: 26
      Sandbox/output/TestCase3/Snapshots_latlon/alpha_1.0472/eta/tc3_eta_day_00.00_iter_0000000000.png
      Sandbox/output/TestCase3/Snapshots_latlon/alpha_1.0472/eta/tc3_eta_day_01.00_iter_0000115200.png
      Sandbox/output/TestCase3/Snapshots_latlon/alpha_1.0472/eta/tc3_eta_day_02.00_iter_0000230400.png
      Sandbox/output/TestCase3/Snapshots_latlon/alpha_1.0472/eta/tc3_eta_day_03.00_iter_0000345600.png
      Sandbox/output/TestCase3/Snapshots_latlon/alpha_1.0472/eta/tc3_eta_day_04.00_iter_0000460800.png
      Sandbox/output/TestCase3/Snapshots_latlon/alpha_1.0472/eta/tc3_eta_day_05.00_iter_0000576000.png
      Sandbox/output/TestCase3/Snapshots_latlon/alpha_1.0472/etan/tc3_etan_day_00.00_iter_0000000000.png
      Sandbox/output/TestCase3/Snapshots_latlon/alpha_1.0472/etan/tc3_etan_day_01.00_iter_0000115200.png
      Sandbox/output/TestCase3/Snapshots_latlon/alpha_1.0472/etan/tc3_etan_day_02.00_iter_0000230400.png
      Sandbox/output/TestCase3/Snapshots_latlon/alpha_1.0472/etan/tc3_etan_day_03.00_iter_0000345600.png
      Sandbox/output/TestCase3/Snapshots_latlon/alpha_1.0472/etan/tc3_etan_day_04.00_iter_0000460800.png
      Sandbox/output/TestCase3/Snapshots_latlon/alpha_1.0472/phi/tc3_phi_day_00.00_iter_0000000000.png
      Sandbox/output/TestCase3/Snapshots_latlon/alpha_1.0472/phi/tc3_phi_day_01.00_iter_0000115200.png
      Sandbox/output/TestCase3/Snapshots_latlon/alpha_1.0472/phi/tc3_phi_day_02.00_iter_0000230400.png
      Sandbox/output/TestCase3/Snapshots_latlon/alpha_1.0472/phi/tc3_phi_day_03.00_iter_0000345600.png
      Sandbox/output/TestCase3/Snapshots_latlon/alpha_1.0472/phi/tc3_phi_day_04.00_iter_0000460800.png
      Sandbox/output/TestCase3/Snapshots_latlon/alpha_1.0472/psi/tc3_psi_day_00.00_iter_0000000000.png
      Sandbox/output/TestCase3/Snapshots_latlon/alpha_1.0472/psi/tc3_psi_day_01.00_iter_0000115200.png
      Sandbox/output/TestCase3/Snapshots_latlon/alpha_1.0472/psi/tc3_psi_day_02.00_iter_0000230400.png
      Sandbox/output/TestCase3/Snapshots_latlon/alpha_1.0472/psi/tc3_psi_day_03.00_iter_0000345600.png
      Sandbox/output/TestCase3/Snapshots_latlon/alpha_1.0472/psi/tc3_psi_day_04.00_iter_0000460800.png
      Sandbox/output/TestCase3/Snapshots_latlon/alpha_1.0472/velocity_magnitude/tc3_velocity_magnitude_day_00.00_iter_0000000000.png
      Sandbox/output/TestCase3/Snapshots_latlon/alpha_1.0472/velocity_magnitude/tc3_velocity_magnitude_day_01.00_iter_0000115200.png
      Sandbox/output/TestCase3/Snapshots_latlon/alpha_1.0472/velocity_magnitude/tc3_velocity_magnitude_day_02.00_iter_0000230400.png
      Sandbox/output/TestCase3/Snapshots_latlon/alpha_1.0472/velocity_magnitude/tc3_velocity_magnitude_day_03.00_iter_0000345600.png
      Sandbox/output/TestCase3/Snapshots_latlon/alpha_1.0472/velocity_magnitude/tc3_velocity_magnitude_day_04.00_iter_0000460800.png
    computed_files: 0
    other_files: 1
      Sandbox/output/TestCase3/Snapshots_latlon/alpha_1.0472/manifest.json

Sent to docs index
  output: Sandbox/output/TestCase3/Diagnosis/error/alpha_1.0472/TC3_error_norms.csv
    docs_asset: docs/assets/williamson/TestCase3/Diagnosis/error/alpha_1.0472/TC3_error_norms.csv
    referenced_by: docs/fragments/testcase3.html, docs/index.html
  output: Sandbox/output/TestCase3/Diagnosis/error/alpha_1.0472/TC3_error_norms.png
    docs_asset: docs/assets/williamson/TestCase3/Diagnosis/error/alpha_1.0472/TC3_error_norms.png
    referenced_by: docs/fragments/testcase3.html, docs/index.html
  output: Sandbox/output/TestCase3/Diagnosis/error/alpha_1.0472/TC3_error_norms.txt
    docs_asset: docs/assets/williamson/TestCase3/Diagnosis/error/alpha_1.0472/TC3_error_norms.txt
    referenced_by: docs/fragments/testcase3.html, docs/index.html
  output: Sandbox/output/TestCase3/Diagnosis/error/alpha_1.0472/manifest.json
    docs_asset: docs/assets/williamson/TestCase3/Diagnosis/error/alpha_1.0472/manifest.json
    referenced_by: docs/fragments/testcase3.html, docs/index.html
  output: Sandbox/output/TestCase3/Diagnosis/postprocessing/alpha_1.0472/manifest.json
    docs_asset: docs/assets/williamson/TestCase3/Diagnosis/postprocessing/alpha_1.0472/manifest.json
    referenced_by: docs/fragments/testcase3.html, docs/index.html
  output: Sandbox/output/TestCase3/Diagnosis/postprocessing/alpha_1.0472/postprocessing_energies.png
    docs_asset: docs/assets/williamson/TestCase3/Diagnosis/postprocessing/alpha_1.0472/postprocessing_energies.png
    referenced_by: docs/fragments/testcase3.html, docs/index.html
  output: Sandbox/output/TestCase3/Diagnosis/postprocessing/alpha_1.0472/postprocessing_mass.png
    docs_asset: docs/assets/williamson/TestCase3/Diagnosis/postprocessing/alpha_1.0472/postprocessing_mass.png
    referenced_by: docs/fragments/testcase3.html, docs/index.html
  output: Sandbox/output/TestCase3/Diagnosis/postprocessing/alpha_1.0472/postprocessing_values.csv
    docs_asset: docs/assets/williamson/TestCase3/Diagnosis/postprocessing/alpha_1.0472/postprocessing_values.csv
    referenced_by: docs/fragments/testcase3.html, docs/index.html
  output: Sandbox/output/TestCase3/Snapshots_latlon/alpha_1.0472/eta/tc3_eta_day_00.00_iter_0000000000.png
    docs_asset: docs/assets/williamson/TestCase3/Snapshots_latlon/alpha_1.0472/eta/tc3_eta_day_00.00_iter_0000000000.png
    referenced_by: docs/fragments/testcase3.html, docs/index.html
  output: Sandbox/output/TestCase3/Snapshots_latlon/alpha_1.0472/eta/tc3_eta_day_01.00_iter_0000115200.png
    docs_asset: docs/assets/williamson/TestCase3/Snapshots_latlon/alpha_1.0472/eta/tc3_eta_day_01.00_iter_0000115200.png
    referenced_by: docs/fragments/testcase3.html, docs/index.html
  output: Sandbox/output/TestCase3/Snapshots_latlon/alpha_1.0472/eta/tc3_eta_day_02.00_iter_0000230400.png
    docs_asset: docs/assets/williamson/TestCase3/Snapshots_latlon/alpha_1.0472/eta/tc3_eta_day_02.00_iter_0000230400.png
    referenced_by: docs/fragments/testcase3.html, docs/index.html
  output: Sandbox/output/TestCase3/Snapshots_latlon/alpha_1.0472/eta/tc3_eta_day_03.00_iter_0000345600.png
    docs_asset: docs/assets/williamson/TestCase3/Snapshots_latlon/alpha_1.0472/eta/tc3_eta_day_03.00_iter_0000345600.png
    referenced_by: docs/fragments/testcase3.html, docs/index.html
  output: Sandbox/output/TestCase3/Snapshots_latlon/alpha_1.0472/eta/tc3_eta_day_04.00_iter_0000460800.png
    docs_asset: docs/assets/williamson/TestCase3/Snapshots_latlon/alpha_1.0472/eta/tc3_eta_day_04.00_iter_0000460800.png
    referenced_by: docs/fragments/testcase3.html, docs/index.html
  output: Sandbox/output/TestCase3/Snapshots_latlon/alpha_1.0472/eta/tc3_eta_day_05.00_iter_0000576000.png
    docs_asset: docs/assets/williamson/TestCase3/Snapshots_latlon/alpha_1.0472/eta/tc3_eta_day_05.00_iter_0000576000.png
    referenced_by: docs/fragments/testcase3.html, docs/index.html
  output: Sandbox/output/TestCase3/Snapshots_latlon/alpha_1.0472/etan/tc3_etan_day_00.00_iter_0000000000.png
    docs_asset: docs/assets/williamson/TestCase3/Snapshots_latlon/alpha_1.0472/etan/tc3_etan_day_00.00_iter_0000000000.png
    referenced_by: docs/fragments/testcase3.html, docs/index.html
  output: Sandbox/output/TestCase3/Snapshots_latlon/alpha_1.0472/etan/tc3_etan_day_01.00_iter_0000115200.png
    docs_asset: docs/assets/williamson/TestCase3/Snapshots_latlon/alpha_1.0472/etan/tc3_etan_day_01.00_iter_0000115200.png
    referenced_by: docs/fragments/testcase3.html, docs/index.html
  output: Sandbox/output/TestCase3/Snapshots_latlon/alpha_1.0472/etan/tc3_etan_day_02.00_iter_0000230400.png
    docs_asset: docs/assets/williamson/TestCase3/Snapshots_latlon/alpha_1.0472/etan/tc3_etan_day_02.00_iter_0000230400.png
    referenced_by: docs/fragments/testcase3.html, docs/index.html
  output: Sandbox/output/TestCase3/Snapshots_latlon/alpha_1.0472/etan/tc3_etan_day_03.00_iter_0000345600.png
    docs_asset: docs/assets/williamson/TestCase3/Snapshots_latlon/alpha_1.0472/etan/tc3_etan_day_03.00_iter_0000345600.png
    referenced_by: docs/fragments/testcase3.html, docs/index.html
  output: Sandbox/output/TestCase3/Snapshots_latlon/alpha_1.0472/etan/tc3_etan_day_04.00_iter_0000460800.png
    docs_asset: docs/assets/williamson/TestCase3/Snapshots_latlon/alpha_1.0472/etan/tc3_etan_day_04.00_iter_0000460800.png
    referenced_by: docs/fragments/testcase3.html, docs/index.html
  output: Sandbox/output/TestCase3/Snapshots_latlon/alpha_1.0472/phi/tc3_phi_day_00.00_iter_0000000000.png
    docs_asset: docs/assets/williamson/TestCase3/Snapshots_latlon/alpha_1.0472/phi/tc3_phi_day_00.00_iter_0000000000.png
    referenced_by: docs/fragments/testcase3.html, docs/index.html
  output: Sandbox/output/TestCase3/Snapshots_latlon/alpha_1.0472/phi/tc3_phi_day_01.00_iter_0000115200.png
    docs_asset: docs/assets/williamson/TestCase3/Snapshots_latlon/alpha_1.0472/phi/tc3_phi_day_01.00_iter_0000115200.png
    referenced_by: docs/fragments/testcase3.html, docs/index.html
  output: Sandbox/output/TestCase3/Snapshots_latlon/alpha_1.0472/phi/tc3_phi_day_02.00_iter_0000230400.png
    docs_asset: docs/assets/williamson/TestCase3/Snapshots_latlon/alpha_1.0472/phi/tc3_phi_day_02.00_iter_0000230400.png
    referenced_by: docs/fragments/testcase3.html, docs/index.html
  output: Sandbox/output/TestCase3/Snapshots_latlon/alpha_1.0472/phi/tc3_phi_day_03.00_iter_0000345600.png
    docs_asset: docs/assets/williamson/TestCase3/Snapshots_latlon/alpha_1.0472/phi/tc3_phi_day_03.00_iter_0000345600.png
    referenced_by: docs/fragments/testcase3.html, docs/index.html
  output: Sandbox/output/TestCase3/Snapshots_latlon/alpha_1.0472/phi/tc3_phi_day_04.00_iter_0000460800.png
    docs_asset: docs/assets/williamson/TestCase3/Snapshots_latlon/alpha_1.0472/phi/tc3_phi_day_04.00_iter_0000460800.png
    referenced_by: docs/fragments/testcase3.html, docs/index.html
  output: Sandbox/output/TestCase3/Snapshots_latlon/alpha_1.0472/psi/tc3_psi_day_00.00_iter_0000000000.png
    docs_asset: docs/assets/williamson/TestCase3/Snapshots_latlon/alpha_1.0472/psi/tc3_psi_day_00.00_iter_0000000000.png
    referenced_by: docs/fragments/testcase3.html, docs/index.html
  output: Sandbox/output/TestCase3/Snapshots_latlon/alpha_1.0472/psi/tc3_psi_day_01.00_iter_0000115200.png
    docs_asset: docs/assets/williamson/TestCase3/Snapshots_latlon/alpha_1.0472/psi/tc3_psi_day_01.00_iter_0000115200.png
    referenced_by: docs/fragments/testcase3.html, docs/index.html
  output: Sandbox/output/TestCase3/Snapshots_latlon/alpha_1.0472/psi/tc3_psi_day_02.00_iter_0000230400.png
    docs_asset: docs/assets/williamson/TestCase3/Snapshots_latlon/alpha_1.0472/psi/tc3_psi_day_02.00_iter_0000230400.png
    referenced_by: docs/fragments/testcase3.html, docs/index.html
  output: Sandbox/output/TestCase3/Snapshots_latlon/alpha_1.0472/psi/tc3_psi_day_03.00_iter_0000345600.png
    docs_asset: docs/assets/williamson/TestCase3/Snapshots_latlon/alpha_1.0472/psi/tc3_psi_day_03.00_iter_0000345600.png
    referenced_by: docs/fragments/testcase3.html, docs/index.html
  output: Sandbox/output/TestCase3/Snapshots_latlon/alpha_1.0472/psi/tc3_psi_day_04.00_iter_0000460800.png
    docs_asset: docs/assets/williamson/TestCase3/Snapshots_latlon/alpha_1.0472/psi/tc3_psi_day_04.00_iter_0000460800.png
    referenced_by: docs/fragments/testcase3.html, docs/index.html
  output: Sandbox/output/TestCase3/Snapshots_latlon/alpha_1.0472/velocity_magnitude/tc3_velocity_magnitude_day_00.00_iter_0000000000.png
    docs_asset: docs/assets/williamson/TestCase3/Snapshots_latlon/alpha_1.0472/velocity_magnitude/tc3_velocity_magnitude_day_00.00_iter_0000000000.png
    referenced_by: docs/fragments/testcase3.html, docs/index.html
  output: Sandbox/output/TestCase3/Snapshots_latlon/alpha_1.0472/velocity_magnitude/tc3_velocity_magnitude_day_01.00_iter_0000115200.png
    docs_asset: docs/assets/williamson/TestCase3/Snapshots_latlon/alpha_1.0472/velocity_magnitude/tc3_velocity_magnitude_day_01.00_iter_0000115200.png
    referenced_by: docs/fragments/testcase3.html, docs/index.html
  output: Sandbox/output/TestCase3/Snapshots_latlon/alpha_1.0472/velocity_magnitude/tc3_velocity_magnitude_day_02.00_iter_0000230400.png
    docs_asset: docs/assets/williamson/TestCase3/Snapshots_latlon/alpha_1.0472/velocity_magnitude/tc3_velocity_magnitude_day_02.00_iter_0000230400.png
    referenced_by: docs/fragments/testcase3.html, docs/index.html
  output: Sandbox/output/TestCase3/Snapshots_latlon/alpha_1.0472/velocity_magnitude/tc3_velocity_magnitude_day_03.00_iter_0000345600.png
    docs_asset: docs/assets/williamson/TestCase3/Snapshots_latlon/alpha_1.0472/velocity_magnitude/tc3_velocity_magnitude_day_03.00_iter_0000345600.png
    referenced_by: docs/fragments/testcase3.html, docs/index.html
  output: Sandbox/output/TestCase3/Snapshots_latlon/alpha_1.0472/velocity_magnitude/tc3_velocity_magnitude_day_04.00_iter_0000460800.png
    docs_asset: docs/assets/williamson/TestCase3/Snapshots_latlon/alpha_1.0472/velocity_magnitude/tc3_velocity_magnitude_day_04.00_iter_0000460800.png
    referenced_by: docs/fragments/testcase3.html, docs/index.html

Run directory file manifest
  AngleCS.data bytes=49152 (48.0 KiB) mtime_utc=2026-07-08T09:55:08+00:00
  AngleCS.meta bytes=129 (129 B) mtime_utc=2026-07-08T09:55:08+00:00
  AngleSN.data bytes=49152 (48.0 KiB) mtime_utc=2026-07-08T09:55:08+00:00
  AngleSN.meta bytes=129 (129 B) mtime_utc=2026-07-08T09:55:08+00:00
  DRC.data bytes=16 (16 B) mtime_utc=2026-07-08T09:55:08+00:00
  DRC.meta bytes=149 (149 B) mtime_utc=2026-07-08T09:55:08+00:00
  DRF.data bytes=8 (8 B) mtime_utc=2026-07-08T09:55:08+00:00
  DRF.meta bytes=129 (129 B) mtime_utc=2026-07-08T09:55:08+00:00
  DXC.data bytes=49152 (48.0 KiB) mtime_utc=2026-07-08T09:55:08+00:00
  DXC.meta bytes=129 (129 B) mtime_utc=2026-07-08T09:55:08+00:00
  DXF.data bytes=49152 (48.0 KiB) mtime_utc=2026-07-08T09:55:08+00:00
  DXF.meta bytes=129 (129 B) mtime_utc=2026-07-08T09:55:08+00:00
  DXG.data bytes=49152 (48.0 KiB) mtime_utc=2026-07-08T09:55:08+00:00
  DXG.meta bytes=129 (129 B) mtime_utc=2026-07-08T09:55:08+00:00
  DXV.data bytes=49152 (48.0 KiB) mtime_utc=2026-07-08T09:55:08+00:00
  DXV.meta bytes=129 (129 B) mtime_utc=2026-07-08T09:55:08+00:00
  DYC.data bytes=49152 (48.0 KiB) mtime_utc=2026-07-08T09:55:08+00:00
  DYC.meta bytes=129 (129 B) mtime_utc=2026-07-08T09:55:08+00:00
  DYF.data bytes=49152 (48.0 KiB) mtime_utc=2026-07-08T09:55:08+00:00
  DYF.meta bytes=129 (129 B) mtime_utc=2026-07-08T09:55:08+00:00
  DYG.data bytes=49152 (48.0 KiB) mtime_utc=2026-07-08T09:55:08+00:00
  DYG.meta bytes=129 (129 B) mtime_utc=2026-07-08T09:55:08+00:00
  DYU.data bytes=49152 (48.0 KiB) mtime_utc=2026-07-08T09:55:08+00:00
  DYU.meta bytes=129 (129 B) mtime_utc=2026-07-08T09:55:08+00:00
  Depth.data bytes=49152 (48.0 KiB) mtime_utc=2026-07-08T09:55:08+00:00
  Depth.meta bytes=129 (129 B) mtime_utc=2026-07-08T09:55:08+00:00
  Eta.0000000000.data bytes=49152 (48.0 KiB) mtime_utc=2026-07-08T09:55:08+00:00
  Eta.0000000000.meta bytes=163 (163 B) mtime_utc=2026-07-08T09:55:08+00:00
  Eta.0000115200.data bytes=49152 (48.0 KiB) mtime_utc=2026-07-08T09:57:12+00:00
  Eta.0000115200.meta bytes=163 (163 B) mtime_utc=2026-07-08T09:57:12+00:00
  Eta.0000230400.data bytes=49152 (48.0 KiB) mtime_utc=2026-07-08T09:59:17+00:00
  Eta.0000230400.meta bytes=163 (163 B) mtime_utc=2026-07-08T09:59:17+00:00
  Eta.0000345600.data bytes=49152 (48.0 KiB) mtime_utc=2026-07-08T10:01:16+00:00
  Eta.0000345600.meta bytes=163 (163 B) mtime_utc=2026-07-08T10:01:16+00:00
  Eta.0000460800.data bytes=49152 (48.0 KiB) mtime_utc=2026-07-08T10:03:37+00:00
  Eta.0000460800.meta bytes=163 (163 B) mtime_utc=2026-07-08T10:03:37+00:00
  Eta.0000576000.data bytes=49152 (48.0 KiB) mtime_utc=2026-07-08T10:05:43+00:00
  Eta.0000576000.meta bytes=163 (163 B) mtime_utc=2026-07-08T10:05:43+00:00
  PH.0000115200.data bytes=49152 (48.0 KiB) mtime_utc=2026-07-08T09:57:12+00:00
  PH.0000115200.meta bytes=163 (163 B) mtime_utc=2026-07-08T09:57:12+00:00
  PH.0000230400.data bytes=49152 (48.0 KiB) mtime_utc=2026-07-08T09:59:17+00:00
  PH.0000230400.meta bytes=163 (163 B) mtime_utc=2026-07-08T09:59:17+00:00
  PH.0000345600.data bytes=49152 (48.0 KiB) mtime_utc=2026-07-08T10:01:16+00:00
  PH.0000345600.meta bytes=163 (163 B) mtime_utc=2026-07-08T10:01:16+00:00
  PH.0000460800.data bytes=49152 (48.0 KiB) mtime_utc=2026-07-08T10:03:37+00:00
  PH.0000460800.meta bytes=163 (163 B) mtime_utc=2026-07-08T10:03:37+00:00
  PH.0000576000.data bytes=49152 (48.0 KiB) mtime_utc=2026-07-08T10:05:43+00:00
  PH.0000576000.meta bytes=163 (163 B) mtime_utc=2026-07-08T10:05:43+00:00
  PHL.0000115200.data bytes=49152 (48.0 KiB) mtime_utc=2026-07-08T09:57:12+00:00
  PHL.0000115200.meta bytes=163 (163 B) mtime_utc=2026-07-08T09:57:12+00:00
  PHL.0000230400.data bytes=49152 (48.0 KiB) mtime_utc=2026-07-08T09:59:17+00:00
  PHL.0000230400.meta bytes=163 (163 B) mtime_utc=2026-07-08T09:59:17+00:00
  PHL.0000345600.data bytes=49152 (48.0 KiB) mtime_utc=2026-07-08T10:01:16+00:00
  PHL.0000345600.meta bytes=163 (163 B) mtime_utc=2026-07-08T10:01:16+00:00
  PHL.0000460800.data bytes=49152 (48.0 KiB) mtime_utc=2026-07-08T10:03:37+00:00
  PHL.0000460800.meta bytes=163 (163 B) mtime_utc=2026-07-08T10:03:37+00:00
  PHL.0000576000.data bytes=49152 (48.0 KiB) mtime_utc=2026-07-08T10:05:43+00:00
  PHL.0000576000.meta bytes=163 (163 B) mtime_utc=2026-07-08T10:05:43+00:00
  PHrefC.data bytes=8 (8 B) mtime_utc=2026-07-08T09:55:08+00:00
  PHrefC.meta bytes=129 (129 B) mtime_utc=2026-07-08T09:55:08+00:00
  PHrefF.data bytes=16 (16 B) mtime_utc=2026-07-08T09:55:08+00:00
  PHrefF.meta bytes=149 (149 B) mtime_utc=2026-07-08T09:55:08+00:00
  RAC.data bytes=49152 (48.0 KiB) mtime_utc=2026-07-08T09:55:07+00:00
  RAC.meta bytes=129 (129 B) mtime_utc=2026-07-08T09:55:07+00:00
  RAS.data bytes=49152 (48.0 KiB) mtime_utc=2026-07-08T09:55:07+00:00
  RAS.meta bytes=129 (129 B) mtime_utc=2026-07-08T09:55:07+00:00
  RAW.data bytes=49152 (48.0 KiB) mtime_utc=2026-07-08T09:55:07+00:00
  RAW.meta bytes=129 (129 B) mtime_utc=2026-07-08T09:55:07+00:00
  RAZ.data bytes=49152 (48.0 KiB) mtime_utc=2026-07-08T09:55:08+00:00
  RAZ.meta bytes=129 (129 B) mtime_utc=2026-07-08T09:55:08+00:00
  RC.data bytes=8 (8 B) mtime_utc=2026-07-08T09:55:08+00:00
  RC.meta bytes=129 (129 B) mtime_utc=2026-07-08T09:55:08+00:00
  RF.data bytes=16 (16 B) mtime_utc=2026-07-08T09:55:08+00:00
  RF.meta bytes=149 (149 B) mtime_utc=2026-07-08T09:55:08+00:00
  RhoRef.data bytes=8 (8 B) mtime_utc=2026-07-08T09:55:07+00:00
  RhoRef.meta bytes=129 (129 B) mtime_utc=2026-07-08T09:55:07+00:00
  S.0000000000.data bytes=49152 (48.0 KiB) mtime_utc=2026-07-08T09:55:08+00:00
  S.0000000000.meta bytes=163 (163 B) mtime_utc=2026-07-08T09:55:08+00:00
  S.0000115200.data bytes=49152 (48.0 KiB) mtime_utc=2026-07-08T09:57:12+00:00
  S.0000115200.meta bytes=163 (163 B) mtime_utc=2026-07-08T09:57:12+00:00
  S.0000230400.data bytes=49152 (48.0 KiB) mtime_utc=2026-07-08T09:59:17+00:00
  S.0000230400.meta bytes=163 (163 B) mtime_utc=2026-07-08T09:59:17+00:00
  S.0000345600.data bytes=49152 (48.0 KiB) mtime_utc=2026-07-08T10:01:16+00:00
  S.0000345600.meta bytes=163 (163 B) mtime_utc=2026-07-08T10:01:16+00:00
  S.0000460800.data bytes=49152 (48.0 KiB) mtime_utc=2026-07-08T10:03:37+00:00
  S.0000460800.meta bytes=163 (163 B) mtime_utc=2026-07-08T10:03:37+00:00
  S.0000576000.data bytes=49152 (48.0 KiB) mtime_utc=2026-07-08T10:05:43+00:00
  S.0000576000.meta bytes=163 (163 B) mtime_utc=2026-07-08T10:05:43+00:00
  STDERR.0000 bytes=0 (0 B) mtime_utc=2026-07-08T09:55:06+00:00
  STDERR.0001 bytes=0 (0 B) mtime_utc=2026-07-08T09:55:06+00:00
  STDERR.0002 bytes=0 (0 B) mtime_utc=2026-07-08T09:55:06+00:00
  STDERR.0003 bytes=0 (0 B) mtime_utc=2026-07-08T09:55:06+00:00
  STDERR.0004 bytes=0 (0 B) mtime_utc=2026-07-08T09:55:06+00:00
  STDERR.0005 bytes=0 (0 B) mtime_utc=2026-07-08T09:55:06+00:00
  STDERR.0006 bytes=0 (0 B) mtime_utc=2026-07-08T09:55:06+00:00
  STDERR.0007 bytes=0 (0 B) mtime_utc=2026-07-08T09:55:06+00:00
  STDERR.0008 bytes=0 (0 B) mtime_utc=2026-07-08T09:55:06+00:00
  STDERR.0009 bytes=0 (0 B) mtime_utc=2026-07-08T09:55:06+00:00
  STDERR.0010 bytes=0 (0 B) mtime_utc=2026-07-08T09:55:06+00:00
  STDERR.0011 bytes=0 (0 B) mtime_utc=2026-07-08T09:55:06+00:00
  STDERR.0012 bytes=0 (0 B) mtime_utc=2026-07-08T09:55:06+00:00
  STDERR.0013 bytes=0 (0 B) mtime_utc=2026-07-08T09:55:06+00:00
  STDERR.0014 bytes=0 (0 B) mtime_utc=2026-07-08T09:55:06+00:00
  STDERR.0015 bytes=0 (0 B) mtime_utc=2026-07-08T09:55:06+00:00
  STDERR.0016 bytes=0 (0 B) mtime_utc=2026-07-08T09:55:06+00:00
  STDERR.0017 bytes=0 (0 B) mtime_utc=2026-07-08T09:55:06+00:00
  STDERR.0018 bytes=0 (0 B) mtime_utc=2026-07-08T09:55:06+00:00
  STDERR.0019 bytes=0 (0 B) mtime_utc=2026-07-08T09:55:06+00:00
  STDERR.0020 bytes=0 (0 B) mtime_utc=2026-07-08T09:55:06+00:00
  STDERR.0021 bytes=0 (0 B) mtime_utc=2026-07-08T09:55:06+00:00
  STDERR.0022 bytes=0 (0 B) mtime_utc=2026-07-08T09:55:06+00:00
  STDERR.0023 bytes=0 (0 B) mtime_utc=2026-07-08T09:55:06+00:00
  STDERR.0024 bytes=0 (0 B) mtime_utc=2026-07-08T09:55:06+00:00
  STDERR.0025 bytes=0 (0 B) mtime_utc=2026-07-08T09:55:06+00:00
  STDERR.0026 bytes=0 (0 B) mtime_utc=2026-07-08T09:55:06+00:00
  STDERR.0027 bytes=0 (0 B) mtime_utc=2026-07-08T09:55:06+00:00
  STDERR.0028 bytes=0 (0 B) mtime_utc=2026-07-08T09:55:06+00:00
  STDERR.0029 bytes=0 (0 B) mtime_utc=2026-07-08T09:55:06+00:00
  STDERR.0030 bytes=0 (0 B) mtime_utc=2026-07-08T09:55:06+00:00
  STDERR.0031 bytes=0 (0 B) mtime_utc=2026-07-08T09:55:06+00:00
  STDERR.0032 bytes=0 (0 B) mtime_utc=2026-07-08T09:55:06+00:00
  STDERR.0033 bytes=0 (0 B) mtime_utc=2026-07-08T09:55:06+00:00
  STDERR.0034 bytes=0 (0 B) mtime_utc=2026-07-08T09:55:06+00:00
  STDERR.0035 bytes=0 (0 B) mtime_utc=2026-07-08T09:55:06+00:00
  STDERR.0036 bytes=0 (0 B) mtime_utc=2026-07-08T09:55:06+00:00
  STDERR.0037 bytes=0 (0 B) mtime_utc=2026-07-08T09:55:06+00:00
  STDERR.0038 bytes=0 (0 B) mtime_utc=2026-07-08T09:55:06+00:00
  STDERR.0039 bytes=0 (0 B) mtime_utc=2026-07-08T09:55:06+00:00
  STDERR.0040 bytes=0 (0 B) mtime_utc=2026-07-08T09:55:06+00:00
  STDERR.0041 bytes=0 (0 B) mtime_utc=2026-07-08T09:55:06+00:00
  STDERR.0042 bytes=0 (0 B) mtime_utc=2026-07-08T09:55:06+00:00
  STDERR.0043 bytes=0 (0 B) mtime_utc=2026-07-08T09:55:06+00:00
  STDERR.0044 bytes=0 (0 B) mtime_utc=2026-07-08T09:55:06+00:00
  STDERR.0045 bytes=0 (0 B) mtime_utc=2026-07-08T09:55:06+00:00
  STDERR.0046 bytes=0 (0 B) mtime_utc=2026-07-08T09:55:06+00:00
  STDERR.0047 bytes=0 (0 B) mtime_utc=2026-07-08T09:55:06+00:00
  STDOUT.0000 bytes=40457471 (38.6 MiB) mtime_utc=2026-07-08T10:05:32+00:00
  STDOUT.0001 bytes=40428889 (38.6 MiB) mtime_utc=2026-07-08T10:05:32+00:00
  STDOUT.0002 bytes=40428889 (38.6 MiB) mtime_utc=2026-07-08T10:05:32+00:00
  STDOUT.0003 bytes=40428894 (38.6 MiB) mtime_utc=2026-07-08T10:05:32+00:00
  STDOUT.0004 bytes=40428889 (38.6 MiB) mtime_utc=2026-07-08T10:05:32+00:00
  STDOUT.0005 bytes=40428894 (38.6 MiB) mtime_utc=2026-07-08T10:05:32+00:00
  STDOUT.0006 bytes=40428894 (38.6 MiB) mtime_utc=2026-07-08T10:05:32+00:00
  STDOUT.0007 bytes=40428889 (38.6 MiB) mtime_utc=2026-07-08T10:05:32+00:00
  STDOUT.0008 bytes=40428899 (38.6 MiB) mtime_utc=2026-07-08T10:05:32+00:00
  STDOUT.0009 bytes=40428894 (38.6 MiB) mtime_utc=2026-07-08T10:05:32+00:00
  STDOUT.0010 bytes=40428889 (38.6 MiB) mtime_utc=2026-07-08T10:05:32+00:00
  STDOUT.0011 bytes=40428973 (38.6 MiB) mtime_utc=2026-07-08T10:05:32+00:00
  STDOUT.0012 bytes=40428894 (38.6 MiB) mtime_utc=2026-07-08T10:05:32+00:00
  STDOUT.0013 bytes=40428983 (38.6 MiB) mtime_utc=2026-07-08T10:05:32+00:00
  STDOUT.0014 bytes=40428889 (38.6 MiB) mtime_utc=2026-07-08T10:05:32+00:00
  STDOUT.0015 bytes=40428889 (38.6 MiB) mtime_utc=2026-07-08T10:05:32+00:00
  STDOUT.0016 bytes=40428894 (38.6 MiB) mtime_utc=2026-07-08T10:05:32+00:00
  STDOUT.0017 bytes=40428884 (38.6 MiB) mtime_utc=2026-07-08T10:05:32+00:00
  STDOUT.0018 bytes=40428894 (38.6 MiB) mtime_utc=2026-07-08T10:05:32+00:00
  STDOUT.0019 bytes=40428894 (38.6 MiB) mtime_utc=2026-07-08T10:05:32+00:00
  STDOUT.0020 bytes=40428889 (38.6 MiB) mtime_utc=2026-07-08T10:05:32+00:00
  STDOUT.0021 bytes=40428889 (38.6 MiB) mtime_utc=2026-07-08T10:05:32+00:00
  STDOUT.0022 bytes=40428894 (38.6 MiB) mtime_utc=2026-07-08T10:05:32+00:00
  STDOUT.0023 bytes=40428889 (38.6 MiB) mtime_utc=2026-07-08T10:05:32+00:00
  STDOUT.0024 bytes=40428988 (38.6 MiB) mtime_utc=2026-07-08T10:05:32+00:00
  STDOUT.0025 bytes=40428978 (38.6 MiB) mtime_utc=2026-07-08T10:05:32+00:00
  STDOUT.0026 bytes=40428889 (38.6 MiB) mtime_utc=2026-07-08T10:05:32+00:00
  STDOUT.0027 bytes=40428889 (38.6 MiB) mtime_utc=2026-07-08T10:05:32+00:00
  STDOUT.0028 bytes=40428889 (38.6 MiB) mtime_utc=2026-07-08T10:05:32+00:00
  STDOUT.0029 bytes=40428884 (38.6 MiB) mtime_utc=2026-07-08T10:05:32+00:00
  STDOUT.0030 bytes=40428894 (38.6 MiB) mtime_utc=2026-07-08T10:05:32+00:00
  STDOUT.0031 bytes=40428894 (38.6 MiB) mtime_utc=2026-07-08T10:05:32+00:00
  STDOUT.0032 bytes=40428889 (38.6 MiB) mtime_utc=2026-07-08T10:05:32+00:00
  STDOUT.0033 bytes=40428884 (38.6 MiB) mtime_utc=2026-07-08T10:05:32+00:00
  STDOUT.0034 bytes=40428889 (38.6 MiB) mtime_utc=2026-07-08T10:05:32+00:00
  STDOUT.0035 bytes=40428889 (38.6 MiB) mtime_utc=2026-07-08T10:05:32+00:00
  STDOUT.0036 bytes=40428894 (38.6 MiB) mtime_utc=2026-07-08T10:05:32+00:00
  STDOUT.0037 bytes=40428894 (38.6 MiB) mtime_utc=2026-07-08T10:05:32+00:00
  STDOUT.0038 bytes=40428889 (38.6 MiB) mtime_utc=2026-07-08T10:05:32+00:00
  STDOUT.0039 bytes=40428889 (38.6 MiB) mtime_utc=2026-07-08T10:05:32+00:00
  STDOUT.0040 bytes=40428894 (38.6 MiB) mtime_utc=2026-07-08T10:05:32+00:00
  STDOUT.0041 bytes=40428884 (38.6 MiB) mtime_utc=2026-07-08T10:05:32+00:00
  STDOUT.0042 bytes=40428894 (38.6 MiB) mtime_utc=2026-07-08T10:05:32+00:00
  STDOUT.0043 bytes=40428894 (38.6 MiB) mtime_utc=2026-07-08T10:05:32+00:00
  STDOUT.0044 bytes=40428894 (38.6 MiB) mtime_utc=2026-07-08T10:05:32+00:00
  STDOUT.0045 bytes=40428889 (38.6 MiB) mtime_utc=2026-07-08T10:05:32+00:00
  STDOUT.0046 bytes=40428889 (38.6 MiB) mtime_utc=2026-07-08T10:05:32+00:00
  STDOUT.0047 bytes=40428889 (38.6 MiB) mtime_utc=2026-07-08T10:05:32+00:00
  T.0000000000.data bytes=49152 (48.0 KiB) mtime_utc=2026-07-08T09:55:08+00:00
  T.0000000000.meta bytes=163 (163 B) mtime_utc=2026-07-08T09:55:08+00:00
  T.0000115200.data bytes=49152 (48.0 KiB) mtime_utc=2026-07-08T09:57:12+00:00
  T.0000115200.meta bytes=163 (163 B) mtime_utc=2026-07-08T09:57:12+00:00
  T.0000230400.data bytes=49152 (48.0 KiB) mtime_utc=2026-07-08T09:59:17+00:00
  T.0000230400.meta bytes=163 (163 B) mtime_utc=2026-07-08T09:59:17+00:00
  T.0000345600.data bytes=49152 (48.0 KiB) mtime_utc=2026-07-08T10:01:16+00:00
  T.0000345600.meta bytes=163 (163 B) mtime_utc=2026-07-08T10:01:16+00:00
  T.0000460800.data bytes=49152 (48.0 KiB) mtime_utc=2026-07-08T10:03:37+00:00
  T.0000460800.meta bytes=163 (163 B) mtime_utc=2026-07-08T10:03:37+00:00
  T.0000576000.data bytes=49152 (48.0 KiB) mtime_utc=2026-07-08T10:05:43+00:00
  T.0000576000.meta bytes=163 (163 B) mtime_utc=2026-07-08T10:05:43+00:00
  U2zonDir.data bytes=49152 (48.0 KiB) mtime_utc=2026-07-08T09:55:08+00:00
  U2zonDir.meta bytes=129 (129 B) mtime_utc=2026-07-08T09:55:08+00:00
  U.0000000000.data bytes=49152 (48.0 KiB) mtime_utc=2026-07-08T09:55:08+00:00
  U.0000000000.meta bytes=163 (163 B) mtime_utc=2026-07-08T09:55:08+00:00
  U.0000115200.data bytes=49152 (48.0 KiB) mtime_utc=2026-07-08T09:57:12+00:00
  U.0000115200.meta bytes=163 (163 B) mtime_utc=2026-07-08T09:57:12+00:00
  U.0000230400.data bytes=49152 (48.0 KiB) mtime_utc=2026-07-08T09:59:17+00:00
  U.0000230400.meta bytes=163 (163 B) mtime_utc=2026-07-08T09:59:17+00:00
  U.0000345600.data bytes=49152 (48.0 KiB) mtime_utc=2026-07-08T10:01:15+00:00
  U.0000345600.meta bytes=163 (163 B) mtime_utc=2026-07-08T10:01:15+00:00
  U.0000460800.data bytes=49152 (48.0 KiB) mtime_utc=2026-07-08T10:03:36+00:00
  U.0000460800.meta bytes=163 (163 B) mtime_utc=2026-07-08T10:03:36+00:00
  U.0000576000.data bytes=49152 (48.0 KiB) mtime_utc=2026-07-08T10:05:43+00:00
  U.0000576000.meta bytes=163 (163 B) mtime_utc=2026-07-08T10:05:43+00:00
  V2zonDir.data bytes=49152 (48.0 KiB) mtime_utc=2026-07-08T09:55:08+00:00
  V2zonDir.meta bytes=129 (129 B) mtime_utc=2026-07-08T09:55:08+00:00
  V.0000000000.data bytes=49152 (48.0 KiB) mtime_utc=2026-07-08T09:55:08+00:00
  V.0000000000.meta bytes=163 (163 B) mtime_utc=2026-07-08T09:55:08+00:00
  V.0000115200.data bytes=49152 (48.0 KiB) mtime_utc=2026-07-08T09:57:12+00:00
  V.0000115200.meta bytes=163 (163 B) mtime_utc=2026-07-08T09:57:12+00:00
  V.0000230400.data bytes=49152 (48.0 KiB) mtime_utc=2026-07-08T09:59:17+00:00
  V.0000230400.meta bytes=163 (163 B) mtime_utc=2026-07-08T09:59:17+00:00
  V.0000345600.data bytes=49152 (48.0 KiB) mtime_utc=2026-07-08T10:01:16+00:00
  V.0000345600.meta bytes=163 (163 B) mtime_utc=2026-07-08T10:01:16+00:00
  V.0000460800.data bytes=49152 (48.0 KiB) mtime_utc=2026-07-08T10:03:36+00:00
  V.0000460800.meta bytes=163 (163 B) mtime_utc=2026-07-08T10:03:37+00:00
  V.0000576000.data bytes=49152 (48.0 KiB) mtime_utc=2026-07-08T10:05:43+00:00
  V.0000576000.meta bytes=163 (163 B) mtime_utc=2026-07-08T10:05:43+00:00
  W.0000000000.data bytes=49152 (48.0 KiB) mtime_utc=2026-07-08T09:55:08+00:00
  W.0000000000.meta bytes=163 (163 B) mtime_utc=2026-07-08T09:55:08+00:00
  W.0000115200.data bytes=49152 (48.0 KiB) mtime_utc=2026-07-08T09:57:12+00:00
  W.0000115200.meta bytes=163 (163 B) mtime_utc=2026-07-08T09:57:12+00:00
  W.0000230400.data bytes=49152 (48.0 KiB) mtime_utc=2026-07-08T09:59:17+00:00
  W.0000230400.meta bytes=163 (163 B) mtime_utc=2026-07-08T09:59:17+00:00
  W.0000345600.data bytes=49152 (48.0 KiB) mtime_utc=2026-07-08T10:01:16+00:00
  W.0000345600.meta bytes=163 (163 B) mtime_utc=2026-07-08T10:01:16+00:00
  W.0000460800.data bytes=49152 (48.0 KiB) mtime_utc=2026-07-08T10:03:37+00:00
  W.0000460800.meta bytes=163 (163 B) mtime_utc=2026-07-08T10:03:37+00:00
  W.0000576000.data bytes=49152 (48.0 KiB) mtime_utc=2026-07-08T10:05:43+00:00
  W.0000576000.meta bytes=163 (163 B) mtime_utc=2026-07-08T10:05:43+00:00
  XC.data bytes=49152 (48.0 KiB) mtime_utc=2026-07-08T09:55:07+00:00
  XC.meta bytes=129 (129 B) mtime_utc=2026-07-08T09:55:07+00:00
  XG.data bytes=49152 (48.0 KiB) mtime_utc=2026-07-08T09:55:07+00:00
  XG.meta bytes=129 (129 B) mtime_utc=2026-07-08T09:55:07+00:00
  YC.data bytes=49152 (48.0 KiB) mtime_utc=2026-07-08T09:55:07+00:00
  YC.meta bytes=129 (129 B) mtime_utc=2026-07-08T09:55:07+00:00
  YG.data bytes=49152 (48.0 KiB) mtime_utc=2026-07-08T09:55:07+00:00
  YG.meta bytes=129 (129 B) mtime_utc=2026-07-08T09:55:07+00:00
  available_diagnostics.log bytes=18604 (18.2 KiB) mtime_utc=2026-07-08T09:55:07+00:00
  bathymetry_flat_tc3.bin bytes=24576 (24.0 KiB) mtime_utc=2026-07-08T09:55:01+00:00
  data bytes=1680 (1.6 KiB) mtime_utc=2026-07-08T09:54:59+00:00
  data.diagnostics bytes=2878 (2.8 KiB) mtime_utc=2026-07-08T09:54:59+00:00
  data.exch2 bytes=68 (68 B) mtime_utc=2026-07-08T09:54:59+00:00
  data.pkg bytes=49 (49 B) mtime_utc=2026-07-08T09:54:59+00:00
  diags_CScorners.0000000000.txt bytes=400 (400 B) mtime_utc=2026-07-08T10:05:32+00:00
  dynDiag.0000000000.data bytes=245760 (240.0 KiB) mtime_utc=2026-07-08T09:55:08+00:00
  dynDiag.0000000000.meta bytes=339 (339 B) mtime_utc=2026-07-08T09:55:08+00:00
  dynDiag.0000115200.data bytes=245760 (240.0 KiB) mtime_utc=2026-07-08T09:57:12+00:00
  dynDiag.0000115200.meta bytes=339 (339 B) mtime_utc=2026-07-08T09:57:12+00:00
  dynDiag.0000230400.data bytes=245760 (240.0 KiB) mtime_utc=2026-07-08T09:59:17+00:00
  dynDiag.0000230400.meta bytes=339 (339 B) mtime_utc=2026-07-08T09:59:17+00:00
  dynDiag.0000345600.data bytes=245760 (240.0 KiB) mtime_utc=2026-07-08T10:01:16+00:00
  dynDiag.0000345600.meta bytes=339 (339 B) mtime_utc=2026-07-08T10:01:16+00:00
  dynDiag.0000460800.data bytes=245760 (240.0 KiB) mtime_utc=2026-07-08T10:03:37+00:00
  dynDiag.0000460800.meta bytes=339 (339 B) mtime_utc=2026-07-08T10:03:37+00:00
  dynStDiag.0000000000.txt bytes=4447 (4.3 KiB) mtime_utc=2026-07-08T10:05:32+00:00
  dyn_Aux.0000000000.data bytes=147456 (144.0 KiB) mtime_utc=2026-07-08T09:55:08+00:00
  dyn_Aux.0000000000.meta bytes=317 (317 B) mtime_utc=2026-07-08T09:55:08+00:00
  dyn_Aux.0000115200.data bytes=147456 (144.0 KiB) mtime_utc=2026-07-08T09:57:12+00:00
  dyn_Aux.0000115200.meta bytes=317 (317 B) mtime_utc=2026-07-08T09:57:12+00:00
  dyn_Aux.0000230400.data bytes=147456 (144.0 KiB) mtime_utc=2026-07-08T09:59:17+00:00
  dyn_Aux.0000230400.meta bytes=317 (317 B) mtime_utc=2026-07-08T09:59:17+00:00
  dyn_Aux.0000345600.data bytes=147456 (144.0 KiB) mtime_utc=2026-07-08T10:01:16+00:00
  dyn_Aux.0000345600.meta bytes=317 (317 B) mtime_utc=2026-07-08T10:01:16+00:00
  dyn_Aux.0000460800.data bytes=147456 (144.0 KiB) mtime_utc=2026-07-08T10:03:37+00:00
  dyn_Aux.0000460800.meta bytes=317 (317 B) mtime_utc=2026-07-08T10:03:37+00:00
  eedata bytes=286 (286 B) mtime_utc=2026-07-08T09:54:59+00:00
  eedata.mth bytes=275 (275 B) mtime_utc=2026-07-08T09:54:59+00:00
  eta_init.bin bytes=24576 (24.0 KiB) mtime_utc=2026-07-08T09:55:01+00:00
  gendata_ref.py bytes=3066 (3.0 KiB) mtime_utc=2026-07-08T09:54:59+00:00
  hFacC.data bytes=49152 (48.0 KiB) mtime_utc=2026-07-08T09:55:08+00:00
  hFacC.meta bytes=129 (129 B) mtime_utc=2026-07-08T09:55:08+00:00
  hFacS.data bytes=49152 (48.0 KiB) mtime_utc=2026-07-08T09:55:08+00:00
  hFacS.meta bytes=129 (129 B) mtime_utc=2026-07-08T09:55:08+00:00
  hFacW.data bytes=49152 (48.0 KiB) mtime_utc=2026-07-08T09:55:08+00:00
  hFacW.meta bytes=129 (129 B) mtime_utc=2026-07-08T09:55:08+00:00
  mitgcmuv bytes=2350200 (2.2 MiB) mtime_utc=2026-07-08T09:54:59+00:00
  pickup.ckptA.data bytes=442368 (432.0 KiB) mtime_utc=2026-07-08T10:05:43+00:00
  pickup.ckptA.meta bytes=340 (340 B) mtime_utc=2026-07-08T10:05:43+00:00
  tile001.mitgrid bytes=139392 (136.1 KiB) mtime_utc=2026-07-08T09:55:01+00:00
  tile002.mitgrid bytes=139392 (136.1 KiB) mtime_utc=2026-07-08T09:55:01+00:00
  tile003.mitgrid bytes=139392 (136.1 KiB) mtime_utc=2026-07-08T09:55:01+00:00
  tile004.mitgrid bytes=139392 (136.1 KiB) mtime_utc=2026-07-08T09:55:01+00:00
  tile005.mitgrid bytes=139392 (136.1 KiB) mtime_utc=2026-07-08T09:55:01+00:00
  tile006.mitgrid bytes=139392 (136.1 KiB) mtime_utc=2026-07-08T09:55:01+00:00
  u_init.bin bytes=24576 (24.0 KiB) mtime_utc=2026-07-08T09:55:01+00:00
  v_init.bin bytes=24576 (24.0 KiB) mtime_utc=2026-07-08T09:55:01+00:00
  w2_tile_topology.0000.log bytes=26960 (26.3 KiB) mtime_utc=2026-07-08T09:55:06+00:00
  w2_tile_topology.0001.log bytes=3122 (3.0 KiB) mtime_utc=2026-07-08T09:55:07+00:00
  w2_tile_topology.0002.log bytes=3122 (3.0 KiB) mtime_utc=2026-07-08T09:55:07+00:00
  w2_tile_topology.0003.log bytes=3122 (3.0 KiB) mtime_utc=2026-07-08T09:55:06+00:00
  w2_tile_topology.0004.log bytes=3122 (3.0 KiB) mtime_utc=2026-07-08T09:55:07+00:00
  w2_tile_topology.0005.log bytes=3122 (3.0 KiB) mtime_utc=2026-07-08T09:55:07+00:00
  w2_tile_topology.0006.log bytes=3457 (3.4 KiB) mtime_utc=2026-07-08T09:55:06+00:00
  w2_tile_topology.0007.log bytes=3457 (3.4 KiB) mtime_utc=2026-07-08T09:55:07+00:00
  w2_tile_topology.0008.log bytes=3457 (3.4 KiB) mtime_utc=2026-07-08T09:55:06+00:00
  w2_tile_topology.0009.log bytes=3457 (3.4 KiB) mtime_utc=2026-07-08T09:55:07+00:00
  w2_tile_topology.0010.log bytes=3122 (3.0 KiB) mtime_utc=2026-07-08T09:55:07+00:00
  w2_tile_topology.0011.log bytes=3122 (3.0 KiB) mtime_utc=2026-07-08T09:55:06+00:00
  w2_tile_topology.0012.log bytes=3122 (3.0 KiB) mtime_utc=2026-07-08T09:55:06+00:00
  w2_tile_topology.0013.log bytes=3122 (3.0 KiB) mtime_utc=2026-07-08T09:55:07+00:00
  w2_tile_topology.0014.log bytes=3122 (3.0 KiB) mtime_utc=2026-07-08T09:55:07+00:00
  w2_tile_topology.0015.log bytes=3122 (3.0 KiB) mtime_utc=2026-07-08T09:55:06+00:00
  w2_tile_topology.0016.log bytes=3122 (3.0 KiB) mtime_utc=2026-07-08T09:55:07+00:00
  w2_tile_topology.0017.log bytes=3122 (3.0 KiB) mtime_utc=2026-07-08T09:55:07+00:00
  w2_tile_topology.0018.log bytes=3122 (3.0 KiB) mtime_utc=2026-07-08T09:55:06+00:00
  w2_tile_topology.0019.log bytes=3122 (3.0 KiB) mtime_utc=2026-07-08T09:55:06+00:00
  w2_tile_topology.0020.log bytes=3122 (3.0 KiB) mtime_utc=2026-07-08T09:55:07+00:00
  w2_tile_topology.0021.log bytes=3122 (3.0 KiB) mtime_utc=2026-07-08T09:55:07+00:00
  w2_tile_topology.0022.log bytes=3457 (3.4 KiB) mtime_utc=2026-07-08T09:55:06+00:00
  w2_tile_topology.0023.log bytes=3457 (3.4 KiB) mtime_utc=2026-07-08T09:55:06+00:00
  w2_tile_topology.0024.log bytes=3457 (3.4 KiB) mtime_utc=2026-07-08T09:55:06+00:00
  w2_tile_topology.0025.log bytes=3457 (3.4 KiB) mtime_utc=2026-07-08T09:55:06+00:00
  w2_tile_topology.0026.log bytes=3122 (3.0 KiB) mtime_utc=2026-07-08T09:55:07+00:00
  w2_tile_topology.0027.log bytes=3122 (3.0 KiB) mtime_utc=2026-07-08T09:55:06+00:00
  w2_tile_topology.0028.log bytes=3122 (3.0 KiB) mtime_utc=2026-07-08T09:55:07+00:00
  w2_tile_topology.0029.log bytes=3122 (3.0 KiB) mtime_utc=2026-07-08T09:55:07+00:00
  w2_tile_topology.0030.log bytes=3122 (3.0 KiB) mtime_utc=2026-07-08T09:55:06+00:00
  w2_tile_topology.0031.log bytes=3122 (3.0 KiB) mtime_utc=2026-07-08T09:55:06+00:00
  w2_tile_topology.0032.log bytes=3122 (3.0 KiB) mtime_utc=2026-07-08T09:55:07+00:00
  w2_tile_topology.0033.log bytes=3122 (3.0 KiB) mtime_utc=2026-07-08T09:55:06+00:00
  w2_tile_topology.0034.log bytes=3122 (3.0 KiB) mtime_utc=2026-07-08T09:55:06+00:00
  w2_tile_topology.0035.log bytes=3122 (3.0 KiB) mtime_utc=2026-07-08T09:55:06+00:00
  w2_tile_topology.0036.log bytes=3122 (3.0 KiB) mtime_utc=2026-07-08T09:55:06+00:00
  w2_tile_topology.0037.log bytes=3122 (3.0 KiB) mtime_utc=2026-07-08T09:55:06+00:00
  w2_tile_topology.0038.log bytes=3457 (3.4 KiB) mtime_utc=2026-07-08T09:55:07+00:00
  w2_tile_topology.0039.log bytes=3457 (3.4 KiB) mtime_utc=2026-07-08T09:55:07+00:00
  w2_tile_topology.0040.log bytes=3457 (3.4 KiB) mtime_utc=2026-07-08T09:55:06+00:00
  w2_tile_topology.0041.log bytes=3457 (3.4 KiB) mtime_utc=2026-07-08T09:55:06+00:00
  w2_tile_topology.0042.log bytes=3122 (3.0 KiB) mtime_utc=2026-07-08T09:55:07+00:00
  w2_tile_topology.0043.log bytes=3122 (3.0 KiB) mtime_utc=2026-07-08T09:55:06+00:00
  w2_tile_topology.0044.log bytes=3122 (3.0 KiB) mtime_utc=2026-07-08T09:55:07+00:00
  w2_tile_topology.0045.log bytes=3122 (3.0 KiB) mtime_utc=2026-07-08T09:55:06+00:00
  w2_tile_topology.0046.log bytes=3122 (3.0 KiB) mtime_utc=2026-07-08T09:55:07+00:00
  w2_tile_topology.0047.log bytes=3122 (3.0 KiB) mtime_utc=2026-07-08T09:55:07+00:00
