make: Warning: File `Makefile' has modification time 2.3 s in the future
make[1]: Warning: File `Makefile' has modification time 2.2 s in the future
make[1]: warning:  Clock skew detected.  Your build may be incomplete.
make: warning:  Clock skew detected.  Your build may be incomplete.
Note: The following floating-point exceptions are signalling: IEEE_DENORMAL
STOP NORMAL END
Note: The following floating-point exceptions are signalling: IEEE_DENORMAL
STOP NORMAL END
STOP NORMAL END
STOP NORMAL END
STOP NORMAL END
STOP NORMAL END
STOP NORMAL END
Note: The following floating-point exceptions are signalling: IEEE_DENORMAL
STOP NORMAL END
Note: The following floating-point exceptions are signalling: IEEE_DENORMAL
STOP NORMAL END
Note: The following floating-point exceptions are signalling: IEEE_UNDERFLOW_FLAG IEEE_DENORMAL
STOP NORMAL END
STOP NORMAL END
STOP NORMAL END
STOP NORMAL END
Note: The following floating-point exceptions are signalling: IEEE_UNDERFLOW_FLAG IEEE_DENORMAL
STOP NORMAL END
Note: The following floating-point exceptions are signalling: IEEE_UNDERFLOW_FLAG IEEE_DENORMAL
STOP NORMAL END
Note: The following floating-point exceptions are signalling: IEEE_UNDERFLOW_FLAG IEEE_DENORMAL
STOP NORMAL END
