MITgcm run inventory
generated_utc: 2026-07-07T15:15:12+00:00
run_dir: Sandbox/vortexSphere_Williamson_TC3/run_alpha_0_latlon_smoke_30rank
case_code: TC3
alpha_label: 0
log_file: run_inventory.log

Summary
  run_dir_files: 192
  run_dir_bytes: 445709579 (425.1 MiB)
  run_output_groups: 38
  requested_diagnostic_streams: 3
  generated_product_dirs: 3
  generated_product_files: 21
  plotted_files: 14
  computed_files: 4
  docs_indexed_assets: 14

Diagnostics request
  data_diagnostics: Sandbox/vortexSphere_Williamson_TC3/run_alpha_0_latlon_smoke_30rank/data.diagnostics
  available_diagnostics: Sandbox/vortexSphere_Williamson_TC3/run_alpha_0_latlon_smoke_30rank/available_diagnostics.log
  [diagnostics stream 2] fileName=dyn_Aux frequency=-21600. phase=0.
    WVELMASS: units=m/s; levels=1; title=Vertical Mass-Weighted Comp of Velocity
    PhiVEL: units=m^2/s; levels=1; title=Horizontal Velocity Potential (m^2/s)
    PsiVEL: units=m.m^2/s; levels=1; title=Horizontal Velocity Stream-Function
  [diagnostics stream 3] fileName=dynDiag frequency=-21600. phase=0.
    UVEL: units=m/s; levels=1; title=Zonal Component of Velocity (m/s)
    VVEL: units=m/s; levels=1; title=Meridional Component of Velocity (m/s)
    ETAN: units=m; levels=1; title=Surface Height Anomaly
    ETANSQ: units=m^2; levels=1; title=Square of Surface Height Anomaly
    momKE: units=m^2/s^2; levels=1; title=Kinetic Energy (in momentum Eq.)
  [statistics stream 1] fileName=dynStDiag frequency=-86400. phase=0.
    ETAN: units=m; levels=1; title=Surface Height Anomaly
    ETANSQ: units=m^2; levels=1; title=Square of Surface Height Anomaly
    momKE: units=m^2/s^2; levels=1; title=Kinetic Energy (in momentum Eq.)

Run directory outputs
  DRC: data=1 meta=1 iterations=none bytes=165 (165 B)
  DRF: data=1 meta=1 iterations=none bytes=137 (137 B)
  DXC: data=1 meta=1 iterations=none bytes=8294529 (7.9 MiB)
  DXF: data=1 meta=1 iterations=none bytes=8294529 (7.9 MiB)
  DXG: data=1 meta=1 iterations=none bytes=8294529 (7.9 MiB)
  DXV: data=1 meta=1 iterations=none bytes=8294529 (7.9 MiB)
  DYC: data=1 meta=1 iterations=none bytes=8294529 (7.9 MiB)
  DYF: data=1 meta=1 iterations=none bytes=8294529 (7.9 MiB)
  DYG: data=1 meta=1 iterations=none bytes=8294529 (7.9 MiB)
  DYU: data=1 meta=1 iterations=none bytes=8294529 (7.9 MiB)
  Depth: data=1 meta=1 iterations=none bytes=8294529 (7.9 MiB)
  Eta: data=2 meta=2 iterations=0..360 (2) bytes=16589126 (15.8 MiB)
  PH: data=1 meta=1 iterations=360 bytes=8294563 (7.9 MiB)
  PHL: data=1 meta=1 iterations=360 bytes=8294563 (7.9 MiB)
  PHrefC: data=1 meta=1 iterations=none bytes=137 (137 B)
  PHrefF: data=1 meta=1 iterations=none bytes=165 (165 B)
  RAC: data=1 meta=1 iterations=none bytes=8294529 (7.9 MiB)
  RAS: data=1 meta=1 iterations=none bytes=8294529 (7.9 MiB)
  RAW: data=1 meta=1 iterations=none bytes=8294529 (7.9 MiB)
  RAZ: data=1 meta=1 iterations=none bytes=8294529 (7.9 MiB)
  RC: data=1 meta=1 iterations=none bytes=137 (137 B)
  RF: data=1 meta=1 iterations=none bytes=165 (165 B)
  RhoRef: data=1 meta=1 iterations=none bytes=137 (137 B)
  S: data=2 meta=2 iterations=0..360 (2) bytes=16589126 (15.8 MiB)
  T: data=2 meta=2 iterations=0..360 (2) bytes=16589126 (15.8 MiB)
  U: data=2 meta=2 iterations=0..360 (2) bytes=16589126 (15.8 MiB)
  V: data=2 meta=2 iterations=0..360 (2) bytes=16589126 (15.8 MiB)
  W: data=2 meta=2 iterations=0..360 (2) bytes=16589126 (15.8 MiB)
  XC: data=1 meta=1 iterations=none bytes=8294529 (7.9 MiB)
  XG: data=1 meta=1 iterations=none bytes=8294529 (7.9 MiB)
  YC: data=1 meta=1 iterations=none bytes=8294529 (7.9 MiB)
  YG: data=1 meta=1 iterations=none bytes=8294529 (7.9 MiB)
  dynDiag: data=1 meta=1 iterations=0 bytes=41472339 (39.6 MiB)
  dyn_Aux: data=1 meta=1 iterations=0 bytes=24883517 (23.7 MiB)
  hFacC: data=1 meta=1 iterations=none bytes=8294529 (7.9 MiB)
  hFacS: data=1 meta=1 iterations=none bytes=8294529 (7.9 MiB)
  hFacW: data=1 meta=1 iterations=none bytes=8294529 (7.9 MiB)
  pickup.ckptA: data=1 meta=1 iterations=none bytes=74649940 (71.2 MiB)

Generated products
  output_dir: Sandbox/output/TestCase3/Diagnosis/error/alpha_0
    case=TC3 product=error_analysis alpha=0
    saved: TC3_error_norms, TC3_error_norms.csv, TC3_error_norms.txt, TC3_error_norms.tex
    plotted_files: 2
      Sandbox/output/TestCase3/Diagnosis/error/alpha_0/TC3_error_norms.pdf
      Sandbox/output/TestCase3/Diagnosis/error/alpha_0/TC3_error_norms.png
    computed_files: 3
      Sandbox/output/TestCase3/Diagnosis/error/alpha_0/TC3_error_norms.csv
      Sandbox/output/TestCase3/Diagnosis/error/alpha_0/TC3_error_norms.tex
      Sandbox/output/TestCase3/Diagnosis/error/alpha_0/TC3_error_norms.txt
    other_files: 1
      Sandbox/output/TestCase3/Diagnosis/error/alpha_0/manifest.json
  output_dir: Sandbox/output/TestCase3/Diagnosis/postprocessing/alpha_0
    case=TC3 product=postprocessing alpha=0
    saved: postprocessing_values.csv, postprocessing_mass.pdf, postprocessing_mass.png, postprocessing_vorticity_pv.pdf, postprocessing_vorticity_pv.png, postprocessing_energies.pdf, postprocessing_energies.png
    fields: {"conserved_scalar": null, "eta": "Eta", "kinetic_energy": "computed_from_velocity", "u": "U", "v": "V", "vorticity": "computed_from_velocity"}
    plotted_files: 6
      Sandbox/output/TestCase3/Diagnosis/postprocessing/alpha_0/postprocessing_energies.pdf
      Sandbox/output/TestCase3/Diagnosis/postprocessing/alpha_0/postprocessing_energies.png
      Sandbox/output/TestCase3/Diagnosis/postprocessing/alpha_0/postprocessing_mass.pdf
      Sandbox/output/TestCase3/Diagnosis/postprocessing/alpha_0/postprocessing_mass.png
      Sandbox/output/TestCase3/Diagnosis/postprocessing/alpha_0/postprocessing_vorticity_pv.pdf
      Sandbox/output/TestCase3/Diagnosis/postprocessing/alpha_0/postprocessing_vorticity_pv.png
    computed_files: 1
      Sandbox/output/TestCase3/Diagnosis/postprocessing/alpha_0/postprocessing_values.csv
    other_files: 1
      Sandbox/output/TestCase3/Diagnosis/postprocessing/alpha_0/manifest.json
  output_dir: Sandbox/output/TestCase3/Snapshots/alpha_0
    case=TC3 product=snapshots alpha=0
    saved: eta, etan, psi, phi, velocity_magnitude
    plotted_files: 6
      Sandbox/output/TestCase3/Snapshots/alpha_0/eta/tc3_eta_day_00.00_iter_0000000000.png
      Sandbox/output/TestCase3/Snapshots/alpha_0/eta/tc3_eta_day_00.25_iter_0000000360.png
      Sandbox/output/TestCase3/Snapshots/alpha_0/etan/tc3_etan_day_00.00_iter_0000000000.png
      Sandbox/output/TestCase3/Snapshots/alpha_0/phi/tc3_phi_day_00.00_iter_0000000000.png
      Sandbox/output/TestCase3/Snapshots/alpha_0/psi/tc3_psi_day_00.00_iter_0000000000.png
      Sandbox/output/TestCase3/Snapshots/alpha_0/velocity_magnitude/tc3_velocity_magnitude_day_00.00_iter_0000000000.png
    computed_files: 0
    other_files: 1
      Sandbox/output/TestCase3/Snapshots/alpha_0/manifest.json

Sent to docs index
  output: Sandbox/output/TestCase3/Diagnosis/error/alpha_0/TC3_error_norms.csv
    docs_asset: docs/assets/williamson/TestCase3/Diagnosis/error/alpha_0/TC3_error_norms.csv
    referenced_by: docs/fragments/testcase3.html, docs/index.html
  output: Sandbox/output/TestCase3/Diagnosis/error/alpha_0/TC3_error_norms.png
    docs_asset: docs/assets/williamson/TestCase3/Diagnosis/error/alpha_0/TC3_error_norms.png
    referenced_by: docs/fragments/testcase3.html, docs/index.html
  output: Sandbox/output/TestCase3/Diagnosis/error/alpha_0/TC3_error_norms.txt
    docs_asset: docs/assets/williamson/TestCase3/Diagnosis/error/alpha_0/TC3_error_norms.txt
    referenced_by: docs/fragments/testcase3.html, docs/index.html
  output: Sandbox/output/TestCase3/Diagnosis/error/alpha_0/manifest.json
    docs_asset: docs/assets/williamson/TestCase3/Diagnosis/error/alpha_0/manifest.json
    referenced_by: docs/fragments/testcase3.html, docs/index.html
  output: Sandbox/output/TestCase3/Diagnosis/postprocessing/alpha_0/manifest.json
    docs_asset: docs/assets/williamson/TestCase3/Diagnosis/postprocessing/alpha_0/manifest.json
    referenced_by: docs/fragments/testcase3.html, docs/index.html
  output: Sandbox/output/TestCase3/Diagnosis/postprocessing/alpha_0/postprocessing_energies.png
    docs_asset: docs/assets/williamson/TestCase3/Diagnosis/postprocessing/alpha_0/postprocessing_energies.png
    referenced_by: docs/fragments/testcase3.html, docs/index.html
  output: Sandbox/output/TestCase3/Diagnosis/postprocessing/alpha_0/postprocessing_mass.png
    docs_asset: docs/assets/williamson/TestCase3/Diagnosis/postprocessing/alpha_0/postprocessing_mass.png
    referenced_by: docs/fragments/testcase3.html, docs/index.html
  output: Sandbox/output/TestCase3/Diagnosis/postprocessing/alpha_0/postprocessing_values.csv
    docs_asset: docs/assets/williamson/TestCase3/Diagnosis/postprocessing/alpha_0/postprocessing_values.csv
    referenced_by: docs/fragments/testcase3.html, docs/index.html
  output: Sandbox/output/TestCase3/Diagnosis/postprocessing/alpha_0/postprocessing_vorticity_pv.png
    docs_asset: docs/assets/williamson/TestCase3/Diagnosis/postprocessing/alpha_0/postprocessing_vorticity_pv.png
    referenced_by: docs/fragments/testcase3.html, docs/index.html
  output: Sandbox/output/TestCase3/Snapshots/alpha_0/eta/tc3_eta_day_00.00_iter_0000000000.png
    docs_asset: docs/assets/williamson/TestCase3/Snapshots/alpha_0/eta/tc3_eta_day_00.00_iter_0000000000.png
    referenced_by: docs/fragments/testcase3.html, docs/index.html
  output: Sandbox/output/TestCase3/Snapshots/alpha_0/etan/tc3_etan_day_00.00_iter_0000000000.png
    docs_asset: docs/assets/williamson/TestCase3/Snapshots/alpha_0/etan/tc3_etan_day_00.00_iter_0000000000.png
    referenced_by: docs/fragments/testcase3.html, docs/index.html
  output: Sandbox/output/TestCase3/Snapshots/alpha_0/phi/tc3_phi_day_00.00_iter_0000000000.png
    docs_asset: docs/assets/williamson/TestCase3/Snapshots/alpha_0/phi/tc3_phi_day_00.00_iter_0000000000.png
    referenced_by: docs/fragments/testcase3.html, docs/index.html
  output: Sandbox/output/TestCase3/Snapshots/alpha_0/psi/tc3_psi_day_00.00_iter_0000000000.png
    docs_asset: docs/assets/williamson/TestCase3/Snapshots/alpha_0/psi/tc3_psi_day_00.00_iter_0000000000.png
    referenced_by: docs/fragments/testcase3.html, docs/index.html
  output: Sandbox/output/TestCase3/Snapshots/alpha_0/velocity_magnitude/tc3_velocity_magnitude_day_00.00_iter_0000000000.png
    docs_asset: docs/assets/williamson/TestCase3/Snapshots/alpha_0/velocity_magnitude/tc3_velocity_magnitude_day_00.00_iter_0000000000.png
    referenced_by: docs/fragments/testcase3.html, docs/index.html

Run directory file manifest
  .use_latlon_grid bytes=0 (0 B) mtime_utc=2026-07-07T15:11:36+00:00
  DRC.data bytes=16 (16 B) mtime_utc=2026-07-07T15:11:53+00:00
  DRC.meta bytes=149 (149 B) mtime_utc=2026-07-07T15:11:53+00:00
  DRF.data bytes=8 (8 B) mtime_utc=2026-07-07T15:11:53+00:00
  DRF.meta bytes=129 (129 B) mtime_utc=2026-07-07T15:11:53+00:00
  DXC.data bytes=8294400 (7.9 MiB) mtime_utc=2026-07-07T15:11:52+00:00
  DXC.meta bytes=129 (129 B) mtime_utc=2026-07-07T15:11:52+00:00
  DXF.data bytes=8294400 (7.9 MiB) mtime_utc=2026-07-07T15:11:52+00:00
  DXF.meta bytes=129 (129 B) mtime_utc=2026-07-07T15:11:53+00:00
  DXG.data bytes=8294400 (7.9 MiB) mtime_utc=2026-07-07T15:11:52+00:00
  DXG.meta bytes=129 (129 B) mtime_utc=2026-07-07T15:11:52+00:00
  DXV.data bytes=8294400 (7.9 MiB) mtime_utc=2026-07-07T15:11:53+00:00
  DXV.meta bytes=129 (129 B) mtime_utc=2026-07-07T15:11:53+00:00
  DYC.data bytes=8294400 (7.9 MiB) mtime_utc=2026-07-07T15:11:52+00:00
  DYC.meta bytes=129 (129 B) mtime_utc=2026-07-07T15:11:52+00:00
  DYF.data bytes=8294400 (7.9 MiB) mtime_utc=2026-07-07T15:11:53+00:00
  DYF.meta bytes=129 (129 B) mtime_utc=2026-07-07T15:11:53+00:00
  DYG.data bytes=8294400 (7.9 MiB) mtime_utc=2026-07-07T15:11:52+00:00
  DYG.meta bytes=129 (129 B) mtime_utc=2026-07-07T15:11:52+00:00
  DYU.data bytes=8294400 (7.9 MiB) mtime_utc=2026-07-07T15:11:53+00:00
  DYU.meta bytes=129 (129 B) mtime_utc=2026-07-07T15:11:53+00:00
  Depth.data bytes=8294400 (7.9 MiB) mtime_utc=2026-07-07T15:11:53+00:00
  Depth.meta bytes=129 (129 B) mtime_utc=2026-07-07T15:11:53+00:00
  Eta.0000000000.data bytes=8294400 (7.9 MiB) mtime_utc=2026-07-07T15:11:54+00:00
  Eta.0000000000.meta bytes=163 (163 B) mtime_utc=2026-07-07T15:11:54+00:00
  Eta.0000000360.data bytes=8294400 (7.9 MiB) mtime_utc=2026-07-07T15:12:47+00:00
  Eta.0000000360.meta bytes=163 (163 B) mtime_utc=2026-07-07T15:12:47+00:00
  PH.0000000360.data bytes=8294400 (7.9 MiB) mtime_utc=2026-07-07T15:12:47+00:00
  PH.0000000360.meta bytes=163 (163 B) mtime_utc=2026-07-07T15:12:47+00:00
  PHL.0000000360.data bytes=8294400 (7.9 MiB) mtime_utc=2026-07-07T15:12:47+00:00
  PHL.0000000360.meta bytes=163 (163 B) mtime_utc=2026-07-07T15:12:47+00:00
  PHrefC.data bytes=8 (8 B) mtime_utc=2026-07-07T15:11:53+00:00
  PHrefC.meta bytes=129 (129 B) mtime_utc=2026-07-07T15:11:53+00:00
  PHrefF.data bytes=16 (16 B) mtime_utc=2026-07-07T15:11:53+00:00
  PHrefF.meta bytes=149 (149 B) mtime_utc=2026-07-07T15:11:53+00:00
  RAC.data bytes=8294400 (7.9 MiB) mtime_utc=2026-07-07T15:11:51+00:00
  RAC.meta bytes=129 (129 B) mtime_utc=2026-07-07T15:11:52+00:00
  RAS.data bytes=8294400 (7.9 MiB) mtime_utc=2026-07-07T15:11:52+00:00
  RAS.meta bytes=129 (129 B) mtime_utc=2026-07-07T15:11:52+00:00
  RAW.data bytes=8294400 (7.9 MiB) mtime_utc=2026-07-07T15:11:52+00:00
  RAW.meta bytes=129 (129 B) mtime_utc=2026-07-07T15:11:52+00:00
  RAZ.data bytes=8294400 (7.9 MiB) mtime_utc=2026-07-07T15:11:52+00:00
  RAZ.meta bytes=129 (129 B) mtime_utc=2026-07-07T15:11:52+00:00
  RC.data bytes=8 (8 B) mtime_utc=2026-07-07T15:11:53+00:00
  RC.meta bytes=129 (129 B) mtime_utc=2026-07-07T15:11:53+00:00
  RF.data bytes=16 (16 B) mtime_utc=2026-07-07T15:11:53+00:00
  RF.meta bytes=149 (149 B) mtime_utc=2026-07-07T15:11:53+00:00
  RhoRef.data bytes=8 (8 B) mtime_utc=2026-07-07T15:11:51+00:00
  RhoRef.meta bytes=129 (129 B) mtime_utc=2026-07-07T15:11:51+00:00
  S.0000000000.data bytes=8294400 (7.9 MiB) mtime_utc=2026-07-07T15:11:54+00:00
  S.0000000000.meta bytes=163 (163 B) mtime_utc=2026-07-07T15:11:54+00:00
  S.0000000360.data bytes=8294400 (7.9 MiB) mtime_utc=2026-07-07T15:12:47+00:00
  S.0000000360.meta bytes=163 (163 B) mtime_utc=2026-07-07T15:12:47+00:00
  STDERR.0000 bytes=0 (0 B) mtime_utc=2026-07-07T15:11:50+00:00
  STDERR.0001 bytes=0 (0 B) mtime_utc=2026-07-07T15:11:50+00:00
  STDERR.0002 bytes=0 (0 B) mtime_utc=2026-07-07T15:11:50+00:00
  STDERR.0003 bytes=0 (0 B) mtime_utc=2026-07-07T15:11:50+00:00
  STDERR.0004 bytes=0 (0 B) mtime_utc=2026-07-07T15:11:50+00:00
  STDERR.0005 bytes=0 (0 B) mtime_utc=2026-07-07T15:11:50+00:00
  STDERR.0006 bytes=0 (0 B) mtime_utc=2026-07-07T15:11:50+00:00
  STDERR.0007 bytes=0 (0 B) mtime_utc=2026-07-07T15:11:50+00:00
  STDERR.0008 bytes=0 (0 B) mtime_utc=2026-07-07T15:11:50+00:00
  STDERR.0009 bytes=0 (0 B) mtime_utc=2026-07-07T15:11:50+00:00
  STDERR.0010 bytes=0 (0 B) mtime_utc=2026-07-07T15:11:50+00:00
  STDERR.0011 bytes=0 (0 B) mtime_utc=2026-07-07T15:11:50+00:00
  STDERR.0012 bytes=0 (0 B) mtime_utc=2026-07-07T15:11:50+00:00
  STDERR.0013 bytes=0 (0 B) mtime_utc=2026-07-07T15:11:50+00:00
  STDERR.0014 bytes=0 (0 B) mtime_utc=2026-07-07T15:11:50+00:00
  STDERR.0015 bytes=0 (0 B) mtime_utc=2026-07-07T15:11:50+00:00
  STDERR.0016 bytes=0 (0 B) mtime_utc=2026-07-07T15:11:50+00:00
  STDERR.0017 bytes=0 (0 B) mtime_utc=2026-07-07T15:11:50+00:00
  STDERR.0018 bytes=0 (0 B) mtime_utc=2026-07-07T15:11:50+00:00
  STDERR.0019 bytes=0 (0 B) mtime_utc=2026-07-07T15:11:50+00:00
  STDERR.0020 bytes=0 (0 B) mtime_utc=2026-07-07T15:11:50+00:00
  STDERR.0021 bytes=0 (0 B) mtime_utc=2026-07-07T15:11:50+00:00
  STDERR.0022 bytes=0 (0 B) mtime_utc=2026-07-07T15:11:50+00:00
  STDERR.0023 bytes=0 (0 B) mtime_utc=2026-07-07T15:11:50+00:00
  STDERR.0024 bytes=0 (0 B) mtime_utc=2026-07-07T15:11:50+00:00
  STDERR.0025 bytes=0 (0 B) mtime_utc=2026-07-07T15:11:50+00:00
  STDERR.0026 bytes=0 (0 B) mtime_utc=2026-07-07T15:11:50+00:00
  STDERR.0027 bytes=0 (0 B) mtime_utc=2026-07-07T15:11:50+00:00
  STDERR.0028 bytes=0 (0 B) mtime_utc=2026-07-07T15:11:50+00:00
  STDERR.0029 bytes=0 (0 B) mtime_utc=2026-07-07T15:11:50+00:00
  STDOUT.0000 bytes=138102 (134.9 KiB) mtime_utc=2026-07-07T15:12:38+00:00
  STDOUT.0001 bytes=123897 (121.0 KiB) mtime_utc=2026-07-07T15:12:38+00:00
  STDOUT.0002 bytes=123902 (121.0 KiB) mtime_utc=2026-07-07T15:12:38+00:00
  STDOUT.0003 bytes=123897 (121.0 KiB) mtime_utc=2026-07-07T15:12:38+00:00
  STDOUT.0004 bytes=123897 (121.0 KiB) mtime_utc=2026-07-07T15:12:38+00:00
  STDOUT.0005 bytes=123922 (121.0 KiB) mtime_utc=2026-07-07T15:12:38+00:00
  STDOUT.0006 bytes=123897 (121.0 KiB) mtime_utc=2026-07-07T15:12:38+00:00
  STDOUT.0007 bytes=123917 (121.0 KiB) mtime_utc=2026-07-07T15:12:38+00:00
  STDOUT.0008 bytes=123912 (121.0 KiB) mtime_utc=2026-07-07T15:12:38+00:00
  STDOUT.0009 bytes=123897 (121.0 KiB) mtime_utc=2026-07-07T15:12:38+00:00
  STDOUT.0010 bytes=123922 (121.0 KiB) mtime_utc=2026-07-07T15:12:38+00:00
  STDOUT.0011 bytes=123922 (121.0 KiB) mtime_utc=2026-07-07T15:12:38+00:00
  STDOUT.0012 bytes=123986 (121.1 KiB) mtime_utc=2026-07-07T15:12:38+00:00
  STDOUT.0013 bytes=123912 (121.0 KiB) mtime_utc=2026-07-07T15:12:38+00:00
  STDOUT.0014 bytes=123897 (121.0 KiB) mtime_utc=2026-07-07T15:12:38+00:00
  STDOUT.0015 bytes=123907 (121.0 KiB) mtime_utc=2026-07-07T15:12:38+00:00
  STDOUT.0016 bytes=123917 (121.0 KiB) mtime_utc=2026-07-07T15:12:38+00:00
  STDOUT.0017 bytes=123897 (121.0 KiB) mtime_utc=2026-07-07T15:12:38+00:00
  STDOUT.0018 bytes=123912 (121.0 KiB) mtime_utc=2026-07-07T15:12:38+00:00
  STDOUT.0019 bytes=123897 (121.0 KiB) mtime_utc=2026-07-07T15:12:38+00:00
  STDOUT.0020 bytes=123917 (121.0 KiB) mtime_utc=2026-07-07T15:12:38+00:00
  STDOUT.0021 bytes=123922 (121.0 KiB) mtime_utc=2026-07-07T15:12:38+00:00
  STDOUT.0022 bytes=123897 (121.0 KiB) mtime_utc=2026-07-07T15:12:38+00:00
  STDOUT.0023 bytes=123912 (121.0 KiB) mtime_utc=2026-07-07T15:12:38+00:00
  STDOUT.0024 bytes=123897 (121.0 KiB) mtime_utc=2026-07-07T15:12:38+00:00
  STDOUT.0025 bytes=123912 (121.0 KiB) mtime_utc=2026-07-07T15:12:38+00:00
  STDOUT.0026 bytes=123922 (121.0 KiB) mtime_utc=2026-07-07T15:12:38+00:00
  STDOUT.0027 bytes=123897 (121.0 KiB) mtime_utc=2026-07-07T15:12:38+00:00
  STDOUT.0028 bytes=123892 (121.0 KiB) mtime_utc=2026-07-07T15:12:38+00:00
  STDOUT.0029 bytes=123897 (121.0 KiB) mtime_utc=2026-07-07T15:12:38+00:00
  T.0000000000.data bytes=8294400 (7.9 MiB) mtime_utc=2026-07-07T15:11:54+00:00
  T.0000000000.meta bytes=163 (163 B) mtime_utc=2026-07-07T15:11:54+00:00
  T.0000000360.data bytes=8294400 (7.9 MiB) mtime_utc=2026-07-07T15:12:46+00:00
  T.0000000360.meta bytes=163 (163 B) mtime_utc=2026-07-07T15:12:47+00:00
  U.0000000000.data bytes=8294400 (7.9 MiB) mtime_utc=2026-07-07T15:11:54+00:00
  U.0000000000.meta bytes=163 (163 B) mtime_utc=2026-07-07T15:11:54+00:00
  U.0000000360.data bytes=8294400 (7.9 MiB) mtime_utc=2026-07-07T15:12:46+00:00
  U.0000000360.meta bytes=163 (163 B) mtime_utc=2026-07-07T15:12:46+00:00
  V.0000000000.data bytes=8294400 (7.9 MiB) mtime_utc=2026-07-07T15:11:54+00:00
  V.0000000000.meta bytes=163 (163 B) mtime_utc=2026-07-07T15:11:54+00:00
  V.0000000360.data bytes=8294400 (7.9 MiB) mtime_utc=2026-07-07T15:12:46+00:00
  V.0000000360.meta bytes=163 (163 B) mtime_utc=2026-07-07T15:12:46+00:00
  W.0000000000.data bytes=8294400 (7.9 MiB) mtime_utc=2026-07-07T15:11:54+00:00
  W.0000000000.meta bytes=163 (163 B) mtime_utc=2026-07-07T15:11:54+00:00
  W.0000000360.data bytes=8294400 (7.9 MiB) mtime_utc=2026-07-07T15:12:47+00:00
  W.0000000360.meta bytes=163 (163 B) mtime_utc=2026-07-07T15:12:47+00:00
  XC.data bytes=8294400 (7.9 MiB) mtime_utc=2026-07-07T15:11:51+00:00
  XC.meta bytes=129 (129 B) mtime_utc=2026-07-07T15:11:51+00:00
  XG.data bytes=8294400 (7.9 MiB) mtime_utc=2026-07-07T15:11:51+00:00
  XG.meta bytes=129 (129 B) mtime_utc=2026-07-07T15:11:51+00:00
  YC.data bytes=8294400 (7.9 MiB) mtime_utc=2026-07-07T15:11:51+00:00
  YC.meta bytes=129 (129 B) mtime_utc=2026-07-07T15:11:51+00:00
  YG.data bytes=8294400 (7.9 MiB) mtime_utc=2026-07-07T15:11:51+00:00
  YG.meta bytes=129 (129 B) mtime_utc=2026-07-07T15:11:51+00:00
  available_diagnostics.log bytes=18604 (18.2 KiB) mtime_utc=2026-07-07T15:11:51+00:00
  bathymetry_flat_tc3.bin bytes=4147200 (4.0 MiB) mtime_utc=2026-07-07T15:11:48+00:00
  data bytes=1718 (1.7 KiB) mtime_utc=2026-07-07T15:11:46+00:00
  data.diagnostics bytes=2878 (2.8 KiB) mtime_utc=2026-07-07T15:11:46+00:00
  data.pkg bytes=49 (49 B) mtime_utc=2026-07-07T15:11:46+00:00
  dynDiag.0000000000.data bytes=41472000 (39.6 MiB) mtime_utc=2026-07-07T15:11:45+00:00
  dynDiag.0000000000.meta bytes=339 (339 B) mtime_utc=2026-07-07T15:11:55+00:00
  dynStDiag.0000000000.txt bytes=1123 (1.1 KiB) mtime_utc=2026-07-07T15:12:37+00:00
  dyn_Aux.0000000000.data bytes=24883200 (23.7 MiB) mtime_utc=2026-07-07T15:11:44+00:00
  dyn_Aux.0000000000.meta bytes=317 (317 B) mtime_utc=2026-07-07T15:11:55+00:00
  eedata bytes=37 (37 B) mtime_utc=2026-07-07T15:11:36+00:00
  eedata.mth bytes=275 (275 B) mtime_utc=2026-07-07T15:11:46+00:00
  eta_init.bin bytes=4147200 (4.0 MiB) mtime_utc=2026-07-07T15:11:48+00:00
  gendata_ref.py bytes=1952 (1.9 KiB) mtime_utc=2026-07-07T15:11:46+00:00
  hFacC.data bytes=8294400 (7.9 MiB) mtime_utc=2026-07-07T15:11:53+00:00
  hFacC.meta bytes=129 (129 B) mtime_utc=2026-07-07T15:11:53+00:00
  hFacS.data bytes=8294400 (7.9 MiB) mtime_utc=2026-07-07T15:11:53+00:00
  hFacS.meta bytes=129 (129 B) mtime_utc=2026-07-07T15:11:53+00:00
  hFacW.data bytes=8294400 (7.9 MiB) mtime_utc=2026-07-07T15:11:53+00:00
  hFacW.meta bytes=129 (129 B) mtime_utc=2026-07-07T15:11:53+00:00
  mitgcmuv bytes=2252896 (2.1 MiB) mtime_utc=2026-07-07T15:11:46+00:00
  pickup.ckptA.data bytes=74649600 (71.2 MiB) mtime_utc=2026-07-07T15:12:38+00:00
  pickup.ckptA.meta bytes=340 (340 B) mtime_utc=2026-07-07T15:12:48+00:00
  u_init.bin bytes=4147200 (4.0 MiB) mtime_utc=2026-07-07T15:11:48+00:00
  v_init.bin bytes=4147200 (4.0 MiB) mtime_utc=2026-07-07T15:11:48+00:00
  w2_tile_topology.0000.log bytes=15421 (15.1 KiB) mtime_utc=2026-07-07T15:11:50+00:00
  w2_tile_topology.0001.log bytes=2519 (2.5 KiB) mtime_utc=2026-07-07T15:11:50+00:00
  w2_tile_topology.0002.log bytes=2519 (2.5 KiB) mtime_utc=2026-07-07T15:11:50+00:00
  w2_tile_topology.0003.log bytes=2519 (2.5 KiB) mtime_utc=2026-07-07T15:11:50+00:00
  w2_tile_topology.0004.log bytes=2519 (2.5 KiB) mtime_utc=2026-07-07T15:11:50+00:00
  w2_tile_topology.0005.log bytes=2519 (2.5 KiB) mtime_utc=2026-07-07T15:11:50+00:00
  w2_tile_topology.0006.log bytes=2519 (2.5 KiB) mtime_utc=2026-07-07T15:11:50+00:00
  w2_tile_topology.0007.log bytes=2519 (2.5 KiB) mtime_utc=2026-07-07T15:11:50+00:00
  w2_tile_topology.0008.log bytes=2519 (2.5 KiB) mtime_utc=2026-07-07T15:11:50+00:00
  w2_tile_topology.0009.log bytes=2519 (2.5 KiB) mtime_utc=2026-07-07T15:11:50+00:00
  w2_tile_topology.0010.log bytes=2519 (2.5 KiB) mtime_utc=2026-07-07T15:11:50+00:00
  w2_tile_topology.0011.log bytes=2519 (2.5 KiB) mtime_utc=2026-07-07T15:11:50+00:00
  w2_tile_topology.0012.log bytes=2519 (2.5 KiB) mtime_utc=2026-07-07T15:11:50+00:00
  w2_tile_topology.0013.log bytes=2519 (2.5 KiB) mtime_utc=2026-07-07T15:11:50+00:00
  w2_tile_topology.0014.log bytes=2519 (2.5 KiB) mtime_utc=2026-07-07T15:11:50+00:00
  w2_tile_topology.0015.log bytes=2519 (2.5 KiB) mtime_utc=2026-07-07T15:11:50+00:00
  w2_tile_topology.0016.log bytes=2519 (2.5 KiB) mtime_utc=2026-07-07T15:11:50+00:00
  w2_tile_topology.0017.log bytes=2519 (2.5 KiB) mtime_utc=2026-07-07T15:11:50+00:00
  w2_tile_topology.0018.log bytes=2519 (2.5 KiB) mtime_utc=2026-07-07T15:11:50+00:00
  w2_tile_topology.0019.log bytes=2519 (2.5 KiB) mtime_utc=2026-07-07T15:11:50+00:00
  w2_tile_topology.0020.log bytes=2519 (2.5 KiB) mtime_utc=2026-07-07T15:11:50+00:00
  w2_tile_topology.0021.log bytes=2519 (2.5 KiB) mtime_utc=2026-07-07T15:11:50+00:00
  w2_tile_topology.0022.log bytes=2519 (2.5 KiB) mtime_utc=2026-07-07T15:11:50+00:00
  w2_tile_topology.0023.log bytes=2519 (2.5 KiB) mtime_utc=2026-07-07T15:11:50+00:00
  w2_tile_topology.0024.log bytes=2519 (2.5 KiB) mtime_utc=2026-07-07T15:11:50+00:00
  w2_tile_topology.0025.log bytes=2519 (2.5 KiB) mtime_utc=2026-07-07T15:11:50+00:00
  w2_tile_topology.0026.log bytes=2519 (2.5 KiB) mtime_utc=2026-07-07T15:11:50+00:00
  w2_tile_topology.0027.log bytes=2519 (2.5 KiB) mtime_utc=2026-07-07T15:11:50+00:00
  w2_tile_topology.0028.log bytes=2519 (2.5 KiB) mtime_utc=2026-07-07T15:11:50+00:00
  w2_tile_topology.0029.log bytes=2519 (2.5 KiB) mtime_utc=2026-07-07T15:11:50+00:00
