MITgcm run inventory
generated_utc: 2026-06-16T09:33:55+00:00
run_dir: Sandbox/vortexSphere_Williamson_TC6/run_standard
case_code: TC6
alpha_label: 0
log_file: run_inventory.log

Summary
  run_dir_files: 457
  run_dir_bytes: 2307977539 (2.1 GiB)
  run_output_groups: 38
  requested_diagnostic_streams: 3
  generated_product_dirs: 2
  generated_product_files: 81
  plotted_files: 78
  computed_files: 1
  docs_indexed_assets: 12

Diagnostics request
  data_diagnostics: Sandbox/vortexSphere_Williamson_TC6/run_standard/data.diagnostics
  available_diagnostics: Sandbox/vortexSphere_Williamson_TC6/run_standard/available_diagnostics.log
  [diagnostics stream 2] fileName=dyn_Aux frequency=-86400. phase=0.
    WVELMASS: units=m/s; levels=1; title=Vertical Mass-Weighted Comp of Velocity
    PhiVEL: units=m^2/s; levels=1; title=Horizontal Velocity Potential (m^2/s)
    PsiVEL: units=m.m^2/s; levels=1; title=Horizontal Velocity Stream-Function
  [diagnostics stream 3] fileName=dynDiag frequency=-86400. phase=0.
    UVEL: units=m/s; levels=1; title=Zonal Component of Velocity (m/s)
    VVEL: units=m/s; levels=1; title=Meridional Component of Velocity (m/s)
    ETAN: units=m; levels=1; title=Surface Height Anomaly
    ETANSQ: units=m^2; levels=1; title=Square of Surface Height Anomaly
    momKE: units=m^2/s^2; levels=1; title=Kinetic Energy (in momentum Eq.)
  [statistics stream 1] fileName=dynStDiag frequency=-86400. phase=0.
    ETAN: units=m; levels=1; title=Surface Height Anomaly
    ETANSQ: units=m^2; levels=1; title=Square of Surface Height Anomaly
    momKE: units=m^2/s^2; levels=1; title=Kinetic Energy (in momentum Eq.)

Run directory outputs
  DRC: data=1 meta=1 iterations=none bytes=165 (165 B)
  DRF: data=1 meta=1 iterations=none bytes=137 (137 B)
  DXC: data=1 meta=1 iterations=none bytes=8294529 (7.9 MiB)
  DXF: data=1 meta=1 iterations=none bytes=8294529 (7.9 MiB)
  DXG: data=1 meta=1 iterations=none bytes=8294529 (7.9 MiB)
  DXV: data=1 meta=1 iterations=none bytes=8294529 (7.9 MiB)
  DYC: data=1 meta=1 iterations=none bytes=8294529 (7.9 MiB)
  DYF: data=1 meta=1 iterations=none bytes=8294529 (7.9 MiB)
  DYG: data=1 meta=1 iterations=none bytes=8294529 (7.9 MiB)
  DYU: data=1 meta=1 iterations=none bytes=8294529 (7.9 MiB)
  Depth: data=1 meta=1 iterations=none bytes=8294529 (7.9 MiB)
  Eta: data=15 meta=15 iterations=0..40320 (15) bytes=124418445 (118.7 MiB)
  PH: data=14 meta=14 iterations=2880..40320 (14) bytes=116123882 (110.7 MiB)
  PHL: data=14 meta=14 iterations=2880..40320 (14) bytes=116123882 (110.7 MiB)
  PHrefC: data=1 meta=1 iterations=none bytes=137 (137 B)
  PHrefF: data=1 meta=1 iterations=none bytes=165 (165 B)
  RAC: data=1 meta=1 iterations=none bytes=8294529 (7.9 MiB)
  RAS: data=1 meta=1 iterations=none bytes=8294529 (7.9 MiB)
  RAW: data=1 meta=1 iterations=none bytes=8294529 (7.9 MiB)
  RAZ: data=1 meta=1 iterations=none bytes=8294529 (7.9 MiB)
  RC: data=1 meta=1 iterations=none bytes=137 (137 B)
  RF: data=1 meta=1 iterations=none bytes=165 (165 B)
  RhoRef: data=1 meta=1 iterations=none bytes=137 (137 B)
  S: data=15 meta=15 iterations=0..40320 (15) bytes=124418445 (118.7 MiB)
  T: data=15 meta=15 iterations=0..40320 (15) bytes=124418445 (118.7 MiB)
  U: data=15 meta=15 iterations=0..40320 (15) bytes=124418445 (118.7 MiB)
  V: data=15 meta=15 iterations=0..40320 (15) bytes=124418445 (118.7 MiB)
  W: data=15 meta=15 iterations=0..40320 (15) bytes=124418445 (118.7 MiB)
  XC: data=1 meta=1 iterations=none bytes=8294529 (7.9 MiB)
  XG: data=1 meta=1 iterations=none bytes=8294529 (7.9 MiB)
  YC: data=1 meta=1 iterations=none bytes=8294529 (7.9 MiB)
  YG: data=1 meta=1 iterations=none bytes=8294529 (7.9 MiB)
  dynDiag: data=14 meta=14 iterations=0..37440 (14) bytes=580612746 (553.7 MiB)
  dyn_Aux: data=14 meta=14 iterations=0..37440 (14) bytes=348369238 (332.2 MiB)
  hFacC: data=1 meta=1 iterations=none bytes=8294529 (7.9 MiB)
  hFacS: data=1 meta=1 iterations=none bytes=8294529 (7.9 MiB)
  hFacW: data=1 meta=1 iterations=none bytes=8294529 (7.9 MiB)
  pickup.ckptA: data=1 meta=1 iterations=none bytes=74649940 (71.2 MiB)

Generated products
  output_dir: Sandbox/output/TestCase6/Diagnosis/postprocessing/alpha_0
    case=TC6 product=postprocessing alpha=0
    saved: postprocessing_values.csv, postprocessing_mass.pdf, postprocessing_mass.png, postprocessing_vorticity_pv.pdf, postprocessing_vorticity_pv.png, postprocessing_energies.pdf, postprocessing_energies.png
    fields: {"conserved_scalar": null, "eta": "Eta", "kinetic_energy": "computed_from_velocity", "u": "U", "v": "V", "vorticity": "computed_from_velocity"}
    plotted_files: 6
      Sandbox/output/TestCase6/Diagnosis/postprocessing/alpha_0/postprocessing_energies.pdf
      Sandbox/output/TestCase6/Diagnosis/postprocessing/alpha_0/postprocessing_energies.png
      Sandbox/output/TestCase6/Diagnosis/postprocessing/alpha_0/postprocessing_mass.pdf
      Sandbox/output/TestCase6/Diagnosis/postprocessing/alpha_0/postprocessing_mass.png
      Sandbox/output/TestCase6/Diagnosis/postprocessing/alpha_0/postprocessing_vorticity_pv.pdf
      Sandbox/output/TestCase6/Diagnosis/postprocessing/alpha_0/postprocessing_vorticity_pv.png
    computed_files: 1
      Sandbox/output/TestCase6/Diagnosis/postprocessing/alpha_0/postprocessing_values.csv
    other_files: 1
      Sandbox/output/TestCase6/Diagnosis/postprocessing/alpha_0/manifest.json
  output_dir: Sandbox/output/TestCase6/Snapshots/alpha_0
    case=TC6 product=snapshots alpha=0
    saved: eta, etan, psi, phi, velocity_magnitude
    plotted_files: 72
      Sandbox/output/TestCase6/Snapshots/alpha_0/eta/tc6_eta_day_00.00_iter_0000000000.png
      Sandbox/output/TestCase6/Snapshots/alpha_0/eta/tc6_eta_day_01.00_iter_0000002880.png
      Sandbox/output/TestCase6/Snapshots/alpha_0/eta/tc6_eta_day_02.00_iter_0000005760.png
      Sandbox/output/TestCase6/Snapshots/alpha_0/eta/tc6_eta_day_03.00_iter_0000008640.png
      Sandbox/output/TestCase6/Snapshots/alpha_0/eta/tc6_eta_day_04.00_iter_0000011520.png
      Sandbox/output/TestCase6/Snapshots/alpha_0/eta/tc6_eta_day_05.00_iter_0000014400.png
      Sandbox/output/TestCase6/Snapshots/alpha_0/eta/tc6_eta_day_06.00_iter_0000017280.png
      Sandbox/output/TestCase6/Snapshots/alpha_0/eta/tc6_eta_day_07.00_iter_0000020160.png
      Sandbox/output/TestCase6/Snapshots/alpha_0/eta/tc6_eta_day_08.00_iter_0000023040.png
      Sandbox/output/TestCase6/Snapshots/alpha_0/eta/tc6_eta_day_09.00_iter_0000025920.png
      Sandbox/output/TestCase6/Snapshots/alpha_0/eta/tc6_eta_day_10.00_iter_0000028800.png
      Sandbox/output/TestCase6/Snapshots/alpha_0/eta/tc6_eta_day_11.00_iter_0000031680.png
      Sandbox/output/TestCase6/Snapshots/alpha_0/eta/tc6_eta_day_12.00_iter_0000034560.png
      Sandbox/output/TestCase6/Snapshots/alpha_0/eta/tc6_eta_day_13.00_iter_0000037440.png
      Sandbox/output/TestCase6/Snapshots/alpha_0/eta/tc6_eta_day_14.00_iter_0000040320.png
      Sandbox/output/TestCase6/Snapshots/alpha_0/etan/tc6_etan_day_00.00_iter_0000000000.png
      Sandbox/output/TestCase6/Snapshots/alpha_0/etan/tc6_etan_day_01.00_iter_0000002880.png
      Sandbox/output/TestCase6/Snapshots/alpha_0/etan/tc6_etan_day_02.00_iter_0000005760.png
      Sandbox/output/TestCase6/Snapshots/alpha_0/etan/tc6_etan_day_03.00_iter_0000008640.png
      Sandbox/output/TestCase6/Snapshots/alpha_0/etan/tc6_etan_day_04.00_iter_0000011520.png
      Sandbox/output/TestCase6/Snapshots/alpha_0/etan/tc6_etan_day_05.00_iter_0000014400.png
      Sandbox/output/TestCase6/Snapshots/alpha_0/etan/tc6_etan_day_06.00_iter_0000017280.png
      Sandbox/output/TestCase6/Snapshots/alpha_0/etan/tc6_etan_day_07.00_iter_0000020160.png
      Sandbox/output/TestCase6/Snapshots/alpha_0/etan/tc6_etan_day_08.00_iter_0000023040.png
      Sandbox/output/TestCase6/Snapshots/alpha_0/etan/tc6_etan_day_09.00_iter_0000025920.png
      Sandbox/output/TestCase6/Snapshots/alpha_0/etan/tc6_etan_day_10.00_iter_0000028800.png
      Sandbox/output/TestCase6/Snapshots/alpha_0/etan/tc6_etan_day_11.00_iter_0000031680.png
      Sandbox/output/TestCase6/Snapshots/alpha_0/etan/tc6_etan_day_12.00_iter_0000034560.png
      Sandbox/output/TestCase6/Snapshots/alpha_0/etan/tc6_etan_day_13.00_iter_0000037440.png
      Sandbox/output/TestCase6/Snapshots/alpha_0/phi/tc6_phi_day_00.00_iter_0000000000.png
      Sandbox/output/TestCase6/Snapshots/alpha_0/phi/tc6_phi_day_01.00_iter_0000002880.png
      Sandbox/output/TestCase6/Snapshots/alpha_0/phi/tc6_phi_day_02.00_iter_0000005760.png
      Sandbox/output/TestCase6/Snapshots/alpha_0/phi/tc6_phi_day_03.00_iter_0000008640.png
      Sandbox/output/TestCase6/Snapshots/alpha_0/phi/tc6_phi_day_04.00_iter_0000011520.png
      Sandbox/output/TestCase6/Snapshots/alpha_0/phi/tc6_phi_day_05.00_iter_0000014400.png
      Sandbox/output/TestCase6/Snapshots/alpha_0/phi/tc6_phi_day_06.00_iter_0000017280.png
      Sandbox/output/TestCase6/Snapshots/alpha_0/phi/tc6_phi_day_07.00_iter_0000020160.png
      Sandbox/output/TestCase6/Snapshots/alpha_0/phi/tc6_phi_day_08.00_iter_0000023040.png
      Sandbox/output/TestCase6/Snapshots/alpha_0/phi/tc6_phi_day_09.00_iter_0000025920.png
      Sandbox/output/TestCase6/Snapshots/alpha_0/phi/tc6_phi_day_10.00_iter_0000028800.png
      Sandbox/output/TestCase6/Snapshots/alpha_0/phi/tc6_phi_day_11.00_iter_0000031680.png
      Sandbox/output/TestCase6/Snapshots/alpha_0/phi/tc6_phi_day_12.00_iter_0000034560.png
      Sandbox/output/TestCase6/Snapshots/alpha_0/phi/tc6_phi_day_13.00_iter_0000037440.png
      Sandbox/output/TestCase6/Snapshots/alpha_0/psi/tc6_psi_day_00.00_iter_0000000000.png
      Sandbox/output/TestCase6/Snapshots/alpha_0/psi/tc6_psi_day_01.00_iter_0000002880.png
      Sandbox/output/TestCase6/Snapshots/alpha_0/psi/tc6_psi_day_02.00_iter_0000005760.png
      Sandbox/output/TestCase6/Snapshots/alpha_0/psi/tc6_psi_day_03.00_iter_0000008640.png
      Sandbox/output/TestCase6/Snapshots/alpha_0/psi/tc6_psi_day_04.00_iter_0000011520.png
      Sandbox/output/TestCase6/Snapshots/alpha_0/psi/tc6_psi_day_05.00_iter_0000014400.png
      Sandbox/output/TestCase6/Snapshots/alpha_0/psi/tc6_psi_day_06.00_iter_0000017280.png
      Sandbox/output/TestCase6/Snapshots/alpha_0/psi/tc6_psi_day_07.00_iter_0000020160.png
      Sandbox/output/TestCase6/Snapshots/alpha_0/psi/tc6_psi_day_08.00_iter_0000023040.png
      Sandbox/output/TestCase6/Snapshots/alpha_0/psi/tc6_psi_day_09.00_iter_0000025920.png
      Sandbox/output/TestCase6/Snapshots/alpha_0/psi/tc6_psi_day_10.00_iter_0000028800.png
      Sandbox/output/TestCase6/Snapshots/alpha_0/psi/tc6_psi_day_11.00_iter_0000031680.png
      Sandbox/output/TestCase6/Snapshots/alpha_0/psi/tc6_psi_day_12.00_iter_0000034560.png
      Sandbox/output/TestCase6/Snapshots/alpha_0/psi/tc6_psi_day_13.00_iter_0000037440.png
      Sandbox/output/TestCase6/Snapshots/alpha_0/velocity_magnitude/tc6_velocity_magnitude_day_00.00_iter_0000000000.png
      Sandbox/output/TestCase6/Snapshots/alpha_0/velocity_magnitude/tc6_velocity_magnitude_day_01.00_iter_0000002880.png
      Sandbox/output/TestCase6/Snapshots/alpha_0/velocity_magnitude/tc6_velocity_magnitude_day_02.00_iter_0000005760.png
      Sandbox/output/TestCase6/Snapshots/alpha_0/velocity_magnitude/tc6_velocity_magnitude_day_03.00_iter_0000008640.png
      Sandbox/output/TestCase6/Snapshots/alpha_0/velocity_magnitude/tc6_velocity_magnitude_day_04.00_iter_0000011520.png
      Sandbox/output/TestCase6/Snapshots/alpha_0/velocity_magnitude/tc6_velocity_magnitude_day_05.00_iter_0000014400.png
      Sandbox/output/TestCase6/Snapshots/alpha_0/velocity_magnitude/tc6_velocity_magnitude_day_06.00_iter_0000017280.png
      Sandbox/output/TestCase6/Snapshots/alpha_0/velocity_magnitude/tc6_velocity_magnitude_day_07.00_iter_0000020160.png
      Sandbox/output/TestCase6/Snapshots/alpha_0/velocity_magnitude/tc6_velocity_magnitude_day_08.00_iter_0000023040.png
      Sandbox/output/TestCase6/Snapshots/alpha_0/velocity_magnitude/tc6_velocity_magnitude_day_09.00_iter_0000025920.png
      Sandbox/output/TestCase6/Snapshots/alpha_0/velocity_magnitude/tc6_velocity_magnitude_day_10.00_iter_0000028800.png
      Sandbox/output/TestCase6/Snapshots/alpha_0/velocity_magnitude/tc6_velocity_magnitude_day_11.00_iter_0000031680.png
      Sandbox/output/TestCase6/Snapshots/alpha_0/velocity_magnitude/tc6_velocity_magnitude_day_12.00_iter_0000034560.png
      Sandbox/output/TestCase6/Snapshots/alpha_0/velocity_magnitude/tc6_velocity_magnitude_day_13.00_iter_0000037440.png
      Sandbox/output/TestCase6/Snapshots/alpha_0/velocity_magnitude/tc6_velocity_magnitude_day_14.00_iter_0000040320.png
    computed_files: 0
    other_files: 1
      Sandbox/output/TestCase6/Snapshots/alpha_0/manifest.json

Sent to docs index
  output: Sandbox/output/TestCase6/Snapshots/alpha_0/eta/tc6_eta_day_00.00_iter_0000000000.png
    docs_asset: docs/assets/williamson/TestCase6/Snapshots/alpha_0/eta/tc6_eta_day_00.00_iter_0000000000.png
    referenced_by: docs/fragments/testcase6.html, docs/index.html
  output: Sandbox/output/TestCase6/Snapshots/alpha_0/eta/tc6_eta_day_07.00_iter_0000020160.png
    docs_asset: docs/assets/williamson/TestCase6/Snapshots/alpha_0/eta/tc6_eta_day_07.00_iter_0000020160.png
    referenced_by: docs/fragments/testcase6.html, docs/index.html
  output: Sandbox/output/TestCase6/Snapshots/alpha_0/eta/tc6_eta_day_14.00_iter_0000040320.png
    docs_asset: docs/assets/williamson/TestCase6/Snapshots/alpha_0/eta/tc6_eta_day_14.00_iter_0000040320.png
    referenced_by: docs/fragments/testcase6.html, docs/index.html
  output: Sandbox/output/TestCase6/Snapshots/alpha_0/etan/tc6_etan_day_00.00_iter_0000000000.png
    docs_asset: docs/assets/williamson/TestCase6/Snapshots/alpha_0/etan/tc6_etan_day_00.00_iter_0000000000.png
    referenced_by: docs/fragments/testcase6.html, docs/index.html
  output: Sandbox/output/TestCase6/Snapshots/alpha_0/etan/tc6_etan_day_07.00_iter_0000020160.png
    docs_asset: docs/assets/williamson/TestCase6/Snapshots/alpha_0/etan/tc6_etan_day_07.00_iter_0000020160.png
    referenced_by: docs/fragments/testcase6.html, docs/index.html
  output: Sandbox/output/TestCase6/Snapshots/alpha_0/phi/tc6_phi_day_00.00_iter_0000000000.png
    docs_asset: docs/assets/williamson/TestCase6/Snapshots/alpha_0/phi/tc6_phi_day_00.00_iter_0000000000.png
    referenced_by: docs/fragments/testcase6.html, docs/index.html
  output: Sandbox/output/TestCase6/Snapshots/alpha_0/phi/tc6_phi_day_07.00_iter_0000020160.png
    docs_asset: docs/assets/williamson/TestCase6/Snapshots/alpha_0/phi/tc6_phi_day_07.00_iter_0000020160.png
    referenced_by: docs/fragments/testcase6.html, docs/index.html
  output: Sandbox/output/TestCase6/Snapshots/alpha_0/psi/tc6_psi_day_00.00_iter_0000000000.png
    docs_asset: docs/assets/williamson/TestCase6/Snapshots/alpha_0/psi/tc6_psi_day_00.00_iter_0000000000.png
    referenced_by: docs/fragments/testcase6.html, docs/index.html
  output: Sandbox/output/TestCase6/Snapshots/alpha_0/psi/tc6_psi_day_07.00_iter_0000020160.png
    docs_asset: docs/assets/williamson/TestCase6/Snapshots/alpha_0/psi/tc6_psi_day_07.00_iter_0000020160.png
    referenced_by: docs/fragments/testcase6.html, docs/index.html
  output: Sandbox/output/TestCase6/Snapshots/alpha_0/velocity_magnitude/tc6_velocity_magnitude_day_00.00_iter_0000000000.png
    docs_asset: docs/assets/williamson/TestCase6/Snapshots/alpha_0/velocity_magnitude/tc6_velocity_magnitude_day_00.00_iter_0000000000.png
    referenced_by: docs/fragments/testcase6.html, docs/index.html
  output: Sandbox/output/TestCase6/Snapshots/alpha_0/velocity_magnitude/tc6_velocity_magnitude_day_07.00_iter_0000020160.png
    docs_asset: docs/assets/williamson/TestCase6/Snapshots/alpha_0/velocity_magnitude/tc6_velocity_magnitude_day_07.00_iter_0000020160.png
    referenced_by: docs/fragments/testcase6.html, docs/index.html
  output: Sandbox/output/TestCase6/Snapshots/alpha_0/velocity_magnitude/tc6_velocity_magnitude_day_14.00_iter_0000040320.png
    docs_asset: docs/assets/williamson/TestCase6/Snapshots/alpha_0/velocity_magnitude/tc6_velocity_magnitude_day_14.00_iter_0000040320.png
    referenced_by: docs/fragments/testcase6.html, docs/index.html

Run directory file manifest
  DRC.data bytes=16 (16 B) mtime_utc=2026-06-16T01:09:22+00:00
  DRC.meta bytes=149 (149 B) mtime_utc=2026-06-16T01:09:22+00:00
  DRF.data bytes=8 (8 B) mtime_utc=2026-06-16T01:09:22+00:00
  DRF.meta bytes=129 (129 B) mtime_utc=2026-06-16T01:09:22+00:00
  DXC.data bytes=8294400 (7.9 MiB) mtime_utc=2026-06-16T01:09:09+00:00
  DXC.meta bytes=129 (129 B) mtime_utc=2026-06-16T01:09:19+00:00
  DXF.data bytes=8294400 (7.9 MiB) mtime_utc=2026-06-16T01:09:10+00:00
  DXF.meta bytes=129 (129 B) mtime_utc=2026-06-16T01:09:19+00:00
  DXG.data bytes=8294400 (7.9 MiB) mtime_utc=2026-06-16T01:09:09+00:00
  DXG.meta bytes=129 (129 B) mtime_utc=2026-06-16T01:09:19+00:00
  DXV.data bytes=8294400 (7.9 MiB) mtime_utc=2026-06-16T01:09:10+00:00
  DXV.meta bytes=129 (129 B) mtime_utc=2026-06-16T01:09:20+00:00
  DYC.data bytes=8294400 (7.9 MiB) mtime_utc=2026-06-16T01:09:10+00:00
  DYC.meta bytes=129 (129 B) mtime_utc=2026-06-16T01:09:19+00:00
  DYF.data bytes=8294400 (7.9 MiB) mtime_utc=2026-06-16T01:09:10+00:00
  DYF.meta bytes=129 (129 B) mtime_utc=2026-06-16T01:09:19+00:00
  DYG.data bytes=8294400 (7.9 MiB) mtime_utc=2026-06-16T01:09:09+00:00
  DYG.meta bytes=129 (129 B) mtime_utc=2026-06-16T01:09:19+00:00
  DYU.data bytes=8294400 (7.9 MiB) mtime_utc=2026-06-16T01:09:11+00:00
  DYU.meta bytes=129 (129 B) mtime_utc=2026-06-16T01:09:20+00:00
  Depth.data bytes=8294400 (7.9 MiB) mtime_utc=2026-06-16T01:09:11+00:00
  Depth.meta bytes=129 (129 B) mtime_utc=2026-06-16T01:09:21+00:00
  Eta.0000000000.data bytes=8294400 (7.9 MiB) mtime_utc=2026-06-16T01:09:14+00:00
  Eta.0000000000.meta bytes=163 (163 B) mtime_utc=2026-06-16T01:09:24+00:00
  Eta.0000002880.data bytes=8294400 (7.9 MiB) mtime_utc=2026-06-16T01:15:20+00:00
  Eta.0000002880.meta bytes=163 (163 B) mtime_utc=2026-06-16T01:15:30+00:00
  Eta.0000005760.data bytes=8294400 (7.9 MiB) mtime_utc=2026-06-16T01:21:19+00:00
  Eta.0000005760.meta bytes=163 (163 B) mtime_utc=2026-06-16T01:21:29+00:00
  Eta.0000008640.data bytes=8294400 (7.9 MiB) mtime_utc=2026-06-16T01:27:15+00:00
  Eta.0000008640.meta bytes=163 (163 B) mtime_utc=2026-06-16T01:27:25+00:00
  Eta.0000011520.data bytes=8294400 (7.9 MiB) mtime_utc=2026-06-16T01:33:17+00:00
  Eta.0000011520.meta bytes=163 (163 B) mtime_utc=2026-06-16T01:33:27+00:00
  Eta.0000014400.data bytes=8294400 (7.9 MiB) mtime_utc=2026-06-16T01:39:23+00:00
  Eta.0000014400.meta bytes=163 (163 B) mtime_utc=2026-06-16T01:39:33+00:00
  Eta.0000017280.data bytes=8294400 (7.9 MiB) mtime_utc=2026-06-16T01:45:25+00:00
  Eta.0000017280.meta bytes=163 (163 B) mtime_utc=2026-06-16T01:45:34+00:00
  Eta.0000020160.data bytes=8294400 (7.9 MiB) mtime_utc=2026-06-16T01:51:28+00:00
  Eta.0000020160.meta bytes=163 (163 B) mtime_utc=2026-06-16T01:51:38+00:00
  Eta.0000023040.data bytes=8294400 (7.9 MiB) mtime_utc=2026-06-16T01:57:33+00:00
  Eta.0000023040.meta bytes=163 (163 B) mtime_utc=2026-06-16T01:57:42+00:00
  Eta.0000025920.data bytes=8294400 (7.9 MiB) mtime_utc=2026-06-16T02:03:40+00:00
  Eta.0000025920.meta bytes=163 (163 B) mtime_utc=2026-06-16T02:03:45+00:00
  Eta.0000028800.data bytes=8294400 (7.9 MiB) mtime_utc=2026-06-16T02:09:49+00:00
  Eta.0000028800.meta bytes=163 (163 B) mtime_utc=2026-06-16T02:09:59+00:00
  Eta.0000031680.data bytes=8294400 (7.9 MiB) mtime_utc=2026-06-16T02:16:01+00:00
  Eta.0000031680.meta bytes=163 (163 B) mtime_utc=2026-06-16T02:16:10+00:00
  Eta.0000034560.data bytes=8294400 (7.9 MiB) mtime_utc=2026-06-16T02:22:10+00:00
  Eta.0000034560.meta bytes=163 (163 B) mtime_utc=2026-06-16T02:22:20+00:00
  Eta.0000037440.data bytes=8294400 (7.9 MiB) mtime_utc=2026-06-16T02:28:16+00:00
  Eta.0000037440.meta bytes=163 (163 B) mtime_utc=2026-06-16T02:28:25+00:00
  Eta.0000040320.data bytes=8294400 (7.9 MiB) mtime_utc=2026-06-16T02:34:26+00:00
  Eta.0000040320.meta bytes=163 (163 B) mtime_utc=2026-06-16T02:34:35+00:00
  PH.0000002880.data bytes=8294400 (7.9 MiB) mtime_utc=2026-06-16T01:15:20+00:00
  PH.0000002880.meta bytes=163 (163 B) mtime_utc=2026-06-16T01:15:30+00:00
  PH.0000005760.data bytes=8294400 (7.9 MiB) mtime_utc=2026-06-16T01:21:20+00:00
  PH.0000005760.meta bytes=163 (163 B) mtime_utc=2026-06-16T01:21:29+00:00
  PH.0000008640.data bytes=8294400 (7.9 MiB) mtime_utc=2026-06-16T01:27:16+00:00
  PH.0000008640.meta bytes=163 (163 B) mtime_utc=2026-06-16T01:27:25+00:00
  PH.0000011520.data bytes=8294400 (7.9 MiB) mtime_utc=2026-06-16T01:33:18+00:00
  PH.0000011520.meta bytes=163 (163 B) mtime_utc=2026-06-16T01:33:27+00:00
  PH.0000014400.data bytes=8294400 (7.9 MiB) mtime_utc=2026-06-16T01:39:23+00:00
  PH.0000014400.meta bytes=163 (163 B) mtime_utc=2026-06-16T01:39:33+00:00
  PH.0000017280.data bytes=8294400 (7.9 MiB) mtime_utc=2026-06-16T01:45:25+00:00
  PH.0000017280.meta bytes=163 (163 B) mtime_utc=2026-06-16T01:45:34+00:00
  PH.0000020160.data bytes=8294400 (7.9 MiB) mtime_utc=2026-06-16T01:51:29+00:00
  PH.0000020160.meta bytes=163 (163 B) mtime_utc=2026-06-16T01:51:39+00:00
  PH.0000023040.data bytes=8294400 (7.9 MiB) mtime_utc=2026-06-16T01:57:33+00:00
  PH.0000023040.meta bytes=163 (163 B) mtime_utc=2026-06-16T01:57:42+00:00
  PH.0000025920.data bytes=8294400 (7.9 MiB) mtime_utc=2026-06-16T02:03:40+00:00
  PH.0000025920.meta bytes=163 (163 B) mtime_utc=2026-06-16T02:03:45+00:00
  PH.0000028800.data bytes=8294400 (7.9 MiB) mtime_utc=2026-06-16T02:09:49+00:00
  PH.0000028800.meta bytes=163 (163 B) mtime_utc=2026-06-16T02:09:59+00:00
  PH.0000031680.data bytes=8294400 (7.9 MiB) mtime_utc=2026-06-16T02:16:01+00:00
  PH.0000031680.meta bytes=163 (163 B) mtime_utc=2026-06-16T02:16:10+00:00
  PH.0000034560.data bytes=8294400 (7.9 MiB) mtime_utc=2026-06-16T02:22:10+00:00
  PH.0000034560.meta bytes=163 (163 B) mtime_utc=2026-06-16T02:22:20+00:00
  PH.0000037440.data bytes=8294400 (7.9 MiB) mtime_utc=2026-06-16T02:28:16+00:00
  PH.0000037440.meta bytes=163 (163 B) mtime_utc=2026-06-16T02:28:26+00:00
  PH.0000040320.data bytes=8294400 (7.9 MiB) mtime_utc=2026-06-16T02:34:26+00:00
  PH.0000040320.meta bytes=163 (163 B) mtime_utc=2026-06-16T02:34:36+00:00
  PHL.0000002880.data bytes=8294400 (7.9 MiB) mtime_utc=2026-06-16T01:15:21+00:00
  PHL.0000002880.meta bytes=163 (163 B) mtime_utc=2026-06-16T01:15:30+00:00
  PHL.0000005760.data bytes=8294400 (7.9 MiB) mtime_utc=2026-06-16T01:21:20+00:00
  PHL.0000005760.meta bytes=163 (163 B) mtime_utc=2026-06-16T01:21:30+00:00
  PHL.0000008640.data bytes=8294400 (7.9 MiB) mtime_utc=2026-06-16T01:27:16+00:00
  PHL.0000008640.meta bytes=163 (163 B) mtime_utc=2026-06-16T01:27:25+00:00
  PHL.0000011520.data bytes=8294400 (7.9 MiB) mtime_utc=2026-06-16T01:33:18+00:00
  PHL.0000011520.meta bytes=163 (163 B) mtime_utc=2026-06-16T01:33:27+00:00
  PHL.0000014400.data bytes=8294400 (7.9 MiB) mtime_utc=2026-06-16T01:39:24+00:00
  PHL.0000014400.meta bytes=163 (163 B) mtime_utc=2026-06-16T01:39:33+00:00
  PHL.0000017280.data bytes=8294400 (7.9 MiB) mtime_utc=2026-06-16T01:45:25+00:00
  PHL.0000017280.meta bytes=163 (163 B) mtime_utc=2026-06-16T01:45:35+00:00
  PHL.0000020160.data bytes=8294400 (7.9 MiB) mtime_utc=2026-06-16T01:51:29+00:00
  PHL.0000020160.meta bytes=163 (163 B) mtime_utc=2026-06-16T01:51:39+00:00
  PHL.0000023040.data bytes=8294400 (7.9 MiB) mtime_utc=2026-06-16T01:57:33+00:00
  PHL.0000023040.meta bytes=163 (163 B) mtime_utc=2026-06-16T01:57:43+00:00
  PHL.0000025920.data bytes=8294400 (7.9 MiB) mtime_utc=2026-06-16T02:03:40+00:00
  PHL.0000025920.meta bytes=163 (163 B) mtime_utc=2026-06-16T02:03:45+00:00
  PHL.0000028800.data bytes=8294400 (7.9 MiB) mtime_utc=2026-06-16T02:09:49+00:00
  PHL.0000028800.meta bytes=163 (163 B) mtime_utc=2026-06-16T02:09:59+00:00
  PHL.0000031680.data bytes=8294400 (7.9 MiB) mtime_utc=2026-06-16T02:16:01+00:00
  PHL.0000031680.meta bytes=163 (163 B) mtime_utc=2026-06-16T02:16:11+00:00
  PHL.0000034560.data bytes=8294400 (7.9 MiB) mtime_utc=2026-06-16T02:22:10+00:00
  PHL.0000034560.meta bytes=163 (163 B) mtime_utc=2026-06-16T02:22:20+00:00
  PHL.0000037440.data bytes=8294400 (7.9 MiB) mtime_utc=2026-06-16T02:28:16+00:00
  PHL.0000037440.meta bytes=163 (163 B) mtime_utc=2026-06-16T02:28:26+00:00
  PHL.0000040320.data bytes=8294400 (7.9 MiB) mtime_utc=2026-06-16T02:34:27+00:00
  PHL.0000040320.meta bytes=163 (163 B) mtime_utc=2026-06-16T02:34:36+00:00
  PHrefC.data bytes=8 (8 B) mtime_utc=2026-06-16T01:09:22+00:00
  PHrefC.meta bytes=129 (129 B) mtime_utc=2026-06-16T01:09:22+00:00
  PHrefF.data bytes=16 (16 B) mtime_utc=2026-06-16T01:09:22+00:00
  PHrefF.meta bytes=149 (149 B) mtime_utc=2026-06-16T01:09:22+00:00
  RAC.data bytes=8294400 (7.9 MiB) mtime_utc=2026-06-16T01:09:09+00:00
  RAC.meta bytes=129 (129 B) mtime_utc=2026-06-16T01:09:18+00:00
  RAS.data bytes=8294400 (7.9 MiB) mtime_utc=2026-06-16T01:09:09+00:00
  RAS.meta bytes=129 (129 B) mtime_utc=2026-06-16T01:09:19+00:00
  RAW.data bytes=8294400 (7.9 MiB) mtime_utc=2026-06-16T01:09:09+00:00
  RAW.meta bytes=129 (129 B) mtime_utc=2026-06-16T01:09:18+00:00
  RAZ.data bytes=8294400 (7.9 MiB) mtime_utc=2026-06-16T01:09:09+00:00
  RAZ.meta bytes=129 (129 B) mtime_utc=2026-06-16T01:09:19+00:00
  RC.data bytes=8 (8 B) mtime_utc=2026-06-16T01:09:22+00:00
  RC.meta bytes=129 (129 B) mtime_utc=2026-06-16T01:09:22+00:00
  RF.data bytes=16 (16 B) mtime_utc=2026-06-16T01:09:22+00:00
  RF.meta bytes=149 (149 B) mtime_utc=2026-06-16T01:09:22+00:00
  RhoRef.data bytes=8 (8 B) mtime_utc=2026-06-16T01:09:17+00:00
  RhoRef.meta bytes=129 (129 B) mtime_utc=2026-06-16T01:09:17+00:00
  S.0000000000.data bytes=8294400 (7.9 MiB) mtime_utc=2026-06-16T01:09:14+00:00
  S.0000000000.meta bytes=163 (163 B) mtime_utc=2026-06-16T01:09:23+00:00
  S.0000002880.data bytes=8294400 (7.9 MiB) mtime_utc=2026-06-16T01:15:20+00:00
  S.0000002880.meta bytes=163 (163 B) mtime_utc=2026-06-16T01:15:30+00:00
  S.0000005760.data bytes=8294400 (7.9 MiB) mtime_utc=2026-06-16T01:21:19+00:00
  S.0000005760.meta bytes=163 (163 B) mtime_utc=2026-06-16T01:21:29+00:00
  S.0000008640.data bytes=8294400 (7.9 MiB) mtime_utc=2026-06-16T01:27:15+00:00
  S.0000008640.meta bytes=163 (163 B) mtime_utc=2026-06-16T01:27:25+00:00
  S.0000011520.data bytes=8294400 (7.9 MiB) mtime_utc=2026-06-16T01:33:17+00:00
  S.0000011520.meta bytes=163 (163 B) mtime_utc=2026-06-16T01:33:27+00:00
  S.0000014400.data bytes=8294400 (7.9 MiB) mtime_utc=2026-06-16T01:39:23+00:00
  S.0000014400.meta bytes=163 (163 B) mtime_utc=2026-06-16T01:39:33+00:00
  S.0000017280.data bytes=8294400 (7.9 MiB) mtime_utc=2026-06-16T01:45:24+00:00
  S.0000017280.meta bytes=163 (163 B) mtime_utc=2026-06-16T01:45:34+00:00
  S.0000020160.data bytes=8294400 (7.9 MiB) mtime_utc=2026-06-16T01:51:28+00:00
  S.0000020160.meta bytes=163 (163 B) mtime_utc=2026-06-16T01:51:38+00:00
  S.0000023040.data bytes=8294400 (7.9 MiB) mtime_utc=2026-06-16T01:57:32+00:00
  S.0000023040.meta bytes=163 (163 B) mtime_utc=2026-06-16T01:57:42+00:00
  S.0000025920.data bytes=8294400 (7.9 MiB) mtime_utc=2026-06-16T02:03:40+00:00
  S.0000025920.meta bytes=163 (163 B) mtime_utc=2026-06-16T02:03:44+00:00
  S.0000028800.data bytes=8294400 (7.9 MiB) mtime_utc=2026-06-16T02:09:49+00:00
  S.0000028800.meta bytes=163 (163 B) mtime_utc=2026-06-16T02:09:59+00:00
  S.0000031680.data bytes=8294400 (7.9 MiB) mtime_utc=2026-06-16T02:16:00+00:00
  S.0000031680.meta bytes=163 (163 B) mtime_utc=2026-06-16T02:16:10+00:00
  S.0000034560.data bytes=8294400 (7.9 MiB) mtime_utc=2026-06-16T02:22:10+00:00
  S.0000034560.meta bytes=163 (163 B) mtime_utc=2026-06-16T02:22:19+00:00
  S.0000037440.data bytes=8294400 (7.9 MiB) mtime_utc=2026-06-16T02:28:16+00:00
  S.0000037440.meta bytes=163 (163 B) mtime_utc=2026-06-16T02:28:25+00:00
  S.0000040320.data bytes=8294400 (7.9 MiB) mtime_utc=2026-06-16T02:34:25+00:00
  S.0000040320.meta bytes=163 (163 B) mtime_utc=2026-06-16T02:34:35+00:00
  STDERR.0000 bytes=0 (0 B) mtime_utc=2026-06-16T01:09:16+00:00
  STDERR.0001 bytes=0 (0 B) mtime_utc=2026-06-16T01:09:16+00:00
  STDERR.0002 bytes=0 (0 B) mtime_utc=2026-06-16T01:09:16+00:00
  STDERR.0003 bytes=0 (0 B) mtime_utc=2026-06-16T01:09:16+00:00
  STDERR.0004 bytes=0 (0 B) mtime_utc=2026-06-16T01:09:16+00:00
  STDERR.0005 bytes=0 (0 B) mtime_utc=2026-06-16T01:09:16+00:00
  STDERR.0006 bytes=0 (0 B) mtime_utc=2026-06-16T01:09:16+00:00
  STDERR.0007 bytes=0 (0 B) mtime_utc=2026-06-16T01:09:16+00:00
  STDERR.0008 bytes=0 (0 B) mtime_utc=2026-06-16T01:09:16+00:00
  STDERR.0009 bytes=0 (0 B) mtime_utc=2026-06-16T01:09:16+00:00
  STDERR.0010 bytes=0 (0 B) mtime_utc=2026-06-16T01:09:16+00:00
  STDERR.0011 bytes=0 (0 B) mtime_utc=2026-06-16T01:09:16+00:00
  STDERR.0012 bytes=0 (0 B) mtime_utc=2026-06-16T01:09:16+00:00
  STDERR.0013 bytes=0 (0 B) mtime_utc=2026-06-16T01:09:16+00:00
  STDERR.0014 bytes=0 (0 B) mtime_utc=2026-06-16T01:09:16+00:00
  STDERR.0015 bytes=0 (0 B) mtime_utc=2026-06-16T01:09:16+00:00
  STDERR.0016 bytes=0 (0 B) mtime_utc=2026-06-16T01:09:16+00:00
  STDERR.0017 bytes=0 (0 B) mtime_utc=2026-06-16T01:09:16+00:00
  STDERR.0018 bytes=0 (0 B) mtime_utc=2026-06-16T01:09:16+00:00
  STDERR.0019 bytes=0 (0 B) mtime_utc=2026-06-16T01:09:16+00:00
  STDERR.0020 bytes=0 (0 B) mtime_utc=2026-06-16T01:09:16+00:00
  STDERR.0021 bytes=0 (0 B) mtime_utc=2026-06-16T01:09:16+00:00
  STDERR.0022 bytes=0 (0 B) mtime_utc=2026-06-16T01:09:16+00:00
  STDERR.0023 bytes=0 (0 B) mtime_utc=2026-06-16T01:09:16+00:00
  STDERR.0024 bytes=0 (0 B) mtime_utc=2026-06-16T01:09:16+00:00
  STDERR.0025 bytes=0 (0 B) mtime_utc=2026-06-16T01:09:16+00:00
  STDERR.0026 bytes=0 (0 B) mtime_utc=2026-06-16T01:09:16+00:00
  STDERR.0027 bytes=0 (0 B) mtime_utc=2026-06-16T01:09:16+00:00
  STDERR.0028 bytes=0 (0 B) mtime_utc=2026-06-16T01:09:16+00:00
  STDERR.0029 bytes=0 (0 B) mtime_utc=2026-06-16T01:09:16+00:00
  STDERR.0030 bytes=0 (0 B) mtime_utc=2026-06-16T01:09:16+00:00
  STDERR.0031 bytes=0 (0 B) mtime_utc=2026-06-16T01:09:16+00:00
  STDERR.0032 bytes=0 (0 B) mtime_utc=2026-06-16T01:09:16+00:00
  STDERR.0033 bytes=0 (0 B) mtime_utc=2026-06-16T01:09:16+00:00
  STDERR.0034 bytes=0 (0 B) mtime_utc=2026-06-16T01:09:16+00:00
  STDERR.0035 bytes=0 (0 B) mtime_utc=2026-06-16T01:09:16+00:00
  STDERR.0036 bytes=0 (0 B) mtime_utc=2026-06-16T01:09:16+00:00
  STDERR.0037 bytes=0 (0 B) mtime_utc=2026-06-16T01:09:16+00:00
  STDERR.0038 bytes=0 (0 B) mtime_utc=2026-06-16T01:09:16+00:00
  STDERR.0039 bytes=0 (0 B) mtime_utc=2026-06-16T01:09:16+00:00
  STDERR.0040 bytes=0 (0 B) mtime_utc=2026-06-16T01:09:16+00:00
  STDERR.0041 bytes=0 (0 B) mtime_utc=2026-06-16T01:09:16+00:00
  STDERR.0042 bytes=0 (0 B) mtime_utc=2026-06-16T01:09:16+00:00
  STDERR.0043 bytes=0 (0 B) mtime_utc=2026-06-16T01:09:16+00:00
  STDERR.0044 bytes=0 (0 B) mtime_utc=2026-06-16T01:09:16+00:00
  STDERR.0045 bytes=0 (0 B) mtime_utc=2026-06-16T01:09:16+00:00
  STDERR.0046 bytes=0 (0 B) mtime_utc=2026-06-16T01:09:16+00:00
  STDERR.0047 bytes=0 (0 B) mtime_utc=2026-06-16T01:09:16+00:00
  STDOUT.0000 bytes=3002362 (2.9 MiB) mtime_utc=2026-06-16T02:34:31+00:00
  STDOUT.0001 bytes=2941878 (2.8 MiB) mtime_utc=2026-06-16T02:34:30+00:00
  STDOUT.0002 bytes=2941878 (2.8 MiB) mtime_utc=2026-06-16T02:34:30+00:00
  STDOUT.0003 bytes=2941878 (2.8 MiB) mtime_utc=2026-06-16T02:34:30+00:00
  STDOUT.0004 bytes=2941878 (2.8 MiB) mtime_utc=2026-06-16T02:34:30+00:00
  STDOUT.0005 bytes=2941888 (2.8 MiB) mtime_utc=2026-06-16T02:34:30+00:00
  STDOUT.0006 bytes=2941873 (2.8 MiB) mtime_utc=2026-06-16T02:34:30+00:00
  STDOUT.0007 bytes=2941873 (2.8 MiB) mtime_utc=2026-06-16T02:34:30+00:00
  STDOUT.0008 bytes=2941873 (2.8 MiB) mtime_utc=2026-06-16T02:34:30+00:00
  STDOUT.0009 bytes=2941883 (2.8 MiB) mtime_utc=2026-06-16T02:34:30+00:00
  STDOUT.0010 bytes=2941888 (2.8 MiB) mtime_utc=2026-06-16T02:34:30+00:00
  STDOUT.0011 bytes=2941878 (2.8 MiB) mtime_utc=2026-06-16T02:34:30+00:00
  STDOUT.0012 bytes=2941878 (2.8 MiB) mtime_utc=2026-06-16T02:34:30+00:00
  STDOUT.0013 bytes=2941878 (2.8 MiB) mtime_utc=2026-06-16T02:34:30+00:00
  STDOUT.0014 bytes=2941883 (2.8 MiB) mtime_utc=2026-06-16T02:34:30+00:00
  STDOUT.0015 bytes=2941873 (2.8 MiB) mtime_utc=2026-06-16T02:34:30+00:00
  STDOUT.0016 bytes=2941878 (2.8 MiB) mtime_utc=2026-06-16T02:34:30+00:00
  STDOUT.0017 bytes=2941967 (2.8 MiB) mtime_utc=2026-06-16T02:34:30+00:00
  STDOUT.0018 bytes=2941962 (2.8 MiB) mtime_utc=2026-06-16T02:34:30+00:00
  STDOUT.0019 bytes=2941878 (2.8 MiB) mtime_utc=2026-06-16T02:34:30+00:00
  STDOUT.0020 bytes=2941883 (2.8 MiB) mtime_utc=2026-06-16T02:34:30+00:00
  STDOUT.0021 bytes=2941873 (2.8 MiB) mtime_utc=2026-06-16T02:34:30+00:00
  STDOUT.0022 bytes=2941888 (2.8 MiB) mtime_utc=2026-06-16T02:34:30+00:00
  STDOUT.0023 bytes=2941888 (2.8 MiB) mtime_utc=2026-06-16T02:34:30+00:00
  STDOUT.0024 bytes=2941873 (2.8 MiB) mtime_utc=2026-06-16T02:34:30+00:00
  STDOUT.0025 bytes=2941873 (2.8 MiB) mtime_utc=2026-06-16T02:34:30+00:00
  STDOUT.0026 bytes=2941873 (2.8 MiB) mtime_utc=2026-06-16T02:34:30+00:00
  STDOUT.0027 bytes=2941873 (2.8 MiB) mtime_utc=2026-06-16T02:34:30+00:00
  STDOUT.0028 bytes=2941878 (2.8 MiB) mtime_utc=2026-06-16T02:34:30+00:00
  STDOUT.0029 bytes=2941878 (2.8 MiB) mtime_utc=2026-06-16T02:34:30+00:00
  STDOUT.0030 bytes=2941883 (2.8 MiB) mtime_utc=2026-06-16T02:34:30+00:00
  STDOUT.0031 bytes=2941873 (2.8 MiB) mtime_utc=2026-06-16T02:34:30+00:00
  STDOUT.0032 bytes=2941873 (2.8 MiB) mtime_utc=2026-06-16T02:34:30+00:00
  STDOUT.0033 bytes=2941873 (2.8 MiB) mtime_utc=2026-06-16T02:34:30+00:00
  STDOUT.0034 bytes=2941888 (2.8 MiB) mtime_utc=2026-06-16T02:34:30+00:00
  STDOUT.0035 bytes=2941878 (2.8 MiB) mtime_utc=2026-06-16T02:34:30+00:00
  STDOUT.0036 bytes=2941873 (2.8 MiB) mtime_utc=2026-06-16T02:34:30+00:00
  STDOUT.0037 bytes=2941878 (2.8 MiB) mtime_utc=2026-06-16T02:34:30+00:00
  STDOUT.0038 bytes=2941888 (2.8 MiB) mtime_utc=2026-06-16T02:34:30+00:00
  STDOUT.0039 bytes=2941883 (2.8 MiB) mtime_utc=2026-06-16T02:34:30+00:00
  STDOUT.0040 bytes=2941888 (2.8 MiB) mtime_utc=2026-06-16T02:34:30+00:00
  STDOUT.0041 bytes=2941883 (2.8 MiB) mtime_utc=2026-06-16T02:34:30+00:00
  STDOUT.0042 bytes=2941873 (2.8 MiB) mtime_utc=2026-06-16T02:34:30+00:00
  STDOUT.0043 bytes=2941873 (2.8 MiB) mtime_utc=2026-06-16T02:34:30+00:00
  STDOUT.0044 bytes=2941873 (2.8 MiB) mtime_utc=2026-06-16T02:34:30+00:00
  STDOUT.0045 bytes=2941873 (2.8 MiB) mtime_utc=2026-06-16T02:34:30+00:00
  STDOUT.0046 bytes=2941888 (2.8 MiB) mtime_utc=2026-06-16T02:34:30+00:00
  STDOUT.0047 bytes=2941878 (2.8 MiB) mtime_utc=2026-06-16T02:34:31+00:00
  T.0000000000.data bytes=8294400 (7.9 MiB) mtime_utc=2026-06-16T01:09:13+00:00
  T.0000000000.meta bytes=163 (163 B) mtime_utc=2026-06-16T01:09:23+00:00
  T.0000002880.data bytes=8294400 (7.9 MiB) mtime_utc=2026-06-16T01:15:20+00:00
  T.0000002880.meta bytes=163 (163 B) mtime_utc=2026-06-16T01:15:30+00:00
  T.0000005760.data bytes=8294400 (7.9 MiB) mtime_utc=2026-06-16T01:21:19+00:00
  T.0000005760.meta bytes=163 (163 B) mtime_utc=2026-06-16T01:21:29+00:00
  T.0000008640.data bytes=8294400 (7.9 MiB) mtime_utc=2026-06-16T01:27:15+00:00
  T.0000008640.meta bytes=163 (163 B) mtime_utc=2026-06-16T01:27:25+00:00
  T.0000011520.data bytes=8294400 (7.9 MiB) mtime_utc=2026-06-16T01:33:17+00:00
  T.0000011520.meta bytes=163 (163 B) mtime_utc=2026-06-16T01:33:27+00:00
  T.0000014400.data bytes=8294400 (7.9 MiB) mtime_utc=2026-06-16T01:39:23+00:00
  T.0000014400.meta bytes=163 (163 B) mtime_utc=2026-06-16T01:39:33+00:00
  T.0000017280.data bytes=8294400 (7.9 MiB) mtime_utc=2026-06-16T01:45:24+00:00
  T.0000017280.meta bytes=163 (163 B) mtime_utc=2026-06-16T01:45:34+00:00
  T.0000020160.data bytes=8294400 (7.9 MiB) mtime_utc=2026-06-16T01:51:28+00:00
  T.0000020160.meta bytes=163 (163 B) mtime_utc=2026-06-16T01:51:38+00:00
  T.0000023040.data bytes=8294400 (7.9 MiB) mtime_utc=2026-06-16T01:57:32+00:00
  T.0000023040.meta bytes=163 (163 B) mtime_utc=2026-06-16T01:57:42+00:00
  T.0000025920.data bytes=8294400 (7.9 MiB) mtime_utc=2026-06-16T02:03:40+00:00
  T.0000025920.meta bytes=163 (163 B) mtime_utc=2026-06-16T02:03:44+00:00
  T.0000028800.data bytes=8294400 (7.9 MiB) mtime_utc=2026-06-16T02:09:49+00:00
  T.0000028800.meta bytes=163 (163 B) mtime_utc=2026-06-16T02:09:58+00:00
  T.0000031680.data bytes=8294400 (7.9 MiB) mtime_utc=2026-06-16T02:16:00+00:00
  T.0000031680.meta bytes=163 (163 B) mtime_utc=2026-06-16T02:16:10+00:00
  T.0000034560.data bytes=8294400 (7.9 MiB) mtime_utc=2026-06-16T02:22:10+00:00
  T.0000034560.meta bytes=163 (163 B) mtime_utc=2026-06-16T02:22:19+00:00
  T.0000037440.data bytes=8294400 (7.9 MiB) mtime_utc=2026-06-16T02:28:15+00:00
  T.0000037440.meta bytes=163 (163 B) mtime_utc=2026-06-16T02:28:25+00:00
  T.0000040320.data bytes=8294400 (7.9 MiB) mtime_utc=2026-06-16T02:34:25+00:00
  T.0000040320.meta bytes=163 (163 B) mtime_utc=2026-06-16T02:34:34+00:00
  U.0000000000.data bytes=8294400 (7.9 MiB) mtime_utc=2026-06-16T01:09:13+00:00
  U.0000000000.meta bytes=163 (163 B) mtime_utc=2026-06-16T01:09:22+00:00
  U.0000002880.data bytes=8294400 (7.9 MiB) mtime_utc=2026-06-16T01:15:20+00:00
  U.0000002880.meta bytes=163 (163 B) mtime_utc=2026-06-16T01:15:29+00:00
  U.0000005760.data bytes=8294400 (7.9 MiB) mtime_utc=2026-06-16T01:21:19+00:00
  U.0000005760.meta bytes=163 (163 B) mtime_utc=2026-06-16T01:21:28+00:00
  U.0000008640.data bytes=8294400 (7.9 MiB) mtime_utc=2026-06-16T01:27:15+00:00
  U.0000008640.meta bytes=163 (163 B) mtime_utc=2026-06-16T01:27:24+00:00
  U.0000011520.data bytes=8294400 (7.9 MiB) mtime_utc=2026-06-16T01:33:17+00:00
  U.0000011520.meta bytes=163 (163 B) mtime_utc=2026-06-16T01:33:27+00:00
  U.0000014400.data bytes=8294400 (7.9 MiB) mtime_utc=2026-06-16T01:39:23+00:00
  U.0000014400.meta bytes=163 (163 B) mtime_utc=2026-06-16T01:39:32+00:00
  U.0000017280.data bytes=8294400 (7.9 MiB) mtime_utc=2026-06-16T01:45:24+00:00
  U.0000017280.meta bytes=163 (163 B) mtime_utc=2026-06-16T01:45:34+00:00
  U.0000020160.data bytes=8294400 (7.9 MiB) mtime_utc=2026-06-16T01:51:28+00:00
  U.0000020160.meta bytes=163 (163 B) mtime_utc=2026-06-16T01:51:38+00:00
  U.0000023040.data bytes=8294400 (7.9 MiB) mtime_utc=2026-06-16T01:57:32+00:00
  U.0000023040.meta bytes=163 (163 B) mtime_utc=2026-06-16T01:57:42+00:00
  U.0000025920.data bytes=8294400 (7.9 MiB) mtime_utc=2026-06-16T02:03:39+00:00
  U.0000025920.meta bytes=163 (163 B) mtime_utc=2026-06-16T02:03:44+00:00
  U.0000028800.data bytes=8294400 (7.9 MiB) mtime_utc=2026-06-16T02:09:48+00:00
  U.0000028800.meta bytes=163 (163 B) mtime_utc=2026-06-16T02:09:58+00:00
  U.0000031680.data bytes=8294400 (7.9 MiB) mtime_utc=2026-06-16T02:16:00+00:00
  U.0000031680.meta bytes=163 (163 B) mtime_utc=2026-06-16T02:16:10+00:00
  U.0000034560.data bytes=8294400 (7.9 MiB) mtime_utc=2026-06-16T02:22:09+00:00
  U.0000034560.meta bytes=163 (163 B) mtime_utc=2026-06-16T02:22:19+00:00
  U.0000037440.data bytes=8294400 (7.9 MiB) mtime_utc=2026-06-16T02:28:15+00:00
  U.0000037440.meta bytes=163 (163 B) mtime_utc=2026-06-16T02:28:25+00:00
  U.0000040320.data bytes=8294400 (7.9 MiB) mtime_utc=2026-06-16T02:34:24+00:00
  U.0000040320.meta bytes=163 (163 B) mtime_utc=2026-06-16T02:34:34+00:00
  V.0000000000.data bytes=8294400 (7.9 MiB) mtime_utc=2026-06-16T01:09:13+00:00
  V.0000000000.meta bytes=163 (163 B) mtime_utc=2026-06-16T01:09:23+00:00
  V.0000002880.data bytes=8294400 (7.9 MiB) mtime_utc=2026-06-16T01:15:20+00:00
  V.0000002880.meta bytes=163 (163 B) mtime_utc=2026-06-16T01:15:29+00:00
  V.0000005760.data bytes=8294400 (7.9 MiB) mtime_utc=2026-06-16T01:21:19+00:00
  V.0000005760.meta bytes=163 (163 B) mtime_utc=2026-06-16T01:21:28+00:00
  V.0000008640.data bytes=8294400 (7.9 MiB) mtime_utc=2026-06-16T01:27:15+00:00
  V.0000008640.meta bytes=163 (163 B) mtime_utc=2026-06-16T01:27:25+00:00
  V.0000011520.data bytes=8294400 (7.9 MiB) mtime_utc=2026-06-16T01:33:17+00:00
  V.0000011520.meta bytes=163 (163 B) mtime_utc=2026-06-16T01:33:27+00:00
  V.0000014400.data bytes=8294400 (7.9 MiB) mtime_utc=2026-06-16T01:39:23+00:00
  V.0000014400.meta bytes=163 (163 B) mtime_utc=2026-06-16T01:39:32+00:00
  V.0000017280.data bytes=8294400 (7.9 MiB) mtime_utc=2026-06-16T01:45:24+00:00
  V.0000017280.meta bytes=163 (163 B) mtime_utc=2026-06-16T01:45:34+00:00
  V.0000020160.data bytes=8294400 (7.9 MiB) mtime_utc=2026-06-16T01:51:28+00:00
  V.0000020160.meta bytes=163 (163 B) mtime_utc=2026-06-16T01:51:38+00:00
  V.0000023040.data bytes=8294400 (7.9 MiB) mtime_utc=2026-06-16T01:57:32+00:00
  V.0000023040.meta bytes=163 (163 B) mtime_utc=2026-06-16T01:57:42+00:00
  V.0000025920.data bytes=8294400 (7.9 MiB) mtime_utc=2026-06-16T02:03:39+00:00
  V.0000025920.meta bytes=163 (163 B) mtime_utc=2026-06-16T02:03:44+00:00
  V.0000028800.data bytes=8294400 (7.9 MiB) mtime_utc=2026-06-16T02:09:48+00:00
  V.0000028800.meta bytes=163 (163 B) mtime_utc=2026-06-16T02:09:58+00:00
  V.0000031680.data bytes=8294400 (7.9 MiB) mtime_utc=2026-06-16T02:16:00+00:00
  V.0000031680.meta bytes=163 (163 B) mtime_utc=2026-06-16T02:16:10+00:00
  V.0000034560.data bytes=8294400 (7.9 MiB) mtime_utc=2026-06-16T02:22:10+00:00
  V.0000034560.meta bytes=163 (163 B) mtime_utc=2026-06-16T02:22:19+00:00
  V.0000037440.data bytes=8294400 (7.9 MiB) mtime_utc=2026-06-16T02:28:15+00:00
  V.0000037440.meta bytes=163 (163 B) mtime_utc=2026-06-16T02:28:25+00:00
  V.0000040320.data bytes=8294400 (7.9 MiB) mtime_utc=2026-06-16T02:34:25+00:00
  V.0000040320.meta bytes=163 (163 B) mtime_utc=2026-06-16T02:34:34+00:00
  W.0000000000.data bytes=8294400 (7.9 MiB) mtime_utc=2026-06-16T01:09:14+00:00
  W.0000000000.meta bytes=163 (163 B) mtime_utc=2026-06-16T01:09:24+00:00
  W.0000002880.data bytes=8294400 (7.9 MiB) mtime_utc=2026-06-16T01:15:20+00:00
  W.0000002880.meta bytes=163 (163 B) mtime_utc=2026-06-16T01:15:30+00:00
  W.0000005760.data bytes=8294400 (7.9 MiB) mtime_utc=2026-06-16T01:21:19+00:00
  W.0000005760.meta bytes=163 (163 B) mtime_utc=2026-06-16T01:21:29+00:00
  W.0000008640.data bytes=8294400 (7.9 MiB) mtime_utc=2026-06-16T01:27:16+00:00
  W.0000008640.meta bytes=163 (163 B) mtime_utc=2026-06-16T01:27:25+00:00
  W.0000011520.data bytes=8294400 (7.9 MiB) mtime_utc=2026-06-16T01:33:18+00:00
  W.0000011520.meta bytes=163 (163 B) mtime_utc=2026-06-16T01:33:27+00:00
  W.0000014400.data bytes=8294400 (7.9 MiB) mtime_utc=2026-06-16T01:39:23+00:00
  W.0000014400.meta bytes=163 (163 B) mtime_utc=2026-06-16T01:39:33+00:00
  W.0000017280.data bytes=8294400 (7.9 MiB) mtime_utc=2026-06-16T01:45:25+00:00
  W.0000017280.meta bytes=163 (163 B) mtime_utc=2026-06-16T01:45:34+00:00
  W.0000020160.data bytes=8294400 (7.9 MiB) mtime_utc=2026-06-16T01:51:29+00:00
  W.0000020160.meta bytes=163 (163 B) mtime_utc=2026-06-16T01:51:39+00:00
  W.0000023040.data bytes=8294400 (7.9 MiB) mtime_utc=2026-06-16T01:57:33+00:00
  W.0000023040.meta bytes=163 (163 B) mtime_utc=2026-06-16T01:57:42+00:00
  W.0000025920.data bytes=8294400 (7.9 MiB) mtime_utc=2026-06-16T02:03:40+00:00
  W.0000025920.meta bytes=163 (163 B) mtime_utc=2026-06-16T02:03:45+00:00
  W.0000028800.data bytes=8294400 (7.9 MiB) mtime_utc=2026-06-16T02:09:49+00:00
  W.0000028800.meta bytes=163 (163 B) mtime_utc=2026-06-16T02:09:59+00:00
  W.0000031680.data bytes=8294400 (7.9 MiB) mtime_utc=2026-06-16T02:16:01+00:00
  W.0000031680.meta bytes=163 (163 B) mtime_utc=2026-06-16T02:16:10+00:00
  W.0000034560.data bytes=8294400 (7.9 MiB) mtime_utc=2026-06-16T02:22:10+00:00
  W.0000034560.meta bytes=163 (163 B) mtime_utc=2026-06-16T02:22:20+00:00
  W.0000037440.data bytes=8294400 (7.9 MiB) mtime_utc=2026-06-16T02:28:16+00:00
  W.0000037440.meta bytes=163 (163 B) mtime_utc=2026-06-16T02:28:26+00:00
  W.0000040320.data bytes=8294400 (7.9 MiB) mtime_utc=2026-06-16T02:34:26+00:00
  W.0000040320.meta bytes=163 (163 B) mtime_utc=2026-06-16T02:34:36+00:00
  XC.data bytes=8294400 (7.9 MiB) mtime_utc=2026-06-16T01:09:08+00:00
  XC.meta bytes=129 (129 B) mtime_utc=2026-06-16T01:09:18+00:00
  XG.data bytes=8294400 (7.9 MiB) mtime_utc=2026-06-16T01:09:08+00:00
  XG.meta bytes=129 (129 B) mtime_utc=2026-06-16T01:09:18+00:00
  YC.data bytes=8294400 (7.9 MiB) mtime_utc=2026-06-16T01:09:08+00:00
  YC.meta bytes=129 (129 B) mtime_utc=2026-06-16T01:09:18+00:00
  YG.data bytes=8294400 (7.9 MiB) mtime_utc=2026-06-16T01:09:09+00:00
  YG.meta bytes=129 (129 B) mtime_utc=2026-06-16T01:09:18+00:00
  available_diagnostics.log bytes=18604 (18.2 KiB) mtime_utc=2026-06-16T01:09:18+00:00
  bathymetry_flat_tc6.bin bytes=4147200 (4.0 MiB) mtime_utc=2026-06-16T01:09:10+00:00
  data bytes=1649 (1.6 KiB) mtime_utc=2026-06-16T01:09:08+00:00
  data.diagnostics bytes=2878 (2.8 KiB) mtime_utc=2026-06-16T01:09:08+00:00
  data.pkg bytes=49 (49 B) mtime_utc=2026-06-16T01:09:08+00:00
  dynDiag.0000000000.data bytes=41472000 (39.6 MiB) mtime_utc=2026-06-16T01:09:16+00:00
  dynDiag.0000000000.meta bytes=339 (339 B) mtime_utc=2026-06-16T01:09:25+00:00
  dynDiag.0000002880.data bytes=41472000 (39.6 MiB) mtime_utc=2026-06-16T01:15:22+00:00
  dynDiag.0000002880.meta bytes=339 (339 B) mtime_utc=2026-06-16T01:15:32+00:00
  dynDiag.0000005760.data bytes=41472000 (39.6 MiB) mtime_utc=2026-06-16T01:21:22+00:00
  dynDiag.0000005760.meta bytes=339 (339 B) mtime_utc=2026-06-16T01:21:31+00:00
  dynDiag.0000008640.data bytes=41472000 (39.6 MiB) mtime_utc=2026-06-16T01:27:18+00:00
  dynDiag.0000008640.meta bytes=339 (339 B) mtime_utc=2026-06-16T01:27:28+00:00
  dynDiag.0000011520.data bytes=41472000 (39.6 MiB) mtime_utc=2026-06-16T01:33:20+00:00
  dynDiag.0000011520.meta bytes=339 (339 B) mtime_utc=2026-06-16T01:33:29+00:00
  dynDiag.0000014400.data bytes=41472000 (39.6 MiB) mtime_utc=2026-06-16T01:39:25+00:00
  dynDiag.0000014400.meta bytes=339 (339 B) mtime_utc=2026-06-16T01:39:35+00:00
  dynDiag.0000017280.data bytes=41472000 (39.6 MiB) mtime_utc=2026-06-16T01:45:27+00:00
  dynDiag.0000017280.meta bytes=339 (339 B) mtime_utc=2026-06-16T01:45:37+00:00
  dynDiag.0000020160.data bytes=41472000 (39.6 MiB) mtime_utc=2026-06-16T01:51:31+00:00
  dynDiag.0000020160.meta bytes=339 (339 B) mtime_utc=2026-06-16T01:51:40+00:00
  dynDiag.0000023040.data bytes=41472000 (39.6 MiB) mtime_utc=2026-06-16T01:57:35+00:00
  dynDiag.0000023040.meta bytes=339 (339 B) mtime_utc=2026-06-16T01:57:45+00:00
  dynDiag.0000025920.data bytes=41472000 (39.6 MiB) mtime_utc=2026-06-16T02:03:42+00:00
  dynDiag.0000025920.meta bytes=339 (339 B) mtime_utc=2026-06-16T02:03:47+00:00
  dynDiag.0000028800.data bytes=41472000 (39.6 MiB) mtime_utc=2026-06-16T02:09:51+00:00
  dynDiag.0000028800.meta bytes=339 (339 B) mtime_utc=2026-06-16T02:10:01+00:00
  dynDiag.0000031680.data bytes=41472000 (39.6 MiB) mtime_utc=2026-06-16T02:16:03+00:00
  dynDiag.0000031680.meta bytes=339 (339 B) mtime_utc=2026-06-16T02:16:13+00:00
  dynDiag.0000034560.data bytes=41472000 (39.6 MiB) mtime_utc=2026-06-16T02:22:12+00:00
  dynDiag.0000034560.meta bytes=339 (339 B) mtime_utc=2026-06-16T02:22:22+00:00
  dynDiag.0000037440.data bytes=41472000 (39.6 MiB) mtime_utc=2026-06-16T02:28:18+00:00
  dynDiag.0000037440.meta bytes=339 (339 B) mtime_utc=2026-06-16T02:28:28+00:00
  dynStDiag.0000000000.txt bytes=11926 (11.6 KiB) mtime_utc=2026-06-16T02:34:27+00:00
  dyn_Aux.0000000000.data bytes=24883200 (23.7 MiB) mtime_utc=2026-06-16T01:09:15+00:00
  dyn_Aux.0000000000.meta bytes=317 (317 B) mtime_utc=2026-06-16T01:09:25+00:00
  dyn_Aux.0000002880.data bytes=24883200 (23.7 MiB) mtime_utc=2026-06-16T01:15:22+00:00
  dyn_Aux.0000002880.meta bytes=317 (317 B) mtime_utc=2026-06-16T01:15:31+00:00
  dyn_Aux.0000005760.data bytes=24883200 (23.7 MiB) mtime_utc=2026-06-16T01:21:21+00:00
  dyn_Aux.0000005760.meta bytes=317 (317 B) mtime_utc=2026-06-16T01:21:31+00:00
  dyn_Aux.0000008640.data bytes=24883200 (23.7 MiB) mtime_utc=2026-06-16T01:27:17+00:00
  dyn_Aux.0000008640.meta bytes=317 (317 B) mtime_utc=2026-06-16T01:27:27+00:00
  dyn_Aux.0000011520.data bytes=24883200 (23.7 MiB) mtime_utc=2026-06-16T01:33:19+00:00
  dyn_Aux.0000011520.meta bytes=317 (317 B) mtime_utc=2026-06-16T01:33:29+00:00
  dyn_Aux.0000014400.data bytes=24883200 (23.7 MiB) mtime_utc=2026-06-16T01:39:25+00:00
  dyn_Aux.0000014400.meta bytes=317 (317 B) mtime_utc=2026-06-16T01:39:34+00:00
  dyn_Aux.0000017280.data bytes=24883200 (23.7 MiB) mtime_utc=2026-06-16T01:45:26+00:00
  dyn_Aux.0000017280.meta bytes=317 (317 B) mtime_utc=2026-06-16T01:45:36+00:00
  dyn_Aux.0000020160.data bytes=24883200 (23.7 MiB) mtime_utc=2026-06-16T01:51:30+00:00
  dyn_Aux.0000020160.meta bytes=317 (317 B) mtime_utc=2026-06-16T01:51:40+00:00
  dyn_Aux.0000023040.data bytes=24883200 (23.7 MiB) mtime_utc=2026-06-16T01:57:34+00:00
  dyn_Aux.0000023040.meta bytes=317 (317 B) mtime_utc=2026-06-16T01:57:44+00:00
  dyn_Aux.0000025920.data bytes=24883200 (23.7 MiB) mtime_utc=2026-06-16T02:03:41+00:00
  dyn_Aux.0000025920.meta bytes=317 (317 B) mtime_utc=2026-06-16T02:03:46+00:00
  dyn_Aux.0000028800.data bytes=24883200 (23.7 MiB) mtime_utc=2026-06-16T02:09:50+00:00
  dyn_Aux.0000028800.meta bytes=317 (317 B) mtime_utc=2026-06-16T02:10:00+00:00
  dyn_Aux.0000031680.data bytes=24883200 (23.7 MiB) mtime_utc=2026-06-16T02:16:02+00:00
  dyn_Aux.0000031680.meta bytes=317 (317 B) mtime_utc=2026-06-16T02:16:12+00:00
  dyn_Aux.0000034560.data bytes=24883200 (23.7 MiB) mtime_utc=2026-06-16T02:22:12+00:00
  dyn_Aux.0000034560.meta bytes=317 (317 B) mtime_utc=2026-06-16T02:22:21+00:00
  dyn_Aux.0000037440.data bytes=24883200 (23.7 MiB) mtime_utc=2026-06-16T02:28:17+00:00
  dyn_Aux.0000037440.meta bytes=317 (317 B) mtime_utc=2026-06-16T02:28:27+00:00
  eedata bytes=254 (254 B) mtime_utc=2026-06-16T01:09:08+00:00
  eedata.mth bytes=275 (275 B) mtime_utc=2026-06-16T01:09:08+00:00
  eta_init.bin bytes=4147200 (4.0 MiB) mtime_utc=2026-06-16T01:09:10+00:00
  gendata_ref.py bytes=1513 (1.5 KiB) mtime_utc=2026-06-16T01:09:08+00:00
  hFacC.data bytes=8294400 (7.9 MiB) mtime_utc=2026-06-16T01:09:11+00:00
  hFacC.meta bytes=129 (129 B) mtime_utc=2026-06-16T01:09:21+00:00
  hFacS.data bytes=8294400 (7.9 MiB) mtime_utc=2026-06-16T01:09:12+00:00
  hFacS.meta bytes=129 (129 B) mtime_utc=2026-06-16T01:09:22+00:00
  hFacW.data bytes=8294400 (7.9 MiB) mtime_utc=2026-06-16T01:09:12+00:00
  hFacW.meta bytes=129 (129 B) mtime_utc=2026-06-16T01:09:21+00:00
  mitgcmuv bytes=1798784 (1.7 MiB) mtime_utc=2026-06-16T01:09:08+00:00
  pickup.ckptA.data bytes=74649600 (71.2 MiB) mtime_utc=2026-06-16T02:34:30+00:00
  pickup.ckptA.meta bytes=340 (340 B) mtime_utc=2026-06-16T02:34:40+00:00
  u_init.bin bytes=4147200 (4.0 MiB) mtime_utc=2026-06-16T01:09:10+00:00
  v_init.bin bytes=4147200 (4.0 MiB) mtime_utc=2026-06-16T01:09:10+00:00
