MITgcm run inventory
generated_utc: 2026-06-13T21:06:22+00:00
run_dir: Sandbox/vortexSphere_Williamson_TC1/run_alpha_0.05
case_code: TC1
alpha_label: 0.05
log_file: run_inventory.log

Summary
  run_dir_files: 417
  run_dir_bytes: 1990235402 (1.9 GiB)
  run_output_groups: 38
  requested_diagnostic_streams: 3
  generated_product_dirs: 3
  generated_product_files: 145
  plotted_files: 138
  computed_files: 4
  docs_indexed_assets: 18

Diagnostics request
  data_diagnostics: Sandbox/vortexSphere_Williamson_TC1/run_alpha_0.05/data.diagnostics
  available_diagnostics: Sandbox/vortexSphere_Williamson_TC1/run_alpha_0.05/available_diagnostics.log
  [diagnostics stream 2] fileName=dyn_Aux frequency=-86400. phase=0.
    WVELMASS: units=m/s; levels=1; title=Vertical Mass-Weighted Comp of Velocity
    PhiVEL: units=m^2/s; levels=1; title=Horizontal Velocity Potential (m^2/s)
    PsiVEL: units=m.m^2/s; levels=1; title=Horizontal Velocity Stream-Function
  [diagnostics stream 3] fileName=dynDiag frequency=-86400. phase=0.
    UVEL: units=m/s; levels=1; title=Zonal Component of Velocity (m/s)
    VVEL: units=m/s; levels=1; title=Meridional Component of Velocity (m/s)
    ETAN: units=m; levels=1; title=Surface Height Anomaly
    ETANSQ: units=m^2; levels=1; title=Square of Surface Height Anomaly
    SALT: units=g/kg; levels=1; title=Salinity
    SALTSQ: units=(g/kg)^2; levels=1; title=Square of Salinity
  [statistics stream 1] fileName=dynStDiag frequency=-86400. phase=0.
    ETAN: units=m; levels=1; title=Surface Height Anomaly
    ETANSQ: units=m^2; levels=1; title=Square of Surface Height Anomaly
    UVELSQ: units=m^2/s^2; levels=1; title=Square of Zonal Comp of Velocity (m^2/s^2)
    VVELSQ: units=m^2/s^2; levels=1; title=Square of Meridional Comp of Velocity (m^2/s^2)
    SALT: units=g/kg; levels=1; title=Salinity
    SALTSQ: units=(g/kg)^2; levels=1; title=Square of Salinity

Run directory outputs
  DRC: data=1 meta=1 iterations=none bytes=165 (165 B)
  DRF: data=1 meta=1 iterations=none bytes=137 (137 B)
  DXC: data=1 meta=1 iterations=none bytes=8294529 (7.9 MiB)
  DXF: data=1 meta=1 iterations=none bytes=8294529 (7.9 MiB)
  DXG: data=1 meta=1 iterations=none bytes=8294529 (7.9 MiB)
  DXV: data=1 meta=1 iterations=none bytes=8294529 (7.9 MiB)
  DYC: data=1 meta=1 iterations=none bytes=8294529 (7.9 MiB)
  DYF: data=1 meta=1 iterations=none bytes=8294529 (7.9 MiB)
  DYG: data=1 meta=1 iterations=none bytes=8294529 (7.9 MiB)
  DYU: data=1 meta=1 iterations=none bytes=8294529 (7.9 MiB)
  Depth: data=1 meta=1 iterations=none bytes=8294529 (7.9 MiB)
  Eta: data=13 meta=13 iterations=0..103680 (13) bytes=107829319 (102.8 MiB)
  PH: data=12 meta=12 iterations=8640..103680 (12) bytes=99534756 (94.9 MiB)
  PHL: data=12 meta=12 iterations=8640..103680 (12) bytes=99534756 (94.9 MiB)
  PHrefC: data=1 meta=1 iterations=none bytes=137 (137 B)
  PHrefF: data=1 meta=1 iterations=none bytes=165 (165 B)
  RAC: data=1 meta=1 iterations=none bytes=8294529 (7.9 MiB)
  RAS: data=1 meta=1 iterations=none bytes=8294529 (7.9 MiB)
  RAW: data=1 meta=1 iterations=none bytes=8294529 (7.9 MiB)
  RAZ: data=1 meta=1 iterations=none bytes=8294529 (7.9 MiB)
  RC: data=1 meta=1 iterations=none bytes=137 (137 B)
  RF: data=1 meta=1 iterations=none bytes=165 (165 B)
  RhoRef: data=1 meta=1 iterations=none bytes=137 (137 B)
  S: data=13 meta=13 iterations=0..103680 (13) bytes=107829319 (102.8 MiB)
  T: data=13 meta=13 iterations=0..103680 (13) bytes=107829319 (102.8 MiB)
  U: data=13 meta=13 iterations=0..103680 (13) bytes=107829319 (102.8 MiB)
  V: data=13 meta=13 iterations=0..103680 (13) bytes=107829319 (102.8 MiB)
  W: data=13 meta=13 iterations=0..103680 (13) bytes=107829319 (102.8 MiB)
  XC: data=1 meta=1 iterations=none bytes=8294529 (7.9 MiB)
  XG: data=1 meta=1 iterations=none bytes=8294529 (7.9 MiB)
  YC: data=1 meta=1 iterations=none bytes=8294529 (7.9 MiB)
  YG: data=1 meta=1 iterations=none bytes=8294529 (7.9 MiB)
  dynDiag: data=12 meta=12 iterations=0..95040 (12) bytes=597201000 (569.5 MiB)
  dyn_Aux: data=12 meta=12 iterations=0..95040 (12) bytes=298602204 (284.8 MiB)
  hFacC: data=1 meta=1 iterations=none bytes=8294529 (7.9 MiB)
  hFacS: data=1 meta=1 iterations=none bytes=8294529 (7.9 MiB)
  hFacW: data=1 meta=1 iterations=none bytes=8294529 (7.9 MiB)
  pickup.ckptA: data=1 meta=1 iterations=none bytes=58061118 (55.4 MiB)

Generated products
  output_dir: Sandbox/output/TestCase1/Diagnosis/error/alpha_0.05
    case=TC1 product=error_analysis alpha=0.05
    saved: tc1_error_metrics, tc1_error_table.csv, tc1_error_table.txt, tc1_error_table.tex, tc1_cosine_bell_overlay, tc1_signed_error_contours
    plotted_files: 6
      Sandbox/output/TestCase1/Diagnosis/error/alpha_0.05/tc1_cosine_bell_overlay.pdf
      Sandbox/output/TestCase1/Diagnosis/error/alpha_0.05/tc1_cosine_bell_overlay.png
      Sandbox/output/TestCase1/Diagnosis/error/alpha_0.05/tc1_error_metrics.pdf
      Sandbox/output/TestCase1/Diagnosis/error/alpha_0.05/tc1_error_metrics.png
      Sandbox/output/TestCase1/Diagnosis/error/alpha_0.05/tc1_signed_error_contours.pdf
      Sandbox/output/TestCase1/Diagnosis/error/alpha_0.05/tc1_signed_error_contours.png
    computed_files: 3
      Sandbox/output/TestCase1/Diagnosis/error/alpha_0.05/tc1_error_table.csv
      Sandbox/output/TestCase1/Diagnosis/error/alpha_0.05/tc1_error_table.tex
      Sandbox/output/TestCase1/Diagnosis/error/alpha_0.05/tc1_error_table.txt
    other_files: 1
      Sandbox/output/TestCase1/Diagnosis/error/alpha_0.05/manifest.json
  output_dir: Sandbox/output/TestCase1/Diagnosis/postprocessing/alpha_0.05
    case=TC1 product=postprocessing alpha=0.05
    saved: postprocessing_values.csv, postprocessing_mass.pdf, postprocessing_mass.png, postprocessing_tracer_integral.pdf, postprocessing_tracer_integral.png, postprocessing_vorticity_pv.pdf, postprocessing_vorticity_pv.png, postprocessing_energies.pdf, postprocessing_energies.png
    fields: {"conserved_scalar": "S", "eta": "Eta", "kinetic_energy": "computed_from_velocity", "u": "U", "v": "V", "vorticity": "computed_from_velocity"}
    plotted_files: 8
      Sandbox/output/TestCase1/Diagnosis/postprocessing/alpha_0.05/postprocessing_energies.pdf
      Sandbox/output/TestCase1/Diagnosis/postprocessing/alpha_0.05/postprocessing_energies.png
      Sandbox/output/TestCase1/Diagnosis/postprocessing/alpha_0.05/postprocessing_mass.pdf
      Sandbox/output/TestCase1/Diagnosis/postprocessing/alpha_0.05/postprocessing_mass.png
      Sandbox/output/TestCase1/Diagnosis/postprocessing/alpha_0.05/postprocessing_tracer_integral.pdf
      Sandbox/output/TestCase1/Diagnosis/postprocessing/alpha_0.05/postprocessing_tracer_integral.png
      Sandbox/output/TestCase1/Diagnosis/postprocessing/alpha_0.05/postprocessing_vorticity_pv.pdf
      Sandbox/output/TestCase1/Diagnosis/postprocessing/alpha_0.05/postprocessing_vorticity_pv.png
    computed_files: 1
      Sandbox/output/TestCase1/Diagnosis/postprocessing/alpha_0.05/postprocessing_values.csv
    other_files: 1
      Sandbox/output/TestCase1/Diagnosis/postprocessing/alpha_0.05/manifest.json
  output_dir: Sandbox/output/TestCase1/Snapshots/alpha_0.05
    case=TC1 product=snapshots alpha=0.05
    saved: tracer, etan, psi, phi, velocity_magnitude
    plotted_files: 124
      Sandbox/output/TestCase1/Snapshots/alpha_0.05/etan/tc1_etan_day_00.00_iter_0000000000.pdf
      Sandbox/output/TestCase1/Snapshots/alpha_0.05/etan/tc1_etan_day_00.00_iter_0000000000.png
      Sandbox/output/TestCase1/Snapshots/alpha_0.05/etan/tc1_etan_day_01.00_iter_0000008640.pdf
      Sandbox/output/TestCase1/Snapshots/alpha_0.05/etan/tc1_etan_day_01.00_iter_0000008640.png
      Sandbox/output/TestCase1/Snapshots/alpha_0.05/etan/tc1_etan_day_02.00_iter_0000017280.pdf
      Sandbox/output/TestCase1/Snapshots/alpha_0.05/etan/tc1_etan_day_02.00_iter_0000017280.png
      Sandbox/output/TestCase1/Snapshots/alpha_0.05/etan/tc1_etan_day_03.00_iter_0000025920.pdf
      Sandbox/output/TestCase1/Snapshots/alpha_0.05/etan/tc1_etan_day_03.00_iter_0000025920.png
      Sandbox/output/TestCase1/Snapshots/alpha_0.05/etan/tc1_etan_day_04.00_iter_0000034560.pdf
      Sandbox/output/TestCase1/Snapshots/alpha_0.05/etan/tc1_etan_day_04.00_iter_0000034560.png
      Sandbox/output/TestCase1/Snapshots/alpha_0.05/etan/tc1_etan_day_05.00_iter_0000043200.pdf
      Sandbox/output/TestCase1/Snapshots/alpha_0.05/etan/tc1_etan_day_05.00_iter_0000043200.png
      Sandbox/output/TestCase1/Snapshots/alpha_0.05/etan/tc1_etan_day_06.00_iter_0000051840.pdf
      Sandbox/output/TestCase1/Snapshots/alpha_0.05/etan/tc1_etan_day_06.00_iter_0000051840.png
      Sandbox/output/TestCase1/Snapshots/alpha_0.05/etan/tc1_etan_day_07.00_iter_0000060480.pdf
      Sandbox/output/TestCase1/Snapshots/alpha_0.05/etan/tc1_etan_day_07.00_iter_0000060480.png
      Sandbox/output/TestCase1/Snapshots/alpha_0.05/etan/tc1_etan_day_08.00_iter_0000069120.pdf
      Sandbox/output/TestCase1/Snapshots/alpha_0.05/etan/tc1_etan_day_08.00_iter_0000069120.png
      Sandbox/output/TestCase1/Snapshots/alpha_0.05/etan/tc1_etan_day_09.00_iter_0000077760.pdf
      Sandbox/output/TestCase1/Snapshots/alpha_0.05/etan/tc1_etan_day_09.00_iter_0000077760.png
      Sandbox/output/TestCase1/Snapshots/alpha_0.05/etan/tc1_etan_day_10.00_iter_0000086400.pdf
      Sandbox/output/TestCase1/Snapshots/alpha_0.05/etan/tc1_etan_day_10.00_iter_0000086400.png
      Sandbox/output/TestCase1/Snapshots/alpha_0.05/etan/tc1_etan_day_11.00_iter_0000095040.pdf
      Sandbox/output/TestCase1/Snapshots/alpha_0.05/etan/tc1_etan_day_11.00_iter_0000095040.png
      Sandbox/output/TestCase1/Snapshots/alpha_0.05/phi/tc1_phi_day_00.00_iter_0000000000.pdf
      Sandbox/output/TestCase1/Snapshots/alpha_0.05/phi/tc1_phi_day_00.00_iter_0000000000.png
      Sandbox/output/TestCase1/Snapshots/alpha_0.05/phi/tc1_phi_day_01.00_iter_0000008640.pdf
      Sandbox/output/TestCase1/Snapshots/alpha_0.05/phi/tc1_phi_day_01.00_iter_0000008640.png
      Sandbox/output/TestCase1/Snapshots/alpha_0.05/phi/tc1_phi_day_02.00_iter_0000017280.pdf
      Sandbox/output/TestCase1/Snapshots/alpha_0.05/phi/tc1_phi_day_02.00_iter_0000017280.png
      Sandbox/output/TestCase1/Snapshots/alpha_0.05/phi/tc1_phi_day_03.00_iter_0000025920.pdf
      Sandbox/output/TestCase1/Snapshots/alpha_0.05/phi/tc1_phi_day_03.00_iter_0000025920.png
      Sandbox/output/TestCase1/Snapshots/alpha_0.05/phi/tc1_phi_day_04.00_iter_0000034560.pdf
      Sandbox/output/TestCase1/Snapshots/alpha_0.05/phi/tc1_phi_day_04.00_iter_0000034560.png
      Sandbox/output/TestCase1/Snapshots/alpha_0.05/phi/tc1_phi_day_05.00_iter_0000043200.pdf
      Sandbox/output/TestCase1/Snapshots/alpha_0.05/phi/tc1_phi_day_05.00_iter_0000043200.png
      Sandbox/output/TestCase1/Snapshots/alpha_0.05/phi/tc1_phi_day_06.00_iter_0000051840.pdf
      Sandbox/output/TestCase1/Snapshots/alpha_0.05/phi/tc1_phi_day_06.00_iter_0000051840.png
      Sandbox/output/TestCase1/Snapshots/alpha_0.05/phi/tc1_phi_day_07.00_iter_0000060480.pdf
      Sandbox/output/TestCase1/Snapshots/alpha_0.05/phi/tc1_phi_day_07.00_iter_0000060480.png
      Sandbox/output/TestCase1/Snapshots/alpha_0.05/phi/tc1_phi_day_08.00_iter_0000069120.pdf
      Sandbox/output/TestCase1/Snapshots/alpha_0.05/phi/tc1_phi_day_08.00_iter_0000069120.png
      Sandbox/output/TestCase1/Snapshots/alpha_0.05/phi/tc1_phi_day_09.00_iter_0000077760.pdf
      Sandbox/output/TestCase1/Snapshots/alpha_0.05/phi/tc1_phi_day_09.00_iter_0000077760.png
      Sandbox/output/TestCase1/Snapshots/alpha_0.05/phi/tc1_phi_day_10.00_iter_0000086400.pdf
      Sandbox/output/TestCase1/Snapshots/alpha_0.05/phi/tc1_phi_day_10.00_iter_0000086400.png
      Sandbox/output/TestCase1/Snapshots/alpha_0.05/phi/tc1_phi_day_11.00_iter_0000095040.pdf
      Sandbox/output/TestCase1/Snapshots/alpha_0.05/phi/tc1_phi_day_11.00_iter_0000095040.png
      Sandbox/output/TestCase1/Snapshots/alpha_0.05/psi/tc1_psi_day_00.00_iter_0000000000.pdf
      Sandbox/output/TestCase1/Snapshots/alpha_0.05/psi/tc1_psi_day_00.00_iter_0000000000.png
      Sandbox/output/TestCase1/Snapshots/alpha_0.05/psi/tc1_psi_day_01.00_iter_0000008640.pdf
      Sandbox/output/TestCase1/Snapshots/alpha_0.05/psi/tc1_psi_day_01.00_iter_0000008640.png
      Sandbox/output/TestCase1/Snapshots/alpha_0.05/psi/tc1_psi_day_02.00_iter_0000017280.pdf
      Sandbox/output/TestCase1/Snapshots/alpha_0.05/psi/tc1_psi_day_02.00_iter_0000017280.png
      Sandbox/output/TestCase1/Snapshots/alpha_0.05/psi/tc1_psi_day_03.00_iter_0000025920.pdf
      Sandbox/output/TestCase1/Snapshots/alpha_0.05/psi/tc1_psi_day_03.00_iter_0000025920.png
      Sandbox/output/TestCase1/Snapshots/alpha_0.05/psi/tc1_psi_day_04.00_iter_0000034560.pdf
      Sandbox/output/TestCase1/Snapshots/alpha_0.05/psi/tc1_psi_day_04.00_iter_0000034560.png
      Sandbox/output/TestCase1/Snapshots/alpha_0.05/psi/tc1_psi_day_05.00_iter_0000043200.pdf
      Sandbox/output/TestCase1/Snapshots/alpha_0.05/psi/tc1_psi_day_05.00_iter_0000043200.png
      Sandbox/output/TestCase1/Snapshots/alpha_0.05/psi/tc1_psi_day_06.00_iter_0000051840.pdf
      Sandbox/output/TestCase1/Snapshots/alpha_0.05/psi/tc1_psi_day_06.00_iter_0000051840.png
      Sandbox/output/TestCase1/Snapshots/alpha_0.05/psi/tc1_psi_day_07.00_iter_0000060480.pdf
      Sandbox/output/TestCase1/Snapshots/alpha_0.05/psi/tc1_psi_day_07.00_iter_0000060480.png
      Sandbox/output/TestCase1/Snapshots/alpha_0.05/psi/tc1_psi_day_08.00_iter_0000069120.pdf
      Sandbox/output/TestCase1/Snapshots/alpha_0.05/psi/tc1_psi_day_08.00_iter_0000069120.png
      Sandbox/output/TestCase1/Snapshots/alpha_0.05/psi/tc1_psi_day_09.00_iter_0000077760.pdf
      Sandbox/output/TestCase1/Snapshots/alpha_0.05/psi/tc1_psi_day_09.00_iter_0000077760.png
      Sandbox/output/TestCase1/Snapshots/alpha_0.05/psi/tc1_psi_day_10.00_iter_0000086400.pdf
      Sandbox/output/TestCase1/Snapshots/alpha_0.05/psi/tc1_psi_day_10.00_iter_0000086400.png
      Sandbox/output/TestCase1/Snapshots/alpha_0.05/psi/tc1_psi_day_11.00_iter_0000095040.pdf
      Sandbox/output/TestCase1/Snapshots/alpha_0.05/psi/tc1_psi_day_11.00_iter_0000095040.png
      Sandbox/output/TestCase1/Snapshots/alpha_0.05/tracer/tc1_tracer_day_00.00_iter_0000000000.pdf
      Sandbox/output/TestCase1/Snapshots/alpha_0.05/tracer/tc1_tracer_day_00.00_iter_0000000000.png
      Sandbox/output/TestCase1/Snapshots/alpha_0.05/tracer/tc1_tracer_day_01.00_iter_0000008640.pdf
      Sandbox/output/TestCase1/Snapshots/alpha_0.05/tracer/tc1_tracer_day_01.00_iter_0000008640.png
      Sandbox/output/TestCase1/Snapshots/alpha_0.05/tracer/tc1_tracer_day_02.00_iter_0000017280.pdf
      Sandbox/output/TestCase1/Snapshots/alpha_0.05/tracer/tc1_tracer_day_02.00_iter_0000017280.png
      Sandbox/output/TestCase1/Snapshots/alpha_0.05/tracer/tc1_tracer_day_03.00_iter_0000025920.pdf
      Sandbox/output/TestCase1/Snapshots/alpha_0.05/tracer/tc1_tracer_day_03.00_iter_0000025920.png
      Sandbox/output/TestCase1/Snapshots/alpha_0.05/tracer/tc1_tracer_day_04.00_iter_0000034560.pdf
      Sandbox/output/TestCase1/Snapshots/alpha_0.05/tracer/tc1_tracer_day_04.00_iter_0000034560.png
      Sandbox/output/TestCase1/Snapshots/alpha_0.05/tracer/tc1_tracer_day_05.00_iter_0000043200.pdf
      Sandbox/output/TestCase1/Snapshots/alpha_0.05/tracer/tc1_tracer_day_05.00_iter_0000043200.png
      Sandbox/output/TestCase1/Snapshots/alpha_0.05/tracer/tc1_tracer_day_06.00_iter_0000051840.pdf
      Sandbox/output/TestCase1/Snapshots/alpha_0.05/tracer/tc1_tracer_day_06.00_iter_0000051840.png
      Sandbox/output/TestCase1/Snapshots/alpha_0.05/tracer/tc1_tracer_day_07.00_iter_0000060480.pdf
      Sandbox/output/TestCase1/Snapshots/alpha_0.05/tracer/tc1_tracer_day_07.00_iter_0000060480.png
      Sandbox/output/TestCase1/Snapshots/alpha_0.05/tracer/tc1_tracer_day_08.00_iter_0000069120.pdf
      Sandbox/output/TestCase1/Snapshots/alpha_0.05/tracer/tc1_tracer_day_08.00_iter_0000069120.png
      Sandbox/output/TestCase1/Snapshots/alpha_0.05/tracer/tc1_tracer_day_09.00_iter_0000077760.pdf
      Sandbox/output/TestCase1/Snapshots/alpha_0.05/tracer/tc1_tracer_day_09.00_iter_0000077760.png
      Sandbox/output/TestCase1/Snapshots/alpha_0.05/tracer/tc1_tracer_day_10.00_iter_0000086400.pdf
      Sandbox/output/TestCase1/Snapshots/alpha_0.05/tracer/tc1_tracer_day_10.00_iter_0000086400.png
      Sandbox/output/TestCase1/Snapshots/alpha_0.05/tracer/tc1_tracer_day_11.00_iter_0000095040.pdf
      Sandbox/output/TestCase1/Snapshots/alpha_0.05/tracer/tc1_tracer_day_11.00_iter_0000095040.png
      Sandbox/output/TestCase1/Snapshots/alpha_0.05/tracer/tc1_tracer_day_12.00_iter_0000103680.pdf
      Sandbox/output/TestCase1/Snapshots/alpha_0.05/tracer/tc1_tracer_day_12.00_iter_0000103680.png
      Sandbox/output/TestCase1/Snapshots/alpha_0.05/velocity_magnitude/tc1_velocity_magnitude_day_00.00_iter_0000000000.pdf
      Sandbox/output/TestCase1/Snapshots/alpha_0.05/velocity_magnitude/tc1_velocity_magnitude_day_00.00_iter_0000000000.png
      Sandbox/output/TestCase1/Snapshots/alpha_0.05/velocity_magnitude/tc1_velocity_magnitude_day_01.00_iter_0000008640.pdf
      Sandbox/output/TestCase1/Snapshots/alpha_0.05/velocity_magnitude/tc1_velocity_magnitude_day_01.00_iter_0000008640.png
      Sandbox/output/TestCase1/Snapshots/alpha_0.05/velocity_magnitude/tc1_velocity_magnitude_day_02.00_iter_0000017280.pdf
      Sandbox/output/TestCase1/Snapshots/alpha_0.05/velocity_magnitude/tc1_velocity_magnitude_day_02.00_iter_0000017280.png
      Sandbox/output/TestCase1/Snapshots/alpha_0.05/velocity_magnitude/tc1_velocity_magnitude_day_03.00_iter_0000025920.pdf
      Sandbox/output/TestCase1/Snapshots/alpha_0.05/velocity_magnitude/tc1_velocity_magnitude_day_03.00_iter_0000025920.png
      Sandbox/output/TestCase1/Snapshots/alpha_0.05/velocity_magnitude/tc1_velocity_magnitude_day_04.00_iter_0000034560.pdf
      Sandbox/output/TestCase1/Snapshots/alpha_0.05/velocity_magnitude/tc1_velocity_magnitude_day_04.00_iter_0000034560.png
      Sandbox/output/TestCase1/Snapshots/alpha_0.05/velocity_magnitude/tc1_velocity_magnitude_day_05.00_iter_0000043200.pdf
      Sandbox/output/TestCase1/Snapshots/alpha_0.05/velocity_magnitude/tc1_velocity_magnitude_day_05.00_iter_0000043200.png
      Sandbox/output/TestCase1/Snapshots/alpha_0.05/velocity_magnitude/tc1_velocity_magnitude_day_06.00_iter_0000051840.pdf
      Sandbox/output/TestCase1/Snapshots/alpha_0.05/velocity_magnitude/tc1_velocity_magnitude_day_06.00_iter_0000051840.png
      Sandbox/output/TestCase1/Snapshots/alpha_0.05/velocity_magnitude/tc1_velocity_magnitude_day_07.00_iter_0000060480.pdf
      Sandbox/output/TestCase1/Snapshots/alpha_0.05/velocity_magnitude/tc1_velocity_magnitude_day_07.00_iter_0000060480.png
      Sandbox/output/TestCase1/Snapshots/alpha_0.05/velocity_magnitude/tc1_velocity_magnitude_day_08.00_iter_0000069120.pdf
      Sandbox/output/TestCase1/Snapshots/alpha_0.05/velocity_magnitude/tc1_velocity_magnitude_day_08.00_iter_0000069120.png
      Sandbox/output/TestCase1/Snapshots/alpha_0.05/velocity_magnitude/tc1_velocity_magnitude_day_09.00_iter_0000077760.pdf
      Sandbox/output/TestCase1/Snapshots/alpha_0.05/velocity_magnitude/tc1_velocity_magnitude_day_09.00_iter_0000077760.png
      Sandbox/output/TestCase1/Snapshots/alpha_0.05/velocity_magnitude/tc1_velocity_magnitude_day_10.00_iter_0000086400.pdf
      Sandbox/output/TestCase1/Snapshots/alpha_0.05/velocity_magnitude/tc1_velocity_magnitude_day_10.00_iter_0000086400.png
      Sandbox/output/TestCase1/Snapshots/alpha_0.05/velocity_magnitude/tc1_velocity_magnitude_day_11.00_iter_0000095040.pdf
      Sandbox/output/TestCase1/Snapshots/alpha_0.05/velocity_magnitude/tc1_velocity_magnitude_day_11.00_iter_0000095040.png
      Sandbox/output/TestCase1/Snapshots/alpha_0.05/velocity_magnitude/tc1_velocity_magnitude_day_12.00_iter_0000103680.pdf
      Sandbox/output/TestCase1/Snapshots/alpha_0.05/velocity_magnitude/tc1_velocity_magnitude_day_12.00_iter_0000103680.png
    computed_files: 0
    other_files: 1
      Sandbox/output/TestCase1/Snapshots/alpha_0.05/manifest.json

Sent to docs index
  output: Sandbox/output/TestCase1/Diagnosis/error/alpha_0.05/tc1_signed_error_contours.png
    docs_asset: docs/assets/williamson/TestCase1/Diagnosis/error/alpha_0.05/tc1_signed_error_contours.png
    referenced_by: docs/fragments/testcase1.html
  output: Sandbox/output/TestCase1/Snapshots/alpha_0.05/etan/tc1_etan_day_00.00_iter_0000000000.png
    docs_asset: docs/assets/williamson/TestCase1/Snapshots/alpha_0.05/etan/tc1_etan_day_00.00_iter_0000000000.png
    referenced_by: docs/fragments/testcase1.html
  output: Sandbox/output/TestCase1/Snapshots/alpha_0.05/etan/tc1_etan_day_03.00_iter_0000025920.png
    docs_asset: docs/assets/williamson/TestCase1/Snapshots/alpha_0.05/etan/tc1_etan_day_03.00_iter_0000025920.png
    referenced_by: docs/fragments/testcase1.html
  output: Sandbox/output/TestCase1/Snapshots/alpha_0.05/etan/tc1_etan_day_06.00_iter_0000051840.png
    docs_asset: docs/assets/williamson/TestCase1/Snapshots/alpha_0.05/etan/tc1_etan_day_06.00_iter_0000051840.png
    referenced_by: docs/fragments/testcase1.html
  output: Sandbox/output/TestCase1/Snapshots/alpha_0.05/etan/tc1_etan_day_09.00_iter_0000077760.png
    docs_asset: docs/assets/williamson/TestCase1/Snapshots/alpha_0.05/etan/tc1_etan_day_09.00_iter_0000077760.png
    referenced_by: docs/fragments/testcase1.html
  output: Sandbox/output/TestCase1/Snapshots/alpha_0.05/phi/tc1_phi_day_00.00_iter_0000000000.png
    docs_asset: docs/assets/williamson/TestCase1/Snapshots/alpha_0.05/phi/tc1_phi_day_00.00_iter_0000000000.png
    referenced_by: docs/fragments/testcase1.html
  output: Sandbox/output/TestCase1/Snapshots/alpha_0.05/phi/tc1_phi_day_03.00_iter_0000025920.png
    docs_asset: docs/assets/williamson/TestCase1/Snapshots/alpha_0.05/phi/tc1_phi_day_03.00_iter_0000025920.png
    referenced_by: docs/fragments/testcase1.html
  output: Sandbox/output/TestCase1/Snapshots/alpha_0.05/phi/tc1_phi_day_06.00_iter_0000051840.png
    docs_asset: docs/assets/williamson/TestCase1/Snapshots/alpha_0.05/phi/tc1_phi_day_06.00_iter_0000051840.png
    referenced_by: docs/fragments/testcase1.html
  output: Sandbox/output/TestCase1/Snapshots/alpha_0.05/phi/tc1_phi_day_09.00_iter_0000077760.png
    docs_asset: docs/assets/williamson/TestCase1/Snapshots/alpha_0.05/phi/tc1_phi_day_09.00_iter_0000077760.png
    referenced_by: docs/fragments/testcase1.html
  output: Sandbox/output/TestCase1/Snapshots/alpha_0.05/psi/tc1_psi_day_00.00_iter_0000000000.png
    docs_asset: docs/assets/williamson/TestCase1/Snapshots/alpha_0.05/psi/tc1_psi_day_00.00_iter_0000000000.png
    referenced_by: docs/fragments/testcase1.html
  output: Sandbox/output/TestCase1/Snapshots/alpha_0.05/psi/tc1_psi_day_03.00_iter_0000025920.png
    docs_asset: docs/assets/williamson/TestCase1/Snapshots/alpha_0.05/psi/tc1_psi_day_03.00_iter_0000025920.png
    referenced_by: docs/fragments/testcase1.html
  output: Sandbox/output/TestCase1/Snapshots/alpha_0.05/psi/tc1_psi_day_06.00_iter_0000051840.png
    docs_asset: docs/assets/williamson/TestCase1/Snapshots/alpha_0.05/psi/tc1_psi_day_06.00_iter_0000051840.png
    referenced_by: docs/fragments/testcase1.html
  output: Sandbox/output/TestCase1/Snapshots/alpha_0.05/psi/tc1_psi_day_09.00_iter_0000077760.png
    docs_asset: docs/assets/williamson/TestCase1/Snapshots/alpha_0.05/psi/tc1_psi_day_09.00_iter_0000077760.png
    referenced_by: docs/fragments/testcase1.html
  output: Sandbox/output/TestCase1/Snapshots/alpha_0.05/tracer/tc1_tracer_day_00.00_iter_0000000000.png
    docs_asset: docs/assets/williamson/TestCase1/Snapshots/alpha_0.05/tracer/tc1_tracer_day_00.00_iter_0000000000.png
    referenced_by: docs/fragments/testcase1.html
  output: Sandbox/output/TestCase1/Snapshots/alpha_0.05/tracer/tc1_tracer_day_03.00_iter_0000025920.png
    docs_asset: docs/assets/williamson/TestCase1/Snapshots/alpha_0.05/tracer/tc1_tracer_day_03.00_iter_0000025920.png
    referenced_by: docs/fragments/testcase1.html
  output: Sandbox/output/TestCase1/Snapshots/alpha_0.05/tracer/tc1_tracer_day_06.00_iter_0000051840.png
    docs_asset: docs/assets/williamson/TestCase1/Snapshots/alpha_0.05/tracer/tc1_tracer_day_06.00_iter_0000051840.png
    referenced_by: docs/fragments/testcase1.html
  output: Sandbox/output/TestCase1/Snapshots/alpha_0.05/tracer/tc1_tracer_day_09.00_iter_0000077760.png
    docs_asset: docs/assets/williamson/TestCase1/Snapshots/alpha_0.05/tracer/tc1_tracer_day_09.00_iter_0000077760.png
    referenced_by: docs/fragments/testcase1.html
  output: Sandbox/output/TestCase1/Snapshots/alpha_0.05/tracer/tc1_tracer_day_12.00_iter_0000103680.png
    docs_asset: docs/assets/williamson/TestCase1/Snapshots/alpha_0.05/tracer/tc1_tracer_day_12.00_iter_0000103680.png
    referenced_by: docs/fragments/testcase1.html

Run directory file manifest
  DRC.data bytes=16 (16 B) mtime_utc=2026-06-13T19:58:56+00:00
  DRC.meta bytes=149 (149 B) mtime_utc=2026-06-13T19:58:56+00:00
  DRF.data bytes=8 (8 B) mtime_utc=2026-06-13T19:58:56+00:00
  DRF.meta bytes=129 (129 B) mtime_utc=2026-06-13T19:58:56+00:00
  DXC.data bytes=8294400 (7.9 MiB) mtime_utc=2026-06-13T19:58:55+00:00
  DXC.meta bytes=129 (129 B) mtime_utc=2026-06-13T19:58:55+00:00
  DXF.data bytes=8294400 (7.9 MiB) mtime_utc=2026-06-13T19:58:55+00:00
  DXF.meta bytes=129 (129 B) mtime_utc=2026-06-13T19:58:55+00:00
  DXG.data bytes=8294400 (7.9 MiB) mtime_utc=2026-06-13T19:58:55+00:00
  DXG.meta bytes=129 (129 B) mtime_utc=2026-06-13T19:58:55+00:00
  DXV.data bytes=8294400 (7.9 MiB) mtime_utc=2026-06-13T19:58:55+00:00
  DXV.meta bytes=129 (129 B) mtime_utc=2026-06-13T19:58:55+00:00
  DYC.data bytes=8294400 (7.9 MiB) mtime_utc=2026-06-13T19:58:55+00:00
  DYC.meta bytes=129 (129 B) mtime_utc=2026-06-13T19:58:55+00:00
  DYF.data bytes=8294400 (7.9 MiB) mtime_utc=2026-06-13T19:58:55+00:00
  DYF.meta bytes=129 (129 B) mtime_utc=2026-06-13T19:58:55+00:00
  DYG.data bytes=8294400 (7.9 MiB) mtime_utc=2026-06-13T19:58:55+00:00
  DYG.meta bytes=129 (129 B) mtime_utc=2026-06-13T19:58:55+00:00
  DYU.data bytes=8294400 (7.9 MiB) mtime_utc=2026-06-13T19:58:56+00:00
  DYU.meta bytes=129 (129 B) mtime_utc=2026-06-13T19:58:56+00:00
  Depth.data bytes=8294400 (7.9 MiB) mtime_utc=2026-06-13T19:58:56+00:00
  Depth.meta bytes=129 (129 B) mtime_utc=2026-06-13T19:58:56+00:00
  Eta.0000000000.data bytes=8294400 (7.9 MiB) mtime_utc=2026-06-13T19:58:57+00:00
  Eta.0000000000.meta bytes=163 (163 B) mtime_utc=2026-06-13T19:58:57+00:00
  Eta.0000008640.data bytes=8294400 (7.9 MiB) mtime_utc=2026-06-13T20:00:37+00:00
  Eta.0000008640.meta bytes=163 (163 B) mtime_utc=2026-06-13T20:00:46+00:00
  Eta.0000017280.data bytes=8294400 (7.9 MiB) mtime_utc=2026-06-13T20:02:17+00:00
  Eta.0000017280.meta bytes=163 (163 B) mtime_utc=2026-06-13T20:02:27+00:00
  Eta.0000025920.data bytes=8294400 (7.9 MiB) mtime_utc=2026-06-13T20:03:59+00:00
  Eta.0000025920.meta bytes=163 (163 B) mtime_utc=2026-06-13T20:04:09+00:00
  Eta.0000034560.data bytes=8294400 (7.9 MiB) mtime_utc=2026-06-13T20:05:40+00:00
  Eta.0000034560.meta bytes=163 (163 B) mtime_utc=2026-06-13T20:05:50+00:00
  Eta.0000043200.data bytes=8294400 (7.9 MiB) mtime_utc=2026-06-13T20:07:22+00:00
  Eta.0000043200.meta bytes=163 (163 B) mtime_utc=2026-06-13T20:07:32+00:00
  Eta.0000051840.data bytes=8294400 (7.9 MiB) mtime_utc=2026-06-13T20:09:04+00:00
  Eta.0000051840.meta bytes=163 (163 B) mtime_utc=2026-06-13T20:09:14+00:00
  Eta.0000060480.data bytes=8294400 (7.9 MiB) mtime_utc=2026-06-13T20:10:45+00:00
  Eta.0000060480.meta bytes=163 (163 B) mtime_utc=2026-06-13T20:10:55+00:00
  Eta.0000069120.data bytes=8294400 (7.9 MiB) mtime_utc=2026-06-13T20:12:26+00:00
  Eta.0000069120.meta bytes=163 (163 B) mtime_utc=2026-06-13T20:12:35+00:00
  Eta.0000077760.data bytes=8294400 (7.9 MiB) mtime_utc=2026-06-13T20:14:06+00:00
  Eta.0000077760.meta bytes=163 (163 B) mtime_utc=2026-06-13T20:14:16+00:00
  Eta.0000086400.data bytes=8294400 (7.9 MiB) mtime_utc=2026-06-13T20:15:47+00:00
  Eta.0000086400.meta bytes=163 (163 B) mtime_utc=2026-06-13T20:15:57+00:00
  Eta.0000095040.data bytes=8294400 (7.9 MiB) mtime_utc=2026-06-13T20:17:29+00:00
  Eta.0000095040.meta bytes=163 (163 B) mtime_utc=2026-06-13T20:17:39+00:00
  Eta.0000103680.data bytes=8294400 (7.9 MiB) mtime_utc=2026-06-13T20:19:10+00:00
  Eta.0000103680.meta bytes=163 (163 B) mtime_utc=2026-06-13T20:19:20+00:00
  PH.0000008640.data bytes=8294400 (7.9 MiB) mtime_utc=2026-06-13T20:00:37+00:00
  PH.0000008640.meta bytes=163 (163 B) mtime_utc=2026-06-13T20:00:47+00:00
  PH.0000017280.data bytes=8294400 (7.9 MiB) mtime_utc=2026-06-13T20:02:17+00:00
  PH.0000017280.meta bytes=163 (163 B) mtime_utc=2026-06-13T20:02:27+00:00
  PH.0000025920.data bytes=8294400 (7.9 MiB) mtime_utc=2026-06-13T20:03:59+00:00
  PH.0000025920.meta bytes=163 (163 B) mtime_utc=2026-06-13T20:04:09+00:00
  PH.0000034560.data bytes=8294400 (7.9 MiB) mtime_utc=2026-06-13T20:05:40+00:00
  PH.0000034560.meta bytes=163 (163 B) mtime_utc=2026-06-13T20:05:50+00:00
  PH.0000043200.data bytes=8294400 (7.9 MiB) mtime_utc=2026-06-13T20:07:22+00:00
  PH.0000043200.meta bytes=163 (163 B) mtime_utc=2026-06-13T20:07:32+00:00
  PH.0000051840.data bytes=8294400 (7.9 MiB) mtime_utc=2026-06-13T20:09:04+00:00
  PH.0000051840.meta bytes=163 (163 B) mtime_utc=2026-06-13T20:09:14+00:00
  PH.0000060480.data bytes=8294400 (7.9 MiB) mtime_utc=2026-06-13T20:10:45+00:00
  PH.0000060480.meta bytes=163 (163 B) mtime_utc=2026-06-13T20:10:55+00:00
  PH.0000069120.data bytes=8294400 (7.9 MiB) mtime_utc=2026-06-13T20:12:26+00:00
  PH.0000069120.meta bytes=163 (163 B) mtime_utc=2026-06-13T20:12:35+00:00
  PH.0000077760.data bytes=8294400 (7.9 MiB) mtime_utc=2026-06-13T20:14:06+00:00
  PH.0000077760.meta bytes=163 (163 B) mtime_utc=2026-06-13T20:14:16+00:00
  PH.0000086400.data bytes=8294400 (7.9 MiB) mtime_utc=2026-06-13T20:15:47+00:00
  PH.0000086400.meta bytes=163 (163 B) mtime_utc=2026-06-13T20:15:57+00:00
  PH.0000095040.data bytes=8294400 (7.9 MiB) mtime_utc=2026-06-13T20:17:29+00:00
  PH.0000095040.meta bytes=163 (163 B) mtime_utc=2026-06-13T20:17:39+00:00
  PH.0000103680.data bytes=8294400 (7.9 MiB) mtime_utc=2026-06-13T20:19:11+00:00
  PH.0000103680.meta bytes=163 (163 B) mtime_utc=2026-06-13T20:19:20+00:00
  PHL.0000008640.data bytes=8294400 (7.9 MiB) mtime_utc=2026-06-13T20:00:37+00:00
  PHL.0000008640.meta bytes=163 (163 B) mtime_utc=2026-06-13T20:00:47+00:00
  PHL.0000017280.data bytes=8294400 (7.9 MiB) mtime_utc=2026-06-13T20:02:18+00:00
  PHL.0000017280.meta bytes=163 (163 B) mtime_utc=2026-06-13T20:02:27+00:00
  PHL.0000025920.data bytes=8294400 (7.9 MiB) mtime_utc=2026-06-13T20:03:59+00:00
  PHL.0000025920.meta bytes=163 (163 B) mtime_utc=2026-06-13T20:04:09+00:00
  PHL.0000034560.data bytes=8294400 (7.9 MiB) mtime_utc=2026-06-13T20:05:41+00:00
  PHL.0000034560.meta bytes=163 (163 B) mtime_utc=2026-06-13T20:05:50+00:00
  PHL.0000043200.data bytes=8294400 (7.9 MiB) mtime_utc=2026-06-13T20:07:22+00:00
  PHL.0000043200.meta bytes=163 (163 B) mtime_utc=2026-06-13T20:07:32+00:00
  PHL.0000051840.data bytes=8294400 (7.9 MiB) mtime_utc=2026-06-13T20:09:05+00:00
  PHL.0000051840.meta bytes=163 (163 B) mtime_utc=2026-06-13T20:09:14+00:00
  PHL.0000060480.data bytes=8294400 (7.9 MiB) mtime_utc=2026-06-13T20:10:45+00:00
  PHL.0000060480.meta bytes=163 (163 B) mtime_utc=2026-06-13T20:10:55+00:00
  PHL.0000069120.data bytes=8294400 (7.9 MiB) mtime_utc=2026-06-13T20:12:26+00:00
  PHL.0000069120.meta bytes=163 (163 B) mtime_utc=2026-06-13T20:12:35+00:00
  PHL.0000077760.data bytes=8294400 (7.9 MiB) mtime_utc=2026-06-13T20:14:06+00:00
  PHL.0000077760.meta bytes=163 (163 B) mtime_utc=2026-06-13T20:14:16+00:00
  PHL.0000086400.data bytes=8294400 (7.9 MiB) mtime_utc=2026-06-13T20:15:47+00:00
  PHL.0000086400.meta bytes=163 (163 B) mtime_utc=2026-06-13T20:15:57+00:00
  PHL.0000095040.data bytes=8294400 (7.9 MiB) mtime_utc=2026-06-13T20:17:30+00:00
  PHL.0000095040.meta bytes=163 (163 B) mtime_utc=2026-06-13T20:17:39+00:00
  PHL.0000103680.data bytes=8294400 (7.9 MiB) mtime_utc=2026-06-13T20:19:11+00:00
  PHL.0000103680.meta bytes=163 (163 B) mtime_utc=2026-06-13T20:19:20+00:00
  PHrefC.data bytes=8 (8 B) mtime_utc=2026-06-13T19:58:56+00:00
  PHrefC.meta bytes=129 (129 B) mtime_utc=2026-06-13T19:58:56+00:00
  PHrefF.data bytes=16 (16 B) mtime_utc=2026-06-13T19:58:56+00:00
  PHrefF.meta bytes=149 (149 B) mtime_utc=2026-06-13T19:58:56+00:00
  RAC.data bytes=8294400 (7.9 MiB) mtime_utc=2026-06-13T19:58:54+00:00
  RAC.meta bytes=129 (129 B) mtime_utc=2026-06-13T19:58:54+00:00
  RAS.data bytes=8294400 (7.9 MiB) mtime_utc=2026-06-13T19:58:54+00:00
  RAS.meta bytes=129 (129 B) mtime_utc=2026-06-13T19:58:54+00:00
  RAW.data bytes=8294400 (7.9 MiB) mtime_utc=2026-06-13T19:58:54+00:00
  RAW.meta bytes=129 (129 B) mtime_utc=2026-06-13T19:58:54+00:00
  RAZ.data bytes=8294400 (7.9 MiB) mtime_utc=2026-06-13T19:58:54+00:00
  RAZ.meta bytes=129 (129 B) mtime_utc=2026-06-13T19:58:54+00:00
  RC.data bytes=8 (8 B) mtime_utc=2026-06-13T19:58:56+00:00
  RC.meta bytes=129 (129 B) mtime_utc=2026-06-13T19:58:56+00:00
  RF.data bytes=16 (16 B) mtime_utc=2026-06-13T19:58:56+00:00
  RF.meta bytes=149 (149 B) mtime_utc=2026-06-13T19:58:56+00:00
  RhoRef.data bytes=8 (8 B) mtime_utc=2026-06-13T19:58:53+00:00
  RhoRef.meta bytes=129 (129 B) mtime_utc=2026-06-13T19:58:53+00:00
  S.0000000000.data bytes=8294400 (7.9 MiB) mtime_utc=2026-06-13T19:58:57+00:00
  S.0000000000.meta bytes=163 (163 B) mtime_utc=2026-06-13T19:58:57+00:00
  S.0000008640.data bytes=8294400 (7.9 MiB) mtime_utc=2026-06-13T20:00:36+00:00
  S.0000008640.meta bytes=163 (163 B) mtime_utc=2026-06-13T20:00:46+00:00
  S.0000017280.data bytes=8294400 (7.9 MiB) mtime_utc=2026-06-13T20:02:17+00:00
  S.0000017280.meta bytes=163 (163 B) mtime_utc=2026-06-13T20:02:26+00:00
  S.0000025920.data bytes=8294400 (7.9 MiB) mtime_utc=2026-06-13T20:03:59+00:00
  S.0000025920.meta bytes=163 (163 B) mtime_utc=2026-06-13T20:04:08+00:00
  S.0000034560.data bytes=8294400 (7.9 MiB) mtime_utc=2026-06-13T20:05:40+00:00
  S.0000034560.meta bytes=163 (163 B) mtime_utc=2026-06-13T20:05:50+00:00
  S.0000043200.data bytes=8294400 (7.9 MiB) mtime_utc=2026-06-13T20:07:22+00:00
  S.0000043200.meta bytes=163 (163 B) mtime_utc=2026-06-13T20:07:32+00:00
  S.0000051840.data bytes=8294400 (7.9 MiB) mtime_utc=2026-06-13T20:09:04+00:00
  S.0000051840.meta bytes=163 (163 B) mtime_utc=2026-06-13T20:09:14+00:00
  S.0000060480.data bytes=8294400 (7.9 MiB) mtime_utc=2026-06-13T20:10:45+00:00
  S.0000060480.meta bytes=163 (163 B) mtime_utc=2026-06-13T20:10:54+00:00
  S.0000069120.data bytes=8294400 (7.9 MiB) mtime_utc=2026-06-13T20:12:25+00:00
  S.0000069120.meta bytes=163 (163 B) mtime_utc=2026-06-13T20:12:35+00:00
  S.0000077760.data bytes=8294400 (7.9 MiB) mtime_utc=2026-06-13T20:14:06+00:00
  S.0000077760.meta bytes=163 (163 B) mtime_utc=2026-06-13T20:14:15+00:00
  S.0000086400.data bytes=8294400 (7.9 MiB) mtime_utc=2026-06-13T20:15:47+00:00
  S.0000086400.meta bytes=163 (163 B) mtime_utc=2026-06-13T20:15:57+00:00
  S.0000095040.data bytes=8294400 (7.9 MiB) mtime_utc=2026-06-13T20:17:29+00:00
  S.0000095040.meta bytes=163 (163 B) mtime_utc=2026-06-13T20:17:38+00:00
  S.0000103680.data bytes=8294400 (7.9 MiB) mtime_utc=2026-06-13T20:19:10+00:00
  S.0000103680.meta bytes=163 (163 B) mtime_utc=2026-06-13T20:19:20+00:00
  STDERR.0000 bytes=99 (99 B) mtime_utc=2026-06-13T19:58:56+00:00
  STDERR.0001 bytes=99 (99 B) mtime_utc=2026-06-13T19:58:56+00:00
  STDERR.0002 bytes=99 (99 B) mtime_utc=2026-06-13T19:58:56+00:00
  STDERR.0003 bytes=99 (99 B) mtime_utc=2026-06-13T19:58:56+00:00
  STDERR.0004 bytes=99 (99 B) mtime_utc=2026-06-13T19:58:56+00:00
  STDERR.0005 bytes=99 (99 B) mtime_utc=2026-06-13T19:58:56+00:00
  STDERR.0006 bytes=99 (99 B) mtime_utc=2026-06-13T19:58:56+00:00
  STDERR.0007 bytes=99 (99 B) mtime_utc=2026-06-13T19:58:56+00:00
  STDERR.0008 bytes=99 (99 B) mtime_utc=2026-06-13T19:58:56+00:00
  STDERR.0009 bytes=99 (99 B) mtime_utc=2026-06-13T19:58:56+00:00
  STDERR.0010 bytes=99 (99 B) mtime_utc=2026-06-13T19:58:56+00:00
  STDERR.0011 bytes=99 (99 B) mtime_utc=2026-06-13T19:58:56+00:00
  STDERR.0012 bytes=99 (99 B) mtime_utc=2026-06-13T19:58:56+00:00
  STDERR.0013 bytes=99 (99 B) mtime_utc=2026-06-13T19:58:56+00:00
  STDERR.0014 bytes=99 (99 B) mtime_utc=2026-06-13T19:58:56+00:00
  STDERR.0015 bytes=99 (99 B) mtime_utc=2026-06-13T19:58:56+00:00
  STDERR.0016 bytes=99 (99 B) mtime_utc=2026-06-13T19:58:56+00:00
  STDERR.0017 bytes=99 (99 B) mtime_utc=2026-06-13T19:58:56+00:00
  STDERR.0018 bytes=99 (99 B) mtime_utc=2026-06-13T19:58:56+00:00
  STDERR.0019 bytes=99 (99 B) mtime_utc=2026-06-13T19:58:56+00:00
  STDERR.0020 bytes=99 (99 B) mtime_utc=2026-06-13T19:58:56+00:00
  STDERR.0021 bytes=99 (99 B) mtime_utc=2026-06-13T19:58:56+00:00
  STDERR.0022 bytes=99 (99 B) mtime_utc=2026-06-13T19:58:56+00:00
  STDERR.0023 bytes=99 (99 B) mtime_utc=2026-06-13T19:58:56+00:00
  STDERR.0024 bytes=99 (99 B) mtime_utc=2026-06-13T19:58:56+00:00
  STDERR.0025 bytes=99 (99 B) mtime_utc=2026-06-13T19:58:56+00:00
  STDERR.0026 bytes=99 (99 B) mtime_utc=2026-06-13T19:58:56+00:00
  STDERR.0027 bytes=99 (99 B) mtime_utc=2026-06-13T19:58:56+00:00
  STDERR.0028 bytes=99 (99 B) mtime_utc=2026-06-13T19:58:56+00:00
  STDERR.0029 bytes=99 (99 B) mtime_utc=2026-06-13T19:58:56+00:00
  STDERR.0030 bytes=99 (99 B) mtime_utc=2026-06-13T19:58:56+00:00
  STDERR.0031 bytes=99 (99 B) mtime_utc=2026-06-13T19:58:56+00:00
  STDERR.0032 bytes=99 (99 B) mtime_utc=2026-06-13T19:58:56+00:00
  STDERR.0033 bytes=99 (99 B) mtime_utc=2026-06-13T19:58:56+00:00
  STDERR.0034 bytes=99 (99 B) mtime_utc=2026-06-13T19:58:56+00:00
  STDERR.0035 bytes=99 (99 B) mtime_utc=2026-06-13T19:58:56+00:00
  STDERR.0036 bytes=99 (99 B) mtime_utc=2026-06-13T19:58:56+00:00
  STDERR.0037 bytes=99 (99 B) mtime_utc=2026-06-13T19:58:56+00:00
  STDERR.0038 bytes=99 (99 B) mtime_utc=2026-06-13T19:58:56+00:00
  STDERR.0039 bytes=99 (99 B) mtime_utc=2026-06-13T19:58:56+00:00
  STDERR.0040 bytes=99 (99 B) mtime_utc=2026-06-13T19:58:56+00:00
  STDERR.0041 bytes=99 (99 B) mtime_utc=2026-06-13T19:58:56+00:00
  STDERR.0042 bytes=99 (99 B) mtime_utc=2026-06-13T19:58:56+00:00
  STDERR.0043 bytes=99 (99 B) mtime_utc=2026-06-13T19:58:56+00:00
  STDERR.0044 bytes=99 (99 B) mtime_utc=2026-06-13T19:58:56+00:00
  STDERR.0045 bytes=99 (99 B) mtime_utc=2026-06-13T19:58:56+00:00
  STDERR.0046 bytes=99 (99 B) mtime_utc=2026-06-13T19:58:56+00:00
  STDERR.0047 bytes=99 (99 B) mtime_utc=2026-06-13T19:58:56+00:00
  STDOUT.0000 bytes=173685 (169.6 KiB) mtime_utc=2026-06-13T20:19:12+00:00
  STDOUT.0001 bytes=120319 (117.5 KiB) mtime_utc=2026-06-13T20:19:12+00:00
  STDOUT.0002 bytes=120319 (117.5 KiB) mtime_utc=2026-06-13T20:19:12+00:00
  STDOUT.0003 bytes=120319 (117.5 KiB) mtime_utc=2026-06-13T20:19:12+00:00
  STDOUT.0004 bytes=120319 (117.5 KiB) mtime_utc=2026-06-13T20:19:12+00:00
  STDOUT.0005 bytes=120314 (117.5 KiB) mtime_utc=2026-06-13T20:19:12+00:00
  STDOUT.0006 bytes=120314 (117.5 KiB) mtime_utc=2026-06-13T20:19:12+00:00
  STDOUT.0007 bytes=120319 (117.5 KiB) mtime_utc=2026-06-13T20:19:12+00:00
  STDOUT.0008 bytes=120319 (117.5 KiB) mtime_utc=2026-06-13T20:19:12+00:00
  STDOUT.0009 bytes=120324 (117.5 KiB) mtime_utc=2026-06-13T20:19:12+00:00
  STDOUT.0010 bytes=120319 (117.5 KiB) mtime_utc=2026-06-13T20:19:12+00:00
  STDOUT.0011 bytes=120319 (117.5 KiB) mtime_utc=2026-06-13T20:19:12+00:00
  STDOUT.0012 bytes=120314 (117.5 KiB) mtime_utc=2026-06-13T20:19:12+00:00
  STDOUT.0013 bytes=120314 (117.5 KiB) mtime_utc=2026-06-13T20:19:12+00:00
  STDOUT.0014 bytes=120314 (117.5 KiB) mtime_utc=2026-06-13T20:19:12+00:00
  STDOUT.0015 bytes=120314 (117.5 KiB) mtime_utc=2026-06-13T20:19:12+00:00
  STDOUT.0016 bytes=120314 (117.5 KiB) mtime_utc=2026-06-13T20:19:12+00:00
  STDOUT.0017 bytes=120403 (117.6 KiB) mtime_utc=2026-06-13T20:19:12+00:00
  STDOUT.0018 bytes=120403 (117.6 KiB) mtime_utc=2026-06-13T20:19:12+00:00
  STDOUT.0019 bytes=120314 (117.5 KiB) mtime_utc=2026-06-13T20:19:12+00:00
  STDOUT.0020 bytes=120319 (117.5 KiB) mtime_utc=2026-06-13T20:19:12+00:00
  STDOUT.0021 bytes=120314 (117.5 KiB) mtime_utc=2026-06-13T20:19:12+00:00
  STDOUT.0022 bytes=120314 (117.5 KiB) mtime_utc=2026-06-13T20:19:12+00:00
  STDOUT.0023 bytes=120314 (117.5 KiB) mtime_utc=2026-06-13T20:19:12+00:00
  STDOUT.0024 bytes=120314 (117.5 KiB) mtime_utc=2026-06-13T20:19:12+00:00
  STDOUT.0025 bytes=120314 (117.5 KiB) mtime_utc=2026-06-13T20:19:12+00:00
  STDOUT.0026 bytes=120319 (117.5 KiB) mtime_utc=2026-06-13T20:19:12+00:00
  STDOUT.0027 bytes=120314 (117.5 KiB) mtime_utc=2026-06-13T20:19:12+00:00
  STDOUT.0028 bytes=120319 (117.5 KiB) mtime_utc=2026-06-13T20:19:12+00:00
  STDOUT.0029 bytes=120314 (117.5 KiB) mtime_utc=2026-06-13T20:19:12+00:00
  STDOUT.0030 bytes=120319 (117.5 KiB) mtime_utc=2026-06-13T20:19:12+00:00
  STDOUT.0031 bytes=120324 (117.5 KiB) mtime_utc=2026-06-13T20:19:12+00:00
  STDOUT.0032 bytes=120319 (117.5 KiB) mtime_utc=2026-06-13T20:19:12+00:00
  STDOUT.0033 bytes=120314 (117.5 KiB) mtime_utc=2026-06-13T20:19:12+00:00
  STDOUT.0034 bytes=120319 (117.5 KiB) mtime_utc=2026-06-13T20:19:12+00:00
  STDOUT.0035 bytes=120314 (117.5 KiB) mtime_utc=2026-06-13T20:19:12+00:00
  STDOUT.0036 bytes=120319 (117.5 KiB) mtime_utc=2026-06-13T20:19:12+00:00
  STDOUT.0037 bytes=120319 (117.5 KiB) mtime_utc=2026-06-13T20:19:12+00:00
  STDOUT.0038 bytes=120314 (117.5 KiB) mtime_utc=2026-06-13T20:19:12+00:00
  STDOUT.0039 bytes=120319 (117.5 KiB) mtime_utc=2026-06-13T20:19:12+00:00
  STDOUT.0040 bytes=120319 (117.5 KiB) mtime_utc=2026-06-13T20:19:12+00:00
  STDOUT.0041 bytes=120324 (117.5 KiB) mtime_utc=2026-06-13T20:19:12+00:00
  STDOUT.0042 bytes=120319 (117.5 KiB) mtime_utc=2026-06-13T20:19:12+00:00
  STDOUT.0043 bytes=120314 (117.5 KiB) mtime_utc=2026-06-13T20:19:12+00:00
  STDOUT.0044 bytes=120324 (117.5 KiB) mtime_utc=2026-06-13T20:19:12+00:00
  STDOUT.0045 bytes=120319 (117.5 KiB) mtime_utc=2026-06-13T20:19:12+00:00
  STDOUT.0046 bytes=120324 (117.5 KiB) mtime_utc=2026-06-13T20:19:12+00:00
  STDOUT.0047 bytes=120324 (117.5 KiB) mtime_utc=2026-06-13T20:19:12+00:00
  S_init.bin bytes=4147200 (4.0 MiB) mtime_utc=2026-06-13T19:58:47+00:00
  T.0000000000.data bytes=8294400 (7.9 MiB) mtime_utc=2026-06-13T19:58:57+00:00
  T.0000000000.meta bytes=163 (163 B) mtime_utc=2026-06-13T19:58:57+00:00
  T.0000008640.data bytes=8294400 (7.9 MiB) mtime_utc=2026-06-13T20:00:36+00:00
  T.0000008640.meta bytes=163 (163 B) mtime_utc=2026-06-13T20:00:46+00:00
  T.0000017280.data bytes=8294400 (7.9 MiB) mtime_utc=2026-06-13T20:02:17+00:00
  T.0000017280.meta bytes=163 (163 B) mtime_utc=2026-06-13T20:02:26+00:00
  T.0000025920.data bytes=8294400 (7.9 MiB) mtime_utc=2026-06-13T20:03:58+00:00
  T.0000025920.meta bytes=163 (163 B) mtime_utc=2026-06-13T20:04:08+00:00
  T.0000034560.data bytes=8294400 (7.9 MiB) mtime_utc=2026-06-13T20:05:40+00:00
  T.0000034560.meta bytes=163 (163 B) mtime_utc=2026-06-13T20:05:50+00:00
  T.0000043200.data bytes=8294400 (7.9 MiB) mtime_utc=2026-06-13T20:07:22+00:00
  T.0000043200.meta bytes=163 (163 B) mtime_utc=2026-06-13T20:07:31+00:00
  T.0000051840.data bytes=8294400 (7.9 MiB) mtime_utc=2026-06-13T20:09:04+00:00
  T.0000051840.meta bytes=163 (163 B) mtime_utc=2026-06-13T20:09:13+00:00
  T.0000060480.data bytes=8294400 (7.9 MiB) mtime_utc=2026-06-13T20:10:45+00:00
  T.0000060480.meta bytes=163 (163 B) mtime_utc=2026-06-13T20:10:54+00:00
  T.0000069120.data bytes=8294400 (7.9 MiB) mtime_utc=2026-06-13T20:12:25+00:00
  T.0000069120.meta bytes=163 (163 B) mtime_utc=2026-06-13T20:12:34+00:00
  T.0000077760.data bytes=8294400 (7.9 MiB) mtime_utc=2026-06-13T20:14:06+00:00
  T.0000077760.meta bytes=163 (163 B) mtime_utc=2026-06-13T20:14:15+00:00
  T.0000086400.data bytes=8294400 (7.9 MiB) mtime_utc=2026-06-13T20:15:47+00:00
  T.0000086400.meta bytes=163 (163 B) mtime_utc=2026-06-13T20:15:56+00:00
  T.0000095040.data bytes=8294400 (7.9 MiB) mtime_utc=2026-06-13T20:17:29+00:00
  T.0000095040.meta bytes=163 (163 B) mtime_utc=2026-06-13T20:17:38+00:00
  T.0000103680.data bytes=8294400 (7.9 MiB) mtime_utc=2026-06-13T20:19:10+00:00
  T.0000103680.meta bytes=163 (163 B) mtime_utc=2026-06-13T20:19:20+00:00
  U.0000000000.data bytes=8294400 (7.9 MiB) mtime_utc=2026-06-13T19:58:56+00:00
  U.0000000000.meta bytes=163 (163 B) mtime_utc=2026-06-13T19:58:56+00:00
  U.0000008640.data bytes=8294400 (7.9 MiB) mtime_utc=2026-06-13T20:00:36+00:00
  U.0000008640.meta bytes=163 (163 B) mtime_utc=2026-06-13T20:00:46+00:00
  U.0000017280.data bytes=8294400 (7.9 MiB) mtime_utc=2026-06-13T20:02:16+00:00
  U.0000017280.meta bytes=163 (163 B) mtime_utc=2026-06-13T20:02:26+00:00
  U.0000025920.data bytes=8294400 (7.9 MiB) mtime_utc=2026-06-13T20:03:58+00:00
  U.0000025920.meta bytes=163 (163 B) mtime_utc=2026-06-13T20:04:08+00:00
  U.0000034560.data bytes=8294400 (7.9 MiB) mtime_utc=2026-06-13T20:05:40+00:00
  U.0000034560.meta bytes=163 (163 B) mtime_utc=2026-06-13T20:05:49+00:00
  U.0000043200.data bytes=8294400 (7.9 MiB) mtime_utc=2026-06-13T20:07:21+00:00
  U.0000043200.meta bytes=163 (163 B) mtime_utc=2026-06-13T20:07:31+00:00
  U.0000051840.data bytes=8294400 (7.9 MiB) mtime_utc=2026-06-13T20:09:03+00:00
  U.0000051840.meta bytes=163 (163 B) mtime_utc=2026-06-13T20:09:13+00:00
  U.0000060480.data bytes=8294400 (7.9 MiB) mtime_utc=2026-06-13T20:10:44+00:00
  U.0000060480.meta bytes=163 (163 B) mtime_utc=2026-06-13T20:10:54+00:00
  U.0000069120.data bytes=8294400 (7.9 MiB) mtime_utc=2026-06-13T20:12:25+00:00
  U.0000069120.meta bytes=163 (163 B) mtime_utc=2026-06-13T20:12:34+00:00
  U.0000077760.data bytes=8294400 (7.9 MiB) mtime_utc=2026-06-13T20:14:05+00:00
  U.0000077760.meta bytes=163 (163 B) mtime_utc=2026-06-13T20:14:15+00:00
  U.0000086400.data bytes=8294400 (7.9 MiB) mtime_utc=2026-06-13T20:15:47+00:00
  U.0000086400.meta bytes=163 (163 B) mtime_utc=2026-06-13T20:15:56+00:00
  U.0000095040.data bytes=8294400 (7.9 MiB) mtime_utc=2026-06-13T20:17:28+00:00
  U.0000095040.meta bytes=163 (163 B) mtime_utc=2026-06-13T20:17:38+00:00
  U.0000103680.data bytes=8294400 (7.9 MiB) mtime_utc=2026-06-13T20:19:10+00:00
  U.0000103680.meta bytes=163 (163 B) mtime_utc=2026-06-13T20:19:20+00:00
  V.0000000000.data bytes=8294400 (7.9 MiB) mtime_utc=2026-06-13T19:58:57+00:00
  V.0000000000.meta bytes=163 (163 B) mtime_utc=2026-06-13T19:58:57+00:00
  V.0000008640.data bytes=8294400 (7.9 MiB) mtime_utc=2026-06-13T20:00:36+00:00
  V.0000008640.meta bytes=163 (163 B) mtime_utc=2026-06-13T20:00:46+00:00
  V.0000017280.data bytes=8294400 (7.9 MiB) mtime_utc=2026-06-13T20:02:17+00:00
  V.0000017280.meta bytes=163 (163 B) mtime_utc=2026-06-13T20:02:26+00:00
  V.0000025920.data bytes=8294400 (7.9 MiB) mtime_utc=2026-06-13T20:03:58+00:00
  V.0000025920.meta bytes=163 (163 B) mtime_utc=2026-06-13T20:04:08+00:00
  V.0000034560.data bytes=8294400 (7.9 MiB) mtime_utc=2026-06-13T20:05:40+00:00
  V.0000034560.meta bytes=163 (163 B) mtime_utc=2026-06-13T20:05:49+00:00
  V.0000043200.data bytes=8294400 (7.9 MiB) mtime_utc=2026-06-13T20:07:22+00:00
  V.0000043200.meta bytes=163 (163 B) mtime_utc=2026-06-13T20:07:31+00:00
  V.0000051840.data bytes=8294400 (7.9 MiB) mtime_utc=2026-06-13T20:09:04+00:00
  V.0000051840.meta bytes=163 (163 B) mtime_utc=2026-06-13T20:09:13+00:00
  V.0000060480.data bytes=8294400 (7.9 MiB) mtime_utc=2026-06-13T20:10:44+00:00
  V.0000060480.meta bytes=163 (163 B) mtime_utc=2026-06-13T20:10:54+00:00
  V.0000069120.data bytes=8294400 (7.9 MiB) mtime_utc=2026-06-13T20:12:25+00:00
  V.0000069120.meta bytes=163 (163 B) mtime_utc=2026-06-13T20:12:34+00:00
  V.0000077760.data bytes=8294400 (7.9 MiB) mtime_utc=2026-06-13T20:14:06+00:00
  V.0000077760.meta bytes=163 (163 B) mtime_utc=2026-06-13T20:14:15+00:00
  V.0000086400.data bytes=8294400 (7.9 MiB) mtime_utc=2026-06-13T20:15:47+00:00
  V.0000086400.meta bytes=163 (163 B) mtime_utc=2026-06-13T20:15:56+00:00
  V.0000095040.data bytes=8294400 (7.9 MiB) mtime_utc=2026-06-13T20:17:28+00:00
  V.0000095040.meta bytes=163 (163 B) mtime_utc=2026-06-13T20:17:38+00:00
  V.0000103680.data bytes=8294400 (7.9 MiB) mtime_utc=2026-06-13T20:19:10+00:00
  V.0000103680.meta bytes=163 (163 B) mtime_utc=2026-06-13T20:19:20+00:00
  W.0000000000.data bytes=8294400 (7.9 MiB) mtime_utc=2026-06-13T19:58:57+00:00
  W.0000000000.meta bytes=163 (163 B) mtime_utc=2026-06-13T19:58:57+00:00
  W.0000008640.data bytes=8294400 (7.9 MiB) mtime_utc=2026-06-13T20:00:37+00:00
  W.0000008640.meta bytes=163 (163 B) mtime_utc=2026-06-13T20:00:46+00:00
  W.0000017280.data bytes=8294400 (7.9 MiB) mtime_utc=2026-06-13T20:02:17+00:00
  W.0000017280.meta bytes=163 (163 B) mtime_utc=2026-06-13T20:02:27+00:00
  W.0000025920.data bytes=8294400 (7.9 MiB) mtime_utc=2026-06-13T20:03:59+00:00
  W.0000025920.meta bytes=163 (163 B) mtime_utc=2026-06-13T20:04:09+00:00
  W.0000034560.data bytes=8294400 (7.9 MiB) mtime_utc=2026-06-13T20:05:40+00:00
  W.0000034560.meta bytes=163 (163 B) mtime_utc=2026-06-13T20:05:50+00:00
  W.0000043200.data bytes=8294400 (7.9 MiB) mtime_utc=2026-06-13T20:07:22+00:00
  W.0000043200.meta bytes=163 (163 B) mtime_utc=2026-06-13T20:07:32+00:00
  W.0000051840.data bytes=8294400 (7.9 MiB) mtime_utc=2026-06-13T20:09:04+00:00
  W.0000051840.meta bytes=163 (163 B) mtime_utc=2026-06-13T20:09:14+00:00
  W.0000060480.data bytes=8294400 (7.9 MiB) mtime_utc=2026-06-13T20:10:45+00:00
  W.0000060480.meta bytes=163 (163 B) mtime_utc=2026-06-13T20:10:55+00:00
  W.0000069120.data bytes=8294400 (7.9 MiB) mtime_utc=2026-06-13T20:12:26+00:00
  W.0000069120.meta bytes=163 (163 B) mtime_utc=2026-06-13T20:12:35+00:00
  W.0000077760.data bytes=8294400 (7.9 MiB) mtime_utc=2026-06-13T20:14:06+00:00
  W.0000077760.meta bytes=163 (163 B) mtime_utc=2026-06-13T20:14:16+00:00
  W.0000086400.data bytes=8294400 (7.9 MiB) mtime_utc=2026-06-13T20:15:47+00:00
  W.0000086400.meta bytes=163 (163 B) mtime_utc=2026-06-13T20:15:57+00:00
  W.0000095040.data bytes=8294400 (7.9 MiB) mtime_utc=2026-06-13T20:17:29+00:00
  W.0000095040.meta bytes=163 (163 B) mtime_utc=2026-06-13T20:17:39+00:00
  W.0000103680.data bytes=8294400 (7.9 MiB) mtime_utc=2026-06-13T20:19:10+00:00
  W.0000103680.meta bytes=163 (163 B) mtime_utc=2026-06-13T20:19:20+00:00
  XC.data bytes=8294400 (7.9 MiB) mtime_utc=2026-06-13T19:58:53+00:00
  XC.meta bytes=129 (129 B) mtime_utc=2026-06-13T19:58:53+00:00
  XG.data bytes=8294400 (7.9 MiB) mtime_utc=2026-06-13T19:58:54+00:00
  XG.meta bytes=129 (129 B) mtime_utc=2026-06-13T19:58:54+00:00
  YC.data bytes=8294400 (7.9 MiB) mtime_utc=2026-06-13T19:58:54+00:00
  YC.meta bytes=129 (129 B) mtime_utc=2026-06-13T19:58:54+00:00
  YG.data bytes=8294400 (7.9 MiB) mtime_utc=2026-06-13T19:58:54+00:00
  YG.meta bytes=129 (129 B) mtime_utc=2026-06-13T19:58:54+00:00
  available_diagnostics.log bytes=13284 (13.0 KiB) mtime_utc=2026-06-13T19:58:53+00:00
  bathymetry_flat4000.bin bytes=4147200 (4.0 MiB) mtime_utc=2026-06-13T19:58:47+00:00
  data bytes=1657 (1.6 KiB) mtime_utc=2026-06-13T19:58:54+00:00
  data.diagnostics bytes=2946 (2.9 KiB) mtime_utc=2026-06-13T19:58:44+00:00
  data.pkg bytes=49 (49 B) mtime_utc=2026-06-13T19:58:44+00:00
  dynDiag.0000000000.data bytes=49766400 (47.5 MiB) mtime_utc=2026-06-13T19:58:59+00:00
  dynDiag.0000000000.meta bytes=350 (350 B) mtime_utc=2026-06-13T19:58:59+00:00
  dynDiag.0000008640.data bytes=49766400 (47.5 MiB) mtime_utc=2026-06-13T20:00:39+00:00
  dynDiag.0000008640.meta bytes=350 (350 B) mtime_utc=2026-06-13T20:00:49+00:00
  dynDiag.0000017280.data bytes=49766400 (47.5 MiB) mtime_utc=2026-06-13T20:02:19+00:00
  dynDiag.0000017280.meta bytes=350 (350 B) mtime_utc=2026-06-13T20:02:29+00:00
  dynDiag.0000025920.data bytes=49766400 (47.5 MiB) mtime_utc=2026-06-13T20:04:01+00:00
  dynDiag.0000025920.meta bytes=350 (350 B) mtime_utc=2026-06-13T20:04:11+00:00
  dynDiag.0000034560.data bytes=49766400 (47.5 MiB) mtime_utc=2026-06-13T20:05:43+00:00
  dynDiag.0000034560.meta bytes=350 (350 B) mtime_utc=2026-06-13T20:05:52+00:00
  dynDiag.0000043200.data bytes=49766400 (47.5 MiB) mtime_utc=2026-06-13T20:07:25+00:00
  dynDiag.0000043200.meta bytes=350 (350 B) mtime_utc=2026-06-13T20:07:34+00:00
  dynDiag.0000051840.data bytes=49766400 (47.5 MiB) mtime_utc=2026-06-13T20:09:07+00:00
  dynDiag.0000051840.meta bytes=350 (350 B) mtime_utc=2026-06-13T20:09:16+00:00
  dynDiag.0000060480.data bytes=49766400 (47.5 MiB) mtime_utc=2026-06-13T20:10:47+00:00
  dynDiag.0000060480.meta bytes=350 (350 B) mtime_utc=2026-06-13T20:10:57+00:00
  dynDiag.0000069120.data bytes=49766400 (47.5 MiB) mtime_utc=2026-06-13T20:12:29+00:00
  dynDiag.0000069120.meta bytes=350 (350 B) mtime_utc=2026-06-13T20:12:37+00:00
  dynDiag.0000077760.data bytes=49766400 (47.5 MiB) mtime_utc=2026-06-13T20:14:08+00:00
  dynDiag.0000077760.meta bytes=350 (350 B) mtime_utc=2026-06-13T20:14:18+00:00
  dynDiag.0000086400.data bytes=49766400 (47.5 MiB) mtime_utc=2026-06-13T20:15:50+00:00
  dynDiag.0000086400.meta bytes=350 (350 B) mtime_utc=2026-06-13T20:15:59+00:00
  dynDiag.0000095040.data bytes=49766400 (47.5 MiB) mtime_utc=2026-06-13T20:17:31+00:00
  dynDiag.0000095040.meta bytes=350 (350 B) mtime_utc=2026-06-13T20:17:41+00:00
  dynStDiag.0000000000.txt bytes=20275 (19.8 KiB) mtime_utc=2026-06-13T20:19:11+00:00
  dyn_Aux.0000000000.data bytes=24883200 (23.7 MiB) mtime_utc=2026-06-13T19:58:58+00:00
  dyn_Aux.0000000000.meta bytes=317 (317 B) mtime_utc=2026-06-13T19:58:58+00:00
  dyn_Aux.0000008640.data bytes=24883200 (23.7 MiB) mtime_utc=2026-06-13T20:00:38+00:00
  dyn_Aux.0000008640.meta bytes=317 (317 B) mtime_utc=2026-06-13T20:00:48+00:00
  dyn_Aux.0000017280.data bytes=24883200 (23.7 MiB) mtime_utc=2026-06-13T20:02:19+00:00
  dyn_Aux.0000017280.meta bytes=317 (317 B) mtime_utc=2026-06-13T20:02:28+00:00
  dyn_Aux.0000025920.data bytes=24883200 (23.7 MiB) mtime_utc=2026-06-13T20:04:00+00:00
  dyn_Aux.0000025920.meta bytes=317 (317 B) mtime_utc=2026-06-13T20:04:10+00:00
  dyn_Aux.0000034560.data bytes=24883200 (23.7 MiB) mtime_utc=2026-06-13T20:05:42+00:00
  dyn_Aux.0000034560.meta bytes=317 (317 B) mtime_utc=2026-06-13T20:05:51+00:00
  dyn_Aux.0000043200.data bytes=24883200 (23.7 MiB) mtime_utc=2026-06-13T20:07:24+00:00
  dyn_Aux.0000043200.meta bytes=317 (317 B) mtime_utc=2026-06-13T20:07:34+00:00
  dyn_Aux.0000051840.data bytes=24883200 (23.7 MiB) mtime_utc=2026-06-13T20:09:06+00:00
  dyn_Aux.0000051840.meta bytes=317 (317 B) mtime_utc=2026-06-13T20:09:15+00:00
  dyn_Aux.0000060480.data bytes=24883200 (23.7 MiB) mtime_utc=2026-06-13T20:10:46+00:00
  dyn_Aux.0000060480.meta bytes=317 (317 B) mtime_utc=2026-06-13T20:10:56+00:00
  dyn_Aux.0000069120.data bytes=24883200 (23.7 MiB) mtime_utc=2026-06-13T20:12:28+00:00
  dyn_Aux.0000069120.meta bytes=317 (317 B) mtime_utc=2026-06-13T20:12:36+00:00
  dyn_Aux.0000077760.data bytes=24883200 (23.7 MiB) mtime_utc=2026-06-13T20:14:07+00:00
  dyn_Aux.0000077760.meta bytes=317 (317 B) mtime_utc=2026-06-13T20:14:17+00:00
  dyn_Aux.0000086400.data bytes=24883200 (23.7 MiB) mtime_utc=2026-06-13T20:15:49+00:00
  dyn_Aux.0000086400.meta bytes=317 (317 B) mtime_utc=2026-06-13T20:15:58+00:00
  dyn_Aux.0000095040.data bytes=24883200 (23.7 MiB) mtime_utc=2026-06-13T20:17:31+00:00
  dyn_Aux.0000095040.meta bytes=317 (317 B) mtime_utc=2026-06-13T20:17:40+00:00
  eedata bytes=254 (254 B) mtime_utc=2026-06-13T19:58:44+00:00
  eedata.mth bytes=275 (275 B) mtime_utc=2026-06-13T19:58:44+00:00
  gendata_ref.py bytes=3606 (3.5 KiB) mtime_utc=2026-06-13T19:58:54+00:00
  hFacC.data bytes=8294400 (7.9 MiB) mtime_utc=2026-06-13T19:58:56+00:00
  hFacC.meta bytes=129 (129 B) mtime_utc=2026-06-13T19:58:56+00:00
  hFacS.data bytes=8294400 (7.9 MiB) mtime_utc=2026-06-13T19:58:56+00:00
  hFacS.meta bytes=129 (129 B) mtime_utc=2026-06-13T19:58:56+00:00
  hFacW.data bytes=8294400 (7.9 MiB) mtime_utc=2026-06-13T19:58:56+00:00
  hFacW.meta bytes=129 (129 B) mtime_utc=2026-06-13T19:58:56+00:00
  mitgcmuv bytes=1969352 (1.9 MiB) mtime_utc=2026-06-13T19:58:44+00:00
  pickup.ckptA.data bytes=58060800 (55.4 MiB) mtime_utc=2026-06-13T20:19:12+00:00
  pickup.ckptA.meta bytes=318 (318 B) mtime_utc=2026-06-13T20:19:22+00:00
  u_init.bin bytes=4147200 (4.0 MiB) mtime_utc=2026-06-13T19:58:47+00:00
  v_init.bin bytes=4147200 (4.0 MiB) mtime_utc=2026-06-13T19:58:47+00:00
