MITgcm run inventory
generated_utc: 2026-06-18T02:11:04+00:00
run_dir: Sandbox/vortexSphere_Williamson_TC3/run_alpha_1.0472
case_code: TC3
alpha_label: 1.0472
log_file: run_inventory.log

Summary
  run_dir_files: 216
  run_dir_bytes: 1631537872 (1.5 GiB)
  run_output_groups: 38
  requested_diagnostic_streams: 3
  generated_product_dirs: 4
  generated_product_files: 52
  plotted_files: 41
  computed_files: 7
  docs_indexed_assets: 26

Diagnostics request
  data_diagnostics: Sandbox/vortexSphere_Williamson_TC3/run_alpha_1.0472/data.diagnostics
  available_diagnostics: Sandbox/vortexSphere_Williamson_TC3/run_alpha_1.0472/available_diagnostics.log
  [diagnostics stream 2] fileName=dyn_Aux frequency=-86400. phase=0.
    WVELMASS: units=m/s; levels=1; title=Vertical Mass-Weighted Comp of Velocity
    PhiVEL: units=m^2/s; levels=1; title=Horizontal Velocity Potential (m^2/s)
    PsiVEL: units=m.m^2/s; levels=1; title=Horizontal Velocity Stream-Function
  [diagnostics stream 3] fileName=dynDiag frequency=-86400. phase=0.
    UVEL: units=m/s; levels=1; title=Zonal Component of Velocity (m/s)
    VVEL: units=m/s; levels=1; title=Meridional Component of Velocity (m/s)
    ETAN: units=m; levels=1; title=Surface Height Anomaly
    ETANSQ: units=m^2; levels=1; title=Square of Surface Height Anomaly
    momKE: units=m^2/s^2; levels=1; title=Kinetic Energy (in momentum Eq.)
  [statistics stream 1] fileName=dynStDiag frequency=-86400. phase=0.
    ETAN: units=m; levels=1; title=Surface Height Anomaly
    ETANSQ: units=m^2; levels=1; title=Square of Surface Height Anomaly
    momKE: units=m^2/s^2; levels=1; title=Kinetic Energy (in momentum Eq.)

Run directory outputs
  DRC: data=1 meta=1 iterations=none bytes=165 (165 B)
  DRF: data=1 meta=1 iterations=none bytes=137 (137 B)
  DXC: data=1 meta=1 iterations=none bytes=8294529 (7.9 MiB)
  DXF: data=1 meta=1 iterations=none bytes=8294529 (7.9 MiB)
  DXG: data=1 meta=1 iterations=none bytes=8294529 (7.9 MiB)
  DXV: data=1 meta=1 iterations=none bytes=8294529 (7.9 MiB)
  DYC: data=1 meta=1 iterations=none bytes=8294529 (7.9 MiB)
  DYF: data=1 meta=1 iterations=none bytes=8294529 (7.9 MiB)
  DYG: data=1 meta=1 iterations=none bytes=8294529 (7.9 MiB)
  DYU: data=1 meta=1 iterations=none bytes=8294529 (7.9 MiB)
  Depth: data=1 meta=1 iterations=none bytes=8294529 (7.9 MiB)
  Eta: data=6 meta=6 iterations=0..576000 (6) bytes=49767378 (47.5 MiB)
  PH: data=5 meta=5 iterations=115200..576000 (5) bytes=41472815 (39.6 MiB)
  PHL: data=5 meta=5 iterations=115200..576000 (5) bytes=41472815 (39.6 MiB)
  PHrefC: data=1 meta=1 iterations=none bytes=137 (137 B)
  PHrefF: data=1 meta=1 iterations=none bytes=165 (165 B)
  RAC: data=1 meta=1 iterations=none bytes=8294529 (7.9 MiB)
  RAS: data=1 meta=1 iterations=none bytes=8294529 (7.9 MiB)
  RAW: data=1 meta=1 iterations=none bytes=8294529 (7.9 MiB)
  RAZ: data=1 meta=1 iterations=none bytes=8294529 (7.9 MiB)
  RC: data=1 meta=1 iterations=none bytes=137 (137 B)
  RF: data=1 meta=1 iterations=none bytes=165 (165 B)
  RhoRef: data=1 meta=1 iterations=none bytes=137 (137 B)
  S: data=6 meta=6 iterations=0..576000 (6) bytes=49767378 (47.5 MiB)
  T: data=6 meta=6 iterations=0..576000 (6) bytes=49767378 (47.5 MiB)
  U: data=6 meta=6 iterations=0..576000 (6) bytes=49767378 (47.5 MiB)
  V: data=6 meta=6 iterations=0..576000 (6) bytes=49767378 (47.5 MiB)
  W: data=6 meta=6 iterations=0..576000 (6) bytes=49767378 (47.5 MiB)
  XC: data=1 meta=1 iterations=none bytes=8294529 (7.9 MiB)
  XG: data=1 meta=1 iterations=none bytes=8294529 (7.9 MiB)
  YC: data=1 meta=1 iterations=none bytes=8294529 (7.9 MiB)
  YG: data=1 meta=1 iterations=none bytes=8294529 (7.9 MiB)
  dynDiag: data=5 meta=5 iterations=0..460800 (5) bytes=207361695 (197.8 MiB)
  dyn_Aux: data=5 meta=5 iterations=0..460800 (5) bytes=124417585 (118.7 MiB)
  hFacC: data=1 meta=1 iterations=none bytes=8294529 (7.9 MiB)
  hFacS: data=1 meta=1 iterations=none bytes=8294529 (7.9 MiB)
  hFacW: data=1 meta=1 iterations=none bytes=8294529 (7.9 MiB)
  pickup.ckptA: data=1 meta=1 iterations=none bytes=74649940 (71.2 MiB)

Generated products
  output_dir: Sandbox/output/TestCase3/Diagnosis/conservation/alpha_1.0472
    case=TC3 product=conservation alpha=1.0472
    saved: conservation_timeseries.csv, conservation_mass.pdf, conservation_mass.png, conservation_energy.pdf, conservation_energy.png, conservation_pv_enstrophy.pdf, conservation_pv_enstrophy.png
    fields: {"eta": "Eta", "kinetic": "momKE", "scalar": null, "u": "U", "v": "V", "vorticity": null}
    plotted_files: 6
      Sandbox/output/TestCase3/Diagnosis/conservation/alpha_1.0472/conservation_energy.pdf
      Sandbox/output/TestCase3/Diagnosis/conservation/alpha_1.0472/conservation_energy.png
      Sandbox/output/TestCase3/Diagnosis/conservation/alpha_1.0472/conservation_mass.pdf
      Sandbox/output/TestCase3/Diagnosis/conservation/alpha_1.0472/conservation_mass.png
      Sandbox/output/TestCase3/Diagnosis/conservation/alpha_1.0472/conservation_pv_enstrophy.pdf
      Sandbox/output/TestCase3/Diagnosis/conservation/alpha_1.0472/conservation_pv_enstrophy.png
    computed_files: 3
      Sandbox/output/TestCase3/Diagnosis/conservation/alpha_1.0472/availability.json
      Sandbox/output/TestCase3/Diagnosis/conservation/alpha_1.0472/conservation_summary.json
      Sandbox/output/TestCase3/Diagnosis/conservation/alpha_1.0472/conservation_timeseries.csv
    other_files: 1
      Sandbox/output/TestCase3/Diagnosis/conservation/alpha_1.0472/manifest.json
  output_dir: Sandbox/output/TestCase3/Diagnosis/error/alpha_1.0472
    case=TC3 product=error_analysis alpha=1.0472
    saved: TC3_error_norms, TC3_error_norms.csv, TC3_error_norms.txt, TC3_error_norms.tex
    plotted_files: 2
      Sandbox/output/TestCase3/Diagnosis/error/alpha_1.0472/TC3_error_norms.pdf
      Sandbox/output/TestCase3/Diagnosis/error/alpha_1.0472/TC3_error_norms.png
    computed_files: 3
      Sandbox/output/TestCase3/Diagnosis/error/alpha_1.0472/TC3_error_norms.csv
      Sandbox/output/TestCase3/Diagnosis/error/alpha_1.0472/TC3_error_norms.tex
      Sandbox/output/TestCase3/Diagnosis/error/alpha_1.0472/TC3_error_norms.txt
    other_files: 1
      Sandbox/output/TestCase3/Diagnosis/error/alpha_1.0472/manifest.json
  output_dir: Sandbox/output/TestCase3/Diagnosis/postprocessing/alpha_1.0472
    case=TC3 product=postprocessing alpha=1.0472
    saved: postprocessing_values.csv, postprocessing_mass.pdf, postprocessing_mass.png, postprocessing_vorticity_pv.pdf, postprocessing_vorticity_pv.png, postprocessing_energies.pdf, postprocessing_energies.png
    fields: {"conserved_scalar": null, "eta": "Eta", "kinetic_energy": "computed_from_velocity", "u": "U", "v": "V", "vorticity": "computed_from_velocity"}
    plotted_files: 6
      Sandbox/output/TestCase3/Diagnosis/postprocessing/alpha_1.0472/postprocessing_energies.pdf
      Sandbox/output/TestCase3/Diagnosis/postprocessing/alpha_1.0472/postprocessing_energies.png
      Sandbox/output/TestCase3/Diagnosis/postprocessing/alpha_1.0472/postprocessing_mass.pdf
      Sandbox/output/TestCase3/Diagnosis/postprocessing/alpha_1.0472/postprocessing_mass.png
      Sandbox/output/TestCase3/Diagnosis/postprocessing/alpha_1.0472/postprocessing_vorticity_pv.pdf
      Sandbox/output/TestCase3/Diagnosis/postprocessing/alpha_1.0472/postprocessing_vorticity_pv.png
    computed_files: 1
      Sandbox/output/TestCase3/Diagnosis/postprocessing/alpha_1.0472/postprocessing_values.csv
    other_files: 1
      Sandbox/output/TestCase3/Diagnosis/postprocessing/alpha_1.0472/manifest.json
  output_dir: Sandbox/output/TestCase3/Snapshots/alpha_1.0472
    case=TC3 product=snapshots alpha=1.0472
    saved: eta, etan, psi, phi, velocity_magnitude
    plotted_files: 27
      Sandbox/output/TestCase3/Snapshots/alpha_1.0472/eta/tc3_eta_day_00.00_iter_0000000000.png
      Sandbox/output/TestCase3/Snapshots/alpha_1.0472/eta/tc3_eta_day_01.00_iter_0000115200.png
      Sandbox/output/TestCase3/Snapshots/alpha_1.0472/eta/tc3_eta_day_02.00_iter_0000230400.png
      Sandbox/output/TestCase3/Snapshots/alpha_1.0472/eta/tc3_eta_day_03.00_iter_0000345600.png
      Sandbox/output/TestCase3/Snapshots/alpha_1.0472/eta/tc3_eta_day_04.00_iter_0000460800.png
      Sandbox/output/TestCase3/Snapshots/alpha_1.0472/eta/tc3_eta_day_05.00_iter_0000576000.png
      Sandbox/output/TestCase3/Snapshots/alpha_1.0472/etan/tc3_etan_day_00.00_iter_0000000000.png
      Sandbox/output/TestCase3/Snapshots/alpha_1.0472/etan/tc3_etan_day_01.00_iter_0000115200.png
      Sandbox/output/TestCase3/Snapshots/alpha_1.0472/etan/tc3_etan_day_02.00_iter_0000230400.png
      Sandbox/output/TestCase3/Snapshots/alpha_1.0472/etan/tc3_etan_day_03.00_iter_0000345600.png
      Sandbox/output/TestCase3/Snapshots/alpha_1.0472/etan/tc3_etan_day_04.00_iter_0000460800.png
      Sandbox/output/TestCase3/Snapshots/alpha_1.0472/phi/tc3_phi_day_00.00_iter_0000000000.png
      Sandbox/output/TestCase3/Snapshots/alpha_1.0472/phi/tc3_phi_day_01.00_iter_0000115200.png
      Sandbox/output/TestCase3/Snapshots/alpha_1.0472/phi/tc3_phi_day_02.00_iter_0000230400.png
      Sandbox/output/TestCase3/Snapshots/alpha_1.0472/phi/tc3_phi_day_03.00_iter_0000345600.png
      Sandbox/output/TestCase3/Snapshots/alpha_1.0472/phi/tc3_phi_day_04.00_iter_0000460800.png
      Sandbox/output/TestCase3/Snapshots/alpha_1.0472/psi/tc3_psi_day_00.00_iter_0000000000.png
      Sandbox/output/TestCase3/Snapshots/alpha_1.0472/psi/tc3_psi_day_01.00_iter_0000115200.png
      Sandbox/output/TestCase3/Snapshots/alpha_1.0472/psi/tc3_psi_day_02.00_iter_0000230400.png
      Sandbox/output/TestCase3/Snapshots/alpha_1.0472/psi/tc3_psi_day_03.00_iter_0000345600.png
      Sandbox/output/TestCase3/Snapshots/alpha_1.0472/psi/tc3_psi_day_04.00_iter_0000460800.png
      Sandbox/output/TestCase3/Snapshots/alpha_1.0472/velocity_magnitude/tc3_velocity_magnitude_day_00.00_iter_0000000000.png
      Sandbox/output/TestCase3/Snapshots/alpha_1.0472/velocity_magnitude/tc3_velocity_magnitude_day_01.00_iter_0000115200.png
      Sandbox/output/TestCase3/Snapshots/alpha_1.0472/velocity_magnitude/tc3_velocity_magnitude_day_02.00_iter_0000230400.png
      Sandbox/output/TestCase3/Snapshots/alpha_1.0472/velocity_magnitude/tc3_velocity_magnitude_day_03.00_iter_0000345600.png
      Sandbox/output/TestCase3/Snapshots/alpha_1.0472/velocity_magnitude/tc3_velocity_magnitude_day_04.00_iter_0000460800.png
      Sandbox/output/TestCase3/Snapshots/alpha_1.0472/velocity_magnitude/tc3_velocity_magnitude_day_05.00_iter_0000576000.png
    computed_files: 0
    other_files: 1
      Sandbox/output/TestCase3/Snapshots/alpha_1.0472/manifest.json

Sent to docs index
  output: Sandbox/output/TestCase3/Diagnosis/conservation/alpha_1.0472/availability.json
    docs_asset: docs/assets/williamson/TestCase3/Diagnosis/conservation/alpha_1.0472/availability.json
    referenced_by: docs/fragments/testcase3.html, docs/index.html
  output: Sandbox/output/TestCase3/Diagnosis/conservation/alpha_1.0472/conservation_energy.png
    docs_asset: docs/assets/williamson/TestCase3/Diagnosis/conservation/alpha_1.0472/conservation_energy.png
    referenced_by: docs/fragments/testcase3.html, docs/index.html
  output: Sandbox/output/TestCase3/Diagnosis/conservation/alpha_1.0472/conservation_mass.png
    docs_asset: docs/assets/williamson/TestCase3/Diagnosis/conservation/alpha_1.0472/conservation_mass.png
    referenced_by: docs/fragments/testcase3.html, docs/index.html
  output: Sandbox/output/TestCase3/Diagnosis/conservation/alpha_1.0472/conservation_pv_enstrophy.png
    docs_asset: docs/assets/williamson/TestCase3/Diagnosis/conservation/alpha_1.0472/conservation_pv_enstrophy.png
    referenced_by: docs/fragments/testcase3.html, docs/index.html
  output: Sandbox/output/TestCase3/Diagnosis/conservation/alpha_1.0472/conservation_summary.json
    docs_asset: docs/assets/williamson/TestCase3/Diagnosis/conservation/alpha_1.0472/conservation_summary.json
    referenced_by: docs/fragments/testcase3.html, docs/index.html
  output: Sandbox/output/TestCase3/Diagnosis/conservation/alpha_1.0472/conservation_timeseries.csv
    docs_asset: docs/assets/williamson/TestCase3/Diagnosis/conservation/alpha_1.0472/conservation_timeseries.csv
    referenced_by: docs/fragments/testcase3.html, docs/index.html
  output: Sandbox/output/TestCase3/Diagnosis/conservation/alpha_1.0472/manifest.json
    docs_asset: docs/assets/williamson/TestCase3/Diagnosis/conservation/alpha_1.0472/manifest.json
    referenced_by: docs/fragments/testcase3.html, docs/index.html
  output: Sandbox/output/TestCase3/Diagnosis/error/alpha_1.0472/TC3_error_norms.csv
    docs_asset: docs/assets/williamson/TestCase3/Diagnosis/error/alpha_1.0472/TC3_error_norms.csv
    referenced_by: docs/fragments/testcase3.html, docs/index.html
  output: Sandbox/output/TestCase3/Diagnosis/error/alpha_1.0472/TC3_error_norms.png
    docs_asset: docs/assets/williamson/TestCase3/Diagnosis/error/alpha_1.0472/TC3_error_norms.png
    referenced_by: docs/fragments/testcase3.html, docs/index.html
  output: Sandbox/output/TestCase3/Diagnosis/error/alpha_1.0472/TC3_error_norms.txt
    docs_asset: docs/assets/williamson/TestCase3/Diagnosis/error/alpha_1.0472/TC3_error_norms.txt
    referenced_by: docs/fragments/testcase3.html, docs/index.html
  output: Sandbox/output/TestCase3/Diagnosis/error/alpha_1.0472/manifest.json
    docs_asset: docs/assets/williamson/TestCase3/Diagnosis/error/alpha_1.0472/manifest.json
    referenced_by: docs/fragments/testcase3.html, docs/index.html
  output: Sandbox/output/TestCase3/Diagnosis/postprocessing/alpha_1.0472/manifest.json
    docs_asset: docs/assets/williamson/TestCase3/Diagnosis/postprocessing/alpha_1.0472/manifest.json
    referenced_by: docs/fragments/testcase3.html, docs/index.html
  output: Sandbox/output/TestCase3/Diagnosis/postprocessing/alpha_1.0472/postprocessing_energies.png
    docs_asset: docs/assets/williamson/TestCase3/Diagnosis/postprocessing/alpha_1.0472/postprocessing_energies.png
    referenced_by: docs/fragments/testcase3.html, docs/index.html
  output: Sandbox/output/TestCase3/Diagnosis/postprocessing/alpha_1.0472/postprocessing_mass.png
    docs_asset: docs/assets/williamson/TestCase3/Diagnosis/postprocessing/alpha_1.0472/postprocessing_mass.png
    referenced_by: docs/fragments/testcase3.html, docs/index.html
  output: Sandbox/output/TestCase3/Diagnosis/postprocessing/alpha_1.0472/postprocessing_values.csv
    docs_asset: docs/assets/williamson/TestCase3/Diagnosis/postprocessing/alpha_1.0472/postprocessing_values.csv
    referenced_by: docs/fragments/testcase3.html, docs/index.html
  output: Sandbox/output/TestCase3/Diagnosis/postprocessing/alpha_1.0472/postprocessing_vorticity_pv.png
    docs_asset: docs/assets/williamson/TestCase3/Diagnosis/postprocessing/alpha_1.0472/postprocessing_vorticity_pv.png
    referenced_by: docs/fragments/testcase3.html, docs/index.html
  output: Sandbox/output/TestCase3/Snapshots/alpha_1.0472/eta/tc3_eta_day_00.00_iter_0000000000.png
    docs_asset: docs/assets/williamson/TestCase3/Snapshots/alpha_1.0472/eta/tc3_eta_day_00.00_iter_0000000000.png
    referenced_by: docs/fragments/testcase3.html, docs/index.html
  output: Sandbox/output/TestCase3/Snapshots/alpha_1.0472/eta/tc3_eta_day_03.00_iter_0000345600.png
    docs_asset: docs/assets/williamson/TestCase3/Snapshots/alpha_1.0472/eta/tc3_eta_day_03.00_iter_0000345600.png
    referenced_by: docs/fragments/testcase3.html, docs/index.html
  output: Sandbox/output/TestCase3/Snapshots/alpha_1.0472/etan/tc3_etan_day_00.00_iter_0000000000.png
    docs_asset: docs/assets/williamson/TestCase3/Snapshots/alpha_1.0472/etan/tc3_etan_day_00.00_iter_0000000000.png
    referenced_by: docs/fragments/testcase3.html, docs/index.html
  output: Sandbox/output/TestCase3/Snapshots/alpha_1.0472/etan/tc3_etan_day_03.00_iter_0000345600.png
    docs_asset: docs/assets/williamson/TestCase3/Snapshots/alpha_1.0472/etan/tc3_etan_day_03.00_iter_0000345600.png
    referenced_by: docs/fragments/testcase3.html, docs/index.html
  output: Sandbox/output/TestCase3/Snapshots/alpha_1.0472/phi/tc3_phi_day_00.00_iter_0000000000.png
    docs_asset: docs/assets/williamson/TestCase3/Snapshots/alpha_1.0472/phi/tc3_phi_day_00.00_iter_0000000000.png
    referenced_by: docs/fragments/testcase3.html, docs/index.html
  output: Sandbox/output/TestCase3/Snapshots/alpha_1.0472/phi/tc3_phi_day_03.00_iter_0000345600.png
    docs_asset: docs/assets/williamson/TestCase3/Snapshots/alpha_1.0472/phi/tc3_phi_day_03.00_iter_0000345600.png
    referenced_by: docs/fragments/testcase3.html, docs/index.html
  output: Sandbox/output/TestCase3/Snapshots/alpha_1.0472/psi/tc3_psi_day_00.00_iter_0000000000.png
    docs_asset: docs/assets/williamson/TestCase3/Snapshots/alpha_1.0472/psi/tc3_psi_day_00.00_iter_0000000000.png
    referenced_by: docs/fragments/testcase3.html, docs/index.html
  output: Sandbox/output/TestCase3/Snapshots/alpha_1.0472/psi/tc3_psi_day_03.00_iter_0000345600.png
    docs_asset: docs/assets/williamson/TestCase3/Snapshots/alpha_1.0472/psi/tc3_psi_day_03.00_iter_0000345600.png
    referenced_by: docs/fragments/testcase3.html, docs/index.html
  output: Sandbox/output/TestCase3/Snapshots/alpha_1.0472/velocity_magnitude/tc3_velocity_magnitude_day_00.00_iter_0000000000.png
    docs_asset: docs/assets/williamson/TestCase3/Snapshots/alpha_1.0472/velocity_magnitude/tc3_velocity_magnitude_day_00.00_iter_0000000000.png
    referenced_by: docs/fragments/testcase3.html, docs/index.html
  output: Sandbox/output/TestCase3/Snapshots/alpha_1.0472/velocity_magnitude/tc3_velocity_magnitude_day_03.00_iter_0000345600.png
    docs_asset: docs/assets/williamson/TestCase3/Snapshots/alpha_1.0472/velocity_magnitude/tc3_velocity_magnitude_day_03.00_iter_0000345600.png
    referenced_by: docs/fragments/testcase3.html, docs/index.html

Run directory file manifest
  DRC.data bytes=16 (16 B) mtime_utc=2026-06-17T05:28:16+00:00
  DRC.meta bytes=149 (149 B) mtime_utc=2026-06-17T05:28:16+00:00
  DRF.data bytes=8 (8 B) mtime_utc=2026-06-17T05:28:16+00:00
  DRF.meta bytes=129 (129 B) mtime_utc=2026-06-17T05:28:16+00:00
  DXC.data bytes=8294400 (7.9 MiB) mtime_utc=2026-06-17T05:28:15+00:00
  DXC.meta bytes=129 (129 B) mtime_utc=2026-06-17T05:28:15+00:00
  DXF.data bytes=8294400 (7.9 MiB) mtime_utc=2026-06-17T05:28:15+00:00
  DXF.meta bytes=129 (129 B) mtime_utc=2026-06-17T05:28:15+00:00
  DXG.data bytes=8294400 (7.9 MiB) mtime_utc=2026-06-17T05:28:14+00:00
  DXG.meta bytes=129 (129 B) mtime_utc=2026-06-17T05:28:14+00:00
  DXV.data bytes=8294400 (7.9 MiB) mtime_utc=2026-06-17T05:28:15+00:00
  DXV.meta bytes=129 (129 B) mtime_utc=2026-06-17T05:28:15+00:00
  DYC.data bytes=8294400 (7.9 MiB) mtime_utc=2026-06-17T05:28:15+00:00
  DYC.meta bytes=129 (129 B) mtime_utc=2026-06-17T05:28:15+00:00
  DYF.data bytes=8294400 (7.9 MiB) mtime_utc=2026-06-17T05:28:15+00:00
  DYF.meta bytes=129 (129 B) mtime_utc=2026-06-17T05:28:15+00:00
  DYG.data bytes=8294400 (7.9 MiB) mtime_utc=2026-06-17T05:28:14+00:00
  DYG.meta bytes=129 (129 B) mtime_utc=2026-06-17T05:28:15+00:00
  DYU.data bytes=8294400 (7.9 MiB) mtime_utc=2026-06-17T05:28:15+00:00
  DYU.meta bytes=129 (129 B) mtime_utc=2026-06-17T05:28:15+00:00
  Depth.data bytes=8294400 (7.9 MiB) mtime_utc=2026-06-17T05:28:15+00:00
  Depth.meta bytes=129 (129 B) mtime_utc=2026-06-17T05:28:16+00:00
  Eta.0000000000.data bytes=8294400 (7.9 MiB) mtime_utc=2026-06-17T05:28:17+00:00
  Eta.0000000000.meta bytes=163 (163 B) mtime_utc=2026-06-17T05:28:17+00:00
  Eta.0000115200.data bytes=8294400 (7.9 MiB) mtime_utc=2026-06-17T10:57:37+00:00
  Eta.0000115200.meta bytes=163 (163 B) mtime_utc=2026-06-17T10:57:37+00:00
  Eta.0000230400.data bytes=8294400 (7.9 MiB) mtime_utc=2026-06-17T15:52:13+00:00
  Eta.0000230400.meta bytes=163 (163 B) mtime_utc=2026-06-17T15:52:14+00:00
  Eta.0000345600.data bytes=8294400 (7.9 MiB) mtime_utc=2026-06-17T19:29:42+00:00
  Eta.0000345600.meta bytes=163 (163 B) mtime_utc=2026-06-17T19:29:42+00:00
  Eta.0000460800.data bytes=8294400 (7.9 MiB) mtime_utc=2026-06-17T22:48:26+00:00
  Eta.0000460800.meta bytes=163 (163 B) mtime_utc=2026-06-17T22:48:26+00:00
  Eta.0000576000.data bytes=8294400 (7.9 MiB) mtime_utc=2026-06-18T02:06:19+00:00
  Eta.0000576000.meta bytes=163 (163 B) mtime_utc=2026-06-18T02:06:19+00:00
  PH.0000115200.data bytes=8294400 (7.9 MiB) mtime_utc=2026-06-17T10:57:37+00:00
  PH.0000115200.meta bytes=163 (163 B) mtime_utc=2026-06-17T10:57:37+00:00
  PH.0000230400.data bytes=8294400 (7.9 MiB) mtime_utc=2026-06-17T15:52:14+00:00
  PH.0000230400.meta bytes=163 (163 B) mtime_utc=2026-06-17T15:52:14+00:00
  PH.0000345600.data bytes=8294400 (7.9 MiB) mtime_utc=2026-06-17T19:29:42+00:00
  PH.0000345600.meta bytes=163 (163 B) mtime_utc=2026-06-17T19:29:42+00:00
  PH.0000460800.data bytes=8294400 (7.9 MiB) mtime_utc=2026-06-17T22:48:26+00:00
  PH.0000460800.meta bytes=163 (163 B) mtime_utc=2026-06-17T22:48:26+00:00
  PH.0000576000.data bytes=8294400 (7.9 MiB) mtime_utc=2026-06-18T02:06:19+00:00
  PH.0000576000.meta bytes=163 (163 B) mtime_utc=2026-06-18T02:06:19+00:00
  PHL.0000115200.data bytes=8294400 (7.9 MiB) mtime_utc=2026-06-17T10:57:37+00:00
  PHL.0000115200.meta bytes=163 (163 B) mtime_utc=2026-06-17T10:57:38+00:00
  PHL.0000230400.data bytes=8294400 (7.9 MiB) mtime_utc=2026-06-17T15:52:14+00:00
  PHL.0000230400.meta bytes=163 (163 B) mtime_utc=2026-06-17T15:52:14+00:00
  PHL.0000345600.data bytes=8294400 (7.9 MiB) mtime_utc=2026-06-17T19:29:42+00:00
  PHL.0000345600.meta bytes=163 (163 B) mtime_utc=2026-06-17T19:29:43+00:00
  PHL.0000460800.data bytes=8294400 (7.9 MiB) mtime_utc=2026-06-17T22:48:26+00:00
  PHL.0000460800.meta bytes=163 (163 B) mtime_utc=2026-06-17T22:48:27+00:00
  PHL.0000576000.data bytes=8294400 (7.9 MiB) mtime_utc=2026-06-18T02:06:19+00:00
  PHL.0000576000.meta bytes=163 (163 B) mtime_utc=2026-06-18T02:06:20+00:00
  PHrefC.data bytes=8 (8 B) mtime_utc=2026-06-17T05:28:16+00:00
  PHrefC.meta bytes=129 (129 B) mtime_utc=2026-06-17T05:28:16+00:00
  PHrefF.data bytes=16 (16 B) mtime_utc=2026-06-17T05:28:16+00:00
  PHrefF.meta bytes=149 (149 B) mtime_utc=2026-06-17T05:28:16+00:00
  RAC.data bytes=8294400 (7.9 MiB) mtime_utc=2026-06-17T05:28:14+00:00
  RAC.meta bytes=129 (129 B) mtime_utc=2026-06-17T05:28:14+00:00
  RAS.data bytes=8294400 (7.9 MiB) mtime_utc=2026-06-17T05:28:14+00:00
  RAS.meta bytes=129 (129 B) mtime_utc=2026-06-17T05:28:14+00:00
  RAW.data bytes=8294400 (7.9 MiB) mtime_utc=2026-06-17T05:28:14+00:00
  RAW.meta bytes=129 (129 B) mtime_utc=2026-06-17T05:28:14+00:00
  RAZ.data bytes=8294400 (7.9 MiB) mtime_utc=2026-06-17T05:28:14+00:00
  RAZ.meta bytes=129 (129 B) mtime_utc=2026-06-17T05:28:14+00:00
  RC.data bytes=8 (8 B) mtime_utc=2026-06-17T05:28:16+00:00
  RC.meta bytes=129 (129 B) mtime_utc=2026-06-17T05:28:16+00:00
  RF.data bytes=16 (16 B) mtime_utc=2026-06-17T05:28:16+00:00
  RF.meta bytes=149 (149 B) mtime_utc=2026-06-17T05:28:16+00:00
  RhoRef.data bytes=8 (8 B) mtime_utc=2026-06-17T05:28:13+00:00
  RhoRef.meta bytes=129 (129 B) mtime_utc=2026-06-17T05:28:13+00:00
  S.0000000000.data bytes=8294400 (7.9 MiB) mtime_utc=2026-06-17T05:28:17+00:00
  S.0000000000.meta bytes=163 (163 B) mtime_utc=2026-06-17T05:28:17+00:00
  S.0000115200.data bytes=8294400 (7.9 MiB) mtime_utc=2026-06-17T10:57:37+00:00
  S.0000115200.meta bytes=163 (163 B) mtime_utc=2026-06-17T10:57:37+00:00
  S.0000230400.data bytes=8294400 (7.9 MiB) mtime_utc=2026-06-17T15:52:13+00:00
  S.0000230400.meta bytes=163 (163 B) mtime_utc=2026-06-17T15:52:13+00:00
  S.0000345600.data bytes=8294400 (7.9 MiB) mtime_utc=2026-06-17T19:29:42+00:00
  S.0000345600.meta bytes=163 (163 B) mtime_utc=2026-06-17T19:29:42+00:00
  S.0000460800.data bytes=8294400 (7.9 MiB) mtime_utc=2026-06-17T22:48:26+00:00
  S.0000460800.meta bytes=163 (163 B) mtime_utc=2026-06-17T22:48:26+00:00
  S.0000576000.data bytes=8294400 (7.9 MiB) mtime_utc=2026-06-18T02:06:19+00:00
  S.0000576000.meta bytes=163 (163 B) mtime_utc=2026-06-18T02:06:19+00:00
  STDERR.0000 bytes=0 (0 B) mtime_utc=2026-06-17T05:28:12+00:00
  STDERR.0001 bytes=0 (0 B) mtime_utc=2026-06-17T05:28:12+00:00
  STDERR.0002 bytes=0 (0 B) mtime_utc=2026-06-17T05:28:12+00:00
  STDERR.0003 bytes=0 (0 B) mtime_utc=2026-06-17T05:28:12+00:00
  STDERR.0004 bytes=0 (0 B) mtime_utc=2026-06-17T05:28:12+00:00
  STDERR.0005 bytes=0 (0 B) mtime_utc=2026-06-17T05:28:12+00:00
  STDERR.0006 bytes=0 (0 B) mtime_utc=2026-06-17T05:28:12+00:00
  STDERR.0007 bytes=0 (0 B) mtime_utc=2026-06-17T05:28:12+00:00
  STDERR.0008 bytes=0 (0 B) mtime_utc=2026-06-17T05:28:12+00:00
  STDERR.0009 bytes=0 (0 B) mtime_utc=2026-06-17T05:28:12+00:00
  STDERR.0010 bytes=0 (0 B) mtime_utc=2026-06-17T05:28:12+00:00
  STDERR.0011 bytes=0 (0 B) mtime_utc=2026-06-17T05:28:12+00:00
  STDERR.0012 bytes=0 (0 B) mtime_utc=2026-06-17T05:28:12+00:00
  STDERR.0013 bytes=0 (0 B) mtime_utc=2026-06-17T05:28:12+00:00
  STDERR.0014 bytes=0 (0 B) mtime_utc=2026-06-17T05:28:12+00:00
  STDERR.0015 bytes=0 (0 B) mtime_utc=2026-06-17T05:28:12+00:00
  STDOUT.0000 bytes=40453340 (38.6 MiB) mtime_utc=2026-06-18T02:06:11+00:00
  STDOUT.0001 bytes=40424681 (38.6 MiB) mtime_utc=2026-06-18T02:06:11+00:00
  STDOUT.0002 bytes=40424681 (38.6 MiB) mtime_utc=2026-06-18T02:06:11+00:00
  STDOUT.0003 bytes=40424681 (38.6 MiB) mtime_utc=2026-06-18T02:06:11+00:00
  STDOUT.0004 bytes=40424681 (38.6 MiB) mtime_utc=2026-06-18T02:06:11+00:00
  STDOUT.0005 bytes=40424770 (38.6 MiB) mtime_utc=2026-06-18T02:06:11+00:00
  STDOUT.0006 bytes=40424765 (38.6 MiB) mtime_utc=2026-06-18T02:06:11+00:00
  STDOUT.0007 bytes=40424681 (38.6 MiB) mtime_utc=2026-06-18T02:06:11+00:00
  STDOUT.0008 bytes=40424676 (38.6 MiB) mtime_utc=2026-06-18T02:06:11+00:00
  STDOUT.0009 bytes=40424681 (38.6 MiB) mtime_utc=2026-06-18T02:06:11+00:00
  STDOUT.0010 bytes=40424681 (38.6 MiB) mtime_utc=2026-06-18T02:06:11+00:00
  STDOUT.0011 bytes=40424681 (38.6 MiB) mtime_utc=2026-06-18T02:06:11+00:00
  STDOUT.0012 bytes=40424681 (38.6 MiB) mtime_utc=2026-06-18T02:06:11+00:00
  STDOUT.0013 bytes=40424681 (38.6 MiB) mtime_utc=2026-06-18T02:06:11+00:00
  STDOUT.0014 bytes=40424681 (38.6 MiB) mtime_utc=2026-06-18T02:06:11+00:00
  STDOUT.0015 bytes=40424681 (38.6 MiB) mtime_utc=2026-06-18T02:06:11+00:00
  T.0000000000.data bytes=8294400 (7.9 MiB) mtime_utc=2026-06-17T05:28:16+00:00
  T.0000000000.meta bytes=163 (163 B) mtime_utc=2026-06-17T05:28:17+00:00
  T.0000115200.data bytes=8294400 (7.9 MiB) mtime_utc=2026-06-17T10:57:37+00:00
  T.0000115200.meta bytes=163 (163 B) mtime_utc=2026-06-17T10:57:37+00:00
  T.0000230400.data bytes=8294400 (7.9 MiB) mtime_utc=2026-06-17T15:52:13+00:00
  T.0000230400.meta bytes=163 (163 B) mtime_utc=2026-06-17T15:52:13+00:00
  T.0000345600.data bytes=8294400 (7.9 MiB) mtime_utc=2026-06-17T19:29:42+00:00
  T.0000345600.meta bytes=163 (163 B) mtime_utc=2026-06-17T19:29:42+00:00
  T.0000460800.data bytes=8294400 (7.9 MiB) mtime_utc=2026-06-17T22:48:26+00:00
  T.0000460800.meta bytes=163 (163 B) mtime_utc=2026-06-17T22:48:26+00:00
  T.0000576000.data bytes=8294400 (7.9 MiB) mtime_utc=2026-06-18T02:06:19+00:00
  T.0000576000.meta bytes=163 (163 B) mtime_utc=2026-06-18T02:06:19+00:00
  U.0000000000.data bytes=8294400 (7.9 MiB) mtime_utc=2026-06-17T05:28:16+00:00
  U.0000000000.meta bytes=163 (163 B) mtime_utc=2026-06-17T05:28:16+00:00
  U.0000115200.data bytes=8294400 (7.9 MiB) mtime_utc=2026-06-17T10:57:36+00:00
  U.0000115200.meta bytes=163 (163 B) mtime_utc=2026-06-17T10:57:36+00:00
  U.0000230400.data bytes=8294400 (7.9 MiB) mtime_utc=2026-06-17T15:52:13+00:00
  U.0000230400.meta bytes=163 (163 B) mtime_utc=2026-06-17T15:52:13+00:00
  U.0000345600.data bytes=8294400 (7.9 MiB) mtime_utc=2026-06-17T19:29:42+00:00
  U.0000345600.meta bytes=163 (163 B) mtime_utc=2026-06-17T19:29:42+00:00
  U.0000460800.data bytes=8294400 (7.9 MiB) mtime_utc=2026-06-17T22:48:25+00:00
  U.0000460800.meta bytes=163 (163 B) mtime_utc=2026-06-17T22:48:25+00:00
  U.0000576000.data bytes=8294400 (7.9 MiB) mtime_utc=2026-06-18T02:06:19+00:00
  U.0000576000.meta bytes=163 (163 B) mtime_utc=2026-06-18T02:06:19+00:00
  V.0000000000.data bytes=8294400 (7.9 MiB) mtime_utc=2026-06-17T05:28:16+00:00
  V.0000000000.meta bytes=163 (163 B) mtime_utc=2026-06-17T05:28:16+00:00
  V.0000115200.data bytes=8294400 (7.9 MiB) mtime_utc=2026-06-17T10:57:36+00:00
  V.0000115200.meta bytes=163 (163 B) mtime_utc=2026-06-17T10:57:37+00:00
  V.0000230400.data bytes=8294400 (7.9 MiB) mtime_utc=2026-06-17T15:52:13+00:00
  V.0000230400.meta bytes=163 (163 B) mtime_utc=2026-06-17T15:52:13+00:00
  V.0000345600.data bytes=8294400 (7.9 MiB) mtime_utc=2026-06-17T19:29:42+00:00
  V.0000345600.meta bytes=163 (163 B) mtime_utc=2026-06-17T19:29:42+00:00
  V.0000460800.data bytes=8294400 (7.9 MiB) mtime_utc=2026-06-17T22:48:25+00:00
  V.0000460800.meta bytes=163 (163 B) mtime_utc=2026-06-17T22:48:26+00:00
  V.0000576000.data bytes=8294400 (7.9 MiB) mtime_utc=2026-06-18T02:06:19+00:00
  V.0000576000.meta bytes=163 (163 B) mtime_utc=2026-06-18T02:06:19+00:00
  W.0000000000.data bytes=8294400 (7.9 MiB) mtime_utc=2026-06-17T05:28:17+00:00
  W.0000000000.meta bytes=163 (163 B) mtime_utc=2026-06-17T05:28:17+00:00
  W.0000115200.data bytes=8294400 (7.9 MiB) mtime_utc=2026-06-17T10:57:37+00:00
  W.0000115200.meta bytes=163 (163 B) mtime_utc=2026-06-17T10:57:37+00:00
  W.0000230400.data bytes=8294400 (7.9 MiB) mtime_utc=2026-06-17T15:52:14+00:00
  W.0000230400.meta bytes=163 (163 B) mtime_utc=2026-06-17T15:52:14+00:00
  W.0000345600.data bytes=8294400 (7.9 MiB) mtime_utc=2026-06-17T19:29:42+00:00
  W.0000345600.meta bytes=163 (163 B) mtime_utc=2026-06-17T19:29:42+00:00
  W.0000460800.data bytes=8294400 (7.9 MiB) mtime_utc=2026-06-17T22:48:26+00:00
  W.0000460800.meta bytes=163 (163 B) mtime_utc=2026-06-17T22:48:26+00:00
  W.0000576000.data bytes=8294400 (7.9 MiB) mtime_utc=2026-06-18T02:06:19+00:00
  W.0000576000.meta bytes=163 (163 B) mtime_utc=2026-06-18T02:06:19+00:00
  XC.data bytes=8294400 (7.9 MiB) mtime_utc=2026-06-17T05:28:13+00:00
  XC.meta bytes=129 (129 B) mtime_utc=2026-06-17T05:28:13+00:00
  XG.data bytes=8294400 (7.9 MiB) mtime_utc=2026-06-17T05:28:14+00:00
  XG.meta bytes=129 (129 B) mtime_utc=2026-06-17T05:28:14+00:00
  YC.data bytes=8294400 (7.9 MiB) mtime_utc=2026-06-17T05:28:13+00:00
  YC.meta bytes=129 (129 B) mtime_utc=2026-06-17T05:28:14+00:00
  YG.data bytes=8294400 (7.9 MiB) mtime_utc=2026-06-17T05:28:14+00:00
  YG.meta bytes=129 (129 B) mtime_utc=2026-06-17T05:28:14+00:00
  available_diagnostics.log bytes=18604 (18.2 KiB) mtime_utc=2026-06-17T05:28:13+00:00
  bathymetry_flat_tc3.bin bytes=4147200 (4.0 MiB) mtime_utc=2026-06-17T05:28:09+00:00
  data bytes=1711 (1.7 KiB) mtime_utc=2026-06-17T05:28:07+00:00
  data.diagnostics bytes=2878 (2.8 KiB) mtime_utc=2026-06-17T05:28:07+00:00
  data.pkg bytes=49 (49 B) mtime_utc=2026-06-17T05:28:07+00:00
  dynDiag.0000000000.data bytes=41472000 (39.6 MiB) mtime_utc=2026-06-17T05:28:20+00:00
  dynDiag.0000000000.meta bytes=339 (339 B) mtime_utc=2026-06-17T05:28:29+00:00
  dynDiag.0000115200.data bytes=41472000 (39.6 MiB) mtime_utc=2026-06-17T10:57:54+00:00
  dynDiag.0000115200.meta bytes=339 (339 B) mtime_utc=2026-06-17T10:58:03+00:00
  dynDiag.0000230400.data bytes=41472000 (39.6 MiB) mtime_utc=2026-06-17T15:52:17+00:00
  dynDiag.0000230400.meta bytes=339 (339 B) mtime_utc=2026-06-17T15:52:26+00:00
  dynDiag.0000345600.data bytes=41472000 (39.6 MiB) mtime_utc=2026-06-17T19:29:46+00:00
  dynDiag.0000345600.meta bytes=339 (339 B) mtime_utc=2026-06-17T19:29:55+00:00
  dynDiag.0000460800.data bytes=41472000 (39.6 MiB) mtime_utc=2026-06-17T22:48:29+00:00
  dynDiag.0000460800.meta bytes=339 (339 B) mtime_utc=2026-06-17T22:48:39+00:00
  dynStDiag.0000000000.txt bytes=4447 (4.3 KiB) mtime_utc=2026-06-18T02:06:10+00:00
  dyn_Aux.0000000000.data bytes=24883200 (23.7 MiB) mtime_utc=2026-06-17T05:28:19+00:00
  dyn_Aux.0000000000.meta bytes=317 (317 B) mtime_utc=2026-06-17T05:28:29+00:00
  dyn_Aux.0000115200.data bytes=24883200 (23.7 MiB) mtime_utc=2026-06-17T10:57:53+00:00
  dyn_Aux.0000115200.meta bytes=317 (317 B) mtime_utc=2026-06-17T10:58:03+00:00
  dyn_Aux.0000230400.data bytes=24883200 (23.7 MiB) mtime_utc=2026-06-17T15:52:16+00:00
  dyn_Aux.0000230400.meta bytes=317 (317 B) mtime_utc=2026-06-17T15:52:26+00:00
  dyn_Aux.0000345600.data bytes=24883200 (23.7 MiB) mtime_utc=2026-06-17T19:29:45+00:00
  dyn_Aux.0000345600.meta bytes=317 (317 B) mtime_utc=2026-06-17T19:29:55+00:00
  dyn_Aux.0000460800.data bytes=24883200 (23.7 MiB) mtime_utc=2026-06-17T22:48:29+00:00
  dyn_Aux.0000460800.meta bytes=317 (317 B) mtime_utc=2026-06-17T22:48:38+00:00
  eedata bytes=254 (254 B) mtime_utc=2026-06-17T05:28:07+00:00
  eedata.mth bytes=275 (275 B) mtime_utc=2026-06-17T05:28:07+00:00
  eta_init.bin bytes=4147200 (4.0 MiB) mtime_utc=2026-06-17T05:28:09+00:00
  fCorCs.bin bytes=4147200 (4.0 MiB) mtime_utc=2026-06-17T05:28:09+00:00
  fCoriC.bin bytes=4147200 (4.0 MiB) mtime_utc=2026-06-17T05:28:09+00:00
  fCoriG.bin bytes=4147200 (4.0 MiB) mtime_utc=2026-06-17T05:28:09+00:00
  gendata_ref.py bytes=2318 (2.3 KiB) mtime_utc=2026-06-17T05:28:07+00:00
  hFacC.data bytes=8294400 (7.9 MiB) mtime_utc=2026-06-17T05:28:16+00:00
  hFacC.meta bytes=129 (129 B) mtime_utc=2026-06-17T05:28:16+00:00
  hFacS.data bytes=8294400 (7.9 MiB) mtime_utc=2026-06-17T05:28:16+00:00
  hFacS.meta bytes=129 (129 B) mtime_utc=2026-06-17T05:28:16+00:00
  hFacW.data bytes=8294400 (7.9 MiB) mtime_utc=2026-06-17T05:28:16+00:00
  hFacW.meta bytes=129 (129 B) mtime_utc=2026-06-17T05:28:16+00:00
  mitgcmuv bytes=1782472 (1.7 MiB) mtime_utc=2026-06-17T05:28:07+00:00
  pickup.ckptA.data bytes=74649600 (71.2 MiB) mtime_utc=2026-06-18T02:06:11+00:00
  pickup.ckptA.meta bytes=340 (340 B) mtime_utc=2026-06-18T02:06:21+00:00
  u_init.bin bytes=4147200 (4.0 MiB) mtime_utc=2026-06-17T05:28:09+00:00
  v_init.bin bytes=4147200 (4.0 MiB) mtime_utc=2026-06-17T05:28:09+00:00
